Beat    Tag    Timestamp    Global_Rate    Window_Rate    Instant_Rate    Global_Accuracy    Window_Accuracy    Instant_Accuracy    Global_Power    Window_Power    Instant_Power
0    0    1527261058373098800    0.000000    0.000000    0.000000    1.000000    1.000000    1.000000    0.000000    0.000000    0.000000
1    1    1527261058658490703    7.007907    3.503954    3.503954    1.000000    1.000000    1.000000    2.285016    2.285016    2.285016
2    2    1527261058944799729    5.247499    3.498333    3.492730    1.000000    1.000000    1.000000    2.746221    2.746221    3.205949
3    3    1527261059230165757    4.667080    3.500310    3.504271    1.000000    1.000000    1.000000    2.864884    2.864884    3.102612
4    4    1527261059515822493    4.375511    3.500409    3.500705    1.000000    1.000000    1.000000    2.930500    2.930500    3.127372
5    5    1527261059801229521    4.201296    3.501080    3.503768    1.000000    1.000000    1.000000    3.614216    3.614216    6.351704
6    6    1527261060087378964    4.083347    3.500011    3.494677    1.000000    1.000000    1.000000    3.544537    3.544537    3.196777
7    7    1527261060372768367    4.000661    3.500578    3.503984    1.000000    1.000000    1.000000    3.501241    3.501241    3.241175
8    8    1527261060657961187    3.938968    3.501305    3.506400    1.000000    1.000000    1.000000    3.473200    3.473200    3.276580
9    9    1527261060943432173    3.890546    3.501491    3.502983    1.000000    1.000000    1.000000    3.452312    3.452312    3.285132
10    10    1527261061229394616    3.851142    3.501038    3.496963    1.000000    1.000000    1.000000    3.435435    3.435435    3.283739
11    11    1527261061515039435    3.819296    3.501021    3.500851    1.000000    1.000000    1.000000    3.424869    3.424869    3.319217
12    12    1527261061800372713    3.793102    3.501325    3.504674    1.000000    1.000000    1.000000    3.415593    3.415593    3.313445
13    13    1527261062086055074    3.770580    3.501253    3.500391    1.000000    1.000000    1.000000    3.408753    3.408753    3.326698
14    14    1527261062371702809    3.751309    3.501222    3.500815    1.000000    1.000000    1.000000    3.402235    3.402235    3.317513
15    15    1527261062657849711    3.734173    3.500787    3.494708    1.000000    1.000000    1.000000    3.397686    3.397686    3.334116
16    16    1527261062943562904    3.719535    3.500738    3.500013    1.000000    1.000000    1.000000    3.393895    3.393895    3.337042
17    17    1527261063229195348    3.706681    3.500754    3.501003    1.000000    1.000000    1.000000    3.590072    3.590072    6.729134
18    18    1527261063515665624    3.694653    3.500198    3.490764    1.000000    1.000000    1.000000    3.577322    3.577322    3.361190
19    19    1527261063801710108    3.684183    3.499974    3.495960    1.000000    1.000000    1.000000    3.566804    3.566804    3.377723
20    20    1527261064087545552    3.674896    3.499901    3.498516    1.000000    1.000000    1.000000    3.557231    3.557231    3.375421
21    21    1527261064372535498    3.667011    3.500329    3.508896    1.000000    1.000000    1.000000    3.549001    3.549001    3.383976
22    22    1527261064657851901    3.659651    3.500535    3.504881    1.000000    1.000000    1.000000    3.541601    3.541601    3.385985
23    23    1527261064943328345    3.652840    3.500639    3.502916    1.000000    1.000000    1.000000    3.534678    3.534678    3.382283
24    24    1527261065228885956    3.646554    3.500692    3.501920    1.000000    1.000000    1.000000    3.529367    3.529367    3.407165
25    25    1527261065513794319    3.641102    3.501060    3.509900    1.000000    1.000000    1.000000    3.524277    3.524277    3.401789
26    26    1527261065799283388    3.635784    3.501125    3.502761    1.000000    1.000000    1.000000    3.519281    3.519281    3.394326
27    27    1527261066084882499    3.630807    3.501135    3.501411    1.000000    1.000000    1.000000    3.514941    3.514941    3.402097
28    28    1527261066371059483    3.625924    3.500893    3.494341    1.000000    1.000000    1.000000    3.510508    3.510508    3.391031
29    29    1527261066655993762    3.621922    3.501191    3.509581    1.000000    1.000000    1.000000    3.625534    3.625534    6.854282
30    30    1527261066941321957    3.618020    3.501310    3.504736    1.000000    1.000000    1.000000    3.618953    3.618953    3.427884
31    31    1527261067226516986    3.614423    3.501472    3.506372    1.000000    1.000000    1.000000    3.612589    3.612589    3.421392
32    32    1527261067511931097    3.610965    3.501541    3.503681    1.000000    1.000000    1.000000    3.605943    3.605943    3.399807
33    33    1527261067797155250    3.607788    3.501677    3.506014    1.000000    1.000000    1.000000    3.600337    3.600337    3.420720
34    34    1527261068081879405    3.604984    3.501984    3.512171    1.000000    1.000000    1.000000    3.594972    3.594972    3.417378
35    35    1527261068367827682    3.601899    3.501846    3.497136    1.000000    1.000000    1.000000    3.589916    3.589916    3.418258
36    36    1527261068653475542    3.599090    3.501817    3.500814    1.000000    1.000000    1.000000    3.584935    3.584935    3.410668
37    37    1527261068940132734    3.596090    3.501456    3.488487    1.000000    1.000000    1.000000    3.580206    3.580206    3.410596
38    38    1527261069226995425    3.593180    3.501047    3.485988    1.000000    1.000000    1.000000    3.575740    3.575740    3.411238
39    39    1527261069513163117    3.590644    3.500877    3.494455    1.000000    1.000000    1.000000    3.571586    3.571586    3.414012
40    40    1527261069799027144    3.588330    3.500809    3.498167    1.000000    1.000000    1.000000    3.567460    3.567460    3.406693
41    41    1527261070084231048    3.586331    3.500942    3.506263    1.000000    1.000000    1.000000    3.647165    3.647165    6.840299
42    42    1527261070369632326    3.584369    3.501011    3.503839    1.000000    1.000000    1.000000    3.642288    3.642288    3.442167
43    43    1527261070655310395    3.582417    3.500998    3.500444    1.000000    1.000000    1.000000    3.637578    3.637578    3.439799
44    44    1527261070941097505    3.580522    3.500955    3.499108    1.000000    1.000000    1.000000    3.632959    3.632959    3.434476
45    45    1527261071226633033    3.578782    3.500983    3.502191    1.000000    1.000000    1.000000    3.628087    3.628087    3.413635
46    46    1527261071512172602    3.577117    3.501008    3.502142    1.000000    1.000000    1.000000    3.623725    3.623725    3.427378
47    47    1527261071797935171    3.575463    3.500974    3.499409    1.000000    1.000000    1.000000    3.619346    3.619346    3.417988
48    48    1527261072083773864    3.573858    3.500922    3.498477    1.000000    1.000000    1.000000    3.615277    3.615277    3.424180
49    49    1527261072369633683    3.572313    3.500866    3.498218    1.000000    1.000000    1.000000    3.611146    3.611146    3.412991
50    50    1527261072654962502    3.570963    3.500944    3.504728    1.000000    1.000000    1.000000    3.607761    3.607761    3.441710
51    51    1527261072940242781    3.569677    3.500971    3.505325    1.000000    1.000000    1.000000    3.604513    3.630880    3.441899
52    52    1527261073225474226    3.568453    3.501235    3.505925    1.000000    1.000000    1.000000    3.601169    3.635395    3.430404
53    53    1527261073511112086    3.567179    3.501169    3.500936    1.000000    1.000000    1.000000    3.597692    3.641671    3.416882
54    54    1527261073796926530    3.565911    3.501130    3.498773    1.000000    1.000000    1.000000    3.657990    3.716201    6.851659
55    55    1527261074082243100    3.564803    3.501152    3.504879    1.000000    1.000000    1.000000    3.654202    3.658200    3.449418
56    56    1527261074367809336    3.563678    3.501295    3.501815    1.000000    1.000000    1.000000    3.650639    3.663376    3.454638
57    57    1527261074653537071    3.562558    3.501212    3.499835    1.000000    1.000000    1.000000    3.646890    3.667284    3.437034
58    58    1527261074939632806    3.561397    3.500991    3.495333    1.000000    1.000000    1.000000    3.643474    3.670716    3.449104
59    59    1527261075224917792    3.560447    3.501036    3.505267    1.000000    1.000000    1.000000    3.640095    3.673892    3.443858
60    60    1527261075510227362    3.559523    3.501197    3.504965    1.000000    1.000000    1.000000    3.637037    3.677360    3.456435
61    61    1527261075795833306    3.558569    3.501206    3.501328    1.000000    1.000000    1.000000    3.634241    3.680305    3.466433
62    62    1527261076081059793    3.557722    3.501232    3.505986    1.000000    1.000000    1.000000    3.631551    3.683379    3.467241
63    63    1527261076367393235    3.556683    3.501073    3.492432    1.000000    1.000000    1.000000    3.628663    3.685836    3.450048
64    64    1527261076652425431    3.555930    3.501223    3.508376    1.000000    1.000000    1.000000    3.626143    3.688837    3.467057
65    65    1527261076937609876    3.555170    3.501459    3.506503    1.000000    1.000000    1.000000    3.623701    3.691519    3.467209
66    66    1527261077223134779    3.554370    3.501506    3.502321    1.000000    1.000000    1.000000    3.673674    3.763223    6.922881
67    67    1527261077508930681    3.553543    3.501465    3.499000    1.000000    1.000000    1.000000    3.670343    3.697641    3.450637
68    68    1527261077794683958    3.552748    3.501642    3.499522    1.000000    1.000000    1.000000    3.667077    3.699403    3.448366
69    69    1527261078080204902    3.552018    3.501770    3.502370    1.000000    1.000000    1.000000    3.664052    3.701025    3.458244
70    70    1527261078365513805    3.551347    3.501899    3.504973    1.000000    1.000000    1.000000    3.661158    3.702753    3.461315
71    71    1527261078650889792    3.550683    3.501804    3.504149    1.000000    1.000000    1.000000    3.658086    3.703921    3.442854
72    72    1527261078936891693    3.549929    3.501636    3.496480    1.000000    1.000000    1.000000    3.655159    3.705140    3.447613
73    73    1527261079222640179    3.549239    3.501569    3.499581    1.000000    1.000000    1.000000    3.652322    3.706452    3.448151
74    74    1527261079508120915    3.548612    3.501588    3.502863    1.000000    1.000000    1.000000    3.649730    3.707519    3.460447
75    75    1527261079793560526    3.548009    3.501458    3.503368    1.000000    1.000000    1.000000    3.647193    3.708658    3.459352
76    76    1527261080078909096    3.547437    3.501492    3.504486    1.000000    1.000000    1.000000    3.644527    3.709662    3.444366
77    77    1527261080365025788    3.546756    3.501365    3.495077    1.000000    1.000000    1.000000    3.641831    3.710356    3.437297
78    78    1527261080650216275    3.546240    3.501607    3.506428    1.000000    1.000000    1.000000    3.684192    3.781475    6.950772
79    79    1527261080935580387    3.545709    3.501502    3.504295    1.000000    1.000000    1.000000    3.681157    3.713421    3.444252
80    80    1527261081220634207    3.545240    3.501569    3.508109    1.000000    1.000000    1.000000    3.678421    3.714105    3.461887
81    81    1527261081506008319    3.544734    3.501525    3.504172    1.000000    1.000000    1.000000    3.675771    3.714945    3.463590
82    82    1527261081791345305    3.544245    3.501544    3.504628    1.000000    1.000000    1.000000    3.672886    3.715730    3.439007
83    83    1527261082077015666    3.543718    3.501435    3.500538    1.000000    1.000000    1.000000    3.670247    3.716384    3.453879
84    84    1527261082362358360    3.543252    3.501283    3.504558    1.000000    1.000000    1.000000    3.667678    3.717109    3.454299
85    85    1527261082647772472    3.542787    3.501414    3.503681    1.000000    1.000000    1.000000    3.665226    3.717937    3.459125
86    86    1527261082933608999    3.542272    3.501368    3.498503    1.000000    1.000000    1.000000    3.662787    3.718833    3.455629
87    87    1527261083218955402    3.541838    3.501689    3.504512    1.000000    1.000000    1.000000    3.660499    3.719921    3.463622
88    88    1527261083504320763    3.541412    3.502057    3.504280    1.000000    1.000000    1.000000    3.658409    3.721255    3.476368
89    89    1527261083789998082    3.540951    3.502177    3.500453    1.000000    1.000000    1.000000    3.656070    3.721993    3.450361
90    90    1527261084075598276    3.540512    3.502241    3.501398    1.000000    1.000000    1.000000    3.653986    3.723234    3.468461
91    91    1527261084360966762    3.540113    3.502201    3.504241    1.000000    1.000000    1.000000    3.690285    3.725656    6.959686
92    92    1527261084646059750    3.539761    3.502277    3.507627    1.000000    1.000000    1.000000    3.687995    3.726404    3.479286
93    93    1527261084931601485    3.539356    3.502310    3.502115    1.000000    1.000000    1.000000    3.685670    3.727045    3.471741
94    94    1527261085217729762    3.538883    3.502227    3.494936    1.000000    1.000000    1.000000    3.683174    3.727379    3.451455
95    95    1527261085503655455    3.538446    3.502131    3.497412    1.000000    1.000000    1.000000    3.680608    3.727892    3.439719
96    96    1527261085789364315    3.538046    3.502089    3.500066    1.000000    1.000000    1.000000    3.678359    3.728638    3.464824
97    97    1527261086074832718    3.537685    3.502162    3.503015    1.000000    1.000000    1.000000    3.676085    3.729438    3.457679
98    98    1527261086359055999    3.537488    3.502558    3.518361    1.000000    1.000000    1.000000    3.674118    3.730631    3.482361
99    99    1527261086644371861    3.537159    3.502691    3.504888    1.000000    1.000000    1.000000    3.671893    3.731456    3.453646
100    100    1527261086919887830    3.538051    3.505101    3.629554    1.000000    1.000000    1.000000    3.671130    3.734574    3.592855
101    101    1527261087194039762    3.539093    3.507837    3.647612    1.000000    1.000000    1.000000    3.670503    3.737945    3.605242
102    102    1527261087467908111    3.540150    3.510636    3.651389    1.000000    1.000000    1.000000    3.670056    3.741892    3.622945
103    103    1527261087741773459    3.541188    3.513540    3.651429    1.000000    1.000000    1.000000    3.669709    3.746319    3.632935
104    104    1527261088015592100    3.542212    3.516504    3.652052    1.000000    1.000000    1.000000    3.669408    3.681793    3.637039
105    105    1527261088290106364    3.543135    3.519178    3.642798    1.000000    1.000000    1.000000    3.669094    3.685560    3.635254
106    106    1527261088564889627    3.544010    3.521851    3.639232    1.000000    1.000000    1.000000    3.701644    3.759108    7.245514
107    107    1527261088838435768    3.545012    3.524875    3.655690    1.000000    1.000000    1.000000    3.701080    3.763275    3.638805
108    108    1527261089113135365    3.545864    3.527709    3.640340    1.000000    1.000000    1.000000    3.700367    3.766865    3.621294
109    109    1527261089387385421    3.546753    3.530458    3.646307    1.000000    1.000000    1.000000    3.699684    3.770588    3.623102
110    110    1527261089662227851    3.547558    3.533070    3.638448    1.000000    1.000000    1.000000    3.698979    3.773985    3.619412
111    111    1527261089936104075    3.548458    3.536000    3.651284    1.000000    1.000000    1.000000    3.698480    3.777632    3.641557
112    112    1527261090211051004    3.549223    3.538572    3.637066    1.000000    1.000000    1.000000    3.697768    3.780752    3.615971
113    113    1527261090484949061    3.550091    3.541690    3.650993    1.000000    1.000000    1.000000    3.697255    3.784682    3.637587
114    114    1527261090758957451    3.550933    3.544457    3.649523    1.000000    1.000000    1.000000    3.696904    3.788597    3.655808
115    115    1527261091033164758    3.551738    3.547218    3.646876    1.000000    1.000000    1.000000    3.696540    3.792472    3.653550
116    116    1527261091306949773    3.552576    3.550174    3.652501    1.000000    1.000000    1.000000    3.696061    3.726024    3.638954
117    117    1527261091581012247    3.553370    3.553135    3.648803    1.000000    1.000000    1.000000    3.695617    3.729984    3.642188
118    118    1527261091854444596    3.554218    3.556248    3.657212    1.000000    1.000000    1.000000    3.695074    3.733747    3.629143
119    119    1527261092128724028    3.554963    3.559094    3.645917    1.000000    1.000000    1.000000    3.694423    3.737027    3.614970
120    120    1527261092402666043    3.555731    3.561976    3.650408    1.000000    1.000000    1.000000    3.694030    3.740847    3.645593
121    121    1527261092677524181    3.556392    3.564647    3.638240    1.000000    1.000000    1.000000    3.693471    3.744626    3.624321
122    122    1527261092951792945    3.557104    3.567631    3.646059    1.000000    1.000000    1.000000    3.693008    3.748543    3.635066
123    123    1527261093224978754    3.557914    3.570832    3.660512    1.000000    1.000000    1.000000    3.692506    3.752341    3.629003
124    124    1527261093499052477    3.558622    3.573744    3.648653    1.000000    1.000000    1.000000    3.691889    3.755575    3.613374
125    125    1527261093772641202    3.559368    3.576773    3.655121    1.000000    1.000000    1.000000    3.691361    3.759040    3.623578
126    126    1527261094046388009    3.560087    3.579744    3.653011    1.000000    1.000000    1.000000    3.690922    3.763021    3.634179
127    127    1527261094322280895    3.560582    3.582366    3.624595    1.000000    1.000000    1.000000    3.690243    3.766524    3.602409
128    128    1527261094597677698    3.561118    3.584882    3.631124    1.000000    1.000000    1.000000    3.689715    3.698537    3.620826
129    129    1527261094871548547    3.561795    3.587838    3.651356    1.000000    1.000000    1.000000    3.689551    3.703141    3.667879
130    130    1527261095145955644    3.562410    3.590581    3.644221    1.000000    1.000000    1.000000    3.689376    3.707349    3.666060
131    131    1527261095419747702    3.563075    3.593570    3.652407    1.000000    1.000000    1.000000    3.688969    3.710911    3.634262
132    132    1527261095694064924    3.563681    3.596419    3.645415    1.000000    1.000000    1.000000    3.715676    3.787753    7.322544
133    133    1527261095967814898    3.564331    3.599505    3.652968    1.000000    1.000000    1.000000    3.715272    3.792105    3.660187
134    134    1527261096241766247    3.564952    3.602459    3.650283    1.000000    1.000000    1.000000    3.714773    3.796171    3.646253
135    135    1527261096516031637    3.565536    3.605355    3.646104    1.000000    1.000000    1.000000    3.714212    3.799956    3.636795
136    136    1527261096790681942    3.566075    3.608265    3.640994    1.000000    1.000000    1.000000    3.713613    3.803699    3.630478
137    137    1527261097063691668    3.566758    3.611481    3.662873    1.000000    1.000000    1.000000    3.713122    3.807558    3.643940
138    138    1527261097337802391    3.567331    3.614419    3.648161    1.000000    1.000000    1.000000    3.712549    3.810906    3.631715
139    139    1527261097611661740    3.567919    3.617509    3.651509    1.000000    1.000000    1.000000    3.712113    3.815170    3.649998
140    140    1527261097885754505    3.568477    3.620524    3.648400    1.000000    1.000000    1.000000    3.711770    3.819313    3.662691
141    141    1527261098159902394    3.569023    3.623468    3.647666    1.000000    1.000000    1.000000    3.711385    3.751123    3.655910
142    142    1527261098434158617    3.569551    3.626316    3.646225    1.000000    1.000000    1.000000    3.710980    3.754776    3.652191
143    143    1527261098708804131    3.570038    3.629184    3.641057    1.000000    1.000000    1.000000    3.710417    3.758120    3.628299
144    144    1527261098981976523    3.570648    3.632600    3.660692    1.000000    1.000000    1.000000    3.709988    3.762284    3.646719
145    145    1527261099256519620    3.571130    3.635606    3.642415    1.000000    1.000000    1.000000    3.709474    3.766417    3.633364
146    146    1527261099530639177    3.571642    3.638673    3.648043    1.000000    1.000000    1.000000    3.709086    3.770392    3.651345
147    147    1527261099804709233    3.572152    3.641693    3.648702    1.000000    1.000000    1.000000    3.708663    3.774393    3.645123
148    148    1527261100079222039    3.572617    3.644271    3.642817    1.000000    1.000000    1.000000    3.708333    3.778125    3.658514
149    149    1527261100353316179    3.573112    3.647254    3.648382    1.000000    1.000000    1.000000    3.707982    3.782407    3.654555
150    150    1527261100627326652    3.573607    3.647655    3.649496    1.000000    1.000000    1.000000    3.707738    3.783976    3.670309
151    151    1527261100901490000    3.574083    3.647652    3.647461    1.000000    1.000000    1.000000    3.707335    3.784775    3.645192
152    152    1527261101175232683    3.574588    3.647685    3.653066    1.000000    1.000000    1.000000    3.706888    3.785066    3.637456
153    153    1527261101449630863    3.575032    3.647543    3.644339    1.000000    1.000000    1.000000    3.706445    3.785149    3.637349
154    154    1527261101724039169    3.575470    3.647386    3.644205    1.000000    1.000000    1.000000    3.705917    3.784862    3.623028
155    155    1527261101997998684    3.575939    3.647534    3.650174    1.000000    1.000000    1.000000    3.705600    3.785271    3.655434
156    156    1527261102271472618    3.576442    3.647882    3.656656    1.000000    1.000000    1.000000    3.705372    3.713584    3.669081
157    157    1527261102545689882    3.576879    3.647703    3.646743    1.000000    1.000000    1.000000    3.705034    3.713821    3.650820
158    158    1527261102820287271    3.577279    3.647731    3.641695    1.000000    1.000000    1.000000    3.727173    3.787289    7.288620
159    159    1527261103094356744    3.577717    3.647779    3.648710    1.000000    1.000000    1.000000    3.726681    3.787766    3.646845
160    160    1527261103368353426    3.578155    3.648004    3.649679    1.000000    1.000000    1.000000    3.726236    3.788459    3.653555
161    161    1527261103642840023    3.578549    3.647841    3.643165    1.000000    1.000000    1.000000    3.725636    3.788170    3.627427
162    162    1527261103916910705    3.578971    3.648075    3.648694    1.000000    1.000000    1.000000    3.725040    3.788393    3.626594
163    163    1527261104191531885    3.579345    3.647882    3.641380    1.000000    1.000000    1.000000    3.724552    3.788504    3.643517
164    164    1527261104465327526    3.579779    3.647939    3.652359    1.000000    1.000000    1.000000    3.724042    3.788165    3.638743
165    165    1527261104739085166    3.580211    3.648059    3.652866    1.000000    1.000000    1.000000    3.723634    3.788198    3.654956
166    166    1527261105012621724    3.580654    3.648125    3.655818    1.000000    1.000000    1.000000    3.723311    3.788789    3.668460
167    167    1527261105286324449    3.581080    3.648221    3.653599    1.000000    1.000000    1.000000    3.722898    3.789001    3.652580
168    168    1527261105559858840    3.581513    3.648193    3.655847    1.000000    1.000000    1.000000    3.722514    3.789547    3.656601
169    169    1527261105834124188    3.581886    3.648197    3.646104    1.000000    1.000000    1.000000    3.721905    3.789592    3.617172
170    170    1527261106108646202    3.582236    3.648042    3.642695    1.000000    1.000000    1.000000    3.721304    3.789021    3.617389
171    171    1527261106382689217    3.582618    3.648260    3.649062    1.000000    1.000000    1.000000    3.720813    3.789252    3.635407
172    172    1527261106657028939    3.582973    3.648241    3.645116    1.000000    1.000000    1.000000    3.720542    3.790010    3.672946
173    173    1527261106931339120    3.583326    3.647942    3.645508    1.000000    1.000000    1.000000    3.720004    3.789925    3.625443
174    174    1527261107205047386    3.583719    3.648039    3.653525    1.000000    1.000000    1.000000    3.719542    3.790414    3.637599
175    175    1527261107478821735    3.584104    3.647989    3.652643    1.000000    1.000000    1.000000    3.719219    3.791170    3.661537
176    176    1527261107752493501    3.584491    3.648009    3.654012    1.000000    1.000000    1.000000    3.718831    3.791469    3.649145
177    177    1527261108026313309    3.584864    3.648561    3.652037    1.000000    1.000000    1.000000    3.718511    3.792665    3.660835
178    178    1527261108300639448    3.585196    3.648846    3.645296    1.000000    1.000000    1.000000    3.718075    3.793047    3.639201
179    179    1527261108574672338    3.585545    3.648803    3.649197    1.000000    1.000000    1.000000    3.717783    3.792980    3.664626
180    180    1527261108848191646    3.585927    3.649039    3.656049    1.000000    1.000000    1.000000    3.717536    3.793109    3.672117
181    181    1527261109122455494    3.586252    3.648914    3.646124    1.000000    1.000000    1.000000    3.717163    3.793389    3.648538
182    182    1527261109396953133    3.586558    3.648866    3.643019    1.000000    1.000000    1.000000    3.716879    3.720156    3.664403
183    183    1527261109670922273    3.586897    3.648808    3.650046    1.000000    1.000000    1.000000    3.716527    3.719969    3.650915
184    184    1527261109944974121    3.587227    3.648781    3.648945    1.000000    1.000000    1.000000    3.716124    3.719859    3.640775
185    185    1527261110219349677    3.587530    3.648751    3.644640    1.000000    1.000000    1.000000    3.735062    3.793097    7.294571
186    186    1527261110493130776    3.587872    3.648983    3.652553    1.000000    1.000000    1.000000    3.734639    3.793587    3.654522
187    187    1527261110767258374    3.588186    3.648685    3.647936    1.000000    1.000000    1.000000    3.734257    3.793928    3.661587
188    188    1527261111041803680    3.588469    3.648569    3.642386    1.000000    1.000000    1.000000    3.733876    3.794514    3.661210
189    189    1527261111315940069    3.588776    3.648496    3.647819    1.000000    1.000000    1.000000    3.733339    3.794116    3.630251
190    190    1527261111589435169    3.589123    3.648655    3.656373    1.000000    1.000000    1.000000    3.732870    3.793709    3.642032
191    191    1527261111863389768    3.589436    3.648706    3.650240    1.000000    1.000000    1.000000    3.732532    3.793929    3.666812
192    192    1527261112137673991    3.589724    3.648699    3.645853    1.000000    1.000000    1.000000    3.732140    3.794002    3.655846
193    193    1527261112411515214    3.590039    3.648913    3.651751    1.000000    1.000000    1.000000    3.731734    3.794485    3.651989
194    194    1527261112685417188    3.590346    3.648719    3.650941    1.000000    1.000000    1.000000    3.731291    3.794422    3.643928
195    195    1527261112959845619    3.590615    3.648749    3.643937    1.000000    1.000000    1.000000    3.730952    3.795031    3.663738
196    196    1527261113234546841    3.590864    3.648594    3.640319    1.000000    1.000000    1.000000    3.730562    3.795060    3.653056
197    197    1527261113508929646    3.591131    3.648511    3.644543    1.000000    1.000000    1.000000    3.730205    3.795330    3.658790
198    198    1527261113782432663    3.591453    3.648780    3.656267    1.000000    1.000000    1.000000    3.729893    3.795510    3.667027
199    199    1527261114056759510    3.591718    3.648718    3.645287    1.000000    1.000000    1.000000    3.729506    3.795444    3.651374
200    200    1527261114344802490    3.591100    3.644986    3.471704    1.000000    1.000000    1.000000    3.728267    3.791502    3.488698
201    201    1527261114631761181    3.590558    3.641589    3.484822    1.000000    1.000000    1.000000    3.727057    3.788145    3.491084
202    202    1527261114919148787    3.589994    3.637973    3.479621    1.000000    1.000000    1.000000    3.725821    3.784786    3.483950
203    203    1527261115206465310    3.589441    3.634557    3.480482    1.000000    1.000000    1.000000    3.724512    3.781084    3.466738
204    204    1527261115493244876    3.588926    3.631291    3.486999    1.000000    1.000000    1.000000    3.740566    3.849655    6.922181
205    205    1527261115779805193    3.588431    3.627971    3.489667    1.000000    1.000000    1.000000    3.739101    3.845145    3.447079
206    206    1527261116067292132    3.587883    3.624286    3.478419    1.000000    1.000000    1.000000    3.737660    3.840402    3.450014
207    207    1527261116354335823    3.587367    3.620920    3.483790    1.000000    1.000000    1.000000    3.736312    3.836367    3.465208
208    208    1527261116642076512    3.586814    3.617477    3.475351    1.000000    1.000000    1.000000    3.734940    3.759917    3.458607
209    209    1527261116928842203    3.586326    3.614157    3.487168    1.000000    1.000000    1.000000    3.733641    3.756142    3.469732
210    210    1527261117215536227    3.585847    3.610843    3.488039    1.000000    1.000000    1.000000    3.732395    3.752409    3.477823
211    211    1527261117502859792    3.585335    3.607499    3.480397    1.000000    1.000000    1.000000    3.731159    3.749197    3.478061
212    212    1527261117789984149    3.584840    3.604104    3.482811    1.000000    1.000000    1.000000    3.729909    3.745891    3.472436
213    213    1527261118077552047    3.584322    3.600744    3.477440    1.000000    1.000000    1.000000    3.728570    3.741826    3.451839
214    214    1527261118364841445    3.583827    3.597248    3.480811    1.000000    1.000000    1.000000    3.727318    3.738181    3.467187
215    215    1527261118651724802    3.583360    3.593854    3.485737    1.000000    1.000000    1.000000    3.726093    3.734288    3.469985
216    216    1527261118939300867    3.582856    3.590231    3.477341    1.000000    1.000000    1.000000    3.741193    3.801082    6.906374
217    217    1527261119226598848    3.582374    3.586730    3.480707    1.000000    1.000000    1.000000    3.739888    3.797065    3.464678
218    218    1527261119514076371    3.581886    3.583146    3.478533    1.000000    1.000000    1.000000    3.738531    3.792697    3.451383
219    219    1527261119800964145    3.581437    3.579908    3.485684    1.000000    1.000000    1.000000    3.737204    3.789194    3.454375
220    220    1527261120087959794    3.580985    3.576714    3.484373    1.000000    1.000000    1.000000    3.735846    3.785502    3.445010
221    221    1527261120374602902    3.580558    3.573493    3.488659    1.000000    1.000000    1.000000    3.734631    3.782042    3.473110
222    222    1527261120662030842    3.580090    3.570153    3.479133    1.000000    1.000000    1.000000    3.733378    3.777635    3.463202
223    223    1527261120949005741    3.579652    3.566927    3.484625    1.000000    1.000000    1.000000    3.732137    3.774164    3.462623
224    224    1527261121233980228    3.579333    3.564063    3.509086    1.000000    1.000000    1.000000    3.731092    3.771296    3.501794
225    225    1527261121519125298    3.579006    3.561177    3.506987    1.000000    1.000000    1.000000    3.730053    3.767944    3.500857
226    226    1527261121804437076    3.578673    3.558227    3.504938    1.000000    1.000000    1.000000    3.729019    3.764822    3.500255
227    227    1527261122089093106    3.578379    3.555485    3.513012    1.000000    1.000000    1.000000    3.727911    3.761103    3.481050
228    228    1527261122373939719    3.578078    3.552827    3.510661    1.000000    1.000000    1.000000    3.742525    3.829266    7.011412
229    229    1527261122658467791    3.577797    3.550179    3.514592    1.000000    1.000000    1.000000    3.741504    3.826057    3.511843
230    230    1527261122943141196    3.577510    3.547370    3.512797    1.000000    1.000000    1.000000    3.740467    3.822587    3.506323
231    231    1527261123228272099    3.577201    3.544637    3.507161    1.000000    1.000000    1.000000    3.739364    3.819239    3.489573
232    232    1527261123513361795    3.576897    3.541978    3.507668    1.000000    1.000000    1.000000    3.738303    3.815741    3.496938
233    233    1527261123798807906    3.576576    3.539100    3.503288    1.000000    1.000000    1.000000    3.737141    3.811988    3.471794
234    234    1527261124084378350    3.576251    3.536217    3.501763    1.000000    1.000000    1.000000    3.736083    3.808881    3.493845
235    235    1527261124369433587    3.575956    3.533548    3.508092    1.000000    1.000000    1.000000    3.735136    3.735407    3.516718
236    236    1527261124654946907    3.575640    3.530621    3.502464    1.000000    1.000000    1.000000    3.734127    3.732242    3.500859
237    237    1527261124940022977    3.575349    3.527893    3.507836    1.000000    1.000000    1.000000    3.733083    3.728742    3.490335
238    238    1527261125225342964    3.575048    3.525213    3.504837    1.000000    1.000000    1.000000    3.732040    3.725225    3.488893
239    239    1527261125510660617    3.574750    3.522437    3.504866    1.000000    1.000000    1.000000    3.731016    3.722352    3.491028
240    240    1527261125796271853    3.574439    3.519432    3.501263    1.000000    1.000000    1.000000    3.744667    3.788857    6.953539
241    241    1527261126081349673    3.574158    3.516679    3.507814    1.000000    1.000000    1.000000    3.743556    3.785032    3.480807
242    242    1527261126366263661    3.573889    3.514051    3.509831    1.000000    1.000000    1.000000    3.742403    3.781182    3.468398
243    243    1527261126650889857    3.573636    3.511390    3.513380    1.000000    1.000000    1.000000    3.741391    3.778039    3.499653
244    244    1527261126935767220    3.573373    3.508686    3.510282    1.000000    1.000000    1.000000    3.740276    3.774520    3.473077
245    245    1527261127220756749    3.573106    3.506088    3.508901    1.000000    1.000000    1.000000    3.739264    3.771080    3.495679
246    246    1527261127505724528    3.572843    3.503565    3.509169    1.000000    1.000000    1.000000    3.738234    3.767730    3.489528
247    247    1527261127790690140    3.572581    3.500969    3.509195    1.000000    1.000000    1.000000    3.737324    3.764809    3.516456
248    248    1527261128076507792    3.572279    3.497953    3.498734    1.000000    1.000000    1.000000    3.736306    3.761167    3.489127
249    249    1527261128362214653    3.571984    3.495170    3.500091    1.000000    1.000000    1.000000    3.735303    3.757869    3.490613
250    250    1527261128647930388    3.571691    3.495739    3.499982    1.000000    1.000000    1.000000    3.734281    3.757815    3.483805
251    251    1527261128933636915    3.571401    3.496045    3.500095    1.000000    1.000000    1.000000    3.733227    3.757496    3.473918
252    252    1527261129218530861    3.571155    3.496655    3.510078    1.000000    1.000000    1.000000    3.732321    3.758025    3.508130
253    253    1527261129503860556    3.570888    3.497140    3.504718    1.000000    1.000000    1.000000    3.745307    3.827969    6.969453
254    254    1527261129789576750    3.570605    3.497401    3.499977    1.000000    1.000000    1.000000    3.744209    3.758765    3.470965
255    255    1527261130074393071    3.570368    3.497828    3.511035    1.000000    1.000000    1.000000    3.743228    3.759801    3.497149
256    256    1527261130359681141    3.570110    3.498365    3.505229    1.000000    1.000000    1.000000    3.742239    3.760719    3.493655
257    257    1527261130645079169    3.569848    3.498768    3.503878    1.000000    1.000000    1.000000    3.741295    3.761516    3.503398
258    258    1527261130930625947    3.569581    3.499306    3.502053    1.000000    1.000000    1.000000    3.740279    3.762051    3.483051
259    259    1527261131216166516    3.569317    3.499605    3.502129    1.000000    1.000000    1.000000    3.739302    3.762504    3.491154
260    260    1527261131501214461    3.569079    3.500009    3.508182    1.000000    1.000000    1.000000    3.738322    3.762736    3.487785
261    261    1527261131786519365    3.568830    3.500504    3.505022    1.000000    1.000000    1.000000    3.737345    3.762951    3.486828
262    262    1527261132071525269    3.568597    3.501023    3.508699    1.000000    1.000000    1.000000    3.736370    3.763252    3.485366
263    263    1527261132356872172    3.568350    3.501567    3.504506    1.000000    1.000000    1.000000    3.735411    3.764019    3.487769
264    264    1527261132642194783    3.568106    3.502050    3.504805    1.000000    1.000000    1.000000    3.734445    3.764390    3.483723
265    265    1527261132927350853    3.567872    3.502474    3.506852    1.000000    1.000000    1.000000    3.746260    3.831417    6.823723
266    266    1527261133212984922    3.567616    3.502950    3.500983    1.000000    1.000000    1.000000    3.744932    3.760794    3.398103
267    267    1527261133498583117    3.567365    3.503367    3.501423    1.000000    1.000000    1.000000    3.743639    3.759632    3.404881
268    268    1527261133783505146    3.567147    3.503994    3.509732    1.000000    1.000000    1.000000    3.742379    3.758865    3.410196
269    269    1527261134068414217    3.566931    3.504481    3.509892    1.000000    1.000000    1.000000    3.741130    3.758030    3.410453
270    270    1527261134353309704    3.566718    3.504996    3.510059    1.000000    1.000000    1.000000    3.739896    3.757420    3.412150
271    271    1527261134638226900    3.566506    3.505420    3.509792    1.000000    1.000000    1.000000    3.738660    3.756173    3.408945
272    272    1527261134923751136    3.566266    3.505888    3.502330    1.000000    1.000000    1.000000    3.737352    3.754709    3.388122
273    273    1527261135208982914    3.566042    3.506317    3.505921    1.000000    1.000000    1.000000    3.736108    3.753533    3.402068
274    274    1527261135494836941    3.565791    3.506101    3.498289    1.000000    1.000000    1.000000    3.734810    3.751199    3.386123
275    275    1527261135779961803    3.565575    3.506106    3.507235    1.000000    1.000000    1.000000    3.733590    3.749251    3.403397
276    276    1527261136064974041    3.565366    3.506179    3.508621    1.000000    1.000000    1.000000    3.732348    3.747154    3.395082
277    277    1527261136349783153    3.565168    3.506142    3.511124    1.000000    1.000000    1.000000    3.743552    3.813435    6.799958
278    278    1527261136634784849    3.564963    3.506104    3.508751    1.000000    1.000000    1.000000    3.742306    3.741320    3.401187
279    279    1527261136920378585    3.564732    3.505842    3.501477    1.000000    1.000000    1.000000    3.741027    3.738874    3.390544
280    280    1527261137205342072    3.564531    3.505770    3.509222    1.000000    1.000000    1.000000    3.739792    3.736733    3.399418
281    281    1527261137491061724    3.564298    3.505625    3.499934    1.000000    1.000000    1.000000    3.738512    3.734638    3.385518
282    282    1527261137775493213    3.564124    3.505787    3.515785    1.000000    1.000000    1.000000    3.737312    3.732783    3.403347
283    283    1527261138060682450    3.563918    3.505850    3.506444    1.000000    1.000000    1.000000    3.736072    3.731168    3.390822
284    284    1527261138345794562    3.563716    3.505963    3.507392    1.000000    1.000000    1.000000    3.734872    3.729294    3.399684
285    285    1527261138630809924    3.563521    3.505973    3.508583    1.000000    1.000000    1.000000    3.733660    3.726832    3.393522
286    286    1527261138916351285    3.563303    3.505966    3.502120    1.000000    1.000000    1.000000    3.732455    3.724684    3.393592
287    287    1527261139202114562    3.563077    3.505797    3.499400    1.000000    1.000000    1.000000    3.731231    3.722590    3.386387
288    288    1527261139487633007    3.562863    3.505749    3.502401    1.000000    1.000000    1.000000    3.730027    3.720592    3.389263
289    289    1527261139773493492    3.562636    3.505615    3.498210    1.000000    1.000000    1.000000    3.728830    3.718538    3.388999
290    290    1527261140059069019    3.562423    3.505624    3.501701    1.000000    1.000000    1.000000    3.739448    3.714778    6.766154
291    291    1527261140344154465    3.562233    3.505622    3.507720    1.000000    1.000000    1.000000    3.738259    3.713110    3.397346
292    292    1527261140629368910    3.562038    3.505548    3.506134    1.000000    1.000000    1.000000    3.737044    3.711500    3.388128
293    293    1527261140914690605    3.561841    3.505377    3.504816    1.000000    1.000000    1.000000    3.735863    3.709403    3.395371
294    294    1527261141198408179    3.561713    3.505662    3.524632    1.000000    1.000000    1.000000    3.734726    3.708043    3.403716
295    295    1527261141482173252    3.561585    3.505963    3.524042    1.000000    1.000000    1.000000    3.733635    3.706460    3.415191
296    296    1527261141766053284    3.561452    3.506231    3.522615    1.000000    1.000000    1.000000    3.732558    3.705042    3.417465
297    297    1527261142049315984    3.561346    3.506649    3.530292    1.000000    1.000000    1.000000    3.731534    3.703344    3.429855
298    298    1527261142332928475    3.561227    3.507192    3.525938    1.000000    1.000000    1.000000    3.730462    3.701886    3.414176
299    299    1527261142616502633    3.561110    3.507716    3.526414    1.000000    1.000000    1.000000    3.729439    3.700645    3.426645
300    300    1527261142894420638    3.561232    3.509636    3.598184    1.000000    1.000000    1.000000    3.728658    3.700922    3.491947
301    301    1527261143171569520    3.561385    3.511746    3.608169    1.000000    1.000000    1.000000    3.727919    3.701619    3.502688
302    302    1527261143448607777    3.561542    3.513685    3.609610    1.000000    1.000000    1.000000    3.727212    3.701777    3.510768
303    303    1527261143725468952    3.561705    3.515777    3.611919    1.000000    1.000000    1.000000    3.726517    3.632537    3.512746
304    304    1527261144001690712    3.561894    3.518126    3.620280    1.000000    1.000000    1.000000    3.725869    3.633707    3.525620
305    305    1527261144278714261    3.562049    3.520056    3.609801    1.000000    1.000000    1.000000    3.736552    3.702853    7.038719
306    306    1527261144554764812    3.562243    3.522346    3.622525    1.000000    1.000000    1.000000    3.735892    3.703708    3.530618
307    307    1527261144831414404    3.562410    3.524518    3.614681    1.000000    1.000000    1.000000    3.735218    3.704256    3.525189
308    308    1527261145107735538    3.562591    3.526812    3.618978    1.000000    1.000000    1.000000    3.734555    3.705260    3.527171
309    309    1527261145384111881    3.562767    3.529093    3.618255    1.000000    1.000000    1.000000    3.733886    3.706040    3.524010
310    310    1527261145660384099    3.562947    3.531281    3.619618    1.000000    1.000000    1.000000    3.733230    3.706933    3.526638
311    311    1527261145936626900    3.563127    3.533542    3.620004    1.000000    1.000000    1.000000    3.732579    3.707856    3.526890
312    312    1527261146213870782    3.563266    3.535481    3.606933    1.000000    1.000000    1.000000    3.731891    3.708547    3.514372
313    313    1527261146490427249    3.563431    3.537680    3.615898    1.000000    1.000000    1.000000    3.731236    3.709377    3.523168
314    314    1527261146768326046    3.563541    3.539540    3.598432    1.000000    1.000000    1.000000    3.730527    3.709931    3.505888
315    315    1527261147044918221    3.563703    3.541687    3.615431    1.000000    1.000000    1.000000    3.729875    3.643347    3.521586
316    316    1527261147321362563    3.563869    3.543994    3.617365    1.000000    1.000000    1.000000    3.729241    3.646005    3.525617
317    317    1527261147598167071    3.564021    3.546204    3.612658    1.000000    1.000000    1.000000    3.728611    3.648540    3.526315
318    318    1527261147874881913    3.564175    3.548270    3.613829    1.000000    1.000000    1.000000    3.727967    3.650842    3.520386
319    319    1527261148151306547    3.564339    3.550407    3.617623    1.000000    1.000000    1.000000    3.727352    3.653295    3.528029
320    320    1527261148428003139    3.564492    3.552475    3.614067    1.000000    1.000000    1.000000    3.726715    3.655557    3.520058
321    321    1527261148704488772    3.564652    3.554605    3.616824    1.000000    1.000000    1.000000    3.726104    3.658030    3.527254
322    322    1527261148980797407    3.564818    3.556935    3.619141    1.000000    1.000000    1.000000    3.725479    3.660819    3.521030
323    323    1527261149257243082    3.564978    3.559160    3.617347    1.000000    1.000000    1.000000    3.724868    3.663390    3.524486
324    324    1527261149533464175    3.565146    3.561602    3.620288    1.000000    1.000000    1.000000    3.724265    3.666330    3.525882
325    325    1527261149809643976    3.565314    3.563873    3.620830    1.000000    1.000000    1.000000    3.723656    3.668848    3.522763
326    326    1527261150086585192    3.565452    3.565924    3.610875    1.000000    1.000000    1.000000    3.733655    3.740894    7.034854
327    327    1527261150362531911    3.565627    3.568179    3.623888    1.000000    1.000000    1.000000    3.733044    3.674568    3.530124
328    328    1527261150638536296    3.565799    3.570472    3.623131    1.000000    1.000000    1.000000    3.732433    3.677256    3.528640
329    329    1527261150915979761    3.565914    3.572551    3.604338    1.000000    1.000000    1.000000    3.731773    3.679842    3.512582
330    330    1527261151192203062    3.566076    3.574784    3.620259    1.000000    1.000000    1.000000    3.731146    3.682418    3.520977
331    331    1527261151468550988    3.566232    3.577180    3.618627    1.000000    1.000000    1.000000    3.730527    3.685325    3.522498
332    332    1527261151749465986    3.566213    3.578080    3.559796    1.000000    1.000000    1.000000    3.729727    3.686630    3.464699
333    333    1527261152031130190    3.566165    3.578983    3.550327    1.000000    1.000000    1.000000    3.728900    3.687994    3.454763
334    334    1527261152311581230    3.566164    3.580178    3.565685    1.000000    1.000000    1.000000    3.728094    3.689279    3.458917
335    335    1527261152592631686    3.566140    3.581194    3.558080    1.000000    1.000000    1.000000    3.727258    3.690459    3.447932
336    336    1527261152870952648    3.566219    3.583047    3.592974    1.000000    1.000000    1.000000    3.726572    3.692618    3.494160
337    337    1527261153143470376    3.566516    3.586452    3.669486    1.000000    1.000000    1.000000    3.726098    3.696336    3.561735
338    338    1527261153415742020    3.566820    3.589863    3.672803    1.000000    1.000000    1.000000    3.725632    3.700036    3.563595
339    339    1527261153688946579    3.567088    3.593128    3.660261    1.000000    1.000000    1.000000    3.725191    3.703906    3.571668
340    340    1527261153962674511    3.567335    3.596190    3.653263    1.000000    1.000000    1.000000    3.724725    3.638223    3.562457
341    341    1527261154235836904    3.567601    3.599276    3.660826    1.000000    1.000000    1.000000    3.724298    3.641920    3.574833
342    342    1527261154508736380    3.567876    3.602469    3.664353    1.000000    1.000000    1.000000    3.723872    3.645802    3.574126
343    343    1527261154782193355    3.568128    3.605552    3.656882    1.000000    1.000000    1.000000    3.723414    3.649316    3.562681
344    344    1527261155055941787    3.568368    3.608145    3.652989    1.000000    1.000000    1.000000    3.722950    3.652567    3.559341
345    345    1527261155328925305    3.568635    3.610955    3.663225    1.000000    1.000000    1.000000    3.722514    3.655764    3.567974
346    346    1527261155602202739    3.568890    3.613722    3.659285    1.000000    1.000000    1.000000    3.722078    3.658912    3.567594
347    347    1527261155875449381    3.569145    3.616340    3.659697    1.000000    1.000000    1.000000    3.721655    3.661870    3.571140
348    348    1527261156149576770    3.569366    3.618823    3.647939    1.000000    1.000000    1.000000    3.731147    3.735310    7.107174
349    349    1527261156422881704    3.569615    3.621514    3.658917    1.000000    1.000000    1.000000    3.730658    3.738095    3.555721
350    350    1527261156695645806    3.569883    3.622867    3.666172    1.000000    1.000000    1.000000    3.730192    3.739587    3.562811
351    351    1527261156969085031    3.570125    3.623841    3.657120    1.000000    1.000000    1.000000    3.729747    3.740980    3.569733
352    352    1527261157242009423    3.570384    3.624922    3.664018    1.000000    1.000000    1.000000    3.729321    3.742328    3.575422
353    353    1527261157515429732    3.570624    3.625826    3.657373    1.000000    1.000000    1.000000    3.728879    3.743503    3.569139
354    354    1527261157788950081    3.570859    3.626537    3.656035    1.000000    1.000000    1.000000    3.728443    3.744430    3.570184
355    355    1527261158062414931    3.571095    3.627473    3.656777    1.000000    1.000000    1.000000    3.727983    3.674577    3.560736
356    356    1527261158335717865    3.571335    3.628196    3.658944    1.000000    1.000000    1.000000    3.727536    3.675281    3.564638
357    357    1527261158609347381    3.571562    3.628991    3.654577    1.000000    1.000000    1.000000    3.727084    3.676045    3.562035
358    358    1527261158882753106    3.571796    3.629759    3.657568    1.000000    1.000000    1.000000    3.726665    3.676987    3.573016
359    359    1527261159155830582    3.572041    3.630629    3.661964    1.000000    1.000000    1.000000    3.726260    3.678074    3.577000
360    360    1527261159429868763    3.572250    3.631218    3.649127    1.000000    1.000000    1.000000    3.725818    3.678830    3.563383
361    361    1527261159703797404    3.572461    3.631828    3.650586    1.000000    1.000000    1.000000    3.725359    3.679438    3.556185
362    362    1527261159977641961    3.572675    3.632725    3.651707    1.000000    1.000000    1.000000    3.724895    3.680249    3.553063
363    363    1527261160251251852    3.572896    3.633503    3.654839    1.000000    1.000000    1.000000    3.724446    3.680970    3.557762
364    364    1527261160525045409    3.573109    3.634587    3.652387    1.000000    1.000000    1.000000    3.724012    3.682146    3.562341
365    365    1527261160797828136    3.573356    3.635594    3.665921    1.000000    1.000000    1.000000    3.723630    3.683362    3.580659
366    366    1527261161071632860    3.573566    3.636292    3.652238    1.000000    1.000000    1.000000    3.723222    3.684292    3.570778
367    367    1527261161345161126    3.573785    3.637159    3.655929    1.000000    1.000000    1.000000    3.722815    3.685195    3.569792
368    368    1527261161618897850    3.573995    3.637947    3.653145    1.000000    1.000000    1.000000    3.722381    3.686000    3.559029
369    369    1527261161892186951    3.574220    3.638777    3.659129    1.000000    1.000000    1.000000    3.721970    3.686810    3.566933
370    370    1527261162165364718    3.574447    3.639709    3.660620    1.000000    1.000000    1.000000    3.721569    3.687839    3.569687
371    371    1527261162438509819    3.574675    3.640594    3.661058    1.000000    1.000000    1.000000    3.721190    3.688866    3.576897
372    372    1527261162711829544    3.574895    3.641387    3.658719    1.000000    1.000000    1.000000    3.720795    3.689887    3.570511
373    373    1527261162986045225    3.575083    3.641979    3.646764    1.000000    1.000000    1.000000    3.720364    3.690554    3.556514
374    374    1527261163258551744    3.575329    3.642964    3.669637    1.000000    1.000000    1.000000    3.719988    3.691587    3.575647
375    375    1527261163532259468    3.575533    3.643620    3.653532    1.000000    1.000000    1.000000    3.719566    3.692312    3.557609
376    376    1527261163806552941    3.575715    3.644323    3.645730    1.000000    1.000000    1.000000    3.728399    3.693264    7.114763
377    377    1527261164081110580    3.575888    3.644692    3.642222    1.000000    1.000000    1.000000    3.727960    3.693868    3.559442
378    378    1527261164354591596    3.576096    3.645363    3.656561    1.000000    1.000000    1.000000    3.727603    3.695118    3.589818
379    379    1527261164628564403    3.576287    3.646286    3.649997    1.000000    1.000000    1.000000    3.727209    3.696407    3.574793
380    380    1527261164902029586    3.576493    3.647019    3.656773    1.000000    1.000000    1.000000    3.726803    3.697399    3.568944
381    381    1527261165174678980    3.576726    3.648003    3.667714    1.000000    1.000000    1.000000    3.726401    3.698380    3.569430
382    382    1527261165447820747    3.576941    3.650073    3.661102    1.000000    1.000000    1.000000    3.726014    3.700700    3.574411
383    383    1527261165721023139    3.577153    3.652329    3.660290    1.000000    1.000000    1.000000    3.725618    3.703164    3.570598
384    384    1527261165994454114    3.577357    3.654203    3.657230    1.000000    1.000000    1.000000    3.725220    3.705487    3.568912
385    385    1527261166267994672    3.577556    3.656210    3.655765    1.000000    1.000000    1.000000    3.724826    3.708071    3.570045
386    386    1527261166541455814    3.577756    3.657510    3.656827    1.000000    1.000000    1.000000    3.724429    3.709619    3.567728
387    387    1527261166814591748    3.577966    3.657344    3.661181    1.000000    1.000000    1.000000    3.724038    3.709757    3.568963
388    388    1527261167087246683    3.578191    3.657242    3.667639    1.000000    1.000000    1.000000    3.723655    3.709910    3.571507
389    389    1527261167360916824    3.578382    3.657118    3.654034    1.000000    1.000000    1.000000    3.723253    3.709740    3.563407
390    390    1527261167634098966    3.578587    3.657264    3.660561    1.000000    1.000000    1.000000    3.722870    3.709899    3.570094
391    391    1527261167907285650    3.578791    3.657257    3.660501    1.000000    1.000000    1.000000    3.722507    3.709953    3.577543
392    392    1527261168180406542    3.578997    3.657197    3.661382    1.000000    1.000000    1.000000    3.722132    3.709898    3.571499
393    393    1527261168453716434    3.579195    3.657237    3.658850    1.000000    1.000000    1.000000    3.721746    3.709977    3.566571
394    394    1527261168727234700    3.579386    3.657299    3.656063    1.000000    1.000000    1.000000    3.721349    3.710028    3.561762
395    395    1527261168999925177    3.579602    3.657377    3.667161    1.000000    1.000000    1.000000    3.720997    3.710243    3.578596
396    396    1527261169273729776    3.579781    3.657236    3.652240    1.000000    1.000000    1.000000    3.720616    3.710217    3.566584
397    397    1527261169546405378    3.579996    3.657389    3.667361    1.000000    1.000000    1.000000    3.720262    3.710326    3.576301
398    398    1527261169819826895    3.580186    3.657578    3.657357    1.000000    1.000000    1.000000    3.719889    3.639371    3.568377
399    399    1527261170094533825    3.580334    3.657202    3.640243    1.000000    1.000000    1.000000    3.719467    3.639209    3.548090
400    400    1527261170380074811    3.580134    3.653788    3.502124    1.000000    1.000000    1.000000    3.718684    3.636000    3.412463
401    401    1527261170665066298    3.579953    3.650706    3.508877    1.000000    1.000000    1.000000    3.717931    3.632867    3.421857
402    402    1527261170949941369    3.579777    3.647523    3.510311    1.000000    1.000000    1.000000    3.725727    3.699805    6.798836
403    403    1527261171235176814    3.579590    3.644382    3.505876    1.000000    1.000000    1.000000    3.724893    3.696088    3.395767
404    404    1527261171519918135    3.579420    3.641404    3.511960    1.000000    1.000000    1.000000    3.724063    3.692351    3.394895
405    405    1527261171804815998    3.579246    3.638374    3.510030    1.000000    1.000000    1.000000    3.723244    3.688869    3.398077
406    406    1527261172089989693    3.579064    3.635234    3.506635    1.000000    1.000000    1.000000    3.722411    3.685164    3.391098
407    407    1527261172374384265    3.578907    3.632391    3.516242    1.000000    1.000000    1.000000    3.721618    3.681812    3.404457
408    408    1527261172659220295    3.578737    3.629378    3.510792    1.000000    1.000000    1.000000    3.720813    3.678115    3.398566
409    409    1527261172943727325    3.578579    3.626369    3.514852    1.000000    1.000000    1.000000    3.720028    3.674477    3.404766
410    410    1527261173228150647    3.578423    3.623640    3.515886    1.000000    1.000000    1.000000    3.719233    3.671002    3.398877
411    411    1527261173513151843    3.578251    3.620734    3.508757    1.000000    1.000000    1.000000    3.718441    3.667672    3.399266
412    412    1527261173797305665    3.578106    3.618033    3.519221    1.000000    1.000000    1.000000    3.717658    3.664453    3.400683
413    413    1527261174081634821    3.577956    3.615229    3.517050    1.000000    1.000000    1.000000    3.716902    3.661332    3.409970
414    414    1527261174366714725    3.577783    3.612281    3.507788    1.000000    1.000000    1.000000    3.724479    3.727929    6.799788
415    415    1527261174651382088    3.577624    3.609182    3.512872    1.000000    1.000000    1.000000    3.723703    3.724246    3.407553
416    416    1527261174935921743    3.577470    3.606387    3.514449    1.000000    1.000000    1.000000    3.722932    3.720783    3.407855
417    417    1527261175220257732    3.577323    3.603579    3.516966    1.000000    1.000000    1.000000    3.722176    3.717437    3.412248
418    418    1527261175505729802    3.577142    3.600533    3.502970    1.000000    1.000000    1.000000    3.721392    3.714045    3.400522
419    419    1527261175789961833    3.576999    3.597698    3.518252    1.000000    1.000000    1.000000    3.720648    3.710795    3.413718
420    420    1527261176075129569    3.576829    3.594597    3.506708    1.000000    1.000000    1.000000    3.719858    3.707088    3.394806
421    421    1527261176360864597    3.576642    3.591347    3.499746    1.000000    1.000000    1.000000    3.719042    3.702986    3.382753
422    422    1527261176645919500    3.576477    3.588322    3.508096    1.000000    1.000000    1.000000    3.718264    3.699313    3.396405
423    423    1527261176930260948    3.576334    3.585716    3.516898    1.000000    1.000000    1.000000    3.717483    3.695863    3.392439
424    424    1527261177215107019    3.576177    3.582546    3.510668    1.000000    1.000000    1.000000    3.716718    3.692139    3.398383
425    425    1527261177499831173    3.576024    3.579720    3.512171    1.000000    1.000000    1.000000    3.715944    3.688675    3.392849
426    426    1527261177784612536    3.575870    3.577034    3.511466    1.000000    1.000000    1.000000    3.715190    3.615564    3.400089
427    427    1527261178068748151    3.575736    3.574585    3.519446    1.000000    1.000000    1.000000    3.722526    3.681464    6.805479
428    428    1527261178352950182    3.575600    3.571847    3.518624    1.000000    1.000000    1.000000    3.721765    3.677559    3.400936
429    429    1527261178638159710    3.575436    3.568983    3.506194    1.000000    1.000000    1.000000    3.721001    3.673917    3.399964
430    430    1527261178923225197    3.575276    3.566030    3.507966    1.000000    1.000000    1.000000    3.720209    3.670113    3.386124
431    431    1527261179207801769    3.575132    3.562999    3.513993    1.000000    1.000000    1.000000    3.719470    3.666715    3.406046
432    432    1527261179492386341    3.574988    3.560096    3.513894    1.000000    1.000000    1.000000    3.718700    3.662941    3.391874
433    433    1527261179777581578    3.574827    3.557059    3.506370    1.000000    1.000000    1.000000    3.717949    3.659378    3.398893
434    434    1527261180062196483    3.574683    3.554230    3.513519    1.000000    1.000000    1.000000    3.717182    3.655692    3.390279
435    435    1527261180374855983    3.573719    3.544375    3.198368    1.000000    1.000000    1.000000    3.715596    3.644999    3.098300
436    436    1527261180659479513    3.573579    3.541572    3.513413    1.000000    1.000000    1.000000    3.714937    3.642208    3.432330
437    437    1527261180943640628    3.573452    3.538808    3.519130    1.000000    1.000000    1.000000    3.714721    3.643216    3.621907
438    438    1527261181228521157    3.573306    3.535749    3.510243    1.000000    1.000000    1.000000    3.721909    3.708487    6.814586
439    439    1527261181513751019    3.573150    3.532861    3.505944    1.000000    1.000000    1.000000    3.721133    3.704808    3.386746
440    440    1527261181798114591    3.573020    3.530072    3.516625    1.000000    1.000000    1.000000    3.720409    3.701422    3.406723
441    441    1527261182082552121    3.572888    3.527270    3.515710    1.000000    1.000000    1.000000    3.719666    3.697711    3.397502
442    442    1527261182367471984    3.572743    3.524337    3.509759    1.000000    1.000000    1.000000    3.718935    3.694190    3.401395
443    443    1527261182652330263    3.572600    3.521470    3.510518    1.000000    1.000000    1.000000    3.718216    3.690856    3.405560
444    444    1527261182936669669    3.572473    3.518789    3.516924    1.000000    1.000000    1.000000    3.717511    3.687700    3.409003
445    445    1527261183221830739    3.572323    3.515703    3.506790    1.000000    1.000000    1.000000    3.716783    3.684000    3.398802
446    446    1527261183506214061    3.572196    3.513090    3.516381    1.000000    1.000000    1.000000    3.716096    3.680878    3.414740
447    447    1527261183790757966    3.572065    3.510163    3.514396    1.000000    1.000000    1.000000    3.715391    3.677377    3.405401
448    448    1527261184075164247    3.571938    3.507458    3.516097    1.000000    1.000000    1.000000    3.714703    3.674153    3.410987
449    449    1527261184361145315    3.571767    3.504687    3.496735    1.000000    1.000000    1.000000    3.713961    3.670848    3.388186
450    450    1527261184645852636    3.571634    3.504891    3.512379    1.000000    1.000000    1.000000    3.713238    3.670475    3.393011
451    451    1527261184930323833    3.571507    3.505019    3.515294    1.000000    1.000000    1.000000    3.720161    3.737715    6.793268
452    452    1527261185214704156    3.571383    3.505141    3.516418    1.000000    1.000000    1.000000    3.719453    3.669936    3.404276
453    453    1527261185500186308    3.571229    3.505080    3.502846    1.000000    1.000000    1.000000    3.718707    3.669762    3.387308
454    454    1527261185785060129    3.571093    3.505047    3.510326    1.000000    1.000000    1.000000    3.717991    3.669836    3.398736
455    455    1527261186070502866    3.570942    3.504914    3.503330    1.000000    1.000000    1.000000    3.717248    3.669574    3.385485
456    456    1527261186354747355    3.570824    3.505142    3.518098    1.000000    1.000000    1.000000    3.716552    3.669841    3.403605
457    457    1527261186639447635    3.570695    3.505067    3.512466    1.000000    1.000000    1.000000    3.715829    3.669568    3.391047
458    458    1527261186924804038    3.570548    3.504939    3.504390    1.000000    1.000000    1.000000    3.715125    3.669555    3.398410
459    459    1527261187210136982    3.570402    3.504736    3.504678    1.000000    1.000000    1.000000    3.714386    3.669077    3.381667
460    460    1527261187494624804    3.570280    3.504720    3.515089    1.000000    1.000000    1.000000    3.713673    3.668917    3.390915
461    461    1527261187778775252    3.570168    3.504929    3.519262    1.000000    1.000000    1.000000    3.713011    3.669187    3.412020
462    462    1527261188062992200    3.570055    3.504914    3.518439    1.000000    1.000000    1.000000    3.712317    3.669097    3.396184
463    463    1527261188347108398    3.569944    3.504966    3.519687    1.000000    1.000000    1.000000    3.711661    3.669148    3.412336
464    464    1527261188632286260    3.569806    3.504942    3.506584    1.000000    1.000000    1.000000    3.718391    3.668884    6.785509
465    465    1527261188916142541    3.569704    3.505141    3.522910    1.000000    1.000000    1.000000    3.717692    3.668691    3.397117
466    466    1527261189201435403    3.569563    3.504956    3.505170    1.000000    1.000000    1.000000    3.716991    3.668441    3.396054
467    467    1527261189486078683    3.569441    3.504881    3.513169    1.000000    1.000000    1.000000    3.716287    3.668049    3.392868
468    468    1527261189770797254    3.569317    3.505066    3.512240    1.000000    1.000000    1.000000    3.715606    3.668090    3.401868
469    469    1527261190055449617    3.569195    3.504962    3.513057    1.000000    1.000000    1.000000    3.714915    3.667731    3.396107
470    470    1527261190338566693    3.569116    3.505466    3.532108    1.000000    1.000000    1.000000    3.714275    3.668208    3.416851
471    471    1527261190625033343    3.568946    3.505287    3.490808    1.000000    1.000000    1.000000    3.713548    3.668102    3.378205
472    472    1527261190910162663    3.568813    3.505268    3.507181    1.000000    1.000000    1.000000    3.712860    3.668048    3.393800
473    473    1527261191194993985    3.568689    3.505148    3.510850    1.000000    1.000000    1.000000    3.712194    3.668237    3.402361
474    474    1527261191480244221    3.568554    3.505049    3.505694    1.000000    1.000000    1.000000    3.711509    3.668117    3.392789
475    475    1527261191764071962    3.568457    3.505269    3.523264    1.000000    1.000000    1.000000    3.710870    3.668497    3.411030
476    476    1527261192048608450    3.568342    3.505329    3.514488    1.000000    1.000000    1.000000    3.710223    3.668635    3.406821
477    477    1527261192333167730    3.568227    3.505225    3.514206    1.000000    1.000000    1.000000    3.716790    3.668655    6.801809
478    478    1527261192617965926    3.568107    3.505079    3.511258    1.000000    1.000000    1.000000    3.716124    3.668681    3.402764
479    479    1527261192902351082    3.567997    3.505281    3.516358    1.000000    1.000000    1.000000    3.715465    3.668788    3.404555
480    480    1527261193186960028    3.567882    3.505393    3.513593    1.000000    1.000000    1.000000    3.714807    3.669144    3.403547
481    481    1527261193470811185    3.567788    3.505572    3.522973    1.000000    1.000000    1.000000    3.714165    3.669221    3.409227
482    482    1527261193755375715    3.567675    3.505577    3.514141    1.000000    1.000000    1.000000    3.713495    3.669296    3.395602
483    483    1527261194039620913    3.567571    3.505810    3.518089    1.000000    1.000000    1.000000    3.712845    3.669400    3.403224
484    484    1527261194324997899    3.567438    3.505623    3.504137    1.000000    1.000000    1.000000    3.712166    3.669369    3.389467
485    485    1527261194608686765    3.567350    3.512758    3.524989    1.000000    1.000000    1.000000    3.711523    3.676615    3.403535
486    486    1527261194893781502    3.567225    3.512641    3.507606    1.000000    1.000000    1.000000    3.710854    3.675774    3.390757
487    487    1527261195178523573    3.567110    3.512498    3.511950    1.000000    1.000000    1.000000    3.710190    3.671175    3.392109
488    488    1527261195463384144    3.566992    3.512503    3.510489    1.000000    1.000000    1.000000    3.709537    3.602752    3.395626
489    489    1527261195747902800    3.566884    3.512679    3.514708    1.000000    1.000000    1.000000    3.715923    3.670849    6.793010
490    490    1527261196032822620    3.566766    3.512541    3.509759    1.000000    1.000000    1.000000    3.715247    3.670492    3.389413
491    491    1527261196318374231    3.566632    3.512266    3.501994    1.000000    1.000000    1.000000    3.714577    3.670352    3.391573
492    492    1527261196603308510    3.566514    3.512263    3.509581    1.000000    1.000000    1.000000    3.713895    3.670002    3.383935
493    493    1527261196888501456    3.566390    3.512180    3.506398    1.000000    1.000000    1.000000    3.713236    3.669760    3.393762
494    494    1527261197172647862    3.566294    3.512228    3.519313    1.000000    1.000000    1.000000    3.712585    3.669484    3.395014
495    495    1527261197457721224    3.566174    3.512249    3.507869    1.000000    1.000000    1.000000    3.711930    3.669376    3.393316
496    496    1527261197742490212    3.566063    3.512154    3.511618    1.000000    1.000000    1.000000    3.711268    3.668829    3.387750
497    497    1527261198026490577    3.565971    3.512289    3.521122    1.000000    1.000000    1.000000    3.710654    3.668914    3.409154
498    498    1527261198311647980    3.565851    3.512103    3.506835    1.000000    1.000000    1.000000    3.709984    3.668319    3.381946
499    499    1527261198597099675    3.565723    3.512234    3.503220    1.000000    1.000000    1.000000    3.709338    3.668416    3.392528
