Beat    Tag    Timestamp    Global_Rate    Window_Rate    Instant_Rate    Global_Accuracy    Window_Accuracy    Instant_Accuracy    Global_Power    Window_Power    Instant_Power
0    0    1527260894078762155    0.000000    0.000000    0.000000    1.000000    1.000000    1.000000    0.000000    0.000000    0.000000
1    1    1527260894365579054    6.973090    3.486545    3.486545    1.000000    1.000000    1.000000    2.713801    2.713801    2.713801
2    2    1527260894652101871    5.232500    3.488333    3.490123    1.000000    1.000000    1.000000    2.647514    2.647514    2.581159
3    3    1527260894939323436    4.648129    3.486097    3.481633    1.000000    1.000000    1.000000    2.664721    2.664721    2.699070
4    4    1527260895225708295    4.359403    3.487522    3.491805    1.000000    1.000000    1.000000    2.685191    2.685191    2.746699
5    5    1527260895512547736    4.184726    3.487272    3.486271    1.000000    1.000000    1.000000    2.697813    2.697813    2.748287
6    6    1527260895799698593    4.067553    3.486474    3.482490    1.000000    1.000000    1.000000    3.176141    3.176141    5.564497
7    7    1527260896086815283    3.983958    3.485964    3.482904    1.000000    1.000000    1.000000    3.122639    3.122639    2.801962
8    8    1527260896373000601    3.922870    3.486996    3.494239    1.000000    1.000000    1.000000    3.087912    3.087912    2.844244
9    9    1527260896659660542    3.874620    3.487158    3.488454    1.000000    1.000000    1.000000    3.061653    3.061653    2.851490
10    10    1527260896946694399    3.835516    3.486833    3.483910    1.000000    1.000000    1.000000    3.040886    3.040886    2.854162
11    11    1527260897233484882    3.803821    3.486836    3.486866    1.000000    1.000000    1.000000    3.026932    3.026932    2.887383
12    12    1527260897521209321    3.776383    3.485892    3.475548    1.000000    1.000000    1.000000    3.012336    3.012336    2.852299
13    13    1527260897806664724    3.755463    3.487216    3.503174    1.000000    1.000000    1.000000    3.002234    3.002234    2.880411
14    14    1527260898092808916    3.736877    3.487752    3.494742    1.000000    1.000000    1.000000    2.993763    2.993763    2.883403
15    15    1527260898378528485    3.721132    3.488561    3.499935    1.000000    1.000000    1.000000    2.986407    2.986407    2.883061
16    16    1527260898665345551    3.706463    3.488435    3.486543    1.000000    1.000000    1.000000    2.980526    2.980526    2.892373
17    17    1527260898952447533    3.693304    3.488120    3.483083    1.000000    1.000000    1.000000    2.975803    2.975803    2.900339
18    18    1527260899239289683    3.681794    3.488016    3.486238    1.000000    1.000000    1.000000    3.132949    3.132949    5.802986
19    19    1527260899526341206    3.671356    3.487788    3.483695    1.000000    1.000000    1.000000    3.121552    3.121552    2.916678
20    20    1527260899813247814    3.662055    3.487671    3.485455    1.000000    1.000000    1.000000    3.110703    3.110703    2.904708
21    21    1527260900099242049    3.654194    3.488094    3.496574    1.000000    1.000000    1.000000    3.101034    3.101034    2.907146
22    22    1527260900386701613    3.646199    3.487668    3.478750    1.000000    1.000000    1.000000    3.092304    3.092304    2.909477
23    23    1527260900674218886    3.638869    3.487249    3.478052    1.000000    1.000000    1.000000    3.085241    3.085241    2.930269
24    24    1527260900961163368    3.632453    3.487155    3.484995    1.000000    1.000000    1.000000    3.078108    3.078108    2.914170
25    25    1527260901246922145    3.627151    3.487645    3.499455    1.000000    1.000000    1.000000    3.071565    3.071565    2.913979
26    26    1527260901533816794    3.621704    3.487567    3.485600    1.000000    1.000000    1.000000    3.064864    3.064864    2.897433
27    27    1527260901820832068    3.616604    3.487439    3.484135    1.000000    1.000000    1.000000    3.059087    3.059087    2.909026
28    28    1527260902105998930    3.612700    3.488124    3.506719    1.000000    1.000000    1.000000    3.054566    3.054566    2.931838
29    29    1527260902391693874    3.608835    3.488540    3.500237    1.000000    1.000000    1.000000    3.050337    3.050337    2.931497
30    30    1527260902677913775    3.605007    3.488716    3.493817    1.000000    1.000000    1.000000    3.142870    3.142870    5.830405
31    31    1527260902965757297    3.600767    3.488243    3.474110    1.000000    1.000000    1.000000    3.134980    3.134980    2.899259
32    32    1527260903251029075    3.597802    3.488778    3.505429    1.000000    1.000000    1.000000    3.128473    3.128473    2.925771
33    33    1527260903536774602    3.594836    3.489105    3.499617    1.000000    1.000000    1.000000    3.122401    3.122401    2.927479
34    34    1527260903822982795    3.591873    3.489248    3.493960    1.000000    1.000000    1.000000    3.116475    3.116475    2.920647
35    35    1527260904110534276    3.588598    3.488915    3.477638    1.000000    1.000000    1.000000    3.110640    3.110640    2.912901
36    36    1527260904397199175    3.585814    3.488900    3.488394    1.000000    1.000000    1.000000    3.105414    3.105414    2.922548
37    37    1527260904684052700    3.583117    3.488825    3.486100    1.000000    1.000000    1.000000    3.100535    3.100535    2.925036
38    38    1527260904969810602    3.580922    3.489104    3.499466    1.000000    1.000000    1.000000    3.095690    3.095690    2.915884
39    39    1527260905256083877    3.578675    3.489208    3.493166    1.000000    1.000000    1.000000    3.090920    3.090920    2.909416
40    40    1527260905542103279    3.576619    3.489384    3.496266    1.000000    1.000000    1.000000    3.086646    3.086646    2.919659
41    41    1527260905828261097    3.574621    3.489511    3.494575    1.000000    1.000000    1.000000    3.082791    3.082791    2.928346
42    42    1527260906113392209    3.573022    3.489928    3.507158    1.000000    1.000000    1.000000    3.149854    3.149854    5.913339
43    43    1527260906398551445    3.571490    3.490319    3.506813    1.000000    1.000000    1.000000    3.145025    3.145025    2.941209
44    44    1527260906684729305    3.569738    3.490410    3.494330    1.000000    1.000000    1.000000    3.140149    3.140149    2.930237
45    45    1527260906971121372    3.568005    3.490440    3.491717    1.000000    1.000000    1.000000    3.135263    3.135263    2.920217
46    46    1527260907257412481    3.566374    3.490494    3.492948    1.000000    1.000000    1.000000    3.130848    3.130848    2.932012
47    47    1527260907543576549    3.564847    3.490579    3.494499    1.000000    1.000000    1.000000    3.126472    3.126472    2.924983
48    48    1527260907830530823    3.563178    3.490460    3.484876    1.000000    1.000000    1.000000    3.122354    3.122354    2.929125
49    49    1527260908116212517    3.561900    3.490662    3.500399    1.000000    1.000000    1.000000    3.118426    3.118426    2.929330
50    50    1527260908401784627    3.560701    3.490883    3.501743    1.000000    1.000000    1.000000    3.114794    3.114794    2.936271
51    51    1527260908687003156    3.559635    3.491273    3.506084    1.000000    1.000000    1.000000    3.111622    3.119589    2.952329
52    52    1527260908973118182    3.558395    3.491372    3.495098    1.000000    1.000000    1.000000    3.107947    3.126380    2.920280
53    53    1527260909259485583    3.557143    3.491581    3.492018    1.000000    1.000000    1.000000    3.104388    3.130810    2.919302
54    54    1527260909545999733    3.555903    3.491549    3.490229    1.000000    1.000000    1.000000    3.155185    3.192828    5.846629
55    55    1527260909831585469    3.554918    3.491855    3.501575    1.000000    1.000000    1.000000    3.151490    3.196918    2.951390
56    56    1527260910119451032    3.553463    3.491681    3.473844    1.000000    1.000000    1.000000    3.147347    3.143887    2.920620
57    57    1527260910404015354    3.552778    3.492303    3.514144    1.000000    1.000000    1.000000    3.143686    3.146638    2.937315
58    58    1527260910690435462    3.551719    3.492246    3.491375    1.000000    1.000000    1.000000    3.140130    3.148497    2.937433
59    59    1527260910977821485    3.550493    3.492069    3.479640    1.000000    1.000000    1.000000    3.136221    3.149663    2.910288
60    60    1527260911264176511    3.549522    3.492234    3.492168    1.000000    1.000000    1.000000    3.132871    3.151297    2.935164
61    61    1527260911550964535    3.548494    3.492235    3.486896    1.000000    1.000000    1.000000    3.129768    3.152427    2.943822
62    62    1527260911837167478    3.547616    3.492606    3.494024    1.000000    1.000000    1.000000    3.126906    3.154456    2.952202
63    63    1527260912123518379    3.546737    3.492387    3.492219    1.000000    1.000000    1.000000    3.124124    3.155862    2.951550
64    64    1527260912408874782    3.546078    3.492580    3.504390    1.000000    1.000000    1.000000    3.121441    3.157240    2.951775
65    65    1527260912696017222    3.545098    3.492233    3.482592    1.000000    1.000000    1.000000    3.118790    3.158547    2.949592
66    66    1527260912981295167    3.544499    3.492608    3.505353    1.000000    1.000000    1.000000    3.161109    3.218965    5.922855
67    67    1527260913267905483    3.543670    3.492728    3.489058    1.000000    1.000000    1.000000    3.157791    3.219749    2.938949
68    68    1527260913554632550    3.542846    3.492756    3.487637    1.000000    1.000000    1.000000    3.154467    3.162224    2.931990
69    69    1527260913841866615    3.541954    3.492712    3.481481    1.000000    1.000000    1.000000    3.151488    3.162880    2.949518
70    70    1527260914128751222    3.541149    3.492717    3.485722    1.000000    1.000000    1.000000    3.148274    3.163324    2.926884
71    71    1527260914415463164    3.540397    3.492542    3.487821    1.000000    1.000000    1.000000    3.145117    3.163655    2.924297
72    72    1527260914700252735    3.539996    3.493193    3.511365    1.000000    1.000000    1.000000    3.142491    3.164608    2.954985
73    73    1527260914986903760    3.539291    3.493405    3.488562    1.000000    1.000000    1.000000    3.139831    3.164986    2.948463
74    74    1527260915272237204    3.538825    3.493798    3.504672    1.000000    1.000000    1.000000    3.137456    3.165998    2.963466
75    75    1527260915557438191    3.538393    3.493934    3.506299    1.000000    1.000000    1.000000    3.135047    3.166846    2.956042
76    76    1527260915843339260    3.537859    3.494177    3.497713    1.000000    1.000000    1.000000    3.132465    3.167685    2.938495
77    77    1527260916130027326    3.537212    3.494257    3.488112    1.000000    1.000000    1.000000    3.168270    3.227344    5.886436
78    78    1527260916416530934    3.536611    3.493930    3.490357    1.000000    1.000000    1.000000    3.165486    3.227705    2.951251
79    79    1527260916702907085    3.536045    3.493764    3.491911    1.000000    1.000000    1.000000    3.162448    3.227569    2.925422
80    80    1527260916989681609    3.535432    3.493629    3.487060    1.000000    1.000000    1.000000    3.159624    3.169690    2.936851
81    81    1527260917275482220    3.534983    3.494127    3.498943    1.000000    1.000000    1.000000    3.156726    3.170232    2.924455
82    82    1527260917561773287    3.534470    3.493878    3.492949    1.000000    1.000000    1.000000    3.153995    3.170353    2.932697
83    83    1527260917849043977    3.533824    3.493506    3.481037    1.000000    1.000000    1.000000    3.151080    3.170031    2.912744
84    84    1527260918135215086    3.533355    3.493515    3.494413    1.000000    1.000000    1.000000    3.148512    3.170325    2.935286
85    85    1527260918422657942    3.532713    3.493542    3.478952    1.000000    1.000000    1.000000    3.145792    3.170432    2.918145
86    86    1527260918709997132    3.532101    3.493377    3.480207    1.000000    1.000000    1.000000    3.143117    3.170297    2.916424
87    87    1527260918996054534    3.531684    3.493572    3.495802    1.000000    1.000000    1.000000    3.140779    3.170600    2.939497
88    88    1527260919283597764    3.531068    3.493136    3.477738    1.000000    1.000000    1.000000    3.138330    3.170773    2.926071
89    89    1527260919568918334    3.530775    3.493368    3.504830    1.000000    1.000000    1.000000    3.169065    3.230091    5.884202
90    90    1527260919855241902    3.530350    3.493294    3.492552    1.000000    1.000000    1.000000    3.166631    3.230690    2.949918
91    91    1527260920141097387    3.529998    3.493368    3.498271    1.000000    1.000000    1.000000    3.164324    3.231254    2.956281
92    92    1527260920428560118    3.529439    3.492799    3.478712    1.000000    1.000000    1.000000    3.161703    3.171664    2.924056
93    93    1527260920714950685    3.529033    3.492498    3.491735    1.000000    1.000000    1.000000    3.159387    3.171746    2.946316
94    94    1527260921001655751    3.528595    3.492370    3.487905    1.000000    1.000000    1.000000    3.156868    3.171590    2.922878
95    95    1527260921288179151    3.528190    3.492338    3.490116    1.000000    1.000000    1.000000    3.154494    3.171812    2.931436
96    96    1527260921573801429    3.527909    3.492501    3.501127    1.000000    1.000000    1.000000    3.152342    3.172128    2.947319
97    97    1527260921859379915    3.527639    3.492644    3.501664    1.000000    1.000000    1.000000    3.150254    3.172621    2.949189
98    98    1527260922146033981    3.527240    3.492717    3.488525    1.000000    1.000000    1.000000    3.147996    3.172627    2.929151
99    99    1527260922432268965    3.526901    3.492582    3.493633    1.000000    1.000000    1.000000    3.145830    3.172700    2.933439
100    100    1527260922723659061    3.525933    3.491163    3.431826    1.000000    1.000000    1.000000    3.143162    3.171531    2.883554
101    101    1527260923013289912    3.525200    3.490088    3.452671    1.000000    1.000000    1.000000    3.170056    3.229640    5.829938
102    102    1527260923302725555    3.524505    3.489279    3.454999    1.000000    1.000000    1.000000    3.167643    3.229693    2.926474
103    103    1527260923592449655    3.523789    3.488462    3.451560    1.000000    1.000000    1.000000    3.165234    3.229678    2.922180
104    104    1527260923881788423    3.523132    3.487775    3.456156    1.000000    1.000000    1.000000    3.162836    3.171090    2.918233
105    105    1527260924171428190    3.522453    3.486789    3.452565    1.000000    1.000000    1.000000    3.160273    3.169921    2.896553
106    106    1527260924459729086    3.521942    3.486683    3.468598    1.000000    1.000000    1.000000    3.157843    3.169583    2.904212
107    107    1527260924749526103    3.521269    3.485411    3.450691    1.000000    1.000000    1.000000    3.155394    3.168718    2.898688
108    108    1527260925037778332    3.520784    3.484966    3.469184    1.000000    1.000000    1.000000    3.153129    3.168179    2.912050
109    109    1527260925325814812    3.520332    3.484808    3.471782    1.000000    1.000000    1.000000    3.150973    3.168347    2.919262
110    110    1527260925615936953    3.519656    3.483893    3.446824    1.000000    1.000000    1.000000    3.148702    3.167659    2.904166
111    111    1527260925905347637    3.519071    3.483257    3.455297    1.000000    1.000000    1.000000    3.172846    3.225280    5.803746
112    112    1527260926194441489    3.518531    3.482555    3.459084    1.000000    1.000000    1.000000    3.170491    3.224400    2.911224
113    113    1527260926484638047    3.517881    3.481623    3.445940    1.000000    1.000000    1.000000    3.168088    3.223329    2.902195
114    114    1527260926774642980    3.517263    3.480496    3.448217    1.000000    1.000000    1.000000    3.165714    3.222204    2.900392
115    115    1527260927064319622    3.516691    3.479882    3.452125    1.000000    1.000000    1.000000    3.163277    3.220920    2.888300
116    116    1527260927354185180    3.516109    3.478772    3.449875    1.000000    1.000000    1.000000    3.160960    3.160764    2.897285
117    117    1527260927643772572    3.515566    3.478051    3.453189    1.000000    1.000000    1.000000    3.158666    3.159833    2.894995
118    118    1527260927931758677    3.515198    3.477746    3.472390    1.000000    1.000000    1.000000    3.156503    3.159261    2.904432
119    119    1527260928222221984    3.514582    3.476966    3.442776    1.000000    1.000000    1.000000    3.154334    3.158244    2.901520
120    120    1527260928511111212    3.514137    3.476481    3.461534    1.000000    1.000000    1.000000    3.152457    3.158287    2.930618
121    121    1527260928800032022    3.513696    3.475947    3.461156    1.000000    1.000000    1.000000    3.150458    3.158008    2.912206
122    122    1527260929087435795    3.513415    3.475316    3.479425    1.000000    1.000000    1.000000    3.172567    3.215677    5.843660
123    123    1527260929377632103    3.512860    3.474459    3.445943    1.000000    1.000000    1.000000    3.170220    3.214373    2.887080
124    124    1527260929667934952    3.512304    3.473260    3.444679    1.000000    1.000000    1.000000    3.167811    3.212499    2.874846
125    125    1527260929958891382    3.511693    3.471872    3.436941    1.000000    1.000000    1.000000    3.165443    3.210775    2.875767
126    126    1527260930248689357    3.511204    3.470932    3.450680    1.000000    1.000000    1.000000    3.163273    3.209818    2.894579
127    127    1527260930539012248    3.510673    3.470057    3.444441    1.000000    1.000000    1.000000    3.161095    3.150115    2.889796
128    128    1527260930828192558    3.510258    3.469412    3.458050    1.000000    1.000000    1.000000    3.159135    3.149292    2.912086
129    129    1527260931117182952    3.509869    3.468784    3.460323    1.000000    1.000000    1.000000    3.157311    3.149248    2.925253
130    130    1527260931406050471    3.509497    3.468280    3.461795    1.000000    1.000000    1.000000    3.155459    3.148840    2.918050
131    131    1527260931695216239    3.509103    3.467470    3.458224    1.000000    1.000000    1.000000    3.153516    3.148351    2.902650
132    132    1527260931983366635    3.508809    3.467023    3.470410    1.000000    1.000000    1.000000    3.174181    3.207050    5.871934
133    133    1527260932272357446    3.508442    3.466610    3.460318    1.000000    1.000000    1.000000    3.172191    3.206984    2.911176
134    134    1527260932562194088    3.508003    3.465729    3.450219    1.000000    1.000000    1.000000    3.170100    3.206097    2.894575
135    135    1527260932850966857    3.507667    3.465410    3.462930    1.000000    1.000000    1.000000    3.168211    3.206037    2.916459
136    136    1527260933140071917    3.507307    3.464985    3.458950    1.000000    1.000000    1.000000    3.166266    3.205779    2.905356
137    137    1527260933429785351    3.506897    3.464108    3.451687    1.000000    1.000000    1.000000    3.164247    3.204760    2.892054
138    138    1527260933720026617    3.506447    3.463460    3.445409    1.000000    1.000000    1.000000    3.162236    3.203974    2.889572
139    139    1527260934008004222    3.506202    3.462823    3.472492    1.000000    1.000000    1.000000    3.160468    3.145291    2.917154
140    140    1527260934298242696    3.505764    3.461885    3.445443    1.000000    1.000000    1.000000    3.158618    3.144318    2.904136
141    141    1527260934589096210    3.505278    3.460687    3.438157    1.000000    1.000000    1.000000    3.156823    3.143292    2.908516
142    142    1527260934878790769    3.504900    3.460152    3.451912    1.000000    1.000000    1.000000    3.175694    3.201207    5.814617
143    143    1527260935166794165    3.504670    3.459766    3.472181    1.000000    1.000000    1.000000    3.173923    3.200715    2.923059
144    144    1527260935457425846    3.504221    3.458827    3.440781    1.000000    1.000000    1.000000    3.172089    3.200436    2.912749
145    145    1527260935746343157    3.503923    3.458254    3.461198    1.000000    1.000000    1.000000    3.170433    3.200429    2.933334
146    146    1527260936035354926    3.503621    3.457443    3.460067    1.000000    1.000000    1.000000    3.168665    3.199698    2.913715
147    147    1527260936323773405    3.503372    3.456764    3.467184    1.000000    1.000000    1.000000    3.166967    3.199066    2.919917
148    148    1527260936613085256    3.503053    3.456129    3.456478    1.000000    1.000000    1.000000    3.165247    3.198717    2.914208
149    149    1527260936902280483    3.502748    3.455422    3.457872    1.000000    1.000000    1.000000    3.163620    3.198481    2.924312
150    150    1527260937190883086    3.502495    3.456088    3.464972    1.000000    1.000000    1.000000    3.162000    3.199301    2.921651
151    151    1527260937479084982    3.502278    3.456429    3.469790    1.000000    1.000000    1.000000    3.160314    3.140828    2.908038
152    152    1527260937768173376    3.501993    3.456512    3.459150    1.000000    1.000000    1.000000    3.158662    3.140517    2.910660
153    153    1527260938056691979    3.501756    3.456801    3.465981    1.000000    1.000000    1.000000    3.176269    3.198786    5.842420
154    154    1527260938346011997    3.501460    3.456805    3.456380    1.000000    1.000000    1.000000    3.174609    3.198869    2.922356
155    155    1527260938634464476    3.501235    3.457089    3.466776    1.000000    1.000000    1.000000    3.173064    3.199679    2.935943
156    156    1527260938924625200    3.500880    3.456644    3.446366    1.000000    1.000000    1.000000    3.171298    3.199558    2.900096
157    157    1527260939213462511    3.500633    3.456874    3.462157    1.000000    1.000000    1.000000    3.169571    3.199632    2.901356
158    158    1527260939503460610    3.500298    3.456457    3.448298    1.000000    1.000000    1.000000    3.167870    3.199420    2.903205
159    159    1527260939791234424    3.500139    3.456519    3.474951    1.000000    1.000000    1.000000    3.166289    3.199374    2.916704
160    160    1527260940079773694    3.499923    3.456897    3.465733    1.000000    1.000000    1.000000    3.164786    3.199855    2.926648
161    161    1527260940369658044    3.499608    3.456784    3.449652    1.000000    1.000000    1.000000    3.163179    3.141910    2.908236
162    162    1527260940658723438    3.499359    3.456791    3.459425    1.000000    1.000000    1.000000    3.161525    3.141619    2.896625
163    163    1527260940947731207    3.499117    3.457075    3.460115    1.000000    1.000000    1.000000    3.177870    3.199787    5.812204
164    164    1527260941236415810    3.498902    3.457391    3.463988    1.000000    1.000000    1.000000    3.176253    3.200081    2.913744
165    165    1527260941526208076    3.498608    3.457363    3.450748    1.000000    1.000000    1.000000    3.174622    3.200499    2.909263
166    166    1527260941816881508    3.498253    3.457170    3.440287    1.000000    1.000000    1.000000    3.172927    3.200459    2.896157
167    167    1527260942105912235    3.498021    3.457303    3.459840    1.000000    1.000000    1.000000    3.171402    3.200963    2.919620
168    168    1527260942396165042    3.497705    3.456761    3.445272    1.000000    1.000000    1.000000    3.169789    3.200884    2.902797
169    169    1527260942685696810    3.497443    3.456984    3.453852    1.000000    1.000000    1.000000    3.168088    3.200557    2.884215
170    170    1527260942975270869    3.497182    3.456820    3.453348    1.000000    1.000000    1.000000    3.166378    3.199517    2.879333
171    171    1527260943265121177    3.496904    3.456598    3.450057    1.000000    1.000000    1.000000    3.164724    3.198970    2.885821
172    172    1527260943554048280    3.496695    3.456234    3.461081    1.000000    1.000000    1.000000    3.163276    3.140791    2.916684
173    173    1527260943842563466    3.496517    3.456636    3.466022    1.000000    1.000000    1.000000    3.161762    3.141122    2.902183
174    174    1527260944134219645    3.496122    3.456312    3.428695    1.000000    1.000000    1.000000    3.176690    3.198533    5.723685
175    175    1527260944424962201    3.495795    3.456364    3.439469    1.000000    1.000000    1.000000    3.175016    3.198760    2.886870
176    176    1527260944714145761    3.495579    3.456511    3.458011    1.000000    1.000000    1.000000    3.173456    3.198918    2.901825
177    177    1527260945003157447    3.495378    3.456824    3.460068    1.000000    1.000000    1.000000    3.171983    3.199428    2.913903
178    178    1527260945291937300    3.495194    3.456920    3.462845    1.000000    1.000000    1.000000    3.170548    3.199546    2.917603
179    179    1527260945581542234    3.494957    3.456772    3.452980    1.000000    1.000000    1.000000    3.169049    3.199107    2.903925
180    180    1527260945870680544    3.494754    3.456708    3.458552    1.000000    1.000000    1.000000    3.167649    3.199108    2.918333
181    181    1527260946159376855    3.494582    3.456820    3.463848    1.000000    1.000000    1.000000    3.166273    3.199451    2.919341
182    182    1527260946448417957    3.494390    3.456607    3.459716    1.000000    1.000000    1.000000    3.164846    3.140385    2.907766
183    183    1527260946736568603    3.494259    3.456808    3.470407    1.000000    1.000000    1.000000    3.163520    3.140624    2.922492
184    184    1527260947026235620    3.494029    3.456848    3.452240    1.000000    1.000000    1.000000    3.178000    3.199018    5.810244
185    185    1527260947315434722    3.493832    3.456747    3.457825    1.000000    1.000000    1.000000    3.176565    3.198956    2.913788
186    186    1527260947604932823    3.493618    3.456653    3.454254    1.000000    1.000000    1.000000    3.175190    3.199290    2.922420
187    187    1527260947894730381    3.493387    3.456632    3.450685    1.000000    1.000000    1.000000    3.173769    3.199675    2.911363
188    188    1527260948183652067    3.493215    3.456948    3.461146    1.000000    1.000000    1.000000    3.172273    3.199783    2.893570
189    189    1527260948473647625    3.492975    3.456466    3.448329    1.000000    1.000000    1.000000    3.170722    3.199027    2.881406
190    190    1527260948763755308    3.492732    3.456497    3.446996    1.000000    1.000000    1.000000    3.169353    3.199201    2.912698
191    191    1527260949053760783    3.492497    3.456700    3.448211    1.000000    1.000000    1.000000    3.167962    3.199159    2.905559
192    192    1527260949344106798    3.492243    3.456544    3.444166    1.000000    1.000000    1.000000    3.166529    3.140681    2.895311
193    193    1527260949632344527    3.492124    3.456488    3.469358    1.000000    1.000000    1.000000    3.165080    3.139964    2.887242
194    194    1527260949921474462    3.491951    3.456847    3.458653    1.000000    1.000000    1.000000    3.163751    3.139897    2.908250
195    195    1527260950210071982    3.491812    3.456923    3.465033    1.000000    1.000000    1.000000    3.177520    3.197937    5.841914
196    196    1527260950499275626    3.491638    3.456877    3.457771    1.000000    1.000000    1.000000    3.176110    3.197708    2.902425
197    197    1527260950788820685    3.491444    3.456608    3.453694    1.000000    1.000000    1.000000    3.174745    3.197463    2.908763
198    198    1527260951078800493    3.491226    3.456449    3.448516    1.000000    1.000000    1.000000    3.173353    3.197186    2.901074
199    199    1527260951367206138    3.491105    3.456637    3.467339    1.000000    1.000000    1.000000    3.172066    3.197070    2.917738
200    200    1527260951657982986    3.490843    3.456118    3.439063    1.000000    1.000000    1.000000    3.170696    3.196609    2.900754
201    201    1527260951947063713    3.490685    3.455908    3.459241    1.000000    1.000000    1.000000    3.169423    3.196748    2.915888
202    202    1527260952236288565    3.490520    3.455875    3.457518    1.000000    1.000000    1.000000    3.168165    3.196859    2.916350
203    203    1527260952525460791    3.490360    3.455719    3.458147    1.000000    1.000000    1.000000    3.166893    3.138393    2.911075
204    204    1527260952813779645    3.490252    3.455958    3.468382    1.000000    1.000000    1.000000    3.165620    3.138115    2.907677
205    205    1527260953103980619    3.490034    3.455540    3.445888    1.000000    1.000000    1.000000    3.178422    3.194921    5.769498
206    206    1527260953392475639    3.489918    3.455938    3.466264    1.000000    1.000000    1.000000    3.177135    3.195228    2.913776
207    207    1527260953681579950    3.489768    3.455875    3.458959    1.000000    1.000000    1.000000    3.175843    3.195410    2.910745
208    208    1527260953971768549    3.489556    3.455829    3.446035    1.000000    1.000000    1.000000    3.174480    3.195231    2.894462
209    209    1527260954261048900    3.489399    3.455469    3.456854    1.000000    1.000000    1.000000    3.173218    3.195108    2.912009
210    210    1527260954550191044    3.489251    3.455325    3.458507    1.000000    1.000000    1.000000    3.171941    3.194688    2.906187
211    211    1527260954839689478    3.489084    3.455417    3.454250    1.000000    1.000000    1.000000    3.170653    3.194561    2.901525
212    212    1527260955128530997    3.488957    3.455471    3.462106    1.000000    1.000000    1.000000    3.169435    3.194898    2.913265
213    213    1527260955418253723    3.488780    3.455300    3.451576    1.000000    1.000000    1.000000    3.168152    3.136678    2.897902
214    214    1527260955707349491    3.488641    3.455202    3.459061    1.000000    1.000000    1.000000    3.166915    3.136483    2.904294
215    215    1527260955996849842    3.488480    3.455272    3.454227    1.000000    1.000000    1.000000    3.179279    3.194547    5.811368
216    216    1527260956287037192    3.488282    3.455388    3.446050    1.000000    1.000000    1.000000    3.177879    3.194215    2.879085
217    217    1527260956576152043    3.488146    3.455368    3.458833    1.000000    1.000000    1.000000    3.176614    3.193911    2.904462
218    218    1527260956865061813    3.488022    3.455689    3.461288    1.000000    1.000000    1.000000    3.175331    3.193839    2.897881
219    219    1527260957154599122    3.487865    3.455687    3.453786    1.000000    1.000000    1.000000    3.174011    3.193910    2.887773
220    220    1527260957443908056    3.487722    3.455750    3.456513    1.000000    1.000000    1.000000    3.172695    3.194045    2.885787
221    221    1527260957733790740    3.487549    3.455743    3.449671    1.000000    1.000000    1.000000    3.171394    3.194067    2.886920
222    222    1527260958022897008    3.487419    3.455700    3.458936    1.000000    1.000000    1.000000    3.170191    3.193837    2.905378
223    223    1527260958312389526    3.487270    3.455467    3.454321    1.000000    1.000000    1.000000    3.168978    3.193794    2.901008
224    224    1527260958601309878    3.487153    3.456120    3.461162    1.000000    1.000000    1.000000    3.167834    3.137193    2.913485
225    225    1527260958891033354    3.486994    3.456364    3.451567    1.000000    1.000000    1.000000    3.166687    3.137700    2.911259
226    226    1527260959179613124    3.486898    3.456508    3.465246    1.000000    1.000000    1.000000    3.178429    3.195838    5.815605
227    227    1527260959469478224    3.486733    3.456304    3.449881    1.000000    1.000000    1.000000    3.177233    3.195716    2.908663
228    228    1527260959758860742    3.486596    3.456160    3.455634    1.000000    1.000000    1.000000    3.176071    3.195623    2.913493
229    229    1527260960047587011    3.486495    3.456370    3.463488    1.000000    1.000000    1.000000    3.174962    3.196016    2.922734
230    230    1527260960337316153    3.486342    3.456229    3.451500    1.000000    1.000000    1.000000    3.173761    3.195640    2.900157
231    231    1527260960626684713    3.486210    3.456068    3.455800    1.000000    1.000000    1.000000    3.172560    3.195191    2.897492
232    232    1527260960915696898    3.486096    3.456075    3.460062    1.000000    1.000000    1.000000    3.171404    3.195141    2.905251
233    233    1527260961204531376    3.485994    3.455911    3.462191    1.000000    1.000000    1.000000    3.170199    3.194507    2.891407
234    234    1527260961494023727    3.485858    3.455953    3.454323    1.000000    1.000000    1.000000    3.168975    3.135945    2.885081
235    235    1527260961783271370    3.485735    3.455942    3.457245    1.000000    1.000000    1.000000    3.167868    3.135866    2.909877
236    236    1527260962072540972    3.485613    3.455996    3.456983    1.000000    1.000000    1.000000    3.179102    3.193573    5.808446
237    237    1527260962361887906    3.485488    3.456104    3.456059    1.000000    1.000000    1.000000    3.177890    3.193219    2.893208
238    238    1527260962651726923    3.485339    3.455885    3.450191    1.000000    1.000000    1.000000    3.176712    3.193312    2.899144
239    239    1527260962940959858    3.485221    3.456067    3.457421    1.000000    1.000000    1.000000    3.175565    3.193774    2.903694
240    240    1527260963230287918    3.485100    3.456253    3.456284    1.000000    1.000000    1.000000    3.174391    3.193435    2.895011
241    241    1527260963519404186    3.484991    3.456466    3.458816    1.000000    1.000000    1.000000    3.173218    3.193194    2.892598
242    242    1527260963808582830    3.484879    3.456744    3.458070    1.000000    1.000000    1.000000    3.172027    3.193034    2.886105
243    243    1527260964098986178    3.484708    3.456227    3.443486    1.000000    1.000000    1.000000    3.170814    3.192833    2.879523
244    244    1527260964388714279    3.484571    3.456084    3.451512    1.000000    1.000000    1.000000    3.169652    3.192433    2.888867
245    245    1527260964678219380    3.484446    3.455868    3.454171    1.000000    1.000000    1.000000    3.168502    3.133513    2.889065
246    246    1527260964967447398    3.484336    3.455862    3.457480    1.000000    1.000000    1.000000    3.167414    3.133504    2.901984
247    247    1527260965256654833    3.484228    3.455942    3.457726    1.000000    1.000000    1.000000    3.178238    3.191928    5.831185
248    248    1527260965545533977    3.484137    3.456205    3.461655    1.000000    1.000000    1.000000    3.177222    3.192469    2.927051
249    249    1527260965835008036    3.484017    3.455950    3.454541    1.000000    1.000000    1.000000    3.176101    3.192077    2.899161
250    250    1527260966125019636    3.483873    3.456133    3.448138    1.000000    1.000000    1.000000    3.174992    3.192089    2.900598
251    251    1527260966414570028    3.483752    3.456021    3.453630    1.000000    1.000000    1.000000    3.173978    3.192197    2.921744
252    252    1527260966704638795    3.483607    3.455819    3.447458    1.000000    1.000000    1.000000    3.172853    3.191698    2.892249
253    253    1527260966993298273    3.483530    3.455942    3.464290    1.000000    1.000000    1.000000    3.171810    3.191676    2.909484
254    254    1527260967282553583    3.483426    3.455718    3.457153    1.000000    1.000000    1.000000    3.170686    3.191252    2.887411
255    255    1527260967572385058    3.483295    3.455806    3.450281    1.000000    1.000000    1.000000    3.169598    3.133598    2.894661
256    256    1527260967862443574    3.483155    3.455433    3.447580    1.000000    1.000000    1.000000    3.168520    3.133205    2.895350
257    257    1527260968151625759    3.483057    3.455414    3.458028    1.000000    1.000000    1.000000    3.178797    3.190964    5.800952
258    258    1527260968441281443    3.482937    3.455541    3.452375    1.000000    1.000000    1.000000    3.177676    3.190906    2.891022
259    259    1527260968731489084    3.482793    3.455320    3.445809    1.000000    1.000000    1.000000    3.176545    3.190383    2.886833
260    260    1527260969020895518    3.482687    3.455257    3.455348    1.000000    1.000000    1.000000    3.175431    3.190015    2.888049
261    261    1527260969309900954    3.482600    3.455374    3.460143    1.000000    1.000000    1.000000    3.174343    3.189837    2.892084
262    262    1527260969599669512    3.482479    3.455153    3.451030    1.000000    1.000000    1.000000    3.173296    3.189587    2.901678
263    263    1527260969889116863    3.482374    3.455219    3.454860    1.000000    1.000000    1.000000    3.172183    3.189267    2.881623
264    264    1527260970178929005    3.482253    3.455048    3.450511    1.000000    1.000000    1.000000    3.170969    3.188236    2.853514
265    265    1527260970467467108    3.482190    3.455277    3.465747    1.000000    1.000000    1.000000    3.169717    3.128802    2.839441
266    266    1527260970756485919    3.482106    3.455557    3.459982    1.000000    1.000000    1.000000    3.168465    3.127990    2.837431
267    267    1527260971045337480    3.482031    3.455620    3.461986    1.000000    1.000000    1.000000    3.177872    3.183305    5.675071
268    268    1527260971335342913    3.481904    3.455358    3.448211    1.000000    1.000000    1.000000    3.176552    3.181851    2.826399
269    269    1527260971624126140    3.481833    3.455538    3.462805    1.000000    1.000000    1.000000    3.175320    3.181025    2.845650
270    270    1527260971912597119    3.481776    3.455738    3.466553    1.000000    1.000000    1.000000    3.174116    3.180338    2.850446
271    271    1527260972200969264    3.481724    3.456099    3.467741    1.000000    1.000000    1.000000    3.172893    3.179488    2.842740
272    272    1527260972490718698    3.481612    3.455945    3.451258    1.000000    1.000000    1.000000    3.171650    3.178097    2.836558
273    273    1527260972779193677    3.481557    3.456188    3.466505    1.000000    1.000000    1.000000    3.170423    3.176840    2.837002
274    274    1527260973067228740    3.481521    3.456400    3.471800    1.000000    1.000000    1.000000    3.169254    3.175591    2.849907
275    275    1527260973356200592    3.481444    3.456579    3.460545    1.000000    1.000000    1.000000    3.168034    3.174069    2.834421
276    276    1527260973645836401    3.481340    3.456327    3.452612    1.000000    1.000000    1.000000    3.166780    3.114356    2.823536
277    277    1527260973934599504    3.481273    3.456590    3.463046    1.000000    1.000000    1.000000    3.165589    3.112952    2.837520
278    278    1527260974223579314    3.481198    3.456687    3.460449    1.000000    1.000000    1.000000    3.174606    3.167954    5.666316
279    279    1527260974513394248    3.481088    3.456426    3.450478    1.000000    1.000000    1.000000    3.173343    3.165958    2.824006
280    280    1527260974802479183    3.481009    3.456580    3.459191    1.000000    1.000000    1.000000    3.172110    3.164546    2.828909
281    281    1527260975092109075    3.480908    3.456518    3.452682    1.000000    1.000000    1.000000    3.170868    3.163083    2.824702
282    282    1527260975381204219    3.480830    3.456498    3.459069    1.000000    1.000000    1.000000    3.169681    3.161724    2.837298
283    283    1527260975671502068    3.480702    3.456148    3.444738    1.000000    1.000000    1.000000    3.168412    3.160119    2.812797
284    284    1527260975961088043    3.480605    3.456126    3.453206    1.000000    1.000000    1.000000    3.167189    3.158870    2.822775
285    285    1527260976250106187    3.480532    3.456181    3.459990    1.000000    1.000000    1.000000    3.166006    3.157292    2.830684
286    286    1527260976539543038    3.480442    3.456141    3.454985    1.000000    1.000000    1.000000    3.164832    3.097769    2.831751
287    287    1527260976827895267    3.480399    3.456378    3.467981    1.000000    1.000000    1.000000    3.163717    3.096817    2.844774
288    288    1527260977117234702    3.480314    3.456498    3.456148    1.000000    1.000000    1.000000    3.162540    3.095356    2.825743
289    289    1527260977406726136    3.480224    3.456436    3.454334    1.000000    1.000000    1.000000    3.171214    3.150502    5.659504
290    290    1527260977695670280    3.480157    3.456528    3.460877    1.000000    1.000000    1.000000    3.170070    3.149414    2.840189
291    291    1527260977984977007    3.480076    3.456483    3.456539    1.000000    1.000000    1.000000    3.168895    3.148140    2.829056
292    292    1527260978275093064    3.479962    3.456259    3.446896    1.000000    1.000000    1.000000    3.167711    3.146905    2.825397
293    293    1527260978564430082    3.479880    3.456513    3.456177    1.000000    1.000000    1.000000    3.166591    3.146149    2.840725
294    294    1527260978853846517    3.479796    3.456588    3.455229    1.000000    1.000000    1.000000    3.165428    3.144894    2.825845
295    295    1527260979142895536    3.479727    3.456697    3.459621    1.000000    1.000000    1.000000    3.164294    3.143754    2.831603
296    296    1527260979432231720    3.479648    3.456671    3.456187    1.000000    1.000000    1.000000    3.163123    3.142092    2.818994
297    297    1527260979720850823    3.479598    3.456812    3.464774    1.000000    1.000000    1.000000    3.162001    3.082103    2.830312
298    298    1527260980010292591    3.479514    3.456677    3.454926    1.000000    1.000000    1.000000    3.160878    3.080122    2.828382
299    299    1527260980298751361    3.479472    3.456920    3.466700    1.000000    1.000000    1.000000    3.169263    3.135339    5.667188
300    300    1527260980576718741    3.479851    3.459801    3.597544    1.000000    1.000000    1.000000    3.168591    3.136684    2.960333
301    301    1527260980852861335    3.480301    3.463014    3.621317    1.000000    1.000000    1.000000    3.167998    3.138039    2.982151
302    302    1527260981129495676    3.480729    3.466239    3.614880    1.000000    1.000000    1.000000    3.167412    3.140017    2.983462
303    303    1527260981405724894    3.481170    3.469228    3.620182    1.000000    1.000000    1.000000    3.166830    3.141635    2.983540
304    304    1527260981682670444    3.481580    3.472194    3.610818    1.000000    1.000000    1.000000    3.166241    3.143644    2.980528
305    305    1527260981959632951    3.481986    3.475300    3.610597    1.000000    1.000000    1.000000    3.165640    3.145421    2.975442
306    306    1527260982235274129    3.482443    3.478786    3.627905    1.000000    1.000000    1.000000    3.165082    3.147434    2.987242
307    307    1527260982511223389    3.482884    3.481992    3.623855    1.000000    1.000000    1.000000    3.164531    3.090940    2.988368
308    308    1527260982788085397    3.483287    3.485097    3.611908    1.000000    1.000000    1.000000    3.163951    3.092811    2.978787
309    309    1527260983064581906    3.483701    3.488431    3.616682    1.000000    1.000000    1.000000    3.163380    3.094810    2.980233
310    310    1527260983341994454    3.484077    3.491352    3.604740    1.000000    1.000000    1.000000    3.162771    3.096521    2.967411
311    311    1527260983618725462    3.484478    3.494347    3.613617    1.000000    1.000000    1.000000    3.162199    3.098350    2.977603
312    312    1527260983894965180    3.484895    3.497654    3.620044    1.000000    1.000000    1.000000    3.161643    3.100080    2.981581
313    313    1527260984172336520    3.485265    3.500611    3.605275    1.000000    1.000000    1.000000    3.161060    3.102021    2.972063
314    314    1527260984449915401    3.485626    3.503612    3.602580    1.000000    1.000000    1.000000    3.160469    3.104476    2.968771
315    315    1527260984726457118    3.486024    3.506560    3.616091    1.000000    1.000000    1.000000    3.159900    3.107311    2.974101
316    316    1527260985003213126    3.486411    3.509578    3.613291    1.000000    1.000000    1.000000    3.159355    3.110327    2.980748
317    317    1527260985279505511    3.486814    3.512675    3.619354    1.000000    1.000000    1.000000    3.158819    3.055797    2.982348
318    318    1527260985556510060    3.487187    3.515886    3.610049    1.000000    1.000000    1.000000    3.158248    3.058812    2.970435
319    319    1527260985832568403    3.487594    3.519035    3.622423    1.000000    1.000000    1.000000    3.166710    3.119718    5.970597
320    320    1527260986108589871    3.488000    3.522121    3.622907    1.000000    1.000000    1.000000    3.166167    3.122584    2.985663
321    321    1527260986384555382    3.488405    3.525202    3.623641    1.000000    1.000000    1.000000    3.165629    3.125618    2.986123
322    322    1527260986660163309    3.488822    3.528720    3.628343    1.000000    1.000000    1.000000    3.165109    3.128915    2.991202
323    323    1527260986936646818    3.489203    3.531709    3.616852    1.000000    1.000000    1.000000    3.164554    3.131925    2.978500
324    324    1527260987213136535    3.489582    3.534591    3.616771    1.000000    1.000000    1.000000    3.164021    3.134797    2.985059
325    325    1527260987488327214    3.490007    3.538038    3.633844    1.000000    1.000000    1.000000    3.163518    3.138184    2.993343
326    326    1527260987764101475    3.490407    3.541512    3.626154    1.000000    1.000000    1.000000    3.163009    3.141758    2.990674
327    327    1527260988040864941    3.490769    3.544524    3.613194    1.000000    1.000000    1.000000    3.162467    3.144788    2.978764
328    328    1527260988317058993    3.491150    3.547740    3.620643    1.000000    1.000000    1.000000    3.161953    3.089997    2.987190
329    329    1527260988593112294    3.491533    3.551207    3.622489    1.000000    1.000000    1.000000    3.161437    3.093419    2.985282
330    330    1527260988870891841    3.491851    3.554061    3.599977    1.000000    1.000000    1.000000    3.160879    3.096442    2.971248
331    331    1527260989146784893    3.492236    3.557535    3.624593    1.000000    1.000000    1.000000    3.160351    3.099734    2.978857
332    332    1527260989423680318    3.492583    3.560625    3.611472    1.000000    1.000000    1.000000    3.159816    3.102700    2.976192
333    333    1527260989699194371    3.492977    3.564378    3.629579    1.000000    1.000000    1.000000    3.159316    3.106410    2.986105
334    334    1527260989975884713    3.493327    3.567658    3.614149    1.000000    1.000000    1.000000    3.158800    3.109788    2.980668
335    335    1527260990251692640    3.493707    3.571024    3.625712    1.000000    1.000000    1.000000    3.158297    3.113056    2.983196
336    336    1527260990527289984    3.494092    3.574557    3.628482    1.000000    1.000000    1.000000    3.157807    3.116388    2.986778
337    337    1527260990802689871    3.494482    3.577870    3.631084    1.000000    1.000000    1.000000    3.157335    3.119542    2.992027
338    338    1527260991077941550    3.494875    3.581481    3.633039    1.000000    1.000000    1.000000    3.156874    3.123177    2.995077
339    339    1527260991354534975    3.495218    3.584792    3.615415    1.000000    1.000000    1.000000    3.156377    3.067738    2.982142
340    340    1527260991631393816    3.495549    3.587901    3.611949    1.000000    1.000000    1.000000    3.155871    3.070669    2.977806
341    341    1527260991907397618    3.495909    3.591330    3.623138    1.000000    1.000000    1.000000    3.163814    3.133193    5.971258
342    342    1527260992183517253    3.496263    3.594944    3.621619    1.000000    1.000000    1.000000    3.163315    3.136707    2.986796
343    343    1527260992458928389    3.496640    3.598547    3.630935    1.000000    1.000000    1.000000    3.162840    3.140031    2.993456
344    344    1527260992736560937    3.496936    3.601601    3.601883    1.000000    1.000000    1.000000    3.162297    3.143175    2.969720
345    345    1527260993012810488    3.497279    3.604925    3.619915    1.000000    1.000000    1.000000    3.161788    3.146418    2.980016
346    346    1527260993288719498    3.497633    3.608418    3.624383    1.000000    1.000000    1.000000    3.161298    3.150056    2.985778
347    347    1527260993566395921    3.497922    3.611270    3.601314    1.000000    1.000000    1.000000    3.160765    3.153115    2.970231
348    348    1527260993841960432    3.498284    3.614893    3.628914    1.000000    1.000000    1.000000    3.160282    3.156584    2.986150
349    349    1527260994118740440    3.498601    3.617948    3.612978    1.000000    1.000000    1.000000    3.159774    3.100574    2.976454
350    350    1527260994394911658    3.498938    3.618418    3.620942    1.000000    1.000000    1.000000    3.159290    3.101066    2.984062
351    351    1527260994671574125    3.499256    3.618282    3.614513    1.000000    1.000000    1.000000    3.158790    3.100971    2.977610
352    352    1527260994947997509    3.499580    3.618337    3.617639    1.000000    1.000000    1.000000    3.158304    3.100932    2.981437
353    353    1527260995224121394    3.499913    3.618365    3.621563    1.000000    1.000000    1.000000    3.157833    3.100976    2.985685
354    354    1527260995501434150    3.500204    3.618269    3.606037    1.000000    1.000000    1.000000    3.157324    3.100795    2.971670
355    355    1527260995778093909    3.500515    3.618348    3.614548    1.000000    1.000000    1.000000    3.156837    3.100856    2.978359
356    356    1527260996054618334    3.500829    3.618117    3.616317    1.000000    1.000000    1.000000    3.156358    3.100708    2.980207
357    357    1527260996331208259    3.501139    3.617949    3.615461    1.000000    1.000000    1.000000    3.155880    3.100523    2.979407
358    358    1527260996607568102    3.501455    3.618080    3.618471    1.000000    1.000000    1.000000    3.155408    3.100572    2.980972
359    359    1527260996884011903    3.501767    3.618094    3.617372    1.000000    1.000000    1.000000    3.154943    3.100613    2.982259
360    360    1527260997160302245    3.502082    3.618388    3.619381    1.000000    1.000000    1.000000    3.154493    3.101021    2.987292
361    361    1527260997437338503    3.502370    3.618308    3.609636    1.000000    1.000000    1.000000    3.154012    3.100968    2.975109
362    362    1527260997714030011    3.502669    3.618190    3.614133    1.000000    1.000000    1.000000    3.161499    3.160562    5.958145
363    363    1527260997989921896    3.502992    3.618577    3.624608    1.000000    1.000000    1.000000    3.161039    3.160902    2.988044
364    364    1527260998265587699    3.503322    3.619078    3.627581    1.000000    1.000000    1.000000    3.160597    3.161433    2.994078
365    365    1527260998541606084    3.503638    3.619215    3.622947    1.000000    1.000000    1.000000    3.160149    3.161777    2.990931
366    366    1527260998817061720    3.503971    3.619556    3.630349    1.000000    1.000000    1.000000    3.159715    3.162085    2.995372
367    367    1527260999091885275    3.504324    3.619941    3.638698    1.000000    1.000000    1.000000    3.159308    3.162538    3.004128
368    368    1527260999369028616    3.504597    3.619905    3.608241    1.000000    1.000000    1.000000    3.158828    3.162666    2.976925
369    369    1527260999645758666    3.504883    3.619729    3.613630    1.000000    1.000000    1.000000    3.158356    3.102866    2.978798
370    370    1527260999922823798    3.505156    3.619455    3.609260    1.000000    1.000000    1.000000    3.157899    3.102815    2.983598
371    371    1527261000198339809    3.505479    3.619573    3.629553    1.000000    1.000000    1.000000    3.157505    3.103219    3.006166
372    372    1527261000475711649    3.505740    3.619111    3.605269    1.000000    1.000000    1.000000    3.157016    3.102778    2.969941
373    373    1527261000752352158    3.506022    3.619070    3.614800    1.000000    1.000000    1.000000    3.156556    3.102806    2.979965
374    374    1527261001028429418    3.506322    3.619178    3.622174    1.000000    1.000000    1.000000    3.156117    3.102836    2.986425
375    375    1527261001304102179    3.506634    3.619051    3.627489    1.000000    1.000000    1.000000    3.155693    3.102791    2.991257
376    376    1527261001580358521    3.506925    3.618925    3.619826    1.000000    1.000000    1.000000    3.155259    3.102706    2.986614
377    377    1527261001857080071    3.507199    3.618936    3.613741    1.000000    1.000000    1.000000    3.154824    3.102849    2.985868
378    378    1527261002133662830    3.507476    3.618834    3.615554    1.000000    1.000000    1.000000    3.154382    3.102747    2.982294
379    379    1527261002409583465    3.507774    3.618869    3.624231    1.000000    1.000000    1.000000    3.153956    3.102779    2.986812
380    380    1527261002686242974    3.508046    3.619163    3.614551    1.000000    1.000000    1.000000    3.153517    3.103003    2.981886
381    381    1527261002962835690    3.508318    3.618979    3.615424    1.000000    1.000000    1.000000    3.153084    3.103079    2.982982
382    382    1527261003239004825    3.508603    3.619169    3.620969    1.000000    1.000000    1.000000    3.152657    3.103245    2.984164
383    383    1527261003515024460    3.508892    3.619037    3.622931    1.000000    1.000000    1.000000    3.152244    3.103298    2.988969
384    384    1527261003792178842    3.509142    3.618915    3.608097    1.000000    1.000000    1.000000    3.159319    3.162922    5.953169
385    385    1527261004069312016    3.509392    3.618568    3.608373    1.000000    1.000000    1.000000    3.158852    3.162713    2.973643
386    386    1527261004344876194    3.509691    3.618577    3.628919    1.000000    1.000000    1.000000    3.158434    3.162813    2.991764
387    387    1527261004620614538    3.509983    3.618488    3.626627    1.000000    1.000000    1.000000    3.158022    3.162833    2.993233
388    388    1527261004897369421    3.510241    3.618095    3.613306    1.000000    1.000000    1.000000    3.157575    3.162494    2.979055
389    389    1527261005173596306    3.510514    3.618191    3.620212    1.000000    1.000000    1.000000    3.157142    3.162524    2.983421
390    390    1527261005449243067    3.510805    3.618508    3.627831    1.000000    1.000000    1.000000    3.156724    3.162749    2.988267
391    391    1527261005724487204    3.511106    3.618707    3.633138    1.000000    1.000000    1.000000    3.156337    3.103403    2.999860
392    392    1527261006000517839    3.511382    3.618731    3.622786    1.000000    1.000000    1.000000    3.155922    3.103426    2.987922
393    393    1527261006275936600    3.511675    3.618728    3.630835    1.000000    1.000000    1.000000    3.155526    3.103448    2.994582
394    394    1527261006552779150    3.511922    3.618936    3.612161    1.000000    1.000000    1.000000    3.155094    3.103665    2.980152
395    395    1527261006828938326    3.512190    3.618959    3.621100    1.000000    1.000000    1.000000    3.154679    3.103779    2.985702
396    396    1527261007105925209    3.512430    3.618676    3.610279    1.000000    1.000000    1.000000    3.154237    3.103540    2.974271
397    397    1527261007381020971    3.512728    3.619353    3.635098    1.000000    1.000000    1.000000    3.153861    3.104143    2.999257
398    398    1527261007657294772    3.512988    3.619167    3.619598    1.000000    1.000000    1.000000    3.153448    3.104095    2.984076
399    399    1527261007934422655    3.513220    3.619076    3.608442    1.000000    1.000000    1.000000    3.153021    3.104127    2.978195
400    400    1527261008220142598    3.513187    3.616576    3.499931    1.000000    1.000000    1.000000    3.152347    3.101965    2.883456
401    401    1527261008503765923    3.513218    3.614756    3.525803    1.000000    1.000000    1.000000    3.151711    3.100229    2.896031
402    402    1527261008787108914    3.513258    3.612949    3.529291    1.000000    1.000000    1.000000    3.151070    3.098338    2.891972
403    403    1527261009069919907    3.513314    3.611204    3.535930    1.000000    1.000000    1.000000    3.157594    3.155847    5.803844
404    404    1527261009353433815    3.513348    3.609587    3.527164    1.000000    1.000000    1.000000    3.156958    3.154281    2.899173
405    405    1527261009636464890    3.513396    3.607928    3.533181    1.000000    1.000000    1.000000    3.156333    3.152633    2.901646
406    406    1527261009919625882    3.513441    3.606201    3.531560    1.000000    1.000000    1.000000    3.155711    3.150947    2.901696
407    407    1527261010201989460    3.513509    3.604700    3.541533    1.000000    1.000000    1.000000    3.155113    3.149459    2.909816
408    408    1527261010485017619    3.513557    3.602968    3.533217    1.000000    1.000000    1.000000    3.154500    3.147788    2.903011
409    409    1527261010769232316    3.513569    3.600951    3.518467    1.000000    1.000000    1.000000    3.153858    3.145826    2.890945
410    410    1527261011052315350    3.513615    3.599190    3.532532    1.000000    1.000000    1.000000    3.153236    3.143906    2.896881
411    411    1527261011335371801    3.513661    3.597631    3.532864    1.000000    1.000000    1.000000    3.152634    3.142382    2.903873
412    412    1527261011620034080    3.513659    3.595569    3.512935    1.000000    1.000000    1.000000    3.151987    3.081097    2.885465
413    413    1527261011902579491    3.513721    3.593850    3.539254    1.000000    1.000000    1.000000    3.151391    3.079338    2.903601
414    414    1527261012186143565    3.513752    3.591811    3.526540    1.000000    1.000000    1.000000    3.150779    3.077300    2.896404
415    415    1527261012469834806    3.513778    3.589832    3.524959    1.000000    1.000000    1.000000    3.150177    3.075392    2.899596
416    416    1527261012753011964    3.513820    3.587843    3.531358    1.000000    1.000000    1.000000    3.149581    3.073413    2.900188
417    417    1527261013036648830    3.513849    3.585575    3.525635    1.000000    1.000000    1.000000    3.155888    3.130129    5.794659
418    418    1527261013319263490    3.513907    3.584169    3.538387    1.000000    1.000000    1.000000    3.155316    3.128808    2.914690
419    419    1527261013603936186    3.513904    3.582129    3.512806    1.000000    1.000000    1.000000    3.154698    3.127035    2.896028
420    420    1527261013886611305    3.513960    3.580690    3.537630    1.000000    1.000000    1.000000    3.154121    3.125488    2.910030
421    421    1527261014170312420    3.513986    3.578593    3.524836    1.000000    1.000000    1.000000    3.153517    3.123234    2.898617
422    422    1527261014453988202    3.514012    3.576979    3.525151    1.000000    1.000000    1.000000    3.152914    3.121693    2.897403
423    423    1527261014738643816    3.514010    3.574929    3.513017    1.000000    1.000000    1.000000    3.152303    3.119859    2.893862
424    424    1527261015021889849    3.514048    3.573097    3.530500    1.000000    1.000000    1.000000    3.151719    3.118102    2.902999
425    425    1527261015305780839    3.514068    3.571001    3.522479    1.000000    1.000000    1.000000    3.151121    3.116104    2.896372
426    426    1527261015588002000    3.514136    3.569480    3.543320    1.000000    1.000000    1.000000    3.150548    3.114396    2.904591
427    427    1527261015870918284    3.514184    3.567902    3.534615    1.000000    1.000000    1.000000    3.149986    3.112778    2.908528
428    428    1527261016154095401    3.514223    3.566224    3.531359    1.000000    1.000000    1.000000    3.149406    3.111049    2.899726
429    429    1527261016437334560    3.514261    3.564363    3.530585    1.000000    1.000000    1.000000    3.148825    3.109199    2.898409
430    430    1527261016720459719    3.514302    3.562721    3.532007    1.000000    1.000000    1.000000    3.154956    3.166094    5.804987
431    431    1527261017003570294    3.514343    3.561067    3.532189    1.000000    1.000000    1.000000    3.154366    3.164307    2.898567
432    432    1527261017286272620    3.514396    3.559411    3.537290    1.000000    1.000000    1.000000    3.153809    3.162763    2.911635
433    433    1527261017569980278    3.514420    3.557464    3.524755    1.000000    1.000000    1.000000    3.153218    3.160799    2.896348
434    434    1527261017852065647    3.514490    3.556216    3.545026    1.000000    1.000000    1.000000    3.152664    3.100733    2.910541
435    435    1527261018136380178    3.514496    3.554401    3.517231    1.000000    1.000000    1.000000    3.152064    3.098995    2.890848
436    436    1527261018419871294    3.514526    3.552399    3.527447    1.000000    1.000000    1.000000    3.151475    3.096959    2.893678
437    437    1527261018704050617    3.514535    3.550270    3.518905    1.000000    1.000000    1.000000    3.150882    3.094839    2.891266
438    438    1527261018987352484    3.514570    3.548620    3.529804    1.000000    1.000000    1.000000    3.150304    3.093113    2.895876
439    439    1527261019269817436    3.514628    3.547050    3.540262    1.000000    1.000000    1.000000    3.149757    3.091550    2.907858
440    440    1527261019552981053    3.514666    3.545160    3.531527    1.000000    1.000000    1.000000    3.149196    3.089751    2.901404
441    441    1527261019835105089    3.514733    3.543431    3.544540    1.000000    1.000000    1.000000    3.148664    3.087952    2.912063
442    442    1527261020119261453    3.514743    3.541392    3.519189    1.000000    1.000000    1.000000    3.148089    3.085995    2.893541
443    443    1527261020402851319    3.514769    3.539343    3.526219    1.000000    1.000000    1.000000    3.147516    3.083902    2.892956
444    444    1527261020686539810    3.514792    3.537629    3.524993    1.000000    1.000000    1.000000    3.153428    3.140166    5.785804
445    445    1527261020969715718    3.514829    3.535873    3.531374    1.000000    1.000000    1.000000    3.152856    3.138318    2.897263
446    446    1527261021253274834    3.514855    3.534231    3.526601    1.000000    1.000000    1.000000    3.152282    3.136660    2.895350
447    447    1527261021537858573    3.514853    3.531862    3.513904    1.000000    1.000000    1.000000    3.151678    3.134208    2.881862
448    448    1527261021820866273    3.514894    3.530183    3.533473    1.000000    1.000000    1.000000    3.151118    3.132430    2.898653
449    449    1527261022105496970    3.514891    3.528314    3.513324    1.000000    1.000000    1.000000    3.150522    3.130442    2.883287
450    450    1527261022389620210    3.514901    3.528711    3.519599    1.000000    1.000000    1.000000    3.149942    3.130575    2.888694
451    451    1527261022674121906    3.514901    3.528493    3.514918    1.000000    1.000000    1.000000    3.149348    3.130267    2.881413
452    452    1527261022957047607    3.514944    3.528597    3.534497    1.000000    1.000000    1.000000    3.148795    3.130383    2.897421
453    453    1527261023239763309    3.514993    3.528620    3.537122    1.000000    1.000000    1.000000    3.148267    3.072572    2.907267
454    454    1527261023523715590    3.515008    3.528511    3.521718    1.000000    1.000000    1.000000    3.147710    3.072473    2.894497
455    455    1527261023806146459    3.515064    3.528661    3.540689    1.000000    1.000000    1.000000    3.147186    3.072585    2.906885
456    456    1527261024089632159    3.515091    3.528580    3.527515    1.000000    1.000000    1.000000    3.146638    3.072470    2.896132
457    457    1527261024373588815    3.515105    3.528183    3.521664    1.000000    1.000000    1.000000    3.146094    3.072195    2.896991
458    458    1527261024656515350    3.515147    3.528209    3.534486    1.000000    1.000000    1.000000    3.151871    3.130276    5.812173
459    459    1527261024940492214    3.515161    3.528268    3.521414    1.000000    1.000000    1.000000    3.151324    3.130462    2.900067
460    460    1527261025222737709    3.515221    3.528476    3.543015    1.000000    1.000000    1.000000    3.150804    3.130732    2.909736
461    461    1527261025505561077    3.515265    3.528534    3.535776    1.000000    1.000000    1.000000    3.150285    3.130850    2.909604
462    462    1527261025787701946    3.515327    3.529162    3.544329    1.000000    1.000000    1.000000    3.149789    3.131557    2.918758
463    463    1527261026071137896    3.515355    3.528940    3.528134    1.000000    1.000000    1.000000    3.149257    3.131510    2.901950
464    464    1527261026354934053    3.515372    3.528883    3.523656    1.000000    1.000000    1.000000    3.148714    3.131504    2.896290
465    465    1527261026638361794    3.515400    3.528949    3.528236    1.000000    1.000000    1.000000    3.148161    3.131314    2.889911
466    466    1527261026921929327    3.515424    3.528851    3.526497    1.000000    1.000000    1.000000    3.147626    3.131250    2.897299
467    467    1527261027207042980    3.515406    3.528483    3.507373    1.000000    1.000000    1.000000    3.147040    3.072768    2.874264
468    468    1527261027490266347    3.515439    3.528332    3.530782    1.000000    1.000000    1.000000    3.146514    3.072448    2.899012
469    469    1527261027773584922    3.515469    3.528669    3.529596    1.000000    1.000000    1.000000    3.145973    3.072371    2.891318
470    470    1527261028057152663    3.515492    3.528447    3.526494    1.000000    1.000000    1.000000    3.145444    3.072086    2.896327
471    471    1527261028341005445    3.515508    3.528409    3.522953    1.000000    1.000000    1.000000    3.151029    3.129945    5.787155
472    472    1527261028623734646    3.515553    3.528645    3.536953    1.000000    1.000000    1.000000    3.150506    3.130046    2.901706
473    473    1527261028906794180    3.515589    3.529042    3.532826    1.000000    1.000000    1.000000    3.149999    3.130383    2.909402
474    474    1527261029190835670    3.515600    3.528844    3.520612    1.000000    1.000000    1.000000    3.149449    3.130073    2.888141
475    475    1527261029474512036    3.515620    3.528898    3.525144    1.000000    1.000000    1.000000    3.148920    3.130089    2.897041
476    476    1527261029758845025    3.515623    3.528372    3.517003    1.000000    1.000000    1.000000    3.148359    3.129585    2.881101
477    477    1527261030041370935    3.515672    3.528469    3.539498    1.000000    1.000000    1.000000    3.147849    3.129480    2.902990
478    478    1527261030325019092    3.515693    3.528352    3.525494    1.000000    1.000000    1.000000    3.147326    3.129413    2.896730
479    479    1527261030607929835    3.515732    3.528433    3.534684    1.000000    1.000000    1.000000    3.146811    3.129423    2.898639
480    480    1527261030891547951    3.515753    3.528311    3.525868    1.000000    1.000000    1.000000    3.146298    3.071366    2.899540
481    481    1527261031175052817    3.515777    3.528212    3.527276    1.000000    1.000000    1.000000    3.145776    3.071269    2.893961
482    482    1527261031457162020    3.515837    3.528360    3.544727    1.000000    1.000000    1.000000    3.145296    3.071281    2.911865
483    483    1527261031740656719    3.515860    3.528413    3.527403    1.000000    1.000000    1.000000    3.144792    3.071366    2.900467
484    484    1527261032024548293    3.515874    3.527963    3.522472    1.000000    1.000000    1.000000    3.144278    3.071039    2.895232
485    485    1527261032307685701    3.515907    3.528256    3.531854    1.000000    1.000000    1.000000    3.149723    3.129223    5.802271
486    486    1527261032591325150    3.515927    3.528219    3.525603    1.000000    1.000000    1.000000    3.149216    3.129394    2.902371
487    487    1527261032874733100    3.515952    3.528411    3.528483    1.000000    1.000000    1.000000    3.148708    3.129586    2.900204
488    488    1527261033156468429    3.516020    3.528802    3.549431    1.000000    1.000000    1.000000    3.148235    3.130000    2.915399
489    489    1527261033439981795    3.516043    3.528540    3.527171    1.000000    1.000000    1.000000    3.147735    3.129874    2.902371
490    490    1527261033722586122    3.516088    3.528680    3.538516    1.000000    1.000000    1.000000    3.147246    3.129980    2.906297
491    491    1527261034006772320    3.516094    3.528166    3.518820    1.000000    1.000000    1.000000    3.146728    3.129552    2.892266
492    492    1527261034290124603    3.516120    3.528367    3.529176    1.000000    1.000000    1.000000    3.146231    3.129710    2.900813
493    493    1527261034573243303    3.516152    3.528484    3.532087    1.000000    1.000000    1.000000    3.145740    3.129905    2.902320
494    494    1527261034855725130    3.516200    3.528784    3.540051    1.000000    1.000000    1.000000    3.145266    3.072338    2.909568
495    495    1527261035139145205    3.516225    3.528724    3.528332    1.000000    1.000000    1.000000    3.144780    3.072458    2.903408
496    496    1527261035422179989    3.516259    3.528854    3.533135    1.000000    1.000000    1.000000    3.144309    3.072750    2.909657
497    497    1527261035705068940    3.516296    3.529277    3.534956    1.000000    1.000000    1.000000    3.143848    3.073399    2.913249
498    498    1527261035988610139    3.516317    3.529143    3.526824    1.000000    1.000000    1.000000    3.143354    3.073352    2.896606
499    499    1527261036271642715    3.516350    3.529541    3.533162    1.000000    1.000000    1.000000    3.148674    3.131967    5.815981
