Beat    Tag    Timestamp    Global_Rate    Window_Rate    Instant_Rate    Global_Accuracy    Window_Accuracy    Instant_Accuracy    Global_Power    Window_Power    Instant_Power
0    0    1527261220680758847    0.000000    0.000000    0.000000    1.000000    1.000000    1.000000    0.000000    0.000000    0.000000
1    1    1527261220954981654    7.293339    3.646670    3.646670    1.000000    1.000000    1.000000    2.626875    2.626875    2.626875
2    2    1527261221228536211    5.476678    3.651119    3.655578    1.000000    1.000000    1.000000    2.620225    2.620225    2.613559
3    3    1527261221502790268    4.865994    3.649496    3.646254    1.000000    1.000000    1.000000    2.650685    2.650685    2.711522
4    4    1527261221776447325    4.563341    3.650673    3.654209    1.000000    1.000000    1.000000    2.674418    2.674418    2.745710
5    5    1527261222049781967    4.382687    3.652240    3.658519    1.000000    1.000000    1.000000    2.694201    2.694201    2.773505
6    6    1527261222323310692    4.261662    3.652853    3.655923    1.000000    1.000000    1.000000    2.710165    2.710165    2.790065
7    7    1527261222597372332    4.174029    3.652275    3.648814    1.000000    1.000000    1.000000    2.723200    2.723200    2.801322
8    8    1527261222871815012    4.107608    3.651207    3.643748    1.000000    1.000000    1.000000    2.734314    2.734314    2.811931
9    9    1527261223145961611    4.056461    3.650815    3.647683    1.000000    1.000000    1.000000    3.063497    3.063497    5.694420
10    10    1527261223419102420    4.017027    3.651843    3.661115    1.000000    1.000000    1.000000    3.043334    3.043334    2.861352
11    11    1527261223693297309    3.983352    3.651406    3.647041    1.000000    1.000000    1.000000    3.028145    3.028145    2.876450
12    12    1527261223966898284    3.956010    3.651701    3.654958    1.000000    1.000000    1.000000    3.016816    3.016816    2.892080
13    13    1527261224240382758    3.933000    3.652071    3.656515    1.000000    1.000000    1.000000    3.006432    3.006432    2.881655
14    14    1527261224514287149    3.912844    3.651988    3.650909    1.000000    1.000000    1.000000    2.997843    2.997843    2.886226
15    15    1527261224787980456    3.895577    3.652104    3.653725    1.000000    1.000000    1.000000    2.990575    2.990575    2.888777
16    16    1527261225061585223    3.880546    3.652279    3.654907    1.000000    1.000000    1.000000    2.985245    2.985245    2.905227
17    17    1527261225334600407    3.867772    3.652896    3.662800    1.000000    1.000000    1.000000    2.981242    2.981242    2.917010
18    18    1527261225608317798    3.855865    3.652924    3.653403    1.000000    1.000000    1.000000    2.978091    2.978091    2.924527
19    19    1527261225881739023    3.845429    3.653157    3.657361    1.000000    1.000000    1.000000    2.975363    2.975363    2.926199
20    20    1527261226155272081    3.835957    3.653293    3.655865    1.000000    1.000000    1.000000    2.972811    2.972811    2.924275
21    21    1527261226429391762    3.826997    3.653043    3.648042    1.000000    1.000000    1.000000    2.970349    2.970349    2.921184
22    22    1527261226703630485    3.818776    3.652743    3.646458    1.000000    1.000000    1.000000    2.967666    2.967666    2.911427
23    23    1527261226976739002    3.811956    3.653125    3.661548    1.000000    1.000000    1.000000    2.965919    2.965919    2.927400
24    24    1527261227250195394    3.805501    3.653281    3.656890    1.000000    1.000000    1.000000    2.964698    2.964698    2.936582
25    25    1527261227523706077    3.799532    3.653397    3.656164    1.000000    1.000000    1.000000    2.963273    2.963273    2.929045
26    26    1527261227797828217    3.793696    3.653189    3.648009    1.000000    1.000000    1.000000    2.961381    2.961381    2.914135
27    27    1527261228071117359    3.788720    3.653409    3.659128    1.000000    1.000000    1.000000    2.960042    2.960042    2.925191
28    28    1527261228344769875    3.783919    3.653439    3.654269    1.000000    1.000000    1.000000    2.958836    2.958836    2.926262
29    29    1527261228619834971    3.778777    3.652818    3.635503    1.000000    1.000000    1.000000    2.957667    2.957667    2.925093
30    30    1527261228895167441    3.773857    3.652119    3.631973    1.000000    1.000000    1.000000    2.956345    2.956345    2.918232
31    31    1527261229168320666    3.770223    3.652403    3.660949    1.000000    1.000000    1.000000    2.956182    2.956182    2.951270
32    32    1527261229442435306    3.766402    3.652269    3.648109    1.000000    1.000000    1.000000    2.954970    2.954970    2.917447
33    33    1527261229716178864    3.762968    3.652293    3.653054    1.000000    1.000000    1.000000    2.954283    2.954283    2.932292
34    34    1527261229989923338    3.759736    3.652315    3.653042    1.000000    1.000000    1.000000    2.953606    2.953606    2.931256
35    35    1527261230263844686    3.756619    3.652268    3.650683    1.000000    1.000000    1.000000    2.953257    2.953257    2.941403
36    36    1527261230537894202    3.753626    3.652177    3.648976    1.000000    1.000000    1.000000    3.034403    3.034403    5.871961
37    37    1527261230811166343    3.751083    3.652370    3.659356    1.000000    1.000000    1.000000    3.031850    3.031850    2.939765
38    38    1527261231085524941    3.748282    3.652173    3.644865    1.000000    1.000000    1.000000    3.029305    3.029305    2.935301
39    39    1527261231358802375    3.746005    3.652354    3.659285    1.000000    1.000000    1.000000    3.026531    3.026531    2.920929
40    40    1527261231632603265    3.743662    3.652353    3.652289    1.000000    1.000000    1.000000    3.024134    3.024134    2.930670
41    41    1527261231907040238    3.741221    3.652144    3.643824    1.000000    1.000000    1.000000    3.021950    3.021950    2.934779
42    42    1527261232180643587    3.739168    3.652210    3.654926    1.000000    1.000000    1.000000    3.020174    3.020174    2.947296
43    43    1527261232454748269    3.737051    3.652118    3.648241    1.000000    1.000000    1.000000    3.018672    3.018672    2.955659
44    44    1527261232727492870    3.735452    3.652442    3.666434    1.000000    1.000000    1.000000    3.017044    3.017044    2.946749
45    45    1527261233000895804    3.733725    3.652557    3.657605    1.000000    1.000000    1.000000    3.015297    3.015297    2.938341
46    46    1527261233274586778    3.731987    3.652583    3.653756    1.000000    1.000000    1.000000    3.013518    3.013518    2.933436
47    47    1527261233548483835    3.730263    3.652550    3.651007    1.000000    1.000000    1.000000    3.011865    3.011865    2.935862
48    48    1527261233822670975    3.728529    3.652437    3.647144    1.000000    1.000000    1.000000    3.010064    3.010064    2.925549
49    49    1527261234096112158    3.727073    3.652531    3.657094    1.000000    1.000000    1.000000    3.008496    3.008496    2.933121
50    50    1527261234369223384    3.725765    3.652711    3.661512    1.000000    1.000000    1.000000    3.007217    3.007217    2.944423
51    51    1527261234642825442    3.724377    3.652876    3.654943    1.000000    1.000000    1.000000    3.006033    3.013629    2.946769
52    52    1527261234916396624    3.723051    3.652872    3.655356    1.000000    1.000000    1.000000    3.004511    3.019890    2.926825
53    53    1527261235190095724    3.721741    3.653020    3.653647    1.000000    1.000000    1.000000    3.003123    3.024290    2.930949
54    54    1527261235464155072    3.720390    3.652913    3.648845    1.000000    1.000000    1.000000    3.001722    3.027922    2.927537
55    55    1527261235738803835    3.718942    3.652562    3.641014    1.000000    1.000000    1.000000    3.000428    3.031053    2.930783
56    56    1527261236012650059    3.717741    3.652477    3.651684    1.000000    1.000000    1.000000    2.999528    3.034248    2.950050
57    57    1527261236287141490    3.716428    3.652362    3.643101    1.000000    1.000000    1.000000    2.998286    3.036799    2.928926
58    58    1527261236561082005    3.715290    3.652497    3.650428    1.000000    1.000000    1.000000    2.997317    3.039412    2.942091
59    59    1527261236834423814    3.714327    3.652711    3.658423    1.000000    1.000000    1.000000    2.996385    2.984299    2.942243
60    60    1527261237107798830    3.713390    3.652649    3.657979    1.000000    1.000000    1.000000    2.995529    2.985966    2.944940
61    61    1527261237381083389    3.712503    3.652892    3.659190    1.000000    1.000000    1.000000    2.995120    2.987851    2.970519
62    62    1527261237654730280    3.711565    3.652879    3.654344    1.000000    1.000000    1.000000    2.994698    2.989388    2.968976
63    63    1527261237928592921    3.710611    3.652779    3.651466    1.000000    1.000000    1.000000    3.041264    3.050322    5.927395
64    64    1527261238201679896    3.709851    3.652997    3.661837    1.000000    1.000000    1.000000    3.040206    3.052071    2.973386
65    65    1527261238475539954    3.708953    3.652952    3.651500    1.000000    1.000000    1.000000    3.039068    3.053619    2.966274
66    66    1527261238749623843    3.708036    3.652824    3.648518    1.000000    1.000000    1.000000    3.037747    3.054551    2.952009
67    67    1527261239023501901    3.707188    3.652594    3.651260    1.000000    1.000000    1.000000    3.036525    3.055319    2.955841
68    68    1527261239296631460    3.706514    3.652751    3.661266    1.000000    1.000000    1.000000    3.035402    3.056033    2.960013
69    69    1527261239570250392    3.705764    3.652698    3.654718    1.000000    1.000000    1.000000    3.034462    3.056916    2.970482
70    70    1527261239843461826    3.705114    3.652784    3.660169    1.000000    1.000000    1.000000    3.033337    3.057544    2.955586
71    71    1527261240116614843    3.704493    3.653042    3.660952    1.000000    1.000000    1.000000    3.032102    3.058038    2.945433
72    72    1527261240389792944    3.703885    3.653325    3.660616    1.000000    1.000000    1.000000    3.030972    3.058831    2.950592
73    73    1527261240663581293    3.703181    3.653144    3.652456    1.000000    1.000000    1.000000    3.029940    3.059389    2.955633
74    74    1527261240937309267    3.702506    3.653071    3.653262    1.000000    1.000000    1.000000    3.028966    3.059813    2.957915
75    75    1527261241211323866    3.701798    3.652937    3.649441    1.000000    1.000000    1.000000    3.027873    3.060169    2.947044
76    76    1527261241484868632    3.701192    3.653091    3.655709    1.000000    1.000000    1.000000    3.026828    3.060860    2.948431
77    77    1527261241758084066    3.700659    3.653111    3.660115    1.000000    1.000000    1.000000    3.025699    3.061150    2.939669
78    78    1527261242031289666    3.700142    3.653230    3.660247    1.000000    1.000000    1.000000    3.024836    3.061794    2.958278
79    79    1527261242304452142    3.699646    3.653738    3.660825    1.000000    1.000000    1.000000    3.024222    3.062834    2.976247
80    80    1527261242578442699    3.699021    3.654096    3.649761    1.000000    1.000000    1.000000    3.023107    3.063186    2.935141
81    81    1527261242852278339    3.698438    3.653913    3.651826    1.000000    1.000000    1.000000    3.022273    3.063267    2.955565
82    82    1527261243125793356    3.697923    3.654074    3.656106    1.000000    1.000000    1.000000    3.021340    3.063838    2.945696
83    83    1527261243408422016    3.695937    3.651703    3.538212    1.000000    1.000000    1.000000    3.019171    3.061989    2.846877
84    84    1527261243683283029    3.695247    3.651405    3.638202    1.000000    1.000000    1.000000    3.018556    3.062711    2.967725
85    85    1527261243957814042    3.694625    3.651242    3.642576    1.000000    1.000000    1.000000    3.018204    3.063653    2.988697
86    86    1527261244232139807    3.694051    3.651168    3.645301    1.000000    1.000000    1.000000    3.017310    3.005006    2.941488
87    87    1527261244505855781    3.693584    3.651050    3.653422    1.000000    1.000000    1.000000    3.016621    3.005355    2.957321
88    88    1527261244779639130    3.693118    3.651204    3.652523    1.000000    1.000000    1.000000    3.015950    3.005803    2.957572
89    89    1527261245052494565    3.692802    3.651316    3.664944    1.000000    1.000000    1.000000    3.015319    3.006576    2.959593
90    90    1527261245326251997    3.692359    3.651328    3.652869    1.000000    1.000000    1.000000    3.047285    3.065800    5.893075
91    91    1527261245599831930    3.691951    3.651556    3.655239    1.000000    1.000000    1.000000    3.046474    3.066581    2.973453
92    92    1527261245873740445    3.691504    3.651475    3.650854    1.000000    1.000000    1.000000    3.045556    3.066873    2.962058
93    93    1527261246147085212    3.691149    3.651677    3.658384    1.000000    1.000000    1.000000    3.044725    3.067129    2.968156
94    94    1527261246420456895    3.690797    3.651510    3.658023    1.000000    1.000000    1.000000    3.043871    3.067473    2.964257
95    95    1527261246695104117    3.690272    3.651179    3.641034    1.000000    1.000000    1.000000    3.042748    3.067445    2.937510
96    96    1527261246968681425    3.689907    3.651209    3.655274    1.000000    1.000000    1.000000    3.041740    3.067694    2.945880
97    97    1527261247241982400    3.689589    3.651368    3.658970    1.000000    1.000000    1.000000    3.040887    3.068160    2.958888
98    98    1527261247515053668    3.689309    3.651665    3.662048    1.000000    1.000000    1.000000    3.040042    3.068815    2.957836
99    99    1527261247788472351    3.688987    3.651671    3.657395    1.000000    1.000000    1.000000    3.039118    3.069121    2.948434
100    100    1527261248067687270    3.687891    3.650044    3.581471    1.000000    1.000000    1.000000    3.037626    3.068012    2.892743
101    101    1527261248346144565    3.686918    3.648751    3.591215    1.000000    1.000000    1.000000    3.036235    3.067007    2.899428
102    102    1527261248624396236    3.685991    3.647505    3.593869    1.000000    1.000000    1.000000    3.034930    3.066521    2.905208
103    103    1527261248903152906    3.685017    3.646160    3.587358    1.000000    1.000000    1.000000    3.033599    3.065845    2.900160
104    104    1527261249181851409    3.684069    3.644927    3.588107    1.000000    1.000000    1.000000    3.032323    3.065301    2.903087
105    105    1527261249460512454    3.683145    3.643861    3.588589    1.000000    1.000000    1.000000    3.031057    3.064670    2.901618
106    106    1527261249738860125    3.682278    3.642666    3.592629    1.000000    1.000000    1.000000    3.029723    3.063450    2.891768
107    107    1527261250017734586    3.681361    3.641503    3.585843    1.000000    1.000000    1.000000    3.028325    3.062466    2.882609
108    108    1527261250296619548    3.680460    3.640193    3.585708    1.000000    1.000000    1.000000    3.026952    3.061215    2.882586
109    109    1527261250575669300    3.679556    3.638680    3.583590    1.000000    1.000000    1.000000    3.025588    3.059917    2.880755
110    110    1527261250855236218    3.678606    3.637042    3.576961    1.000000    1.000000    1.000000    3.024258    3.058587    2.882090
111    111    1527261251134325845    3.677730    3.635506    3.583078    1.000000    1.000000    1.000000    3.049556    3.115658    5.784733
112    112    1527261251412494058    3.676981    3.634312    3.594947    1.000000    1.000000    1.000000    3.048099    3.113984    2.888583
113    113    1527261251691345936    3.676164    3.632994    3.586133    1.000000    1.000000    1.000000    3.046781    3.053696    2.901548
114    114    1527261251970636271    3.675310    3.631357    3.580503    1.000000    1.000000    1.000000    3.045462    3.052151    2.898990
115    115    1527261252248637817    3.674621    3.630265    3.597102    1.000000    1.000000    1.000000    3.044182    3.050790    2.900121
116    116    1527261252527484362    3.673847    3.629010    3.586202    1.000000    1.000000    1.000000    3.042718    3.049235    2.876898
117    117    1527261252806808030    3.673032    3.627577    3.580076    1.000000    1.000000    1.000000    3.041447    3.047997    2.896564
118    118    1527261253085471450    3.672305    3.626121    3.588559    1.000000    1.000000    1.000000    3.040048    3.046321    2.878796
119    119    1527261253363891204    3.671619    3.624859    3.591699    1.000000    1.000000    1.000000    3.038684    3.044467    2.879972
120    120    1527261253642984207    3.670869    3.623314    3.583035    1.000000    1.000000    1.000000    3.037503    3.043287    2.899109
121    121    1527261253922125084    3.670126    3.621742    3.582420    1.000000    1.000000    1.000000    3.036322    3.042263    2.896856
122    122    1527261254200604588    3.669468    3.620352    3.590929    1.000000    1.000000    1.000000    3.035063    3.040900    2.884772
123    123    1527261254480446088    3.668673    3.618766    3.573451    1.000000    1.000000    1.000000    3.033570    3.038821    2.854820
124    124    1527261254759151258    3.668013    3.617463    3.588021    1.000000    1.000000    1.000000    3.032194    3.036925    2.865351
125    125    1527261255037848844    3.667365    3.616238    3.588119    1.000000    1.000000    1.000000    3.030830    3.035220    2.863968
126    126    1527261255316558889    3.666726    3.614887    3.587958    1.000000    1.000000    1.000000    3.029674    3.033955    2.887230
127    127    1527261255595343184    3.666090    3.613432    3.587003    1.000000    1.000000    1.000000    3.028587    3.032988    2.893563
128    128    1527261255874531978    3.665421    3.611871    3.581806    1.000000    1.000000    1.000000    3.027508    3.031629    2.892480
129    129    1527261256153523230    3.664783    3.610351    3.584342    1.000000    1.000000    1.000000    3.049415    3.088751    5.812935
130    130    1527261256432117900    3.664196    3.609151    3.589444    1.000000    1.000000    1.000000    3.048128    3.087676    2.884230
131    131    1527261256710547529    3.663635    3.607954    3.591572    1.000000    1.000000    1.000000    3.047161    3.086978    2.923011
132    132    1527261256989422199    3.663038    3.606559    3.585840    1.000000    1.000000    1.000000    3.046018    3.085972    2.898420
133    133    1527261257269139741    3.662365    3.607317    3.575035    1.000000    1.000000    1.000000    3.044806    3.086840    2.887359
134    134    1527261257548193202    3.661768    3.606226    3.583543    1.000000    1.000000    1.000000    3.043646    3.085272    2.891614
135    135    1527261257827310954    3.661174    3.605033    3.582717    1.000000    1.000000    1.000000    3.042528    3.083350    2.894807
136    136    1527261258106528789    3.660579    3.603762    3.581433    1.000000    1.000000    1.000000    3.041373    3.082218    2.887731
137    137    1527261258385420125    3.660025    3.602418    3.585626    1.000000    1.000000    1.000000    3.040197    3.080667    2.882442
138    138    1527261258664620919    3.659449    3.601013    3.581652    1.000000    1.000000    1.000000    3.039030    3.079088    2.881439
139    139    1527261258943257214    3.658935    3.599514    3.588908    1.000000    1.000000    1.000000    3.037898    3.077513    2.883551
140    140    1527261259221985967    3.658420    3.598227    3.587717    1.000000    1.000000    1.000000    3.036905    3.018495    2.900548
141    141    1527261259501736260    3.657816    3.596630    3.574616    1.000000    1.000000    1.000000    3.035908    3.016970    2.898664
142    142    1527261259781619760    3.657208    3.595084    3.572915    1.000000    1.000000    1.000000    3.034908    3.015619    2.896087
143    143    1527261260060916637    3.656664    3.593546    3.580420    1.000000    1.000000    1.000000    3.033935    3.014185    2.897734
144    144    1527261260339625182    3.656181    3.592169    3.587978    1.000000    1.000000    1.000000    3.033000    3.012897    2.900912
145    145    1527261260618726767    3.655669    3.591020    3.582925    1.000000    1.000000    1.000000    3.031996    3.011908    2.889382
146    146    1527261260897371104    3.655206    3.589713    3.588804    1.000000    1.000000    1.000000    3.051178    3.068991    5.800516
147    147    1527261261175652358    3.654782    3.588430    3.593487    1.000000    1.000000    1.000000    3.050249    3.068093    2.915899
148    148    1527261261454309737    3.654330    3.586992    3.588636    1.000000    1.000000    1.000000    3.049251    3.066978    2.904244
149    149    1527261261733100115    3.653872    3.585610    3.586924    1.000000    1.000000    1.000000    3.048318    3.066201    2.911872
150    150    1527261262011487119    3.653456    3.585823    3.592122    1.000000    1.000000    1.000000    3.047350    3.066450    2.904672
151    151    1527261262290327288    3.653006    3.585725    3.586284    1.000000    1.000000    1.000000    3.046269    3.066177    2.886030
152    152    1527261262569267999    3.652553    3.585547    3.584991    1.000000    1.000000    1.000000    3.045311    3.066114    2.902448
153    153    1527261262847738128    3.652147    3.585621    3.591049    1.000000    1.000000    1.000000    3.044255    3.065821    2.885322
154    154    1527261263126184965    3.651748    3.585686    3.591350    1.000000    1.000000    1.000000    3.043367    3.065941    2.908922
155    155    1527261263404573636    3.651359    3.585756    3.592100    1.000000    1.000000    1.000000    3.042535    3.066224    2.915675
156    156    1527261263683639305    3.650918    3.585571    3.583386    1.000000    1.000000    1.000000    3.041721    3.066722    2.917059
157    157    1527261263962334016    3.650514    3.585617    3.588156    1.000000    1.000000    1.000000    3.040750    3.066890    2.890902
158    158    1527261264240584146    3.650152    3.585781    3.593889    1.000000    1.000000    1.000000    3.039777    3.067017    2.888534
159    159    1527261264519729773    3.649721    3.585756    3.582360    1.000000    1.000000    1.000000    3.038855    3.067300    2.894976
160    160    1527261264798787275    3.649302    3.585887    3.583491    1.000000    1.000000    1.000000    3.037955    3.067597    2.896589
161    161    1527261265077282404    3.648934    3.586040    3.590727    1.000000    1.000000    1.000000    3.037116    3.009944    2.904105
162    162    1527261265355834074    3.648567    3.585941    3.589998    1.000000    1.000000    1.000000    3.036249    3.010130    2.898087
163    163    1527261265635049660    3.648150    3.585848    3.581462    1.000000    1.000000    1.000000    3.035278    3.009696    2.879993
164    164    1527261265914184412    3.647745    3.585888    3.582499    1.000000    1.000000    1.000000    3.052107    3.067019    5.762360
165    165    1527261266192560874    3.647406    3.585791    3.592258    1.000000    1.000000    1.000000    3.051064    3.066645    2.881634
166    166    1527261266470643421    3.647094    3.585988    3.596055    1.000000    1.000000    1.000000    3.050117    3.067018    2.895072
167    167    1527261266750029422    3.646682    3.585972    3.579277    1.000000    1.000000    1.000000    3.049146    3.066886    2.890012
168    168    1527261267027959761    3.646391    3.586160    3.598024    1.000000    1.000000    1.000000    3.048297    3.067468    2.907488
169    169    1527261267306359598    3.646066    3.586165    3.591956    1.000000    1.000000    1.000000    3.047416    3.067884    2.900817
170    170    1527261267585280643    3.645704    3.586210    3.585244    1.000000    1.000000    1.000000    3.046319    3.067163    2.862964
171    171    1527261267863422522    3.645407    3.586467    3.595287    1.000000    1.000000    1.000000    3.045357    3.066900    2.883047
172    172    1527261268141910818    3.645086    3.586465    3.590815    1.000000    1.000000    1.000000    3.044452    3.067028    2.891184
173    173    1527261268420670196    3.644749    3.586743    3.587323    1.000000    1.000000    1.000000    3.043648    3.068083    2.906747
174    174    1527261268699460824    3.644413    3.586721    3.586921    1.000000    1.000000    1.000000    3.042683    3.068322    2.877374
175    175    1527261268978690617    3.644048    3.586584    3.581280    1.000000    1.000000    1.000000    3.041648    3.068308    2.863674
176    176    1527261269256995247    3.643757    3.586688    3.593185    1.000000    1.000000    1.000000    3.040902    3.068798    2.911486
177    177    1527261269535738291    3.643436    3.586699    3.587533    1.000000    1.000000    1.000000    3.040078    3.068858    2.896524
178    178    1527261269814545086    3.643114    3.586797    3.586713    1.000000    1.000000    1.000000    3.039169    3.068608    2.879776
179    179    1527261270093706463    3.642770    3.586753    3.582157    1.000000    1.000000    1.000000    3.038372    3.010270    2.898080
180    180    1527261270371754385    3.642511    3.586894    3.596502    1.000000    1.000000    1.000000    3.037624    3.010685    2.904794
181    181    1527261270650487680    3.642205    3.586816    3.587659    1.000000    1.000000    1.000000    3.036824    3.010106    2.894121
182    182    1527261270929552640    3.641878    3.586767    3.583395    1.000000    1.000000    1.000000    3.052130    3.068047    5.792820
183    183    1527261271208503851    3.641564    3.586964    3.584856    1.000000    1.000000    1.000000    3.051271    3.068242    2.896646
184    184    1527261271486688314    3.641307    3.587188    3.594737    1.000000    1.000000    1.000000    3.050444    3.068426    2.900245
185    185    1527261271764928943    3.641050    3.587414    3.594011    1.000000    1.000000    1.000000    3.049613    3.068498    2.897880
186    186    1527261272044027112    3.640734    3.587445    3.582969    1.000000    1.000000    1.000000    3.048709    3.068410    2.883258
187    187    1527261272323323322    3.640408    3.587340    3.580428    1.000000    1.000000    1.000000    3.047893    3.068713    2.897862
188    188    1527261272602526074    3.640092    3.587340    3.581627    1.000000    1.000000    1.000000    3.047082    3.069027    2.897074
189    189    1527261272881589452    3.639789    3.587229    3.583415    1.000000    1.000000    1.000000    3.046139    3.068762    2.870606
190    190    1527261273159708707    3.639555    3.587387    3.595580    1.000000    1.000000    1.000000    3.045305    3.068532    2.888675
191    191    1527261273438868542    3.639251    3.587538    3.582177    1.000000    1.000000    1.000000    3.044543    3.068593    2.901316
192    192    1527261273718455293    3.638921    3.587615    3.576707    1.000000    1.000000    1.000000    3.043765    3.068617    2.897101
193    193    1527261273998200919    3.638584    3.587499    3.574676    1.000000    1.000000    1.000000    3.042913    3.068281    2.881293
194    194    1527261274276811380    3.638328    3.587525    3.589241    1.000000    1.000000    1.000000    3.042090    3.067956    2.884594
195    195    1527261274555588925    3.638063    3.587608    3.587089    1.000000    1.000000    1.000000    3.041351    3.068160    2.899362
196    196    1527261274834192137    3.637812    3.587619    3.589334    1.000000    1.000000    1.000000    3.040641    3.010235    2.903308
197    197    1527261275112802099    3.637563    3.587534    3.589247    1.000000    1.000000    1.000000    3.039940    3.009986    2.903557
198    198    1527261275391792351    3.637292    3.587448    3.584355    1.000000    1.000000    1.000000    3.039207    3.009823    2.896202
199    199    1527261275670437563    3.637046    3.587486    3.588793    1.000000    1.000000    1.000000    3.038494    3.009558    2.898571
200    200    1527261275940504755    3.637367    3.589629    3.702782    1.000000    1.000000    1.000000    3.038288    3.011399    2.996402
201    201    1527261276209323450    3.637767    3.592213    3.719979    1.000000    1.000000    1.000000    3.052849    3.072519    6.046030
202    202    1527261276477824645    3.638184    3.594909    3.724378    1.000000    1.000000    1.000000    3.052727    3.075060    3.027495
203    203    1527261276746702715    3.638572    3.597390    3.719158    1.000000    1.000000    1.000000    3.052590    3.077877    3.024166
204    204    1527261277015386619    3.638970    3.599919    3.721846    1.000000    1.000000    1.000000    3.052456    3.080232    3.024487
205    205    1527261277284209689    3.639354    3.602400    3.719919    1.000000    1.000000    1.000000    3.052234    3.082089    3.005694
206    206    1527261277553167425    3.639726    3.605025    3.718056    1.000000    1.000000    1.000000    3.052076    3.084184    3.018928
207    207    1527261277822409119    3.640077    3.607484    3.714135    1.000000    1.000000    1.000000    3.051897    3.086708    3.014058
208    208    1527261278091113731    3.640458    3.609970    3.721559    1.000000    1.000000    1.000000    3.051777    3.089517    3.026267
209    209    1527261278360158133    3.640815    3.612605    3.716859    1.000000    1.000000    1.000000    3.051677    3.092291    3.030366
210    210    1527261278629053036    3.641177    3.615260    3.718925    1.000000    1.000000    1.000000    3.051561    3.094964    3.026662
211    211    1527261278897464899    3.641566    3.617897    3.725618    1.000000    1.000000    1.000000    3.051507    3.097738    3.039761
212    212    1527261279165440679    3.641979    3.620668    3.731681    1.000000    1.000000    1.000000    3.051447    3.100613    3.038368
213    213    1527261279433521293    3.642382    3.623590    3.730221    1.000000    1.000000    1.000000    3.051370    3.103797    3.034707
214    214    1527261279702051488    3.642753    3.626377    3.723976    1.000000    1.000000    1.000000    3.051295    3.048630    3.034806
215    215    1527261279970677309    3.643115    3.628943    3.722650    1.000000    1.000000    1.000000    3.051236    3.051802    3.038230
216    216    1527261280239325879    3.643472    3.631429    3.722335    1.000000    1.000000    1.000000    3.051094    3.054341    3.019692
217    217    1527261280507874450    3.643833    3.634290    3.723721    1.000000    1.000000    1.000000    3.051036    3.057363    3.038221
218    218    1527261280777234435    3.644140    3.636555    3.712504    1.000000    1.000000    1.000000    3.050876    3.059569    3.015325
219    219    1527261281045599298    3.644506    3.639211    3.726270    1.000000    1.000000    1.000000    3.050715    3.061911    3.014784
220    220    1527261281314211202    3.644853    3.641944    3.722843    1.000000    1.000000    1.000000    3.050563    3.065060    3.016281
221    221    1527261281583509812    3.645156    3.644291    3.713350    1.000000    1.000000    1.000000    3.050453    3.067978    3.025727
222    222    1527261281851880675    3.645511    3.646981    3.726187    1.000000    1.000000    1.000000    3.050422    3.071090    3.043505
223    223    1527261282120559037    3.645845    3.649664    3.721922    1.000000    1.000000    1.000000    3.050312    3.073534    3.025171
224    224    1527261282389449898    3.646164    3.652304    3.718981    1.000000    1.000000    1.000000    3.050255    3.076817    3.037314
225    225    1527261282658600009    3.646465    3.654995    3.715399    1.000000    1.000000    1.000000    3.050193    3.080363    3.035927
226    226    1527261282927698161    3.646766    3.657457    3.716116    1.000000    1.000000    1.000000    3.050123    3.082886    3.033882
227    227    1527261283196975563    3.647054    3.659991    3.713642    1.000000    1.000000    1.000000    3.049940    3.085206    3.007664
228    228    1527261283465969341    3.647356    3.662621    3.717558    1.000000    1.000000    1.000000    3.049778    3.087962    3.012177
229    229    1527261283734899952    3.647659    3.665368    3.718431    1.000000    1.000000    1.000000    3.049707    3.090768    3.033162
230    230    1527261284005881767    3.647841    3.667268    3.690285    1.000000    1.000000    1.000000    3.049493    3.092748    2.999592
231    231    1527261284283169774    3.647660    3.667657    3.606359    1.000000    1.000000    1.000000    3.048970    3.093490    2.929539
232    232    1527261284560281323    3.647491    3.668183    3.608655    1.000000    1.000000    1.000000    3.048448    3.034876    2.928738
233    233    1527261284837648829    3.647309    3.668608    3.605325    1.000000    1.000000    1.000000    3.047827    3.035059    2.904832
234    234    1527261285115033836    3.647127    3.668824    3.605098    1.000000    1.000000    1.000000    3.047244    3.035312    2.912259
235    235    1527261285391989052    3.646971    3.669170    3.610692    1.000000    1.000000    1.000000    3.046753    3.036032    2.932702
236    236    1527261285668923685    3.646818    3.669753    3.610960    1.000000    1.000000    1.000000    3.046269    3.037071    2.933198
237    237    1527261285946350233    3.646638    3.670256    3.604558    1.000000    1.000000    1.000000    3.045745    3.037601    2.922947
238    238    1527261286223700406    3.646464    3.670755    3.605550    1.000000    1.000000    1.000000    3.045180    3.037928    2.912153
239    239    1527261286500185290    3.646340    3.671451    3.616834    1.000000    1.000000    1.000000    3.044671    3.039043    2.923990
240    240    1527261286777007965    3.646198    3.671800    3.612421    1.000000    1.000000    1.000000    3.056386    3.099094    5.841974
241    241    1527261287054390388    3.646026    3.672279    3.605131    1.000000    1.000000    1.000000    3.055756    3.099207    2.905584
242    242    1527261287331688561    3.645861    3.672897    3.606226    1.000000    1.000000    1.000000    3.055112    3.099316    2.900805
243    243    1527261287608962943    3.645698    3.673564    3.606536    1.000000    1.000000    1.000000    3.054482    3.099800    2.903092
244    244    1527261287886853949    3.645503    3.673758    3.598533    1.000000    1.000000    1.000000    3.053890    3.100357    2.911300
245    245    1527261288164355871    3.645330    3.674102    3.603579    1.000000    1.000000    1.000000    3.053267    3.100437    2.902358
246    246    1527261288440992672    3.645206    3.674633    3.614848    1.000000    1.000000    1.000000    3.052717    3.100775    2.918556
247    247    1527261288717766971    3.645075    3.675129    3.613052    1.000000    1.000000    1.000000    3.052184    3.101175    2.921901
248    248    1527261288995056020    3.644918    3.675588    3.606345    1.000000    1.000000    1.000000    3.051749    3.102193    2.944905
249    249    1527261289272146444    3.644772    3.676009    3.608930    1.000000    1.000000    1.000000    3.051239    3.102764    2.925431
250    250    1527261289549218826    3.644629    3.674117    3.609165    1.000000    1.000000    1.000000    3.050668    3.100938    2.909420
251    251    1527261289825685710    3.644519    3.672053    3.617070    1.000000    1.000000    1.000000    3.050171    3.039248    2.926231
252    252    1527261290101988928    3.644418    3.669950    3.619212    1.000000    1.000000    1.000000    3.049741    3.037511    2.942173
253    253    1527261290378743894    3.644295    3.667829    3.613305    1.000000    1.000000    1.000000    3.049260    3.035562    2.928573
254    254    1527261290656216859    3.644135    3.665466    3.603955    1.000000    1.000000    1.000000    3.048739    3.033389    2.917985
255    255    1527261290933419616    3.643990    3.663216    3.607468    1.000000    1.000000    1.000000    3.048192    3.031430    2.910076
256    256    1527261291210731414    3.643841    3.660975    3.606049    1.000000    1.000000    1.000000    3.047701    3.029481    2.923312
257    257    1527261291487631589    3.643714    3.658923    3.611410    1.000000    1.000000    1.000000    3.047235    3.027740    2.928568
258    258    1527261291765233178    3.643552    3.656543    3.602285    1.000000    1.000000    1.000000    3.046758    3.025685    2.925102
259    259    1527261292041520896    3.643459    3.654607    3.619415    1.000000    1.000000    1.000000    3.046285    3.023553    2.924665
260    260    1527261292318868153    3.643312    3.652350    3.605588    1.000000    1.000000    1.000000    3.057049    3.080279    5.826544
261    261    1527261292596496075    3.643153    3.649893    3.601943    1.000000    1.000000    1.000000    3.056459    3.077502    2.904106
262    262    1527261292873564166    3.643022    3.647472    3.609221    1.000000    1.000000    1.000000    3.055927    3.075040    2.917839
263    263    1527261293150587049    3.642895    3.645094    3.609810    1.000000    1.000000    1.000000    3.055390    3.072608    2.915586
264    264    1527261293427759347    3.642762    3.642800    3.607864    1.000000    1.000000    1.000000    3.054799    3.069865    2.900117
265    265    1527261293704976896    3.642627    3.640521    3.607275    1.000000    1.000000    1.000000    3.054022    3.066048    2.850133
266    266    1527261293981839487    3.642511    3.638345    3.611900    1.000000    1.000000    1.000000    3.053251    3.062600    2.849926
267    267    1527261294258537579    3.642404    3.636189    3.614047    1.000000    1.000000    1.000000    3.052496    3.058850    2.852553
268    268    1527261294535438837    3.642288    3.634195    3.611396    1.000000    1.000000    1.000000    3.051724    3.055430    2.846596
269    269    1527261294811903304    3.642194    3.632057    3.617101    1.000000    1.000000    1.000000    3.050984    3.052161    2.853217
270    270    1527261295088959978    3.642072    3.629830    3.609370    1.000000    1.000000    1.000000    3.050225    3.048736    2.847071
271    271    1527261295365698361    3.641966    3.627871    3.613521    1.000000    1.000000    1.000000    3.049489    3.045230    2.851726
272    272    1527261295643200993    3.641824    3.625469    3.603569    1.000000    1.000000    1.000000    3.048724    3.041191    2.842816
273    273    1527261295920767249    3.641680    3.623134    3.602743    1.000000    1.000000    1.000000    3.047954    3.037457    2.840057
274    274    1527261296198090880    3.641548    3.620921    3.605895    1.000000    1.000000    1.000000    3.047199    3.033541    2.842311
275    275    1527261296475217346    3.641427    3.618831    3.608461    1.000000    1.000000    1.000000    3.046457    3.029697    2.844207
276    276    1527261296752597186    3.641295    3.616663    3.605165    1.000000    1.000000    1.000000    3.045713    3.025858    2.842424
277    277    1527261297029580902    3.641183    3.614648    3.610321    1.000000    1.000000    1.000000    3.044989    3.022615    2.846229
278    278    1527261297306784950    3.641061    3.612504    3.607451    1.000000    1.000000    1.000000    3.044267    3.019271    2.845521
279    279    1527261297583885833    3.640944    3.610373    3.608794    1.000000    1.000000    1.000000    3.043555    3.015545    2.846559
280    280    1527261297861002423    3.640828    3.608774    3.608589    1.000000    1.000000    1.000000    3.053044    3.069273    5.686199
281    281    1527261298137777348    3.640729    3.608908    3.613044    1.000000    1.000000    1.000000    3.052301    3.067594    2.845196
282    282    1527261298414942314    3.640612    3.608894    3.607960    1.000000    1.000000    1.000000    3.051562    3.065919    2.845075
283    283    1527261298692756819    3.640466    3.608778    3.599524    1.000000    1.000000    1.000000    3.050793    3.064525    2.835529
284    284    1527261298970380825    3.640329    3.608715    3.601994    1.000000    1.000000    1.000000    3.050029    3.062980    2.835324
285    285    1527261299247277666    3.640227    3.608731    3.611453    1.000000    1.000000    1.000000    3.049299    3.061188    2.843005
286    286    1527261299523927466    3.640138    3.608805    3.614678    1.000000    1.000000    1.000000    3.048576    3.059397    2.843342
287    287    1527261299801026432    3.640028    3.608890    3.608819    1.000000    1.000000    1.000000    3.047853    3.057785    2.842194
288    288    1527261300077800857    3.639934    3.609040    3.613051    1.000000    1.000000    1.000000    3.047152    3.056483    2.846690
289    289    1527261300355289196    3.639808    3.608778    3.603755    1.000000    1.000000    1.000000    3.046424    3.054751    2.837982
290    290    1527261300632209954    3.639709    3.608753    3.611141    1.000000    1.000000    1.000000    3.045735    2.994920    2.847443
291    291    1527261300909565669    3.639590    3.608760    3.605478    1.000000    1.000000    1.000000    3.045032    2.993660    2.842649
292    292    1527261301186642635    3.639486    3.608818    3.609105    1.000000    1.000000    1.000000    3.044339    2.992518    2.843629
293    293    1527261301463253685    3.639402    3.608990    3.615185    1.000000    1.000000    1.000000    3.043672    2.991454    2.849579
294    294    1527261301740031902    3.639312    3.609280    3.613001    1.000000    1.000000    1.000000    3.042996    2.990145    2.845477
295    295    1527261302016921826    3.639218    3.609439    3.611543    1.000000    1.000000    1.000000    3.042327    2.989034    2.846561
296    296    1527261302294356749    3.639099    3.609231    3.604449    1.000000    1.000000    1.000000    3.041645    2.987490    2.841686
297    297    1527261302571891130    3.638978    3.609033    3.603157    1.000000    1.000000    1.000000    3.040977    2.985937    2.844538
298    298    1527261302848914305    3.638879    3.609103    3.609806    1.000000    1.000000    1.000000    3.040317    2.983947    2.845329
299    299    1527261303126154978    3.638772    3.609064    3.606974    1.000000    1.000000    1.000000    3.039638    2.982204    2.838364
300    300    1527261303393547552    3.639099    3.611587    3.739820    1.000000    1.000000    1.000000    3.039340    2.982988    2.947408
301    301    1527261303660585418    3.639439    3.614049    3.744787    1.000000    1.000000    1.000000    3.039044    2.983432    2.947234
302    302    1527261303927181827    3.639796    3.616586    3.750988    1.000000    1.000000    1.000000    3.048354    3.041391    5.946280
303    303    1527261304193679944    3.640155    3.619271    3.752372    1.000000    1.000000    1.000000    3.048142    3.042501    2.981800
304    304    1527261304460105812    3.640515    3.622168    3.753389    1.000000    1.000000    1.000000    3.047871    3.043470    2.963038
305    305    1527261304726503138    3.640874    3.625005    3.753791    1.000000    1.000000    1.000000    3.047641    3.044836    2.975356
306    306    1527261304993143463    3.641221    3.627812    3.750370    1.000000    1.000000    1.000000    3.047390    3.045801    2.968328
307    307    1527261305259698039    3.641568    3.630537    3.751577    1.000000    1.000000    1.000000    3.047144    3.046673    2.969107
308    308    1527261305526333448    3.641911    3.633430    3.750440    1.000000    1.000000    1.000000    3.046904    3.047655    2.970768
309    309    1527261305792910065    3.642253    3.635996    3.751267    1.000000    1.000000    1.000000    3.046663    3.048623    2.970144
310    310    1527261306059701973    3.642584    3.638789    3.748240    1.000000    1.000000    1.000000    3.046426    2.991045    2.970915
311    311    1527261306326347215    3.642920    3.641700    3.750301    1.000000    1.000000    1.000000    3.046202    2.992479    2.974379
312    312    1527261306592836208    3.643260    3.644508    3.752500    1.000000    1.000000    1.000000    3.045985    2.993669    2.976134
313    313    1527261306859557908    3.643588    3.647247    3.749226    1.000000    1.000000    1.000000    3.045772    2.994925    2.977144
314    314    1527261307125981484    3.643926    3.650109    3.753422    1.000000    1.000000    1.000000    3.045558    2.996484    2.976460
315    315    1527261307392358393    3.644264    3.653000    3.754079    1.000000    1.000000    1.000000    3.045355    2.999114    2.979275
316    316    1527261307658715970    3.644602    3.655805    3.754352    1.000000    1.000000    1.000000    3.045147    3.001715    2.977636
317    317    1527261307925239004    3.644930    3.658527    3.752021    1.000000    1.000000    1.000000    3.044954    3.004350    2.981934
318    318    1527261308191455080    3.645269    3.661390    3.756347    1.000000    1.000000    1.000000    3.044764    3.007122    2.982461
319    319    1527261308457552490    3.645610    3.664171    3.758022    1.000000    1.000000    1.000000    3.044572    3.009742    2.981596
320    320    1527261308723801900    3.645944    3.667076    3.755877    1.000000    1.000000    1.000000    3.044374    3.012444    2.978831
321    321    1527261308990517142    3.646256    3.669774    3.749317    1.000000    1.000000    1.000000    3.044166    3.014985    2.975507
322    322    1527261309257324842    3.646563    3.672657    3.748018    1.000000    1.000000    1.000000    3.043968    3.017783    2.978662
323    323    1527261309524256000    3.646862    3.675528    3.746284    1.000000    1.000000    1.000000    3.043757    3.020542    2.973591
324    324    1527261309790961575    3.647169    3.678399    3.749453    1.000000    1.000000    1.000000    3.043558    3.023332    2.977392
325    325    1527261310057858900    3.647467    3.681169    3.746759    1.000000    1.000000    1.000000    3.043339    3.025944    2.970292
326    326    1527261310324653350    3.647767    3.684040    3.748204    1.000000    1.000000    1.000000    3.043153    3.028804    2.980613
327    327    1527261310591587508    3.648059    3.686770    3.746242    1.000000    1.000000    1.000000    3.042928    3.031326    2.967496
328    328    1527261310858371875    3.648356    3.689605    3.748346    1.000000    1.000000    1.000000    3.042739    3.034096    2.978956
329    329    1527261311124886701    3.648661    3.692489    3.752136    1.000000    1.000000    1.000000    3.042556    3.036882    2.980708
330    330    1527261311390926069    3.648985    3.695513    3.758842    1.000000    1.000000    1.000000    3.042383    2.981572    2.983570
331    331    1527261311658134518    3.649259    3.698127    3.742397    1.000000    1.000000    1.000000    3.042169    2.984122    2.969341
332    332    1527261311924788802    3.649554    3.701004    3.750174    1.000000    1.000000    1.000000    3.041987    2.986894    2.980083
333    333    1527261312191355919    3.649851    3.704088    3.751400    1.000000    1.000000    1.000000    3.041778    2.989680    2.970175
334    334    1527261312458628076    3.650117    3.706931    3.741505    1.000000    1.000000    1.000000    3.041546    2.992311    2.962119
335    335    1527261312725215694    3.650410    3.709766    3.751112    1.000000    1.000000    1.000000    3.041336    2.994915    2.968915
336    336    1527261312991598103    3.650709    3.712595    3.754002    1.000000    1.000000    1.000000    3.041147    2.997651    2.975816
337    337    1527261313258411220    3.650989    3.715432    3.747942    1.000000    1.000000    1.000000    3.040927    3.000202    2.964869
338    338    1527261313525022629    3.651276    3.718240    3.750777    1.000000    1.000000    1.000000    3.040741    3.002887    2.976257
339    339    1527261313791068289    3.651583    3.721407    3.758753    1.000000    1.000000    1.000000    3.040563    3.005812    2.978613
340    340    1527261314057954322    3.651855    3.724188    3.746918    1.000000    1.000000    1.000000    3.040384    3.008519    2.977661
341    341    1527261314324694897    3.652132    3.727135    3.748961    1.000000    1.000000    1.000000    3.040193    3.011248    2.973301
342    342    1527261314591306139    3.652412    3.730045    3.750780    1.000000    1.000000    1.000000    3.040010    3.014007    2.975767
343    343    1527261314858457963    3.652669    3.732679    3.743190    1.000000    1.000000    1.000000    3.039804    3.016476    2.967534
344    344    1527261315125230705    3.652940    3.735469    3.748509    1.000000    1.000000    1.000000    3.039629    3.019239    2.977718
345    345    1527261315391421490    3.653232    3.738457    3.756704    1.000000    1.000000    1.000000    3.039452    3.021967    2.976700
346    346    1527261315658917230    3.653472    3.741238    3.738377    1.000000    1.000000    1.000000    3.039252    3.024642    2.968608
347    347    1527261315925377681    3.653750    3.744340    3.752902    1.000000    1.000000    1.000000    3.039073    3.027398    2.975184
348    348    1527261316191579632    3.654036    3.747377    3.756546    1.000000    1.000000    1.000000    3.038907    3.030220    2.979388
349    349    1527261316458548207    3.654292    3.750264    3.745759    1.000000    1.000000    1.000000    3.038707    3.032945    2.967068
350    350    1527261316724499034    3.654585    3.750670    3.760094    1.000000    1.000000    1.000000    3.038547    3.033625    2.981002
351    351    1527261316991089068    3.654852    3.750796    3.751078    1.000000    1.000000    1.000000    3.038380    3.034251    2.978375
352    352    1527261317257642519    3.655119    3.750808    3.751593    1.000000    1.000000    1.000000    3.038216    2.974903    2.978742
353    353    1527261317523901387    3.655396    3.750875    3.755743    1.000000    1.000000    1.000000    3.038055    2.974864    2.979867
354    354    1527261317790735420    3.655649    3.750761    3.747648    1.000000    1.000000    1.000000    3.037887    2.975142    2.976940
355    355    1527261318057793078    3.655893    3.750575    3.744510    1.000000    1.000000    1.000000    3.037706    2.975069    2.971695
356    356    1527261318324378237    3.656153    3.750590    3.751147    1.000000    1.000000    1.000000    3.037547    2.975296    2.979671
357    357    1527261318591461728    3.656393    3.750441    3.744148    1.000000    1.000000    1.000000    3.037355    2.975253    2.967020
358    358    1527261318858522177    3.656632    3.750322    3.744471    1.000000    1.000000    1.000000    3.037181    2.975306    2.973390
359    359    1527261319125398835    3.656878    3.750237    3.747049    1.000000    1.000000    1.000000    3.037009    2.975380    2.973842
360    360    1527261319391930703    3.657134    3.750311    3.751897    1.000000    1.000000    1.000000    3.036849    2.975517    2.977779
361    361    1527261319658701069    3.657381    3.750276    3.748542    1.000000    1.000000    1.000000    3.036683    2.975537    2.975364
362    362    1527261319925323978    3.657631    3.750238    3.750615    1.000000    1.000000    1.000000    3.036510    2.975457    2.972156
363    363    1527261320191844096    3.657884    3.750294    3.752062    1.000000    1.000000    1.000000    3.036327    2.975280    2.968279
364    364    1527261320458802629    3.658119    3.750144    3.745900    1.000000    1.000000    1.000000    3.036136    2.975043    2.964603
365    365    1527261320725286163    3.658371    3.750114    3.752577    1.000000    1.000000    1.000000    3.035966    2.974908    2.972551
366    366    1527261320992003613    3.658613    3.750013    3.749286    1.000000    1.000000    1.000000    3.035768    2.974583    2.961359
367    367    1527261321258818021    3.658850    3.749931    3.747924    1.000000    1.000000    1.000000    3.035590    2.974321    2.968828
368    368    1527261321525221514    3.659100    3.749878    3.753705    1.000000    1.000000    1.000000    3.035429    2.974163    2.974578
369    369    1527261321792329005    3.659324    3.749594    3.743811    1.000000    1.000000    1.000000    3.035260    2.973961    2.971474
370    370    1527261322058439832    3.659583    3.749633    3.757833    1.000000    1.000000    1.000000    3.035110    2.973943    2.977910
371    371    1527261322325204698    3.659816    3.749619    3.748620    1.000000    1.000000    1.000000    3.034949    2.973913    2.974009
372    372    1527261322592197106    3.660041    3.749567    3.745425    1.000000    1.000000    1.000000    3.034786    2.973792    2.972643
373    373    1527261322859032806    3.660269    3.749594    3.747624    1.000000    1.000000    1.000000    3.034638    2.973880    2.977975
374    374    1527261323125787256    3.660500    3.749580    3.748766    1.000000    1.000000    1.000000    3.034489    2.973883    2.977521
375    375    1527261323393300830    3.660702    3.749407    3.738128    1.000000    1.000000    1.000000    3.034306    2.973765    2.964433
376    376    1527261323659866530    3.660937    3.749471    3.751420    1.000000    1.000000    1.000000    3.034159    2.973701    2.977412
377    377    1527261323926082315    3.661183    3.749673    3.756351    1.000000    1.000000    1.000000    3.034020    2.973954    2.980143
378    378    1527261324192504266    3.661420    3.749775    3.753444    1.000000    1.000000    1.000000    3.033880    2.973971    2.979856
379    379    1527261324459548090    3.661635    3.749626    3.744704    1.000000    1.000000    1.000000    3.033724    2.973821    2.973182
380    380    1527261324726998414    3.661833    3.749230    3.739012    1.000000    1.000000    1.000000    3.033552    2.973482    2.966637
381    381    1527261324993310032    3.662071    3.749482    3.755000    1.000000    1.000000    1.000000    3.033422    2.973753    2.982897
382    382    1527261325260461314    3.662279    3.749342    3.743197    1.000000    1.000000    1.000000    3.033253    2.973490    2.966918
383    383    1527261325526513558    3.662523    3.749487    3.758660    1.000000    1.000000    1.000000    3.033129    2.973777    2.984579
384    384    1527261325792973092    3.662752    3.749716    3.752915    1.000000    1.000000    1.000000    3.032979    2.974012    2.973840
385    385    1527261326059320460    3.662984    3.749783    3.754496    1.000000    1.000000    1.000000    3.032854    2.974303    2.983487
386    386    1527261326325903785    3.663207    3.749727    3.751172    1.000000    1.000000    1.000000    3.032710    2.974307    2.975981
387    387    1527261326592985401    3.663411    3.749651    3.744174    1.000000    1.000000    1.000000    3.032562    2.974490    2.974020
388    388    1527261326860218559    3.663609    3.749476    3.742051    1.000000    1.000000    1.000000    3.032396    2.974295    2.966544
389    389    1527261327126492010    3.663839    3.749412    3.755538    1.000000    1.000000    1.000000    3.032264    2.974313    2.979478
390    390    1527261327393379918    3.664046    3.749412    3.746891    1.000000    1.000000    1.000000    3.032115    2.974218    2.972919
391    391    1527261327660252326    3.664254    3.749375    3.747109    1.000000    1.000000    1.000000    3.031970    2.974229    2.973882
392    392    1527261327926903735    3.664467    3.749363    3.750215    1.000000    1.000000    1.000000    3.031813    2.974095    2.969030
393    393    1527261328193293811    3.664689    3.749578    3.753894    1.000000    1.000000    1.000000    3.031666    2.974189    2.972213
394    394    1527261328460363469    3.664886    3.749494    3.744341    1.000000    1.000000    1.000000    3.031495    2.973888    2.962699
395    395    1527261328728796540    3.665036    3.748863    3.725323    1.000000    1.000000    1.000000    3.031279    2.973242    2.944600
396    396    1527261328996483113    3.665211    3.748810    3.735712    1.000000    1.000000    1.000000    3.031082    2.972901    2.951601
397    397    1527261329263536729    3.665406    3.748643    3.744566    1.000000    1.000000    1.000000    3.030931    2.972792    2.969756
398    398    1527261329530848177    3.665592    3.748331    3.740955    1.000000    1.000000    1.000000    3.030810    2.972835    2.981474
399    399    1527261329797544878    3.665797    3.748408    3.749578    1.000000    1.000000    1.000000    3.037978    3.032746    5.963568
400    400    1527261330077201753    3.665567    3.744560    3.575811    1.000000    1.000000    1.000000    3.037470    3.029722    2.839169
401    401    1527261330355812757    3.665373    3.741192    3.589234    1.000000    1.000000    1.000000    3.036962    3.026741    2.837566
402    402    1527261330635368050    3.665149    3.737556    3.577110    1.000000    1.000000    1.000000    3.036396    3.023263    2.814531
403    403    1527261330914167511    3.664951    3.734056    3.586808    1.000000    1.000000    1.000000    3.035862    3.020004    2.825296
404    404    1527261331193328930    3.664741    3.730621    3.582157    1.000000    1.000000    1.000000    3.035323    3.016745    2.822406
405    405    1527261331471285477    3.664573    3.727590    3.597685    1.000000    1.000000    1.000000    3.034815    3.013826    2.832594
406    406    1527261331750753061    3.664356    3.724014    3.578233    1.000000    1.000000    1.000000    3.034261    3.010365    2.814949
407    407    1527261332029415856    3.664166    3.720805    3.588567    1.000000    1.000000    1.000000    3.033729    3.007314    2.821729
408    408    1527261332307998776    3.663980    3.717617    3.589596    1.000000    1.000000    1.000000    3.033200    3.004144    2.821727
409    409    1527261332586329739    3.663803    3.714453    3.592845    1.000000    1.000000    1.000000    3.032682    3.001034    2.824684
410    410    1527261332865481408    3.663600    3.710974    3.582282    1.000000    1.000000    1.000000    3.032150    2.997723    2.819005
411    411    1527261333143996870    3.663419    3.707742    3.590465    1.000000    1.000000    1.000000    3.031646    2.994672    2.828611
412    412    1527261333422146416    3.663251    3.704576    3.595188    1.000000    1.000000    1.000000    3.031146    2.991703    2.829014
413    413    1527261333700935252    3.663063    3.701211    3.586944    1.000000    1.000000    1.000000    3.030630    2.988663    2.821996
414    414    1527261333979459923    3.662884    3.698045    3.590346    1.000000    1.000000    1.000000    3.030129    2.985799    2.826590
415    415    1527261334258132718    3.662701    3.694714    3.588438    1.000000    1.000000    1.000000    3.029619    2.982700    2.822644
416    416    1527261334536840554    3.662518    3.691443    3.587987    1.000000    1.000000    1.000000    3.029111    2.979813    2.821955
417    417    1527261334815643932    3.662333    3.688179    3.586757    1.000000    1.000000    1.000000    3.035499    3.034820    5.644017
418    418    1527261335094347811    3.662152    3.684836    3.588038    1.000000    1.000000    1.000000    3.034980    3.031645    2.822645
419    419    1527261335372429065    3.661992    3.681858    3.596071    1.000000    1.000000    1.000000    3.034486    3.028726    2.831324
420    420    1527261335650955819    3.661819    3.678495    3.590319    1.000000    1.000000    1.000000    3.033982    3.025577    2.826461
421    421    1527261335929985905    3.661630    3.675179    3.583843    1.000000    1.000000    1.000000    3.033472    3.022439    2.823319
422    422    1527261336208743991    3.661451    3.672003    3.587340    1.000000    1.000000    1.000000    3.032966    3.019342    2.823462
423    423    1527261336487276078    3.661279    3.668851    3.590251    1.000000    1.000000    1.000000    3.032472    3.016233    2.827549
424    424    1527261336766088748    3.661100    3.665608    3.586638    1.000000    1.000000    1.000000    3.031973    3.013074    2.824685
425    425    1527261337044370377    3.660938    3.662717    3.593482    1.000000    1.000000    1.000000    3.031487    3.010272    2.828861
426    426    1527261337323457380    3.660752    3.659360    3.583112    1.000000    1.000000    1.000000    3.030983    3.007042    2.820715
427    427    1527261337602782256    3.660559    3.655853    3.580061    1.000000    1.000000    1.000000    3.030476    3.003727    2.819133
428    428    1527261337881708801    3.660380    3.652513    3.585173    1.000000    1.000000    1.000000    3.029974    3.000433    2.819262
429    429    1527261338161067552    3.660188    3.649230    3.579627    1.000000    1.000000    1.000000    3.029470    2.997246    2.818032
430    430    1527261338439241515    3.660034    3.646376    3.594873    1.000000    1.000000    1.000000    3.028988    2.994360    2.825588
431    431    1527261338717892935    3.659865    3.643098    3.588713    1.000000    1.000000    1.000000    3.028496    2.991051    2.820434
432    432    1527261338996681521    3.659693    3.640011    3.586947    1.000000    1.000000    1.000000    3.028014    2.988129    2.823957
433    433    1527261339275195442    3.659531    3.636712    3.590485    1.000000    1.000000    1.000000    3.027541    2.984926    2.826591
434    434    1527261339554698526    3.659339    3.633265    3.577778    1.000000    1.000000    1.000000    3.027034    2.981631    2.812159
435    435    1527261339832835114    3.659189    3.630155    3.595356    1.000000    1.000000    1.000000    3.033180    3.035673    5.659575
436    436    1527261340112109866    3.659006    3.626814    3.580703    1.000000    1.000000    1.000000    3.032677    3.032424    2.818311
437    437    1527261340391797867    3.658810    3.623500    3.575413    1.000000    1.000000    1.000000    3.032167    3.029136    2.814422
438    438    1527261340670468037    3.658647    3.620499    3.588472    1.000000    1.000000    1.000000    3.031683    3.026198    2.823524
439    439    1527261340949046916    3.658487    3.617276    3.589648    1.000000    1.000000    1.000000    3.031198    3.022992    2.822468
440    440    1527261341227412295    3.658335    3.614275    3.592401    1.000000    1.000000    1.000000    3.030729    3.020039    2.828250
441    441    1527261341506265423    3.658168    3.611148    3.586117    1.000000    1.000000    1.000000    3.030254    3.016999    2.824903
442    442    1527261341784999509    3.658006    3.607999    3.587649    1.000000    1.000000    1.000000    3.029773    3.013981    2.821065
443    443    1527261342063849220    3.657841    3.604758    3.586161    1.000000    1.000000    1.000000    3.029288    3.010854    2.818515
444    444    1527261342343008681    3.657667    3.601619    3.582182    1.000000    1.000000    1.000000    3.028798    3.007858    2.815817
445    445    1527261342621984850    3.657500    3.598886    3.584536    1.000000    1.000000    1.000000    3.028325    3.005353    2.822227
446    446    1527261342901041394    3.657331    3.595943    3.583503    1.000000    1.000000    1.000000    3.027845    3.002625    2.817852
447    447    1527261343179087815    3.657193    3.593103    3.596522    1.000000    1.000000    1.000000    3.027391    2.999762    2.827801
448    448    1527261343457666444    3.657039    3.590196    3.589651    1.000000    1.000000    1.000000    3.026931    2.996613    2.824754
449    449    1527261343736273698    3.656886    3.587127    3.589282    1.000000    1.000000    1.000000    3.026467    2.936355    2.822055
450    450    1527261344015132159    3.656726    3.587333    3.586049    1.000000    1.000000    1.000000    3.025999    2.935967    2.819481
451    451    1527261344293427788    3.656583    3.587415    3.593301    1.000000    1.000000    1.000000    3.025543    2.935689    2.823551
452    452    1527261344571669334    3.656443    3.587753    3.594000    1.000000    1.000000    1.000000    3.025098    2.935953    2.827148
453    453    1527261344850980669    3.656271    3.587621    3.580234    1.000000    1.000000    1.000000    3.030977    2.992332    5.638636
454    454    1527261345129288423    3.656130    3.587840    3.593145    1.000000    1.000000    1.000000    3.030513    2.992373    2.823931
455    455    1527261345407880594    3.655981    3.587677    3.589476    1.000000    1.000000    1.000000    3.030052    2.992194    2.824017
456    456    1527261345687051846    3.655816    3.587753    3.582031    1.000000    1.000000    1.000000    3.029571    2.992186    2.814391
457    457    1527261345965740766    3.655666    3.587746    3.588230    1.000000    1.000000    1.000000    3.029105    2.992161    2.820460
458    458    1527261346245021309    3.655499    3.587567    3.580629    1.000000    1.000000    1.000000    3.028637    2.992087    2.818463
459    459    1527261346523611188    3.655353    3.587500    3.589506    1.000000    1.000000    1.000000    3.028175    2.991988    2.819912
460    460    1527261346802684982    3.655193    3.587520    3.583282    1.000000    1.000000    1.000000    3.027710    2.991972    2.818151
461    461    1527261347080902153    3.655059    3.587597    3.594314    1.000000    1.000000    1.000000    3.027269    2.991950    2.827324
462    462    1527261347359315448    3.654920    3.587529    3.591782    1.000000    1.000000    1.000000    3.026818    2.991802    2.821791
463    463    1527261347638648117    3.654755    3.587389    3.579961    1.000000    1.000000    1.000000    3.026348    2.991627    2.813581
464    464    1527261347917962702    3.654591    3.587186    3.580193    1.000000    1.000000    1.000000    3.025882    2.991360    2.813702
465    465    1527261348196722663    3.654444    3.587163    3.587316    1.000000    1.000000    1.000000    3.025431    2.991304    2.819896
466    466    1527261348475214625    3.654306    3.587219    3.590768    1.000000    1.000000    1.000000    3.024998    2.991397    2.826498
467    467    1527261348753951087    3.654160    3.587236    3.587618    1.000000    1.000000    1.000000    3.024571    2.935088    2.828909
468    468    1527261349032362132    3.654025    3.587312    3.591812    1.000000    1.000000    1.000000    3.024148    2.935229    2.829568
469    469    1527261349311521051    3.653869    3.587034    3.582189    1.000000    1.000000    1.000000    3.023699    2.934940    2.817316
470    470    1527261349591025177    3.653704    3.586783    3.577765    1.000000    1.000000    1.000000    3.023244    2.934674    2.813586
471    471    1527261349869474431    3.653570    3.586932    3.591319    1.000000    1.000000    1.000000    3.028909    2.991180    5.651805
472    472    1527261350149015432    3.653405    3.586730    3.577293    1.000000    1.000000    1.000000    3.028457    2.991089    2.819393
473    473    1527261350427344812    3.653275    3.586783    3.592865    1.000000    1.000000    1.000000    3.028022    2.991060    2.826004
474    474    1527261350706521230    3.653122    3.586689    3.581964    1.000000    1.000000    1.000000    3.027567    2.990882    2.816019
475    475    1527261350985218150    3.652983    3.586582    3.588127    1.000000    1.000000    1.000000    3.027133    2.990795    2.824714
476    476    1527261351264334611    3.652833    3.586575    3.582734    1.000000    1.000000    1.000000    3.026686    2.990738    2.817913
477    477    1527261351542814781    3.652701    3.586792    3.590920    1.000000    1.000000    1.000000    3.026258    2.990880    2.825706
478    478    1527261351822274199    3.652543    3.586655    3.578337    1.000000    1.000000    1.000000    3.025813    2.990832    2.817207
479    479    1527261352101815075    3.652383    3.586608    3.577294    1.000000    1.000000    1.000000    3.025366    2.990786    2.815842
480    480    1527261352380362954    3.652251    3.586512    3.590047    1.000000    1.000000    1.000000    3.024947    2.990813    2.827173
481    481    1527261352659856205    3.652093    3.586296    3.577904    1.000000    1.000000    1.000000    3.024501    2.990681    2.814336
482    482    1527261352938917416    3.651949    3.586226    3.583443    1.000000    1.000000    1.000000    3.024057    2.990478    2.814017
483    483    1527261353217280420    3.651824    3.586264    3.592431    1.000000    1.000000    1.000000    3.023642    2.990480    2.826579
484    484    1527261353496584713    3.651673    3.586315    3.580324    1.000000    1.000000    1.000000    3.023202    2.990529    2.814482
485    485    1527261353776294131    3.651512    3.585911    3.575139    1.000000    1.000000    1.000000    3.022761    2.933727    2.813023
486    486    1527261354056431214    3.651341    3.585689    3.569681    1.000000    1.000000    1.000000    3.022331    2.933722    2.818409
487    487    1527261354334996051    3.651212    3.585978    3.589829    1.000000    1.000000    1.000000    3.021964    2.934367    2.846214
488    488    1527261354615039675    3.651044    3.585625    3.570872    1.000000    1.000000    1.000000    3.027402    2.990566    5.622460
489    489    1527261354893911678    3.650909    3.585550    3.585874    1.000000    1.000000    1.000000    3.026988    2.990677    2.828201
490    490    1527261355172447557    3.650783    3.585505    3.590202    1.000000    1.000000    1.000000    3.026577    2.990679    2.828458
491    491    1527261355451087560    3.650655    3.585560    3.588860    1.000000    1.000000    1.000000    3.026168    2.990759    2.828765
492    492    1527261355730360187    3.650511    3.585422    3.580730    1.000000    1.000000    1.000000    3.025734    2.990661    2.816481
493    493    1527261356008463275    3.650398    3.585614    3.595789    1.000000    1.000000    1.000000    3.025334    2.990920    2.831037
494    494    1527261356286750946    3.650281    3.585838    3.593404    1.000000    1.000000    1.000000    3.024924    2.991122    2.825414
495    495    1527261356565306367    3.650157    3.585946    3.589950    1.000000    1.000000    1.000000    3.024519    2.991235    2.827613
496    496    1527261356843507163    3.650044    3.586166    3.594526    1.000000    1.000000    1.000000    3.024117    2.991443    2.827738
497    497    1527261357122155624    3.649919    3.586012    3.588751    1.000000    1.000000    1.000000    3.023709    2.991360    2.823992
498    498    1527261357400999502    3.649789    3.585943    3.586236    1.000000    1.000000    1.000000    3.023301    2.991339    2.823878
499    499    1527261357680475379    3.649643    3.585720    3.578126    1.000000    1.000000    1.000000    3.022873    2.991155    2.813391
