Beat    Tag    Timestamp    Global_Rate    Window_Rate    Instant_Rate    Global_Accuracy    Window_Accuracy    Instant_Accuracy    Global_Power    Window_Power    Instant_Power
0    0    1527260555089665842    0.000000    0.000000    0.000000    1.000000    1.000000    1.000000    0.000000    0.000000    0.000000
1    1    1527260555390915746    6.639006    3.319503    3.319503    1.000000    1.000000    1.000000    3.647739    3.647739    3.647739
2    2    1527260555690666655    4.991674    3.327782    3.336103    1.000000    1.000000    1.000000    3.545451    3.545451    3.442652
3    3    1527260555990902895    4.438344    3.328758    3.330711    1.000000    1.000000    1.000000    3.544983    3.544983    3.544046
4    4    1527260556290531304    4.163664    3.330931    3.337467    1.000000    1.000000    1.000000    3.557040    3.557040    3.593307
5    5    1527260556591514251    3.995077    3.329231    3.322447    1.000000    1.000000    1.000000    4.295843    4.295843    7.243527
6    6    1527260556890970035    3.886073    3.330920    3.339391    1.000000    1.000000    1.000000    4.194130    4.194130    3.684013
7    7    1527260557191193359    3.806755    3.330910    3.330854    1.000000    1.000000    1.000000    4.123953    4.123953    3.702897
8    8    1527260557491730723    3.746776    3.330468    3.327373    1.000000    1.000000    1.000000    4.073487    4.073487    3.720602
9    9    1527260557793566960    3.698360    3.328524    3.313055    1.000000    1.000000    1.000000    4.034722    4.034722    3.726223
10    10    1527260558094724198    3.660495    3.327723    3.320525    1.000000    1.000000    1.000000    4.007388    4.007388    3.761972
11    11    1527260558394679522    3.630847    3.328277    3.333830    1.000000    1.000000    1.000000    3.987502    3.987502    3.788281
12    12    1527260558694747180    3.606021    3.328635    3.332582    1.000000    1.000000    1.000000    4.290882    4.290882    7.632372
13    13    1527260558995353461    3.584516    3.328479    3.326610    1.000000    1.000000    1.000000    4.252691    4.252691    3.794681
14    14    1527260559295419160    3.566543    3.328773    3.332604    1.000000    1.000000    1.000000    4.220303    4.220303    3.798741
15    15    1527260559595717484    3.550780    3.328856    3.330022    1.000000    1.000000    1.000000    4.194177    4.194177    3.828266
16    16    1527260559895751183    3.537182    3.329113    3.332959    1.000000    1.000000    1.000000    4.172432    4.172432    3.845858
17    17    1527260560196836088    3.524457    3.328653    3.321322    1.000000    1.000000    1.000000    4.153354    4.153354    3.848818
18    18    1527260560496991912    3.513751    3.328817    3.331603    1.000000    1.000000    1.000000    4.137618    4.137618    3.869867
19    19    1527260560798166817    3.503547    3.328369    3.320330    1.000000    1.000000    1.000000    4.327804    4.327804    7.742425
20    20    1527260561099605304    3.494212    3.327821    3.317426    1.000000    1.000000    1.000000    4.304651    4.304651    3.866195
21    21    1527260561400782500    3.485912    3.327462    3.320305    1.000000    1.000000    1.000000    4.285181    4.285181    3.896670
22    22    1527260561701042616    3.478852    3.327597    3.330446    1.000000    1.000000    1.000000    4.267671    4.267671    3.899615
23    23    1527260562002482603    3.471812    3.327153    3.317410    1.000000    1.000000    1.000000    4.251158    4.251158    3.888996
24    24    1527260562302538886    3.466025    3.327384    3.332708    1.000000    1.000000    1.000000    4.236757    4.236757    3.904974
25    25    1527260562603770082    3.460160    3.327077    3.319709    1.000000    1.000000    1.000000    4.222485    4.222485    3.880760
26    26    1527260562904728071    3.454867    3.326909    3.322723    1.000000    1.000000    1.000000    4.359707    4.359707    7.785751
27    27    1527260563205114894    3.450210    3.326988    3.329041    1.000000    1.000000    1.000000    4.342971    4.342971    3.907575
28    28    1527260563505674884    3.445814    3.326993    3.327123    1.000000    1.000000    1.000000    4.327653    4.327653    3.914041
29    29    1527260563805676291    3.441942    3.327210    3.333318    1.000000    1.000000    1.000000    4.314096    4.314096    3.933785
30    30    1527260564105940115    3.438227    3.327317    3.330405    1.000000    1.000000    1.000000    4.300869    4.300869    3.916919
31    31    1527260564407349811    3.434330    3.327007    3.317743    1.000000    1.000000    1.000000    4.288302    4.288302    3.912376
32    32    1527260564707951092    3.430965    3.326996    3.326666    1.000000    1.000000    1.000000    4.276678    4.276678    3.916361
33    33    1527260565009210955    3.427577    3.326765    3.319393    1.000000    1.000000    1.000000    4.386072    4.386072    7.878670
34    34    1527260565310030569    3.424535    3.326691    3.324251    1.000000    1.000000    1.000000    4.373179    4.373179    3.948044
35    35    1527260565610846641    3.421669    3.326623    3.324290    1.000000    1.000000    1.000000    4.360226    4.360226    3.920160
36    36    1527260565911125881    3.419132    3.326723    3.330234    1.000000    1.000000    1.000000    4.348588    4.348588    3.940785
37    37    1527260566210990956    3.416859    3.326942    3.334833    1.000000    1.000000    1.000000    4.337319    4.337319    3.930671
38    38    1527260566512231444    3.414294    3.326748    3.319607    1.000000    1.000000    1.000000    4.326499    4.326499    3.927029
39    39    1527260566812276727    3.412209    3.326904    3.332830    1.000000    1.000000    1.000000    4.316370    4.316370    3.930760
40    40    1527260567112831341    3.410084    3.326911    3.327182    1.000000    1.000000    1.000000    4.306430    4.306430    3.918762
41    41    1527260567413300498    3.408085    3.326941    3.328129    1.000000    1.000000    1.000000    4.394118    4.394118    7.902924
42    42    1527260567713587821    3.406231    3.327017    3.330144    1.000000    1.000000    1.000000    4.384109    4.384109    3.973341
43    43    1527260568014262394    3.404362    3.326990    3.325855    1.000000    1.000000    1.000000    4.374677    4.374677    3.978670
44    44    1527260568314164385    3.402776    3.327158    3.334423    1.000000    1.000000    1.000000    4.365752    4.365752    3.981104
45    45    1527260568614855875    3.401061    3.327125    3.325668    1.000000    1.000000    1.000000    4.356979    4.356979    3.971143
46    46    1527260568915794280    3.399361    3.327034    3.322939    1.000000    1.000000    1.000000    4.347961    4.347961    3.942641
47    47    1527260569216498853    3.397789    3.327002    3.325523    1.000000    1.000000    1.000000    4.339548    4.339548    3.952747
48    48    1527260569517472466    3.396220    3.326909    3.322550    1.000000    1.000000    1.000000    4.412968    4.412968    7.859068
49    49    1527260569817991123    3.394819    3.326923    3.327580    1.000000    1.000000    1.000000    4.403500    4.403500    3.948959
50    50    1527260570117416740    3.393721    3.327178    3.339728    1.000000    1.000000    1.000000    4.395005    4.395005    3.977148
51    51    1527260570418109854    3.392386    3.327301    3.325650    1.000000    1.000000    1.000000    4.386509    4.401319    3.961916
52    52    1527260570718470678    3.391174    3.327166    3.329329    1.000000    1.000000    1.000000    4.377849    4.411139    3.935906
53    53    1527260571018331794    3.390114    3.327249    3.334877    1.000000    1.000000    1.000000    4.369990    4.419468    3.960353
54    54    1527260571318639034    3.389001    3.327099    3.329923    1.000000    1.000000    1.000000    4.362425    4.426781    3.961157
55    55    1527260571619703356    3.387772    3.327081    3.321549    1.000000    1.000000    1.000000    4.427723    4.440903    7.947657
56    56    1527260571921924675    3.386355    3.326468    3.308833    1.000000    1.000000    1.000000    4.419445    4.446446    3.966663
57    57    1527260572222075540    3.385397    3.326485    3.331658    1.000000    1.000000    1.000000    4.411673    4.451900    3.975831
58    58    1527260572522796821    3.384361    3.326444    3.325338    1.000000    1.000000    1.000000    4.404078    4.456909    3.971385
59    59    1527260572822714688    3.383513    3.326869    3.334246    1.000000    1.000000    1.000000    4.396655    4.461771    3.965196
60    60    1527260573123750926    3.382484    3.326895    3.321859    1.000000    1.000000    1.000000    4.389596    4.466019    3.973771
61    61    1527260573423283168    3.381766    3.326989    3.338539    1.000000    1.000000    1.000000    4.383363    4.470419    4.008076
62    62    1527260573723670658    3.380916    3.326918    3.329033    1.000000    1.000000    1.000000    4.441498    4.477628    7.989687
63    63    1527260574023795316    3.380140    3.327025    3.331949    1.000000    1.000000    1.000000    4.434421    4.481650    3.995017
64    64    1527260574324253889    3.379329    3.326938    3.328246    1.000000    1.000000    1.000000    4.427638    4.485659    4.000175
65    65    1527260574625264002    3.378448    3.326780    3.322148    1.000000    1.000000    1.000000    4.421139    4.489185    4.005859
66    66    1527260574925184244    3.377779    3.326805    3.334220    1.000000    1.000000    1.000000    4.414946    4.492497    4.011593
67    67    1527260575226237024    3.376940    3.326813    3.321677    1.000000    1.000000    1.000000    4.408652    4.495406    3.993951
68    68    1527260575527483803    3.376094    3.326571    3.319538    1.000000    1.000000    1.000000    4.402771    4.498161    4.009616
69    69    1527260575827676294    3.375444    3.326789    3.331196    1.000000    1.000000    1.000000    4.397253    4.423631    4.021570
70    70    1527260576127796784    3.374825    3.327080    3.331995    1.000000    1.000000    1.000000    4.448231    4.505651    7.970799
71    71    1527260576428224066    3.374174    3.327246    3.328593    1.000000    1.000000    1.000000    4.441622    4.507322    3.978780
72    72    1527260576727396726    3.373736    3.327487    3.342551    1.000000    1.000000    1.000000    4.435330    4.509097    3.986551
73    73    1527260577027975340    3.373095    3.327678    3.326917    1.000000    1.000000    1.000000    4.429222    4.511145    3.989559
74    74    1527260577329591702    3.372313    3.327332    3.315470    1.000000    1.000000    1.000000    4.423160    4.512632    3.982214
75    75    1527260577631261064    3.371545    3.327235    3.314888    1.000000    1.000000    1.000000    4.417099    4.514410    3.970261
76    76    1527260577932178803    3.370908    3.327244    3.323167    1.000000    1.000000    1.000000    4.411456    4.438368    3.988745
77    77    1527260578232170377    3.370422    3.327332    3.333427    1.000000    1.000000    1.000000    4.457782    4.519786    7.985204
78    78    1527260578532907033    3.369841    3.327293    3.325168    1.000000    1.000000    1.000000    4.452286    4.522087    4.029369
79    79    1527260578832642316    3.369417    3.327352    3.336277    1.000000    1.000000    1.000000    4.446971    4.524042    4.031317
80    80    1527260579134970052    3.368641    3.326895    3.307669    1.000000    1.000000    1.000000    4.440975    4.525029    3.970086
81    81    1527260579434811626    3.368228    3.327242    3.335095    1.000000    1.000000    1.000000    4.435475    4.526728    3.994359
82    82    1527260579735973823    3.367644    3.327118    3.320470    1.000000    1.000000    1.000000    4.429698    4.527634    3.962682
83    83    1527260580036500146    3.367161    3.327280    3.327496    1.000000    1.000000    1.000000    4.424340    4.449601    3.984939
84    84    1527260580337144177    3.366673    3.327319    3.326193    1.000000    1.000000    1.000000    4.466648    4.530218    7.977265
85    85    1527260580637986416    3.366170    3.327313    3.324001    1.000000    1.000000    1.000000    4.460957    4.531483    3.983380
86    86    1527260580939195112    3.365632    3.327107    3.319957    1.000000    1.000000    1.000000    4.455339    4.532208    3.978806
87    87    1527260581239702477    3.365196    3.326965    3.327705    1.000000    1.000000    1.000000    4.450062    4.533493    3.996182
88    88    1527260581540296591    3.364759    3.327108    3.326745    1.000000    1.000000    1.000000    4.445123    4.535287    4.015451
89    89    1527260581840667665    3.364360    3.327036    3.329215    1.000000    1.000000    1.000000    4.440041    4.536509    3.992552
90    90    1527260582140654489    3.364018    3.327162    3.333480    1.000000    1.000000    1.000000    4.435501    4.538765    4.030587
91    91    1527260582441340104    3.363597    3.327114    3.325733    1.000000    1.000000    1.000000    4.475639    4.542489    8.086659
92    92    1527260582741589677    3.363238    3.327122    3.330563    1.000000    1.000000    1.000000    4.470472    4.543019    3.999766
93    93    1527260583041959959    3.362872    3.327190    3.329224    1.000000    1.000000    1.000000    4.465586    4.543772    4.015757
94    94    1527260583342044158    3.362549    3.327149    3.332398    1.000000    1.000000    1.000000    4.460595    4.544057    3.995725
95    95    1527260583643108397    3.362116    3.327067    3.321550    1.000000    1.000000    1.000000    4.455602    4.544360    3.987016
96    96    1527260583943629095    3.361757    3.327159    3.327558    1.000000    1.000000    1.000000    4.450890    4.545589    4.003238
97    97    1527260584244124459    3.361407    3.327206    3.327838    1.000000    1.000000    1.000000    4.446247    4.546550    4.000378
98    98    1527260584543763076    3.361162    3.327501    3.337354    1.000000    1.000000    1.000000    4.482661    4.549579    8.025725
99    99    1527260584843934442    3.360862    3.327578    3.331430    1.000000    1.000000    1.000000    4.478000    4.551024    4.020617
100    100    1527260585138270947    3.361221    3.328706    3.397472    1.000000    1.000000    1.000000    4.474228    4.553488    4.092965
101    101    1527260585432172912    3.361621    3.330211    3.402495    1.000000    1.000000    1.000000    4.470978    4.557215    4.138635
102    102    1527260585725514587    3.362074    3.331769    3.408994    1.000000    1.000000    1.000000    4.467811    4.561499    4.140230
103    103    1527260586019371177    3.362463    3.333102    3.403021    1.000000    1.000000    1.000000    4.464745    4.565360    4.145144
104    104    1527260586313789057    3.362785    3.334411    3.396533    1.000000    1.000000    1.000000    4.461441    4.568605    4.114363
105    105    1527260586608633727    3.363054    3.335795    3.391616    1.000000    1.000000    1.000000    4.458017    4.491425    4.095373
106    106    1527260586903673606    3.363298    3.337394    3.389372    1.000000    1.000000    1.000000    4.454569    4.494032    4.086237
107    107    1527260587198265611    3.363585    3.338633    3.394525    1.000000    1.000000    1.000000    4.488789    4.577009    8.184374
108    108    1527260587492403325    3.363913    3.340101    3.399768    1.000000    1.000000    1.000000    4.485285    4.579856    4.102697
109    109    1527260587786760830    3.364213    3.341342    3.397230    1.000000    1.000000    1.000000    4.481903    4.582925    4.109598
110    110    1527260588079579673    3.364665    3.343178    3.415081    1.000000    1.000000    1.000000    4.478864    4.586506    4.139590
111    111    1527260588374063761    3.364940    3.344307    3.395769    1.000000    1.000000    1.000000    4.475677    4.588879    4.118623
112    112    1527260588669014807    3.365164    3.345524    3.390393    1.000000    1.000000    1.000000    4.472358    4.510835    4.097839
113    113    1527260588963638728    3.365416    3.346755    3.394158    1.000000    1.000000    1.000000    4.469313    4.513533    4.122235
114    114    1527260589258313107    3.365659    3.348052    3.393576    1.000000    1.000000    1.000000    4.466393    4.516310    4.130793
115    115    1527260589552744863    3.365921    3.349527    3.396373    1.000000    1.000000    1.000000    4.463557    4.519069    4.134333
116    116    1527260589846924452    3.366203    3.350816    3.399284    1.000000    1.000000    1.000000    4.495844    4.603381    8.278304
117    117    1527260590142587579    3.366339    3.352026    3.382228    1.000000    1.000000    1.000000    4.492762    4.606307    4.130464
118    118    1527260590436977792    3.366593    3.353568    3.396852    1.000000    1.000000    1.000000    4.489592    4.608606    4.112110
119    119    1527260590731168381    3.366861    3.354918    3.399157    1.000000    1.000000    1.000000    4.486568    4.610850    4.123310
120    120    1527260591024775847    3.367180    3.356385    3.405908    1.000000    1.000000    1.000000    4.483743    4.533895    4.140811
121    121    1527260591318569812    3.367477    3.357880    3.403746    1.000000    1.000000    1.000000    4.480831    4.537021    4.124642
122    122    1527260591614027814    3.367615    3.358718    3.384576    1.000000    1.000000    1.000000    4.477633    4.539122    4.085494
123    123    1527260591908088320    3.367879    3.360189    3.400661    1.000000    1.000000    1.000000    4.474580    4.541452    4.095324
124    124    1527260592201780494    3.368172    3.361980    3.404926    1.000000    1.000000    1.000000    4.504020    4.624938    8.194699
125    125    1527260592496800248    3.368341    3.363484    3.389604    1.000000    1.000000    1.000000    4.500818    4.627767    4.098054
126    126    1527260592792674624    3.368431    3.364625    3.379813    1.000000    1.000000    1.000000    4.497635    4.630105    4.095285
127    127    1527260593087321045    3.368629    3.365836    3.393898    1.000000    1.000000    1.000000    4.494616    4.552000    4.108253
128    128    1527260593381363927    3.368876    3.367353    3.400865    1.000000    1.000000    1.000000    4.491939    4.554545    4.146025
129    129    1527260593676274972    3.369044    3.368448    3.390853    1.000000    1.000000    1.000000    4.489426    4.557334    4.163147
130    130    1527260593971957432    3.369143    3.369956    3.382006    1.000000    1.000000    1.000000    4.486580    4.560488    4.115111
131    131    1527260594264917316    3.369474    3.371520    3.413437    1.000000    1.000000    1.000000    4.484225    4.564255    4.171755
132    132    1527260594559382655    3.369672    3.373043    3.395985    1.000000    1.000000    1.000000    4.481889    4.568665    4.171024
133    133    1527260594853001578    3.369939    3.374616    3.405775    1.000000    1.000000    1.000000    4.510386    4.655263    8.341063
134    134    1527260595147592625    3.370119    3.375995    3.394536    1.000000    1.000000    1.000000    4.507632    4.577499    4.135968
135    135    1527260595440665342    3.370425    3.377767    3.412122    1.000000    1.000000    1.000000    4.505034    4.581107    4.149902
136    136    1527260595735964053    3.370541    3.379116    3.386402    1.000000    1.000000    1.000000    4.502271    4.584259    4.124684
137    137    1527260596030898224    3.370685    3.380389    3.390587    1.000000    1.000000    1.000000    4.499488    4.586870    4.115973
138    138    1527260596325922852    3.370820    3.381663    3.389548    1.000000    1.000000    1.000000    4.496732    4.589059    4.114379
139    139    1527260596621843479    3.370880    3.382681    3.379285    1.000000    1.000000    1.000000    4.493964    4.591554    4.108244
140    140    1527260596915501194    3.371122    3.384130    3.405325    1.000000    1.000000    1.000000    4.491583    4.594262    4.154738
141    141    1527260597209803533    3.371309    3.385592    3.397866    1.000000    1.000000    1.000000    4.489080    4.513973    4.133362
142    142    1527260597503509165    3.371541    3.387093    3.404770    1.000000    1.000000    1.000000    4.515473    4.599769    8.300535
143    143    1527260597798282586    3.371685    3.388378    3.392436    1.000000    1.000000    1.000000    4.512806    4.602254    4.129053
144    144    1527260598093385214    3.371801    3.389522    3.388652    1.000000    1.000000    1.000000    4.510158    4.605083    4.126924
145    145    1527260598386569139    3.372066    3.391334    3.410828    1.000000    1.000000    1.000000    4.507769    4.608800    4.157298
146    146    1527260598680933353    3.372235    3.392751    3.397152    1.000000    1.000000    1.000000    4.505364    4.612018    4.151663
147    147    1527260598975731315    3.372369    3.394063    3.392154    1.000000    1.000000    1.000000    4.502944    4.615150    4.145073
148    148    1527260599270788194    3.372481    3.395119    3.389177    1.000000    1.000000    1.000000    4.500712    4.536814    4.168769
149    149    1527260599565394032    3.372626    3.396402    3.394366    1.000000    1.000000    1.000000    4.498501    4.539936    4.166873
150    150    1527260599859932037    3.372774    3.396356    3.395148    1.000000    1.000000    1.000000    4.523531    4.624164    8.303153
151    151    1527260600153624543    3.372984    3.396404    3.404922    1.000000    1.000000    1.000000    4.521071    4.624318    4.146013
152    152    1527260600449110713    3.373057    3.395909    3.384253    1.000000    1.000000    1.000000    4.518449    4.623814    4.118609
153    153    1527260600743323468    3.373224    3.395828    3.398901    1.000000    1.000000    1.000000    4.515955    4.623528    4.131425
154    154    1527260601037862431    3.373364    3.395799    3.395137    1.000000    1.000000    1.000000    4.513490    4.623866    4.131467
155    155    1527260601331963437    3.373535    3.395971    3.400192    1.000000    1.000000    1.000000    4.511286    4.625322    4.166943
156    156    1527260601626718692    3.373656    3.396037    3.392645    1.000000    1.000000    1.000000    4.509080    4.626870    4.163054
157    157    1527260601920825489    3.373822    3.396148    3.400125    1.000000    1.000000    1.000000    4.506804    4.546094    4.146674
158    158    1527260602215650035    3.373935    3.395990    3.391848    1.000000    1.000000    1.000000    4.504426    4.546554    4.126695
159    159    1527260602509138501    3.374141    3.396191    3.407289    1.000000    1.000000    1.000000    4.528030    4.630476    8.318157
160    160    1527260602803695131    3.374270    3.395790    3.394933    1.000000    1.000000    1.000000    4.525664    4.630520    4.144687
161    161    1527260603097685595    3.374436    3.395903    3.401471    1.000000    1.000000    1.000000    4.523328    4.631048    4.144172
162    162    1527260603392768599    3.374524    3.395873    3.388877    1.000000    1.000000    1.000000    4.520937    4.631726    4.131939
163    163    1527260603688251018    3.374584    3.395675    3.384296    1.000000    1.000000    1.000000    4.518492    4.631629    4.118847
164    164    1527260603983485771    3.374660    3.395546    3.387135    1.000000    1.000000    1.000000    4.516125    4.631522    4.126415
165    165    1527260604277261403    3.374835    3.395697    3.403958    1.000000    1.000000    1.000000    4.513800    4.631395    4.126871
166    166    1527260604571391159    3.374983    3.395709    3.399860    1.000000    1.000000    1.000000    4.511505    4.548474    4.127811
167    167    1527260604865479706    3.375133    3.396072    3.400336    1.000000    1.000000    1.000000    4.509270    4.548572    4.133150
168    168    1527260605159588004    3.375280    3.396137    3.400108    1.000000    1.000000    1.000000    4.531421    4.631848    8.280338
169    169    1527260605454359050    3.375380    3.396003    3.392463    1.000000    1.000000    1.000000    4.528946    4.631533    4.108582
170    170    1527260605748104348    3.375548    3.395971    3.404310    1.000000    1.000000    1.000000    4.526552    4.631036    4.116127
171    171    1527260606042683228    3.375659    3.395790    3.394676    1.000000    1.000000    1.000000    4.524257    4.631106    4.129492
172    172    1527260606336056778    3.375847    3.396271    3.408624    1.000000    1.000000    1.000000    4.522189    4.632729    4.163047
173    173    1527260606630809740    3.375944    3.396111    3.392672    1.000000    1.000000    1.000000    4.519974    4.633495    4.134869
174    174    1527260606924074790    3.376136    3.396210    3.409885    1.000000    1.000000    1.000000    4.517836    4.552664    4.142072
175    175    1527260607218631045    3.376242    3.396317    3.394937    1.000000    1.000000    1.000000    4.515662    4.553381    4.133173
176    176    1527260607511141805    3.376479    3.397093    3.418678    1.000000    1.000000    1.000000    4.513828    4.555305    4.186831
177    177    1527260607804227938    3.376676    3.397453    3.411966    1.000000    1.000000    1.000000    4.535287    4.640296    8.373555
178    178    1527260608098585860    3.376790    3.397380    3.397225    1.000000    1.000000    1.000000    4.533350    4.641093    4.186427
179    179    1527260608392987616    3.376900    3.397498    3.396719    1.000000    1.000000    1.000000    4.531355    4.641290    4.172163
180    180    1527260608688738409    3.376924    3.397482    3.381225    1.000000    1.000000    1.000000    4.529127    4.641537    4.127512
181    181    1527260608983124831    3.377033    3.397153    3.396896    1.000000    1.000000    1.000000    4.527050    4.641034    4.148860
182    182    1527260609277734127    3.377127    3.397120    3.394326    1.000000    1.000000    1.000000    4.524961    4.640467    4.142938
183    183    1527260609572018633    3.377240    3.396966    3.398072    1.000000    1.000000    1.000000    4.522848    4.556513    4.133653
184    184    1527260609866813387    3.377321    3.396919    3.392191    1.000000    1.000000    1.000000    4.520797    4.556626    4.141855
185    185    1527260610160110937    3.377492    3.396867    3.409507    1.000000    1.000000    1.000000    4.540949    4.639406    8.304641
186    186    1527260610453713527    3.377643    3.397259    3.405965    1.000000    1.000000    1.000000    4.538917    4.640123    4.157668
187    187    1527260610748598406    3.377715    3.397270    3.391154    1.000000    1.000000    1.000000    4.536907    4.640999    4.159569
188    188    1527260611043585326    3.377779    3.397279    3.389981    1.000000    1.000000    1.000000    4.534656    4.640909    4.109843
189    189    1527260611338984871    3.377819    3.397399    3.385246    1.000000    1.000000    1.000000    4.532346    4.640658    4.094786
190    190    1527260611633710959    3.377898    3.397152    3.392981    1.000000    1.000000    1.000000    4.530226    4.640041    4.125678
191    191    1527260611928003922    3.378002    3.397155    3.397975    1.000000    1.000000    1.000000    4.528293    4.640511    4.156885
192    192    1527260612223146134    3.378054    3.396823    3.388197    1.000000    1.000000    1.000000    4.526331    4.557618    4.148587
193    193    1527260612517018849    3.378181    3.397031    3.402834    1.000000    1.000000    1.000000    4.524474    4.558331    4.163466
194    194    1527260612811416979    3.378276    3.397193    3.396761    1.000000    1.000000    1.000000    4.544025    4.642980    8.357777
195    195    1527260613104942361    3.378421    3.397115    3.406860    1.000000    1.000000    1.000000    4.542166    4.643351    4.176446
196    196    1527260613398417952    3.378567    3.397320    3.407438    1.000000    1.000000    1.000000    4.540281    4.643702    4.167808
197    197    1527260613692631458    3.378669    3.397455    3.398892    1.000000    1.000000    1.000000    4.538369    4.644009    4.159411
198    198    1527260613985910008    3.378823    3.397865    3.409728    1.000000    1.000000    1.000000    4.536509    4.643988    4.164877
199    199    1527260614279852972    3.378938    3.398018    3.402021    1.000000    1.000000    1.000000    4.534656    4.643940    4.163359
200    200    1527260614573867395    3.379048    3.398139    3.401194    1.000000    1.000000    1.000000    4.532871    4.561290    4.173462
201    201    1527260614867595610    3.379174    3.398131    3.404508    1.000000    1.000000    1.000000    4.531172    4.562110    4.187146
202    202    1527260615160998910    3.379316    3.398612    3.408278    1.000000    1.000000    1.000000    4.529462    4.563418    4.181050
203    203    1527260615453685253    3.379497    3.398965    3.416627    1.000000    1.000000    1.000000    4.548083    4.647793    8.369858
204    204    1527260615746117555    3.379690    3.399452    3.419595    1.000000    1.000000    1.000000    4.546337    4.648949    4.185892
205    205    1527260616039688354    3.379818    3.399574    3.406333    1.000000    1.000000    1.000000    4.544455    4.648742    4.155699
206    206    1527260616332140697    3.380007    3.400106    3.419361    1.000000    1.000000    1.000000    4.542758    4.649334    4.188994
207    207    1527260616624538666    3.380197    3.400501    3.419996    1.000000    1.000000    1.000000    4.541054    4.650137    4.184095
208    208    1527260616918065548    3.380324    3.400802    3.406843    1.000000    1.000000    1.000000    4.539265    4.650935    4.164368
209    209    1527260617211322764    3.380464    3.400855    3.409976    1.000000    1.000000    1.000000    4.537641    4.568636    4.195075
210    210    1527260617504975563    3.380581    3.401064    3.405382    1.000000    1.000000    1.000000    4.535988    4.569496    4.186437
211    211    1527260617798671612    3.380695    3.401133    3.404881    1.000000    1.000000    1.000000    4.534442    4.570737    4.205821
212    212    1527260618090932039    3.380884    3.401786    3.421606    1.000000    1.000000    1.000000    4.552313    4.655424    8.386743
213    213    1527260618383407549    3.381061    3.402482    3.419090    1.000000    1.000000    1.000000    4.550621    4.656875    4.186214
214    214    1527260618676837807    3.381185    3.402900    3.407965    1.000000    1.000000    1.000000    4.548883    4.657891    4.174065
215    215    1527260618970734772    3.381283    3.402871    3.402553    1.000000    1.000000    1.000000    4.547098    4.658565    4.160785
216    216    1527260619262874158    3.381473    3.403332    3.423024    1.000000    1.000000    1.000000    4.545343    4.659311    4.161709
217    217    1527260619555824750    3.381619    3.403596    3.413545    1.000000    1.000000    1.000000    4.543699    4.660355    4.183449
218    218    1527260619848425301    3.381782    3.403945    3.417629    1.000000    1.000000    1.000000    4.542002    4.578069    4.168140
219    219    1527260620140930395    3.381948    3.404471    3.418744    1.000000    1.000000    1.000000    4.540277    4.579135    4.158481
220    220    1527260620432848823    3.382143    3.404894    3.425615    1.000000    1.000000    1.000000    4.538613    4.580220    4.167784
221    221    1527260620725997289    3.382273    3.405226    3.411241    1.000000    1.000000    1.000000    4.555648    4.664580    8.352788
222    222    1527260621018330050    3.382444    3.405467    3.420759    1.000000    1.000000    1.000000    4.554090    4.665434    4.204151
223    223    1527260621311223351    3.382584    3.405898    3.414213    1.000000    1.000000    1.000000    4.552509    4.666737    4.196795
224    224    1527260621604627942    3.382698    3.405866    3.408263    1.000000    1.000000    1.000000    4.550920    4.667736    4.192300
225    225    1527260621896490162    3.382888    3.406491    3.426274    1.000000    1.000000    1.000000    4.549576    4.670021    4.243136
226    226    1527260622189660462    3.383011    3.406338    3.410987    1.000000    1.000000    1.000000    4.548102    4.670507    4.212272
227    227    1527260622482753637    3.383136    3.406337    3.411884    1.000000    1.000000    1.000000    4.546575    4.587111    4.196857
228    228    1527260622775382480    3.383284    3.406738    3.417298    1.000000    1.000000    1.000000    4.545075    4.587422    4.199665
229    229    1527260623068125947    3.383425    3.407123    3.415960    1.000000    1.000000    1.000000    4.543588    4.588021    4.199851
230    230    1527260623360656874    3.383575    3.407871    3.418442    1.000000    1.000000    1.000000    4.560076    4.673139    8.391537
231    231    1527260623654787922    3.383645    3.407930    3.399845    1.000000    1.000000    1.000000    4.558348    4.673319    4.157385
232    232    1527260623947072224    3.383804    3.408470    3.421326    1.000000    1.000000    1.000000    4.556776    4.674298    4.187868
233    233    1527260624239663192    3.383948    3.408864    3.417740    1.000000    1.000000    1.000000    4.555209    4.675413    4.186401
234    234    1527260624532127785    3.384097    3.409405    3.419217    1.000000    1.000000    1.000000    4.553631    4.676272    4.180691
235    235    1527260624826135667    3.384169    3.409240    3.401269    1.000000    1.000000    1.000000    4.552021    4.593595    4.171701
236    236    1527260625120191839    3.384238    3.409135    3.400711    1.000000    1.000000    1.000000    4.550478    4.594119    4.184469
237    237    1527260625413755305    3.384331    3.409442    3.406418    1.000000    1.000000    1.000000    4.548839    4.594126    4.157949
238    238    1527260625707249229    3.384426    3.409789    3.407226    1.000000    1.000000    1.000000    4.547238    4.595249    4.163507
239    239    1527260626001028861    3.384507    3.410166    3.403912    1.000000    1.000000    1.000000    4.563010    4.680652    8.354323
240    240    1527260626294112494    3.384620    3.410548    3.411995    1.000000    1.000000    1.000000    4.561373    4.681503    4.165139
241    241    1527260626586600671    3.384760    3.410968    3.418942    1.000000    1.000000    1.000000    4.559853    4.682226    4.189882
242    242    1527260626880057429    3.384854    3.411360    3.407657    1.000000    1.000000    1.000000    4.558255    4.682696    4.169003
243    243    1527260627172766313    3.384982    3.411631    3.416364    1.000000    1.000000    1.000000    4.556785    4.683391    4.196193
244    244    1527260627466104904    3.385079    3.411877    3.409030    1.000000    1.000000    1.000000    4.555255    4.599488    4.179416
245    245    1527260627760720367    3.385117    3.411624    3.394255    1.000000    1.000000    1.000000    4.553597    4.598850    4.146262
246    246    1527260628053446502    3.385241    3.411798    3.416162    1.000000    1.000000    1.000000    4.552064    4.598944    4.171418
247    247    1527260628345760846    3.385384    3.412240    3.420975    1.000000    1.000000    1.000000    4.550586    4.599447    4.181745
248    248    1527260628638622063    3.385500    3.412338    3.414587    1.000000    1.000000    1.000000    4.565843    4.683750    8.382196
249    249    1527260628930930490    3.385641    3.412719    3.421044    1.000000    1.000000    1.000000    4.564299    4.684057    4.175863
250    250    1527260629223207542    3.385782    3.413123    3.421411    1.000000    1.000000    1.000000    4.562808    4.684368    4.185974
251    251    1527260629515863219    3.385905    3.413373    3.416985    1.000000    1.000000    1.000000    4.561395    4.684729    4.203414
252    252    1527260629808237104    3.386039    3.413613    3.420278    1.000000    1.000000    1.000000    4.560027    4.685379    4.211843
253    253    1527260630100919072    3.386159    3.413614    3.416678    1.000000    1.000000    1.000000    4.558608    4.601983    4.196347
254    254    1527260630394160038    3.386252    3.413425    3.410165    1.000000    1.000000    1.000000    4.557156    4.601955    4.185653
255    255    1527260630687328713    3.386348    3.413519    3.411006    1.000000    1.000000    1.000000    4.555730    4.602643    4.189459
256    256    1527260630980930596    3.386424    3.413251    3.405973    1.000000    1.000000    1.000000    4.554385    4.602997    4.208284
257    257    1527260631273934146    3.386526    3.413110    3.412928    1.000000    1.000000    1.000000    4.553080    4.603594    4.214823
258    258    1527260631566550947    3.386644    3.413322    3.417439    1.000000    1.000000    1.000000    4.567882    4.688668    8.421830
259    259    1527260631858920041    3.386773    3.413529    3.420334    1.000000    1.000000    1.000000    4.566549    4.689150    4.217727
260    260    1527260632151650467    3.386884    3.413744    3.416112    1.000000    1.000000    1.000000    4.565224    4.689812    4.217959
261    261    1527260632443964061    3.387013    3.414066    3.420984    1.000000    1.000000    1.000000    4.563817    4.689596    4.192710
262    262    1527260632737123653    3.387104    3.413857    3.411111    1.000000    1.000000    1.000000    4.562366    4.605609    4.179461
263    263    1527260633028771081    3.387260    3.414050    3.428798    1.000000    1.000000    1.000000    4.561045    4.606096    4.209466
264    264    1527260633321337841    3.387375    3.414251    3.418023    1.000000    1.000000    1.000000    4.559391    4.605016    4.118739
265    265    1527260633615026640    3.387441    3.414300    3.404965    1.000000    1.000000    1.000000    4.557575    4.603279    4.073860
266    266    1527260633906584194    3.387598    3.414435    3.429855    1.000000    1.000000    1.000000    4.555901    4.602167    4.104929
267    267    1527260634200784075    3.387640    3.414144    3.399050    1.000000    1.000000    1.000000    4.569150    4.681183    8.118599
268    268    1527260634494700873    3.387694    3.413837    3.402323    1.000000    1.000000    1.000000    4.567302    4.679165    4.069856
269    269    1527260634787340841    3.387803    3.413805    3.417168    1.000000    1.000000    1.000000    4.565518    4.677623    4.081575
270    270    1527260635080297891    3.387897    3.413563    3.413470    1.000000    1.000000    1.000000    4.563725    4.675750    4.075939
271    271    1527260635373238609    3.387991    3.413612    3.413660    1.000000    1.000000    1.000000    4.561970    4.590301    4.082857
272    272    1527260635667115448    3.388045    3.413252    3.402786    1.000000    1.000000    1.000000    4.560201    4.587705    4.076796
273    273    1527260635959170585    3.388175    3.413448    3.424011    1.000000    1.000000    1.000000    4.558524    4.585714    4.095829
274    274    1527260636252425218    3.388253    3.413483    3.410006    1.000000    1.000000    1.000000    4.556791    4.583449    4.078967
275    275    1527260636545602393    3.388335    3.413176    3.410907    1.000000    1.000000    1.000000    4.555095    4.580263    4.085448
276    276    1527260636838779068    3.388416    3.413175    3.410913    1.000000    1.000000    1.000000    4.568119    4.659807    8.186842
277    277    1527260637131907659    3.388498    3.413167    3.411472    1.000000    1.000000    1.000000    4.566427    4.657755    4.094370
278    278    1527260637425159292    3.388575    3.413021    3.410041    1.000000    1.000000    1.000000    4.564666    4.655180    4.072015
279    279    1527260637717800677    3.388676    3.413045    3.417152    1.000000    1.000000    1.000000    4.562960    4.652853    4.083182
280    280    1527260638012007974    3.388713    3.412655    3.398964    1.000000    1.000000    1.000000    4.561171    4.566276    4.058771
281    281    1527260638304716859    3.388810    3.412986    3.416364    1.000000    1.000000    1.000000    4.559465    4.564691    4.076046
282    282    1527260638596905870    3.388928    3.413008    3.422442    1.000000    1.000000    1.000000    4.557818    4.562716    4.088730
283    283    1527260638890876168    3.388973    3.412687    3.401704    1.000000    1.000000    1.000000    4.556081    4.560197    4.062618
284    284    1527260639182787221    3.389100    3.412816    3.425701    1.000000    1.000000    1.000000    4.554496    4.558594    4.099499
285    285    1527260639475898104    3.389178    3.413024    3.411678    1.000000    1.000000    1.000000    4.567016    4.638398    8.159155
286    286    1527260639768522614    3.389276    3.413358    3.417349    1.000000    1.000000    1.000000    4.565377    4.636609    4.092682
287    287    1527260640060251418    3.389408    3.413786    3.427841    1.000000    1.000000    1.000000    4.563782    4.635530    4.100802
288    288    1527260640352363470    3.389524    3.414108    3.423344    1.000000    1.000000    1.000000    4.562185    4.634258    4.097465
289    289    1527260640646187144    3.389572    3.414098    3.403402    1.000000    1.000000    1.000000    4.560504    4.548368    4.072718
290    290    1527260640938534112    3.389678    3.414269    3.420593    1.000000    1.000000    1.000000    4.558897    4.546858    4.088546
291    291    1527260641231887912    3.389743    3.414067    3.408853    1.000000    1.000000    1.000000    4.557224    4.544389    4.067689
292    292    1527260641524821212    3.389824    3.414190    3.413746    1.000000    1.000000    1.000000    4.555632    4.542773    4.087521
293    293    1527260641817539430    3.389914    3.414187    3.416255    1.000000    1.000000    1.000000    4.554074    4.540732    4.094091
294    294    1527260642109582233    3.390029    3.414490    3.424156    1.000000    1.000000    1.000000    4.566313    4.620966    8.200897
295    295    1527260642402210909    3.390120    3.414953    3.417300    1.000000    1.000000    1.000000    4.564648    4.619498    4.069557
296    296    1527260642695061794    3.390202    3.414924    3.414707    1.000000    1.000000    1.000000    4.562994    4.617459    4.069658
297    297    1527260642987547220    3.390298    3.414884    3.418974    1.000000    1.000000    1.000000    4.561377    4.615363    4.077109
298    298    1527260643280652937    3.390369    3.414827    3.411738    1.000000    1.000000    1.000000    4.559758    4.529189    4.074260
299    299    1527260643573450696    3.390452    3.414713    3.415327    1.000000    1.000000    1.000000    4.558155    4.527170    4.075448
300    300    1527260643874487560    3.390219    3.412671    3.321852    1.000000    1.000000    1.000000    4.556160    4.522524    3.969783
301    301    1527260644173590970    3.390062    3.411170    3.343325    1.000000    1.000000    1.000000    4.554226    4.517824    3.979978
302    302    1527260644474400625    3.389841    3.409208    3.324361    1.000000    1.000000    1.000000    4.552197    4.512305    3.951359
303    303    1527260644774234158    3.389658    3.407546    3.335184    1.000000    1.000000    1.000000    4.563529    4.588688    7.941944
304    304    1527260645074364941    3.389465    3.405947    3.331881    1.000000    1.000000    1.000000    4.561549    4.584084    3.969683
305    305    1527260645374417140    3.389277    3.404351    3.332753    1.000000    1.000000    1.000000    4.559586    4.579435    3.970962
306    306    1527260645674403214    3.389092    3.402872    3.333488    1.000000    1.000000    1.000000    4.557680    4.574698    3.984175
307    307    1527260645973989415    3.388923    3.401348    3.337937    1.000000    1.000000    1.000000    4.555831    4.570088    3.996523
308    308    1527260646274153989    3.388734    3.399602    3.331506    1.000000    1.000000    1.000000    4.553965    4.481595    3.988958
309    309    1527260646572990274    3.388596    3.398108    3.346314    1.000000    1.000000    1.000000    4.552107    4.476762    3.985443
310    310    1527260646873736597    3.388388    3.396258    3.325061    1.000000    1.000000    1.000000    4.563075    4.551825    7.899358
311    311    1527260647173239673    3.388226    3.394600    3.338864    1.000000    1.000000    1.000000    4.561147    4.547126    3.970216
312    312    1527260647473221705    3.388049    3.393028    3.333533    1.000000    1.000000    1.000000    4.559210    4.542585    3.964737
313    313    1527260647772252532    3.387907    3.391329    3.344137    1.000000    1.000000    1.000000    4.557321    4.537636    3.973691
314    314    1527260648071920149    3.387743    3.389697    3.337031    1.000000    1.000000    1.000000    4.555450    4.534550    3.976783
315    315    1527260648372029848    3.387564    3.388222    3.332115    1.000000    1.000000    1.000000    4.553546    4.532104    3.963427
316    316    1527260648671876423    3.387396    3.386320    3.335039    1.000000    1.000000    1.000000    4.551690    4.529216    3.974543
317    317    1527260648971401665    3.387240    3.385099    3.338617    1.000000    1.000000    1.000000    4.562586    4.527428    7.966617
318    318    1527260649272294904    3.387036    3.383501    3.323438    1.000000    1.000000    1.000000    4.560725    4.525389    3.980286
319    319    1527260649572146270    3.386871    3.381850    3.334986    1.000000    1.000000    1.000000    4.558892    4.523174    3.983073
320    320    1527260649872471677    3.386690    3.380166    3.329722    1.000000    1.000000    1.000000    4.556985    4.520538    3.957045
321    321    1527260650171822253    3.386545    3.378702    3.340565    1.000000    1.000000    1.000000    4.555107    4.517872    3.960447
322    322    1527260650471691203    3.386382    3.377334    3.334790    1.000000    1.000000    1.000000    4.553259    4.515474    3.967196
323    323    1527260650772360984    3.386192    3.375370    3.325908    1.000000    1.000000    1.000000    4.551366    4.512290    3.951022
324    324    1527260651072805474    3.386011    3.373733    3.328402    1.000000    1.000000    1.000000    4.549497    4.509550    3.954151
325    325    1527260651372341341    3.385864    3.372286    3.338498    1.000000    1.000000    1.000000    4.560111    4.587673    7.961484
326    326    1527260651672625123    3.385690    3.370670    3.330183    1.000000    1.000000    1.000000    4.558221    4.503671    3.952015
327    327    1527260651972111282    3.385546    3.369226    3.339052    1.000000    1.000000    1.000000    4.556391    4.500911    3.966280
328    328    1527260652272108065    3.385385    3.367695    3.333369    1.000000    1.000000    1.000000    4.554569    4.498580    3.966289
329    329    1527260652571921973    3.385231    3.366069    3.335402    1.000000    1.000000    1.000000    4.552749    4.495945    3.962575
330    330    1527260652871407882    3.385090    3.364873    3.339055    1.000000    1.000000    1.000000    4.551039    4.494496    3.994585
331    331    1527260653170844041    3.384951    3.363351    3.339610    1.000000    1.000000    1.000000    4.549352    4.492744    3.998478
332    332    1527260653470230117    3.384815    3.361723    3.340169    1.000000    1.000000    1.000000    4.559729    4.570460    7.959308
333    333    1527260653770437149    3.384651    3.360314    3.331035    1.000000    1.000000    1.000000    4.557927    4.568322    3.967226
334    334    1527260654069787308    3.384518    3.358635    3.340569    1.000000    1.000000    1.000000    4.556138    4.565413    3.966462
335    335    1527260654369212134    3.384383    3.357211    3.339736    1.000000    1.000000    1.000000    4.554353    4.482598    3.964177
336    336    1527260654669204167    3.384229    3.355551    3.333422    1.000000    1.000000    1.000000    4.552608    4.480040    3.975192
337    337    1527260654969485616    3.384067    3.353626    3.330209    1.000000    1.000000    1.000000    4.550806    4.476850    3.953225
338    338    1527260655269790773    3.383905    3.351784    3.329946    1.000000    1.000000    1.000000    4.549036    4.473885    3.960531
339    339    1527260655570895594    3.383717    3.350149    3.321103    1.000000    1.000000    1.000000    4.559106    4.551092    7.909315
340    340    1527260655870108837    3.383593    3.348609    3.342098    1.000000    1.000000    1.000000    4.557406    4.548837    3.986612
341    341    1527260656169380663    3.383468    3.347282    3.341444    1.000000    1.000000    1.000000    4.555762    4.547332    4.002081
342    342    1527260656468414490    3.383352    3.345915    3.344103    1.000000    1.000000    1.000000    4.554119    4.545368    3.998785
343    343    1527260656767387400    3.383239    3.344516    3.344785    1.000000    1.000000    1.000000    4.552453    4.543050    3.987612
344    344    1527260657066380686    3.383125    3.342961    3.344557    1.000000    1.000000    1.000000    4.550779    4.460397    3.981247
345    345    1527260657365944595    3.382994    3.341412    3.338186    1.000000    1.000000    1.000000    4.549088    4.458295    3.973569
346    346    1527260657665359504    3.382868    3.339947    3.339847    1.000000    1.000000    1.000000    4.547391    4.456089    3.967915
347    347    1527260657964741788    3.382744    3.338409    3.340211    1.000000    1.000000    1.000000    4.557266    4.533139    7.940386
348    348    1527260658264544279    3.382606    3.336917    3.335529    1.000000    1.000000    1.000000    4.555554    4.530812    3.968239
349    349    1527260658564832728    3.382454    3.335249    3.330131    1.000000    1.000000    1.000000    4.553811    4.528168    3.954787
350    350    1527260658865180010    3.382301    3.335403    3.329479    1.000000    1.000000    1.000000    4.552096    4.528027    3.961494
351    351    1527260659164917460    3.382168    3.335262    3.336253    1.000000    1.000000    1.000000    4.550408    4.527722    3.965877
352    352    1527260659463785079    3.382064    3.335694    3.345963    1.000000    1.000000    1.000000    4.548777    4.528383    3.980773
353    353    1527260659763526946    3.381933    3.335714    3.336204    1.000000    1.000000    1.000000    4.547154    4.449173    3.981890
354    354    1527260660062836813    3.381816    3.335897    3.341019    1.000000    1.000000    1.000000    4.557012    4.529777    8.004744
355    355    1527260660363576844    3.381655    3.335744    3.325131    1.000000    1.000000    1.000000    4.555325    4.529658    3.966313
356    356    1527260660663960293    3.381505    3.335656    3.329078    1.000000    1.000000    1.000000    4.553633    4.529172    3.960641
357    357    1527260660963478993    3.381384    3.335671    3.338690    1.000000    1.000000    1.000000    4.551961    4.528500    3.962781
358    358    1527260661263952441    3.381233    3.335602    3.328081    1.000000    1.000000    1.000000    4.550274    4.527823    3.955741
359    359    1527260661563964724    3.381098    3.335340    3.333197    1.000000    1.000000    1.000000    4.548618    4.527327    3.962758
360    360    1527260661862974301    3.380995    3.335726    3.344374    1.000000    1.000000    1.000000    4.547004    4.448594    3.972130
361    361    1527260662162468710    3.380877    3.335729    3.338960    1.000000    1.000000    1.000000    4.545420    4.448801    3.980545
362    362    1527260662461892452    3.380763    3.335853    3.339749    1.000000    1.000000    1.000000    4.554905    4.528370    7.946908
363    363    1527260662762329067    3.380617    3.335540    3.328489    1.000000    1.000000    1.000000    4.553306    4.528479    3.981765
364    364    1527260663061145603    3.380522    3.335729    3.346535    1.000000    1.000000    1.000000    4.551777    4.528991    4.000900
365    365    1527260663362243383    3.380357    3.335510    3.321180    1.000000    1.000000    1.000000    4.550151    4.529030    3.967200
366    366    1527260663662277999    3.380226    3.335468    3.332949    1.000000    1.000000    1.000000    4.548593    4.529254    3.986060
367    367    1527260663963221696    3.380068    3.335152    3.322881    1.000000    1.000000    1.000000    4.547007    4.449450    3.974906
368    368    1527260664262558314    3.379960    3.335498    3.340721    1.000000    1.000000    1.000000    4.545431    4.449342    3.972437
369    369    1527260664562321764    3.379839    3.335518    3.335964    1.000000    1.000000    1.000000    4.554673    4.528077    7.920252
370    370    1527260664861950047    3.379724    3.335673    3.337469    1.000000    1.000000    1.000000    4.553066    4.528288    3.966264
371    371    1527260665161913580    3.379598    3.335537    3.333739    1.000000    1.000000    1.000000    4.551454    4.528283    3.961322
372    372    1527260665461674613    3.379480    3.335561    3.335991    1.000000    1.000000    1.000000    4.549888    4.528439    3.974789
373    373    1527260665761483105    3.379361    3.335752    3.335463    1.000000    1.000000    1.000000    4.548303    4.528749    3.964874
374    374    1527260666062305344    3.379211    3.335669    3.324222    1.000000    1.000000    1.000000    4.546685    4.528683    3.951573
375    375    1527260666361713211    3.379106    3.335697    3.339926    1.000000    1.000000    1.000000    4.545184    4.449299    3.988730
376    376    1527260666661434870    3.378991    3.335822    3.336429    1.000000    1.000000    1.000000    4.554318    4.529172    7.945479
377    377    1527260666960960570    3.378883    3.335813    3.338612    1.000000    1.000000    1.000000    4.552825    4.529777    3.996635
378    378    1527260667260386313    3.378778    3.335940    3.339726    1.000000    1.000000    1.000000    4.551328    4.530314    3.992085
379    379    1527260667560578762    3.378651    3.335856    3.331196    1.000000    1.000000    1.000000    4.549728    4.530085    3.951855
380    380    1527260667859933838    3.378550    3.335885    3.340515    1.000000    1.000000    1.000000    4.548193    4.529624    3.971254
381    381    1527260668159129664    3.378454    3.335938    3.342293    1.000000    1.000000    1.000000    4.546680    4.529191    3.976392
382    382    1527260668459684529    3.378318    3.335678    3.327180    1.000000    1.000000    1.000000    4.545099    4.449074    3.950294
383    383    1527260668760358643    3.378179    3.335574    3.325860    1.000000    1.000000    1.000000    4.543552    4.448919    3.960268
384    384    1527260669060238509    3.378065    3.335457    3.334669    1.000000    1.000000    1.000000    4.552464    4.528205    7.930682
385    385    1527260669359744502    3.377962    3.335438    3.338831    1.000000    1.000000    1.000000    4.550938    4.528321    3.970131
386    386    1527260669659907659    3.377840    3.335400    3.331521    1.000000    1.000000    1.000000    4.549424    4.528273    3.973109
387    387    1527260669959369651    3.377740    3.335583    3.339322    1.000000    1.000000    1.000000    4.547924    4.528721    3.974067
388    388    1527260670258581144    3.377648    3.335826    3.342118    1.000000    1.000000    1.000000    4.546468    4.529301    3.987497
389    389    1527260670558779260    3.377527    3.336028    3.331133    1.000000    1.000000    1.000000    4.545020    4.450584    3.989459
390    390    1527260670858445502    3.377422    3.335927    3.337046    1.000000    1.000000    1.000000    4.543596    4.450734    3.994824
391    391    1527260671157770369    3.377327    3.335915    3.340852    1.000000    1.000000    1.000000    4.552406    4.529775    7.960060
392    392    1527260671458286234    3.377199    3.335586    3.327611    1.000000    1.000000    1.000000    4.550874    4.528926    3.959046
393    393    1527260671759134931    3.377062    3.335168    3.323930    1.000000    1.000000    1.000000    4.549292    4.527849    3.937305
394    394    1527260672059707796    3.376933    3.334817    3.326980    1.000000    1.000000    1.000000    4.547815    4.527660    3.974717
395    395    1527260672359164788    3.376837    3.334841    3.339378    1.000000    1.000000    1.000000    4.546361    4.527759    3.978341
396    396    1527260672658677864    3.376740    3.334819    3.338752    1.000000    1.000000    1.000000    4.544910    4.527930    3.976664
397    397    1527260672958143356    3.376645    3.334800    3.339283    1.000000    1.000000    1.000000    4.543473    4.448840    3.979604
398    398    1527260673257491849    3.376554    3.334901    3.340588    1.000000    1.000000    1.000000    4.552133    4.528592    7.961887
399    399    1527260673557166924    3.376453    3.335038    3.336948    1.000000    1.000000    1.000000    4.550701    4.529237    3.985894
400    400    1527260673862164111    3.376202    3.334004    3.278719    1.000000    1.000000    1.000000    4.549082    4.528222    3.920226
401    401    1527260674166915132    3.375960    3.332889    3.281367    1.000000    1.000000    1.000000    4.547468    4.527074    3.918615
402    402    1527260674470522155    3.375751    3.331837    3.293731    1.000000    1.000000    1.000000    4.545836    4.525381    3.905664
403    403    1527260674775077135    3.375516    3.330769    3.283479    1.000000    1.000000    1.000000    4.544182    4.523459    3.895717
404    404    1527260675078010118    3.375328    3.329965    3.301060    1.000000    1.000000    1.000000    4.542585    4.441719    3.911568
405    405    1527260675380963269    3.375140    3.329474    3.300840    1.000000    1.000000    1.000000    4.550886    4.519766    7.838615
406    406    1527260675684970416    3.374924    3.328671    3.289396    1.000000    1.000000    1.000000    4.549243    4.518391    3.899336
407    407    1527260675988519440    3.374722    3.327778    3.294361    1.000000    1.000000    1.000000    4.547663    4.517375    3.919894
408    408    1527260676290935633    3.374552    3.327348    3.306701    1.000000    1.000000    1.000000    4.546107    4.516669    3.924254
409    409    1527260676594941572    3.374339    3.326464    3.289409    1.000000    1.000000    1.000000    4.544530    4.515568    3.915585
410    410    1527260676897761681    3.374160    3.325621    3.302291    1.000000    1.000000    1.000000    4.543001    4.514570    3.929422
411    411    1527260677201757412    3.373949    3.324625    3.289520    1.000000    1.000000    1.000000    4.541481    4.513438    3.932437
412    412    1527260677505823351    3.373738    3.323599    3.288760    1.000000    1.000000    1.000000    4.549675    4.512343    7.840319
413    413    1527260677810189831    3.373519    3.322731    3.285513    1.000000    1.000000    1.000000    4.548046    4.510408    3.892945
414    414    1527260678112940315    3.373345    3.321863    3.303050    1.000000    1.000000    1.000000    4.546495    4.508601    3.917682
415    415    1527260678416188465    3.373159    3.321388    3.297629    1.000000    1.000000    1.000000    4.544929    4.507371    3.909999
416    416    1527260678720993069    3.372932    3.320336    3.280790    1.000000    1.000000    1.000000    4.543326    4.505354    3.894590
417    417    1527260679024625426    3.372737    3.319744    3.293457    1.000000    1.000000    1.000000    4.541780    4.504001    3.912468
418    418    1527260679328119616    3.372547    3.318827    3.294956    1.000000    1.000000    1.000000    4.549822    4.581641    7.833771
419    419    1527260679631406265    3.372363    3.318052    3.297211    1.000000    1.000000    1.000000    4.548280    4.501838    3.916420
420    420    1527260679935031456    3.372172    3.317172    3.293534    1.000000    1.000000    1.000000    4.546796    4.501131    3.938191
421    421    1527260680238177897    3.371994    3.316472    3.298736    1.000000    1.000000    1.000000    4.545328    4.500605    3.940821
422    422    1527260680541688754    3.371807    3.315647    3.294775    1.000000    1.000000    1.000000    4.543799    4.499231    3.913056
423    423    1527260680844409863    3.371642    3.315006    3.303371    1.000000    1.000000    1.000000    4.542302    4.498271    3.922188
424    424    1527260681147743304    3.371462    3.314455    3.296702    1.000000    1.000000    1.000000    4.540769    4.497249    3.905263
425    425    1527260681451174162    3.371280    3.313571    3.295644    1.000000    1.000000    1.000000    4.548636    4.574088    7.816634
426    426    1527260681754838060    3.371092    3.312706    3.293115    1.000000    1.000000    1.000000    4.547121    4.493915    3.916738
427    427    1527260682059196040    3.370887    3.311645    3.285605    1.000000    1.000000    1.000000    4.545555    4.491689    3.894102
428    428    1527260682362295565    3.370717    3.310840    3.299246    1.000000    1.000000    1.000000    4.544046    4.489953    3.911672
429    429    1527260682665963005    3.370532    3.310078    3.293076    1.000000    1.000000    1.000000    4.542541    4.489028    3.912007
430    430    1527260682969823570    3.370343    3.309091    3.290983    1.000000    1.000000    1.000000    4.541043    4.487681    3.911959
431    431    1527260683273129344    3.370170    3.308191    3.297003    1.000000    1.000000    1.000000    4.539614    4.486754    3.937080
432    432    1527260683576841742    3.369986    3.307500    3.292589    1.000000    1.000000    1.000000    4.547434    4.564951    7.848102
433    433    1527260683879709601    3.369826    3.307020    3.301770    1.000000    1.000000    1.000000    4.545960    4.564065    3.920419
434    434    1527260684183588874    3.369640    3.306146    3.290781    1.000000    1.000000    1.000000    4.544434    4.483923    3.897887
435    435    1527260684486928523    3.369468    3.305308    3.296635    1.000000    1.000000    1.000000    4.542939    4.482517    3.906552
436    436    1527260684789871465    3.369308    3.304701    3.300952    1.000000    1.000000    1.000000    4.541472    4.481262    3.915100
437    437    1527260685093624072    3.369128    3.303764    3.292153    1.000000    1.000000    1.000000    4.539975    4.479647    3.900734
438    438    1527260685396541805    3.368970    3.302955    3.301226    1.000000    1.000000    1.000000    4.538525    4.478096    3.916034
439    439    1527260685699941954    3.368801    3.302256    3.295977    1.000000    1.000000    1.000000    4.546179    4.555016    7.833299
440    440    1527260686004841141    3.368593    3.301116    3.279773    1.000000    1.000000    1.000000    4.544689    4.553047    3.906636
441    441    1527260686308597748    3.368416    3.300150    3.292109    1.000000    1.000000    1.000000    4.543270    4.473276    3.931506
442    442    1527260686612106688    3.368246    3.299498    3.294796    1.000000    1.000000    1.000000    4.541857    4.472619    3.931291
443    443    1527260686914914172    3.368095    3.299072    3.302428    1.000000    1.000000    1.000000    4.540459    4.472469    3.933261
444    444    1527260687217908156    3.367940    3.298545    3.300396    1.000000    1.000000    1.000000    4.539013    4.471088    3.909649
445    445    1527260687521652304    3.367766    3.297612    3.292244    1.000000    1.000000    1.000000    4.546503    4.547600    7.804657
446    446    1527260687824942537    3.367605    3.296791    3.297172    1.000000    1.000000    1.000000    4.545032    4.545980    3.902744
447    447    1527260688127988520    3.367451    3.296013    3.299829    1.000000    1.000000    1.000000    4.543611    4.544676    3.921022
448    448    1527260688431506711    3.367285    3.295107    3.294695    1.000000    1.000000    1.000000    4.542159    4.464486    3.905947
449    449    1527260688734809985    3.367126    3.294319    3.297030    1.000000    1.000000    1.000000    4.540743    4.463017    3.918131
450    450    1527260689038928340    3.366946    3.294510    3.288194    1.000000    1.000000    1.000000    4.539308    4.462815    3.908554
451    451    1527260689343196237    3.366764    3.294615    3.286577    1.000000    1.000000    1.000000    4.537882    4.462667    3.910393
452    452    1527260689645853013    3.366623    3.294821    3.304073    1.000000    1.000000    1.000000    4.545400    4.541972    7.880293
453    453    1527260689949020163    3.366470    3.295123    3.298510    1.000000    1.000000    1.000000    4.543955    4.542172    3.902735
454    454    1527260690252837269    3.366302    3.294930    3.291454    1.000000    1.000000    1.000000    4.542517    4.541984    3.904049
455    455    1527260690556254877    3.366144    3.294830    3.295788    1.000000    1.000000    1.000000    4.541074    4.463301    3.898267
456    456    1527260690859783109    3.365984    3.294934    3.294586    1.000000    1.000000    1.000000    4.539668    4.463571    3.911956
457    457    1527260691162862217    3.365836    3.295036    3.299469    1.000000    1.000000    1.000000    4.538289    4.463602    3.920597
458    458    1527260691466428408    3.365676    3.294786    3.294174    1.000000    1.000000    1.000000    4.536880    4.463181    3.905224
459    459    1527260691769203642    3.365537    3.295053    3.302780    1.000000    1.000000    1.000000    4.544201    4.541564    7.841695
460    460    1527260692072964665    3.365374    3.294849    3.292062    1.000000    1.000000    1.000000    4.542824    4.541404    3.923370
461    461    1527260692377001812    3.365205    3.294840    3.289072    1.000000    1.000000    1.000000    4.541441    4.541126    3.918600
462    462    1527260692680527461    3.365049    3.294957    3.294614    1.000000    1.000000    1.000000    4.540105    4.462902    3.935417
463    463    1527260692983732694    3.364902    3.295209    3.298096    1.000000    1.000000    1.000000    4.538779    4.463835    3.937478
464    464    1527260693288105257    3.364727    3.294857    3.285447    1.000000    1.000000    1.000000    4.537366    4.463364    3.897092
465    465    1527260693592239404    3.364558    3.294665    3.288023    1.000000    1.000000    1.000000    4.544506    4.541064    7.788797
466    466    1527260693895997511    3.364400    3.294892    3.292093    1.000000    1.000000    1.000000    4.543100    4.541262    3.902207
467    467    1527260694199275494    3.364254    3.294969    3.297305    1.000000    1.000000    1.000000    4.541710    4.541136    3.905447
468    468    1527260694502951184    3.364098    3.294930    3.292987    1.000000    1.000000    1.000000    4.540339    4.462702    3.912411
469    469    1527260694807311455    3.363927    3.294696    3.285580    1.000000    1.000000    1.000000    4.538952    4.462404    3.903512
470    470    1527260695111765852    3.363755    3.294516    3.284564    1.000000    1.000000    1.000000    4.537576    4.461733    3.906165
471    471    1527260695414455253    3.363625    3.294616    3.303717    1.000000    1.000000    1.000000    4.536293    4.461782    3.942464
472    472    1527260695717654194    3.363484    3.294683    3.298165    1.000000    1.000000    1.000000    4.543514    4.541160    7.885582
473    473    1527260696021518634    3.363328    3.294435    3.290941    1.000000    1.000000    1.000000    4.542132    4.540723    3.902717
474    474    1527260696324789533    3.363186    3.294449    3.297382    1.000000    1.000000    1.000000    4.540771    4.540783    3.908120
475    475    1527260696629060555    3.363021    3.294266    3.286544    1.000000    1.000000    1.000000    4.539374    4.462264    3.890847
476    476    1527260696932489371    3.362877    3.294317    3.295666    1.000000    1.000000    1.000000    4.538026    4.462129    3.909573
477    477    1527260697235808937    3.362736    3.294543    3.296853    1.000000    1.000000    1.000000    4.536687    4.462497    3.910546
478    478    1527260697538760920    3.362605    3.294575    3.300853    1.000000    1.000000    1.000000    4.535389    4.462794    3.926312
479    479    1527260697842458610    3.362456    3.294568    3.292748    1.000000    1.000000    1.000000    4.542406    4.541267    7.833556
480    480    1527260698146609841    3.362297    3.294505    3.287838    1.000000    1.000000    1.000000    4.541072    4.541315    3.914918
481    481    1527260698450265323    3.362151    3.294429    3.293206    1.000000    1.000000    1.000000    4.539740    4.540810    3.912533
482    482    1527260698753882763    3.362006    3.294450    3.293618    1.000000    1.000000    1.000000    4.538452    4.462408    3.930064
483    483    1527260699059699614    3.361811    3.293810    3.269931    1.000000    1.000000    1.000000    4.537113    4.462052    3.907950
484    484    1527260699364973425    3.361629    3.293507    3.275748    1.000000    1.000000    1.000000    4.535748    4.461888    3.892319
485    485    1527260699668754532    3.361482    3.293411    3.291844    1.000000    1.000000    1.000000    4.542720    4.540856    7.853885
486    486    1527260699972214972    3.361343    3.293299    3.295322    1.000000    1.000000    1.000000    4.541396    4.540739    3.910286
487    487    1527260700275879704    3.361201    3.293318    3.293106    1.000000    1.000000    1.000000    4.540051    4.540698    3.898510
488    488    1527260700579121187    3.361068    3.293248    3.297702    1.000000    1.000000    1.000000    4.538759    4.540766    3.920123
489    489    1527260700882387836    3.360936    3.293277    3.297428    1.000000    1.000000    1.000000    4.537453    4.462386    3.910789
490    490    1527260701186424192    3.360786    3.293464    3.289080    1.000000    1.000000    1.000000    4.536165    4.462657    3.918597
491    491    1527260701489126801    3.360668    3.293693    3.303572    1.000000    1.000000    1.000000    4.534902    4.462574    3.925486
492    492    1527260701791887285    3.360549    3.293855    3.302941    1.000000    1.000000    1.000000    4.541847    4.541758    7.900090
493    493    1527260702096063682    3.360398    3.293558    3.287566    1.000000    1.000000    1.000000    4.540541    4.541253    3.910823
494    494    1527260702399342457    3.360268    3.293497    3.297296    1.000000    1.000000    1.000000    4.539232    4.541144    3.904757
495    495    1527260702703978228    3.360108    3.293303    3.282609    1.000000    1.000000    1.000000    4.537906    4.462914    3.896322
496    496    1527260703007342085    3.359977    3.293287    3.296372    1.000000    1.000000    1.000000    4.536599    4.462873    3.900854
497    497    1527260703310705235    3.359847    3.293218    3.296379    1.000000    1.000000    1.000000    4.535320    4.462679    3.911850
498    498    1527260703614716007    3.359703    3.293111    3.289357    1.000000    1.000000    1.000000    4.542018    4.540781    7.807493
499    499    1527260703918851571    3.359556    3.292931    3.288007    1.000000    1.000000    1.000000    4.540704    4.540362    3.898926
