Beat    Tag    Timestamp    Global_Rate    Window_Rate    Instant_Rate    Global_Accuracy    Window_Accuracy    Instant_Accuracy    Global_Power    Window_Power    Instant_Power
0    0    1527260017979452336    0.000000    0.000000    0.000000    1.000000    1.000000    1.000000    0.000000    0.000000    0.000000
1    1    1527260018293281209    6.372900    3.186450    3.186450    1.000000    1.000000    1.000000    1.766303    1.766303    1.766303
2    2    1527260018607216165    4.778867    3.185911    3.185373    1.000000    1.000000    1.000000    2.892809    2.892809    4.018934
3    3    1527260018920933204    4.248626    3.186470    3.187586    1.000000    1.000000    1.000000    3.195104    3.195104    3.800010
4    4    1527260019234595202    3.983610    3.186888    3.188145    1.000000    1.000000    1.000000    4.326932    4.326932    7.724203
5    5    1527260019548091118    3.824972    3.187477    3.189834    1.000000    1.000000    1.000000    4.244112    4.244112    3.912523
6    6    1527260019862004865    3.718356    3.187162    3.185588    1.000000    1.000000    1.000000    4.195806    4.195806    3.954424
7    7    1527260020175528822    3.642860    3.187503    3.189549    1.000000    1.000000    1.000000    4.165956    4.165956    3.986722
8    8    1527260020489618111    3.585421    3.187041    3.183808    1.000000    1.000000    1.000000    4.152831    4.152831    4.061055
9    9    1527260020803821857    3.540613    3.186552    3.182648    1.000000    1.000000    1.000000    4.596372    4.596372    8.139811
10    10    1527260021117516147    3.505346    3.186678    3.187817    1.000000    1.000000    1.000000    4.541290    4.541290    4.045359
11    11    1527260021431182312    3.476518    3.186808    3.188103    1.000000    1.000000    1.000000    4.502255    4.502255    4.111731
12    12    1527260021745363767    3.452020    3.186480    3.182874    1.000000    1.000000    1.000000    4.468994    4.468994    4.103568
13    13    1527260022058997932    3.431755    3.186629    3.188428    1.000000    1.000000    1.000000    4.442774    4.442774    4.127943
14    14    1527260022372799388    3.414253    3.186636    3.186728    1.000000    1.000000    1.000000    4.718618    4.718618    8.304707
15    15    1527260022686426136    3.399212    3.186761    3.188504    1.000000    1.000000    1.000000    4.684437    4.684437    4.205627
16    16    1527260023000394717    3.385819    3.186653    3.185032    1.000000    1.000000    1.000000    4.654472    4.654472    4.205230
17    17    1527260023313671966    3.374439    3.186970    3.192061    1.000000    1.000000    1.000000    4.626392    4.626392    4.176358
18    18    1527260023627610922    3.363928    3.186879    3.185333    1.000000    1.000000    1.000000    4.601420    4.601420    4.177111
19    19    1527260023941399545    3.354609    3.186878    3.186859    1.000000    1.000000    1.000000    4.580238    4.580238    4.198967
20    20    1527260024255233459    3.346197    3.186854    3.186399    1.000000    1.000000    1.000000    4.771580    4.771580    8.406529
21    21    1527260024568876332    3.338683    3.186925    3.188340    1.000000    1.000000    1.000000    4.744901    4.744901    4.211076
22    22    1527260024882273081    3.331971    3.187103    3.190844    1.000000    1.000000    1.000000    4.721172    4.721172    4.222252
23    23    1527260025196133662    3.325628    3.187060    3.186128    1.000000    1.000000    1.000000    4.701080    4.701080    4.259178
24    24    1527260025509637577    3.319971    3.187172    3.189753    1.000000    1.000000    1.000000    4.682593    4.682593    4.257035
25    25    1527260025823230159    3.314729    3.187240    3.188851    1.000000    1.000000    1.000000    4.833663    4.833663    8.461262
26    26    1527260026136880365    3.309867    3.187279    3.188265    1.000000    1.000000    1.000000    4.810482    4.810482    4.230758
27    27    1527260026450486905    3.305381    3.187332    3.188709    1.000000    1.000000    1.000000    4.788827    4.788827    4.225556
28    28    1527260026764372570    3.301111    3.187280    3.185873    1.000000    1.000000    1.000000    4.769507    4.769507    4.248101
29    29    1527260027077926568    3.297256    3.187348    3.189243    1.000000    1.000000    1.000000    4.752872    4.752872    4.286796
30    30    1527260027391541775    3.293636    3.187390    3.188621    1.000000    1.000000    1.000000    4.882408    4.882408    8.640452
31    31    1527260027705299189    3.290202    3.187383    3.187176    1.000000    1.000000    1.000000    4.862037    4.862037    4.250953
32    32    1527260028018576313    3.287139    3.187529    3.192062    1.000000    1.000000    1.000000    4.842495    4.842495    4.235812
33    33    1527260028331965604    3.284227    3.187632    3.190920    1.000000    1.000000    1.000000    4.825591    4.825591    4.284087
34    34    1527260028645998934    3.281287    3.187536    3.184375    1.000000    1.000000    1.000000    4.808822    4.808822    4.256020
35    35    1527260028960076515    3.278502    3.187433    3.183927    1.000000    1.000000    1.000000    4.915897    4.915897    8.552317
36    36    1527260029273633805    3.276023    3.187482    3.189210    1.000000    1.000000    1.000000    4.898887    4.898887    4.303191
37    37    1527260029587308636    3.273645    3.187496    3.188015    1.000000    1.000000    1.000000    4.883201    4.883201    4.318424
38    38    1527260029901107634    3.271358    3.187477    3.186753    1.000000    1.000000    1.000000    4.868537    4.868537    4.326081
39    39    1527260030214878382    3.269196    3.187466    3.187040    1.000000    1.000000    1.000000    4.853605    4.853605    4.286292
40    40    1527260030528466714    3.267189    3.187501    3.188894    1.000000    1.000000    1.000000    4.838360    4.838360    4.243541
41    41    1527260030842271753    3.265225    3.187482    3.186692    1.000000    1.000000    1.000000    4.929429    4.929429    8.571229
42    42    1527260031156359500    3.263285    3.187395    3.183824    1.000000    1.000000    1.000000    4.914398    4.914398    4.298837
43    43    1527260031470532789    3.261414    3.187291    3.182957    1.000000    1.000000    1.000000    4.900733    4.900733    4.327631
44    44    1527260031784231037    3.259741    3.187302    3.187777    1.000000    1.000000    1.000000    4.887946    4.887946    4.338026
45    45    1527260032098554200    3.257998    3.187171    3.181439    1.000000    1.000000    1.000000    4.875921    4.875921    4.347777
46    46    1527260032412443864    3.256428    3.187143    3.185833    1.000000    1.000000    1.000000    4.957638    4.957638    8.633352
47    47    1527260032726577361    3.254872    3.187062    3.183360    1.000000    1.000000    1.000000    4.943548    4.943548    4.296180
48    48    1527260033040327192    3.253463    3.187066    3.187253    1.000000    1.000000    1.000000    4.930336    4.930336    4.309331
49    49    1527260033354114857    3.252104    3.187062    3.186868    1.000000    1.000000    1.000000    4.917645    4.917645    4.308531
50    50    1527260033667639730    3.250854    3.187111    3.189540    1.000000    1.000000    1.000000    4.905700    4.905700    4.319944
51    51    1527260033981370936    3.249610    3.187131    3.187442    1.000000    1.000000    1.000000    4.980579    5.044878    8.724902
52    52    1527260034294961226    3.248443    3.187201    3.188874    1.000000    1.000000    1.000000    4.968867    5.051943    4.371239
53    53    1527260034608213767    3.247386    3.187296    3.192312    1.000000    1.000000    1.000000    4.956505    5.062217    4.312648
54    54    1527260034921558641    3.246350    3.187360    3.191372    1.000000    1.000000    1.000000    4.944720    4.994150    4.319286
55    55    1527260035235453014    3.245248    3.187279    3.185785    1.000000    1.000000    1.000000    4.933021    5.001907    4.301568
56    56    1527260035549122095    3.244227    3.187329    3.188073    1.000000    1.000000    1.000000    4.922503    5.009711    4.343865
57    57    1527260035862885718    3.243225    3.187280    3.187113    1.000000    1.000000    1.000000    4.988239    5.103351    8.669259
58    58    1527260036176672341    3.242253    3.187341    3.186879    1.000000    1.000000    1.000000    4.977422    5.109369    4.360922
59    59    1527260036490143214    3.241370    3.187490    3.190089    1.000000    1.000000    1.000000    4.967437    5.034248    4.387798
60    60    1527260036803760004    3.240491    3.187506    3.188605    1.000000    1.000000    1.000000    4.957961    5.041317    4.398668
61    61    1527260037117409336    3.239635    3.187510    3.188274    1.000000    1.000000    1.000000    4.948375    5.046543    4.373072
62    62    1527260037431031084    3.238812    3.187624    3.188554    1.000000    1.000000    1.000000    5.009403    5.139148    8.733441
63    63    1527260037744331500    3.238067    3.187691    3.191825    1.000000    1.000000    1.000000    4.999343    5.144099    4.374744
64    64    1527260038058178331    3.237257    3.187682    3.186268    1.000000    1.000000    1.000000    4.989600    5.065500    4.376077
65    65    1527260038371762871    3.236514    3.187691    3.188933    1.000000    1.000000    1.000000    4.980486    5.069326    4.396865
66    66    1527260038685483077    3.235772    3.187741    3.187554    1.000000    1.000000    1.000000    4.971730    5.073288    4.402620
67    67    1527260038999062784    3.235074    3.187680    3.188982    1.000000    1.000000    1.000000    5.029326    5.166353    8.832411
68    68    1527260039312782740    3.234375    3.187724    3.187556    1.000000    1.000000    1.000000    5.019337    5.169826    4.350058
69    69    1527260039626172239    3.233746    3.187805    3.190917    1.000000    1.000000    1.000000    5.010159    5.173577    4.385425
70    70    1527260039939951779    3.233078    3.187816    3.186951    1.000000    1.000000    1.000000    5.001371    5.093316    4.395140
71    71    1527260040253559027    3.232453    3.187823    3.188702    1.000000    1.000000    1.000000    4.992505    5.096528    4.371615
72    72    1527260040566966192    3.231874    3.187821    3.190738    1.000000    1.000000    1.000000    4.984067    5.099767    4.384392
73    73    1527260040880613940    3.231277    3.187865    3.188290    1.000000    1.000000    1.000000    5.035897    5.189951    8.768416
74    74    1527260041194022939    3.230730    3.187884    3.190719    1.000000    1.000000    1.000000    5.027496    5.193087    4.413670
75    75    1527260041507369771    3.230205    3.187934    3.191352    1.000000    1.000000    1.000000    5.019727    5.112779    4.444146
76    76    1527260041820911187    3.229668    3.187956    3.189371    1.000000    1.000000    1.000000    5.011343    5.115813    4.382219
77    77    1527260042134572351    3.229129    3.187945    3.188154    1.000000    1.000000    1.000000    5.003066    5.118777    4.373895
78    78    1527260042448494766    3.228569    3.187937    3.185500    1.000000    1.000000    1.000000    5.051738    5.209821    8.796922
79    79    1527260042762060639    3.228070    3.187935    3.189123    1.000000    1.000000    1.000000    5.043127    5.211506    4.371104
80    80    1527260043075654012    3.227580    3.187939    3.188843    1.000000    1.000000    1.000000    5.035221    5.126924    4.410422
81    81    1527260043389495302    3.227070    3.187922    3.186324    1.000000    1.000000    1.000000    5.027630    5.130315    4.420668
82    82    1527260043703480174    3.226555    3.187778    3.184867    1.000000    1.000000    1.000000    5.020396    5.134262    4.434978
83    83    1527260044017645754    3.226030    3.187621    3.183035    1.000000    1.000000    1.000000    5.065753    5.224259    8.779549
84    84    1527260044331436544    3.225564    3.187670    3.186837    1.000000    1.000000    1.000000    5.057622    5.226813    4.382949
85    85    1527260044645039292    3.225131    3.187767    3.188748    1.000000    1.000000    1.000000    5.049621    5.143238    4.377325
86    86    1527260044958857581    3.224682    3.187713    3.186557    1.000000    1.000000    1.000000    5.041944    5.144953    4.389585
87    87    1527260045272251497    3.224294    3.187771    3.190872    1.000000    1.000000    1.000000    5.034757    5.146918    4.416033
88    88    1527260045586817701    3.223777    3.187615    3.178981    1.000000    1.000000    1.000000    5.027863    5.148956    4.429707
89    89    1527260045900328366    3.223395    3.187668    3.189684    1.000000    1.000000    1.000000    5.071356    5.241213    8.901359
90    90    1527260046213792115    3.223026    3.187693    3.190162    1.000000    1.000000    1.000000    5.063972    5.244472    4.406245
91    91    1527260046527617446    3.222624    3.187689    3.186486    1.000000    1.000000    1.000000    5.056869    5.161378    4.417849
92    92    1527260046841581068    3.222216    3.187714    3.185082    1.000000    1.000000    1.000000    5.049748    5.163455    4.402252
93    93    1527260047155005692    3.221875    3.187866    3.190560    1.000000    1.000000    1.000000    5.043239    5.165815    4.443773
94    94    1527260047469292439    3.221448    3.187747    3.181808    1.000000    1.000000    1.000000    5.083698    5.255983    8.839561
95    95    1527260047783479185    3.221041    3.187774    3.182820    1.000000    1.000000    1.000000    5.076717    5.257468    4.421517
96    96    1527260048097022059    3.220711    3.187845    3.189356    1.000000    1.000000    1.000000    5.070138    5.173660    4.444716
97    97    1527260048410700724    3.220374    3.187937    3.187976    1.000000    1.000000    1.000000    5.064012    5.177280    4.475873
98    98    1527260048724805262    3.219999    3.187865    3.183653    1.000000    1.000000    1.000000    5.057327    5.179270    4.409669
99    99    1527260049038674593    3.219656    3.187848    3.186039    1.000000    1.000000    1.000000    5.095619    5.270075    8.846478
100    100    1527260049356024207    3.218962    3.187071    3.151099    1.000000    1.000000    1.000000    5.088279    5.270856    4.369991
101    101    1527260049672347532    3.218387    3.186545    3.161322    1.000000    1.000000    1.000000    5.081223    5.183862    4.381324
102    102    1527260049988861689    3.217804    3.185951    3.159416    1.000000    1.000000    1.000000    5.074463    5.184242    4.397573
103    103    1527260050304995514    3.217270    3.185366    3.163217    1.000000    1.000000    1.000000    5.068201    5.186529    4.434132
104    104    1527260050621650963    3.216695    3.184695    3.158007    1.000000    1.000000    1.000000    5.104762    5.277464    8.837012
105    105    1527260050938329412    3.216129    3.184130    3.157777    1.000000    1.000000    1.000000    5.097831    5.278943    4.383491
106    106    1527260051254751445    3.215598    3.183572    3.160336    1.000000    1.000000    1.000000    5.091177    5.279871    4.398091
107    107    1527260051571179186    3.215077    3.183032    3.160279    1.000000    1.000000    1.000000    5.084605    5.194314    4.393417
108    108    1527260051887818468    3.214546    3.182454    3.158168    1.000000    1.000000    1.000000    5.077989    5.194469    4.376134
109    109    1527260052204423751    3.214028    3.181819    3.158507    1.000000    1.000000    1.000000    5.112778    5.283984    8.838725
110    110    1527260052521191533    3.213504    3.181181    3.156887    1.000000    1.000000    1.000000    5.106532    5.284471    4.431663
111    111    1527260052837298900    3.213050    3.180684    3.163482    1.000000    1.000000    1.000000    5.100724    5.286198    4.466046
112    112    1527260053153534266    3.212593    3.180155    3.162202    1.000000    1.000000    1.000000    5.094483    5.199742    4.406563
113    113    1527260053469800300    3.212141    3.179555    3.161895    1.000000    1.000000    1.000000    5.088305    5.200118    4.401165
114    114    1527260053786228124    3.211683    3.179034    3.160278    1.000000    1.000000    1.000000    5.121269    5.289359    8.818491
115    115    1527260054102740865    3.211225    3.178442    3.159430    1.000000    1.000000    1.000000    5.115149    5.289715    4.422852
116    116    1527260054419104523    3.210788    3.177908    3.160919    1.000000    1.000000    1.000000    5.109110    5.289907    4.419559
117    117    1527260054735573722    3.210350    3.177325    3.159865    1.000000    1.000000    1.000000    5.103520    5.202624    4.459894
118    118    1527260055051985130    3.209924    3.176781    3.160442    1.000000    1.000000    1.000000    5.098085    5.204823    4.466704
119    119    1527260055368603496    3.209487    3.176129    3.158376    1.000000    1.000000    1.000000    5.129067    5.292571    8.756684
120    120    1527260055685194612    3.209060    3.175562    3.158648    1.000000    1.000000    1.000000    5.123126    5.292941    4.421504
121    121    1527260056001602436    3.208656    3.174998    3.160478    1.000000    1.000000    1.000000    5.117217    5.293611    4.413083
122    122    1527260056318073844    3.208253    3.174380    3.159843    1.000000    1.000000    1.000000    5.111458    5.294141    4.419581
123    123    1527260056634337960    3.207874    3.173853    3.161914    1.000000    1.000000    1.000000    5.105831    5.207494    4.423632
124    124    1527260056950745035    3.207489    3.173249    3.160486    1.000000    1.000000    1.000000    5.136682    5.297548    8.905755
125    125    1527260057266948985    3.207127    3.172673    3.162516    1.000000    1.000000    1.000000    5.130566    5.296041    4.376754
126    126    1527260057583518601    3.206741    3.172064    3.158863    1.000000    1.000000    1.000000    5.124601    5.295906    4.384281
127    127    1527260057899520885    3.206407    3.171593    3.164534    1.000000    1.000000    1.000000    5.119193    5.297124    4.441449
128    128    1527260058215618710    3.206071    3.171155    3.163578    1.000000    1.000000    1.000000    5.113882    5.210324    4.443207
129    129    1527260058532058451    3.205713    3.170577    3.160159    1.000000    1.000000    1.000000    5.108683    5.211705    4.447573
130    130    1527260058848519275    3.205358    3.170001    3.159949    1.000000    1.000000    1.000000    5.138156    5.301937    8.914987
131    131    1527260059165435890    3.204974    3.169383    3.155404    1.000000    1.000000    1.000000    5.133152    5.303114    4.487808
132    132    1527260059481908923    3.204630    3.168883    3.159827    1.000000    1.000000    1.000000    5.128427    5.304554    4.513563
133    133    1527260059798356664    3.204292    3.168425    3.160079    1.000000    1.000000    1.000000    5.123025    5.217525    4.414501
134    134    1527260060115073321    3.203940    3.167838    3.157396    1.000000    1.000000    1.000000    5.118039    5.218909    4.459633
135    135    1527260060431470896    3.203617    3.167277    3.160580    1.000000    1.000000    1.000000    5.145960    5.308691    8.864398
136    136    1527260060747820512    3.203302    3.166769    3.161060    1.000000    1.000000    1.000000    5.140891    5.309967    4.460587
137    137    1527260061064202962    3.202989    3.166170    3.160732    1.000000    1.000000    1.000000    5.135934    5.310796    4.465861
138    138    1527260061380674161    3.202675    3.165788    3.159845    1.000000    1.000000    1.000000    5.131228    5.311908    4.490497
139    139    1527260061697277110    3.202355    3.165168    3.158530    1.000000    1.000000    1.000000    5.126418    5.223740    4.467157
140    140    1527260062013892767    3.202039    3.164537    3.158404    1.000000    1.000000    1.000000    5.153662    5.313935    8.915387
141    141    1527260062330295175    3.201743    3.164021    3.160532    1.000000    1.000000    1.000000    5.148675    5.314525    4.454650
142    142    1527260062646695041    3.201451    3.163533    3.160558    1.000000    1.000000    1.000000    5.143789    5.315518    4.458877
143    143    1527260062962831033    3.201182    3.162990    3.163196    1.000000    1.000000    1.000000    5.139173    5.316234    4.487044
144    144    1527260063279026692    3.200913    3.162608    3.162599    1.000000    1.000000    1.000000    5.134583    5.229498    4.481491
145    145    1527260063595687932    3.200615    3.162114    3.157949    1.000000    1.000000    1.000000    5.161425    5.321089    9.001338
146    146    1527260063912199173    3.200331    3.161520    3.159445    1.000000    1.000000    1.000000    5.156568    5.321160    4.456518
147    147    1527260064228503790    3.200066    3.160995    3.161509    1.000000    1.000000    1.000000    5.151813    5.320730    4.461361
148    148    1527260064545012781    3.199790    3.160515    3.159468    1.000000    1.000000    1.000000    5.147134    5.321666    4.463387
149    149    1527260064861258439    3.199535    3.160040    3.162099    1.000000    1.000000    1.000000    5.142513    5.234565    4.462120
150    150    1527260065177374847    3.199293    3.160286    3.163392    1.000000    1.000000    1.000000    5.168265    5.326892    8.987493
151    151    1527260065494060588    3.199016    3.160214    3.157705    1.000000    1.000000    1.000000    5.163749    5.329059    4.490663
152    152    1527260065810061288    3.198788    3.160316    3.164550    1.000000    1.000000    1.000000    5.159521    5.331610    4.523759
153    153    1527260066126640613    3.198525    3.160228    3.158766    1.000000    1.000000    1.000000    5.155180    5.332889    4.499359
154    154    1527260066442708480    3.198299    3.160345    3.163877    1.000000    1.000000    1.000000    5.150492    5.244844    4.436345
155    155    1527260066759609761    3.198022    3.160300    3.155557    1.000000    1.000000    1.000000    5.175228    5.336461    8.958064
156    156    1527260067075718420    3.197799    3.160363    3.163469    1.000000    1.000000    1.000000    5.170781    5.338206    4.484493
157    157    1527260067391926495    3.197573    3.160407    3.162475    1.000000    1.000000    1.000000    5.166462    5.340269    4.495970
158    158    1527260067707968320    3.197361    3.160526    3.164138    1.000000    1.000000    1.000000    5.162334    5.343115    4.516788
159    159    1527260068024304353    3.197132    3.160580    3.161195    1.000000    1.000000    1.000000    5.158384    5.257049    4.537573
160    160    1527260068340783303    3.196897    3.160638    3.159768    1.000000    1.000000    1.000000    5.182349    5.347895    8.971917
161    161    1527260068657481918    3.196652    3.160520    3.157576    1.000000    1.000000    1.000000    5.178027    5.348355    4.490676
162    162    1527260068973884576    3.196427    3.160486    3.160530    1.000000    1.000000    1.000000    5.173608    5.349529    4.465784
163    163    1527260069290308192    3.196205    3.160455    3.160320    1.000000    1.000000    1.000000    5.169276    5.350919    4.471152
164    164    1527260069606981391    3.195969    3.160406    3.157830    1.000000    1.000000    1.000000    5.165171    5.264533    4.500024
165    165    1527260069923491340    3.195747    3.160406    3.159458    1.000000    1.000000    1.000000    5.188990    5.357589    9.074204
166    166    1527260070239974415    3.195529    3.160382    3.159727    1.000000    1.000000    1.000000    5.184719    5.358867    4.483845
167    167    1527260070556521489    3.195309    3.160367    3.159088    1.000000    1.000000    1.000000    5.180545    5.359493    4.491389
168    168    1527260070872918147    3.195102    3.160370    3.160590    1.000000    1.000000    1.000000    5.176408    5.359938    4.488922
169    169    1527260071189348179    3.194894    3.160408    3.160256    1.000000    1.000000    1.000000    5.172306    5.274494    4.486717
170    170    1527260071506037378    3.194674    3.160388    3.157670    1.000000    1.000000    1.000000    5.194766    5.365505    8.968370
171    171    1527260071822461578    3.194472    3.160385    3.160315    1.000000    1.000000    1.000000    5.190863    5.367856    4.530706
172    172    1527260072138794402    3.194278    3.160412    3.161227    1.000000    1.000000    1.000000    5.187101    5.370407    4.546752
173    173    1527260072455086727    3.194089    3.160407    3.161632    1.000000    1.000000    1.000000    5.183082    5.371830    4.494886
174    174    1527260072771034220    3.193921    3.160498    3.165083    1.000000    1.000000    1.000000    5.179222    5.284015    4.513760
175    175    1527260073087862543    3.193705    3.160374    3.156283    1.000000    1.000000    1.000000    5.200848    5.375376    8.940672
176    176    1527260073404129535    3.193523    3.160434    3.161885    1.000000    1.000000    1.000000    5.197056    5.378434    4.536306
177    177    1527260073720563817    3.193334    3.160348    3.160214    1.000000    1.000000    1.000000    5.193299    5.380286    4.535324
178    178    1527260074037163641    3.193138    3.160248    3.158561    1.000000    1.000000    1.000000    5.189623    5.382239    4.542324
179    179    1527260074353476591    3.192960    3.160273    3.161426    1.000000    1.000000    1.000000    5.186210    5.384922    4.581377
180    180    1527260074670046915    3.192769    3.160251    3.158856    1.000000    1.000000    1.000000    5.207449    5.386443    8.989759
181    181    1527260074986533823    3.192586    3.160337    3.159688    1.000000    1.000000    1.000000    5.203738    5.387491    4.539000
182    182    1527260075303388813    3.192384    3.160261    3.156018    1.000000    1.000000    1.000000    5.199812    5.387066    4.493409
183    183    1527260075619669138    3.192216    3.160294    3.161752    1.000000    1.000000    1.000000    5.196052    5.389078    4.514622
184    184    1527260075935923921    3.192051    3.160386    3.162008    1.000000    1.000000    1.000000    5.192390    5.390409    4.524849
185    185    1527260076252400829    3.191876    3.160371    3.159788    1.000000    1.000000    1.000000    5.213530    5.394838    9.084931
186    186    1527260076569101778    3.191690    3.160300    3.157553    1.000000    1.000000    1.000000    5.210077    5.397103    4.574764
187    187    1527260076885744810    3.191510    3.160248    3.158130    1.000000    1.000000    1.000000    5.206337    5.398056    4.514257
188    188    1527260077201992218    3.191352    3.160293    3.162081    1.000000    1.000000    1.000000    5.202676    5.398673    4.520717
189    189    1527260077518757208    3.191169    3.160261    3.156915    1.000000    1.000000    1.000000    5.198917    5.399247    4.496299
190    190    1527260077835616573    3.190983    3.160212    3.155974    1.000000    1.000000    1.000000    5.219202    5.401611    9.030735
191    191    1527260078151945607    3.190827    3.160226    3.161265    1.000000    1.000000    1.000000    5.215655    5.403412    4.544502
192    192    1527260078468555722    3.190657    3.160185    3.158459    1.000000    1.000000    1.000000    5.212314    5.405772    4.577444
193    193    1527260078785034422    3.190497    3.160116    3.159770    1.000000    1.000000    1.000000    5.208906    5.407158    4.557353
194    194    1527260079101760745    3.190325    3.160010    3.157300    1.000000    1.000000    1.000000    5.205203    5.407385    4.494353
195    195    1527260079418365986    3.190161    3.160021    3.158507    1.000000    1.000000    1.000000    5.225068    5.408550    9.060210
196    196    1527260079734960435    3.189999    3.160005    3.158615    1.000000    1.000000    1.000000    5.221482    5.409924    4.525449
197    197    1527260080051358010    3.189849    3.159986    3.160580    1.000000    1.000000    1.000000    5.218033    5.411590    4.544968
198    198    1527260080367703084    3.189703    3.160019    3.161105    1.000000    1.000000    1.000000    5.214707    5.413571    4.561987
199    199    1527260080684127534    3.189555    3.159983    3.160312    1.000000    1.000000    1.000000    5.211536    5.416045    4.586365
200    200    1527260081002229479    3.189323    3.159587    3.143646    1.000000    1.000000    1.000000    5.231057    5.418332    9.078973
201    201    1527260081319639343    3.189129    3.159442    3.150501    1.000000    1.000000    1.000000    5.227592    5.419273    4.539664
202    202    1527260081636860540    3.188945    3.159198    3.152374    1.000000    1.000000    1.000000    5.224106    5.419289    4.528017
203    203    1527260081954079904    3.188764    3.159070    3.152393    1.000000    1.000000    1.000000    5.220656    5.419835    4.528459
204    204    1527260082271475601    3.188576    3.158806    3.150641    1.000000    1.000000    1.000000    5.217249    5.421639    4.530402
205    205    1527260082589557463    3.188356    3.158570    3.143845    1.000000    1.000000    1.000000    5.236200    5.424086    9.066732
206    206    1527260082906772327    3.188180    3.158349    3.152437    1.000000    1.000000    1.000000    5.232984    5.425892    4.577932
207    207    1527260083223941358    3.188009    3.158158    3.152893    1.000000    1.000000    1.000000    5.229631    5.426783    4.543262
208    208    1527260083541390139    3.187825    3.157877    3.150114    1.000000    1.000000    1.000000    5.226143    5.426551    4.509247
209    209    1527260083859077876    3.187632    3.157608    3.147745    1.000000    1.000000    1.000000    5.222855    5.426609    4.544217
210    210    1527260084176114574    3.187472    3.157496    3.154209    1.000000    1.000000    1.000000    5.241384    5.429132    9.091686
211    211    1527260084493703646    3.187287    3.157319    3.148723    1.000000    1.000000    1.000000    5.238173    5.430651    4.569058
212    212    1527260084810280428    3.187152    3.157284    3.158791    1.000000    1.000000    1.000000    5.235134    5.433256    4.596626
213    213    1527260085127582209    3.186984    3.157109    3.151574    1.000000    1.000000    1.000000    5.232177    5.435968    4.609205
214    214    1527260085444567782    3.186832    3.157047    3.154718    1.000000    1.000000    1.000000    5.229019    5.437151    4.560028
215    215    1527260085761437439    3.186687    3.156975    3.155872    1.000000    1.000000    1.000000    5.247098    5.437676    9.096346
216    216    1527260086078524595    3.186534    3.156855    3.153707    1.000000    1.000000    1.000000    5.243842    5.438923    4.547926
217    217    1527260086395574751    3.186383    3.156754    3.154075    1.000000    1.000000    1.000000    5.240727    5.440500    4.571687
218    218    1527260086712956323    3.186219    3.156558    3.150782    1.000000    1.000000    1.000000    5.237525    5.441609    4.547205
219    219    1527260087030747353    3.186037    3.156287    3.146722    1.000000    1.000000    1.000000    5.234490    5.443361    4.578156
220    220    1527260087348269133    3.185870    3.156121    3.149390    1.000000    1.000000    1.000000    5.252238    5.446421    9.111822
221    221    1527260087665859662    3.185700    3.155889    3.148709    1.000000    1.000000    1.000000    5.248934    5.446284    4.527219
222    222    1527260087983590359    3.185526    3.155610    3.147319    1.000000    1.000000    1.000000    5.245742    5.446182    4.545623
223    223    1527260088300451390    3.185393    3.155497    3.155958    1.000000    1.000000    1.000000    5.242694    5.447636    4.569300
224    224    1527260088618127003    3.185224    3.155153    3.147865    1.000000    1.000000    1.000000    5.239644    5.448551    4.564483
225    225    1527260088935748700    3.185059    3.154995    3.148400    1.000000    1.000000    1.000000    5.257181    5.453069    9.157359
226    226    1527260089253090730    3.184908    3.154781    3.151174    1.000000    1.000000    1.000000    5.254264    5.454323    4.602050
227    227    1527260089571089384    3.184730    3.154470    3.144667    1.000000    1.000000    1.000000    5.251245    5.455020    4.574585
228    228    1527260089888286665    3.184588    3.154351    3.152612    1.000000    1.000000    1.000000    5.248240    5.455541    4.570080
229    229    1527260090205769820    3.184435    3.154118    3.149773    1.000000    1.000000    1.000000    5.245282    5.455356    4.575367
230    230    1527260090523888224    3.184255    3.153810    3.143484    1.000000    1.000000    1.000000    5.262181    5.457890    9.098829
231    231    1527260090841170588    3.184114    3.153651    3.151767    1.000000    1.000000    1.000000    5.259186    5.458553    4.574430
232    232    1527260091158373077    3.183977    3.153583    3.152560    1.000000    1.000000    1.000000    5.256321    5.460629    4.598255
233    233    1527260091475870190    3.183829    3.153340    3.149635    1.000000    1.000000    1.000000    5.253560    5.462610    4.617182
234    234    1527260091793940552    3.183657    3.152980    3.143958    1.000000    1.000000    1.000000    5.250651    5.463579    4.578518
235    235    1527260092111104541    3.183525    3.152843    3.152943    1.000000    1.000000    1.000000    5.267414    5.465414    9.168818
236    236    1527260092428399739    3.183390    3.152725    3.151639    1.000000    1.000000    1.000000    5.264446    5.465305    4.570996
237    237    1527260092745667561    3.183256    3.152600    3.151911    1.000000    1.000000    1.000000    5.261495    5.466361    4.568938
238    238    1527260093063676840    3.183092    3.152250    3.144562    1.000000    1.000000    1.000000    5.258623    5.467513    4.583382
239    239    1527260093381063162    3.182956    3.152127    3.150734    1.000000    1.000000    1.000000    5.255947    5.470008    4.622924
240    240    1527260093698765692    3.182808    3.151959    3.147598    1.000000    1.000000    1.000000    5.272642    5.474287    9.234934
241    241    1527260094016221847    3.182671    3.151735    3.150041    1.000000    1.000000    1.000000    5.269701    5.474694    4.568130
242    242    1527260094333889335    3.182526    3.151525    3.147946    1.000000    1.000000    1.000000    5.266630    5.473716    4.531609
243    243    1527260094651453073    3.182387    3.151310    3.148974    1.000000    1.000000    1.000000    5.263766    5.474010    4.575154
244    244    1527260094969480977    3.182230    3.151051    3.144378    1.000000    1.000000    1.000000    5.260901    5.475449    4.570134
245    245    1527260095287368631    3.182080    3.150796    3.145765    1.000000    1.000000    1.000000    5.276908    5.477609    9.153624
246    246    1527260095604936577    3.181945    3.150603    3.148932    1.000000    1.000000    1.000000    5.274266    5.479668    4.631258
247    247    1527260095922793148    3.181798    3.150314    3.146073    1.000000    1.000000    1.000000    5.271658    5.481380    4.634722
248    248    1527260096240475303    3.181660    3.150048    3.147800    1.000000    1.000000    1.000000    5.268925    5.482031    4.598392
249    249    1527260096558538748    3.181508    3.149723    3.144027    1.000000    1.000000    1.000000    5.266105    5.481655    4.572185
250    250    1527260096875888945    3.181386    3.149872    3.151093    1.000000    1.000000    1.000000    5.281731    5.482920    9.150812
251    251    1527260097193936932    3.181236    3.149746    3.144180    1.000000    1.000000    1.000000    5.279082    5.484532    4.622004
252    252    1527260097511885711    3.181092    3.149601    3.145161    1.000000    1.000000    1.000000    5.276428    5.486234    4.615168
253    253    1527260097829502658    3.180962    3.149523    3.148447    1.000000    1.000000    1.000000    5.273921    5.488568    4.646333
254    254    1527260098147448520    3.180820    3.149413    3.145190    1.000000    1.000000    1.000000    5.289312    5.581144    9.154628
255    255    1527260098465802215    3.180664    3.149359    3.141160    1.000000    1.000000    1.000000    5.286593    5.491671    4.601781
256    256    1527260098783635661    3.180528    3.149236    3.146302    1.000000    1.000000    1.000000    5.283898    5.492109    4.601586
257    257    1527260099101030108    3.180412    3.149192    3.150654    1.000000    1.000000    1.000000    5.281235    5.493296    4.603297
258    258    1527260099418885554    3.180278    3.149111    3.146084    1.000000    1.000000    1.000000    5.278560    5.495001    4.595680
259    259    1527260099736590000    3.180150    3.149108    3.147579    1.000000    1.000000    1.000000    5.293954    5.588963    9.240088
260    260    1527260100054618320    3.180012    3.148911    3.144374    1.000000    1.000000    1.000000    5.291427    5.500056    4.641807
261    261    1527260100372007184    3.179899    3.148951    3.150709    1.000000    1.000000    1.000000    5.288731    5.500515    4.591431
262    262    1527260100689440756    3.179785    3.148781    3.150265    1.000000    1.000000    1.000000    5.286009    5.500123    4.579484
263    263    1527260101006280954    3.179695    3.148873    3.156165    1.000000    1.000000    1.000000    5.283451    5.500279    4.615740
264    264    1527260101323834026    3.179578    3.148760    3.149080    1.000000    1.000000    1.000000    5.297919    5.590650    9.080684
265    265    1527260101640967057    3.179479    3.148708    3.153251    1.000000    1.000000    1.000000    5.294987    5.499404    4.524581
266    266    1527260101958828961    3.179352    3.148554    3.146020    1.000000    1.000000    1.000000    5.292168    5.499401    4.550051
267    267    1527260102276266200    3.179242    3.148478    3.150229    1.000000    1.000000    1.000000    5.289359    5.498872    4.546357
268    268    1527260102593582897    3.179138    3.148490    3.151426    1.000000    1.000000    1.000000    5.286327    5.497548    4.480773
269    269    1527260102911510593    3.179012    3.148463    3.145369    1.000000    1.000000    1.000000    5.300189    5.585854    8.989525
270    270    1527260103228830957    3.178909    3.148503    3.151389    1.000000    1.000000    1.000000    5.297210    5.493653    4.499793
271    271    1527260103546420320    3.178797    3.148504    3.148720    1.000000    1.000000    1.000000    5.294304    5.493395    4.514304
272    272    1527260103863559934    3.178702    3.148621    3.153185    1.000000    1.000000    1.000000    5.291463    5.493019    4.525029
273    273    1527260104180947381    3.178599    3.148516    3.150723    1.000000    1.000000    1.000000    5.288736    5.492618    4.550760
274    274    1527260104498779160    3.178481    3.148485    3.146318    1.000000    1.000000    1.000000    5.302317    5.581094    8.985665
275    275    1527260104816153274    3.178380    3.148534    3.150856    1.000000    1.000000    1.000000    5.299382    5.487948    4.499419
276    276    1527260105133767596    3.178271    3.148480    3.148473    1.000000    1.000000    1.000000    5.296465    5.485867    4.498783
277    277    1527260105451302126    3.178165    3.148572    3.149264    1.000000    1.000000    1.000000    5.293554    5.484293    4.494551
278    278    1527260105768525781    3.178072    3.148567    3.152350    1.000000    1.000000    1.000000    5.290707    5.483004    4.505597
279    279    1527260106085819395    3.177977    3.148605    3.151655    1.000000    1.000000    1.000000    5.304260    5.572504    9.054160
280    280    1527260106403063968    3.177884    3.148778    3.152142    1.000000    1.000000    1.000000    5.301558    5.481452    4.551110
281    281    1527260106720667164    3.177779    3.148715    3.148583    1.000000    1.000000    1.000000    5.298683    5.479911    4.498305
282    282    1527260107037994361    3.177685    3.148690    3.151321    1.000000    1.000000    1.000000    5.295868    5.478117    4.508791
283    283    1527260107355009518    3.177603    3.148785    3.154423    1.000000    1.000000    1.000000    5.293067    5.475928    4.506239
284    284    1527260107672492590    3.177504    3.148902    3.149774    1.000000    1.000000    1.000000    5.306196    5.564405    9.001929
285    285    1527260107989794537    3.177413    3.148875    3.151572    1.000000    1.000000    1.000000    5.303450    5.471688    4.527416
286    286    1527260108306972693    3.177326    3.148898    3.152802    1.000000    1.000000    1.000000    5.300825    5.471393    4.555897
287    287    1527260108624466598    3.177229    3.148853    3.149667    1.000000    1.000000    1.000000    5.298265    5.471396    4.569744
288    288    1527260108942000336    3.177132    3.148947    3.149272    1.000000    1.000000    1.000000    5.295490    5.469822    4.503342
289    289    1527260109259417408    3.177039    3.148941    3.150429    1.000000    1.000000    1.000000    5.308367    5.557296    8.998763
290    290    1527260109576593481    3.176955    3.149045    3.152823    1.000000    1.000000    1.000000    5.305610    5.462829    4.512018
291    291    1527260109893730303    3.176873    3.149109    3.153213    1.000000    1.000000    1.000000    5.302907    5.461932    4.522335
292    292    1527260110211114834    3.176783    3.149165    3.150752    1.000000    1.000000    1.000000    5.300245    5.461901    4.529231
293    293    1527260110528808655    3.176683    3.149139    3.147685    1.000000    1.000000    1.000000    5.297694    5.461535    4.557256
294    294    1527260110846425935    3.176587    3.149220    3.148443    1.000000    1.000000    1.000000    5.310615    5.551690    9.075602
295    295    1527260111164379131    3.176479    3.149207    3.145117    1.000000    1.000000    1.000000    5.307862    5.458582    4.503515
296    296    1527260111481898411    3.176387    3.149217    3.149415    1.000000    1.000000    1.000000    5.305144    5.456111    4.507600
297    297    1527260111799192191    3.176304    3.149329    3.151653    1.000000    1.000000    1.000000    5.302452    5.453631    4.509168
298    298    1527260112116441305    3.176222    3.149415    3.152097    1.000000    1.000000    1.000000    5.299792    5.451951    4.513147
299    299    1527260112434215001    3.176124    3.149472    3.146894    1.000000    1.000000    1.000000    5.312398    5.541532    9.046743
300    300    1527260112747808166    3.176166    3.150218    3.188845    1.000000    1.000000    1.000000    5.310101    5.451126    4.618347
301    301    1527260113060530375    3.176237    3.151275    3.197726    1.000000    1.000000    1.000000    5.307836    5.451390    4.621248
302    302    1527260113372923876    3.176318    3.152379    3.201091    1.000000    1.000000    1.000000    5.305492    5.451233    4.592339
303    303    1527260113685296420    3.176400    3.153421    3.201306    1.000000    1.000000    1.000000    5.303175    5.450500    4.595612
304    304    1527260113997741129    3.176478    3.154516    3.200566    1.000000    1.000000    1.000000    5.315834    5.449975    9.193214
305    305    1527260114309967464    3.176564    3.155736    3.202805    1.000000    1.000000    1.000000    5.313517    5.450292    4.601207
306    306    1527260114622283674    3.176645    3.156835    3.201883    1.000000    1.000000    1.000000    5.311249    5.450782    4.611471
307    307    1527260114934658175    3.176725    3.157836    3.201286    1.000000    1.000000    1.000000    5.309106    5.451894    4.646048
308    308    1527260115246648095    3.176816    3.159006    3.205232    1.000000    1.000000    1.000000    5.307011    5.453402    4.656096
309    309    1527260115559342928    3.176884    3.160006    3.198006    1.000000    1.000000    1.000000    5.304725    5.360381    4.593770
310    310    1527260115871985721    3.176953    3.161082    3.198538    1.000000    1.000000    1.000000    5.317209    5.450990    9.213569
311    311    1527260116184256556    3.177034    3.162105    3.202348    1.000000    1.000000    1.000000    5.314969    5.451687    4.612608
312    312    1527260116497070723    3.177097    3.163029    3.196786    1.000000    1.000000    1.000000    5.312717    5.452464    4.605853
313    313    1527260116810075223    3.177153    3.163797    3.194842    1.000000    1.000000    1.000000    5.310468    5.452405    4.602525
314    314    1527260117122673098    3.177222    3.164790    3.198998    1.000000    1.000000    1.000000    5.308301    5.363070    4.623166
315    315    1527260117435303099    3.177289    3.165692    3.198669    1.000000    1.000000    1.000000    5.320803    5.457547    9.285552
316    316    1527260117747632101    3.177366    3.166801    3.201752    1.000000    1.000000    1.000000    5.318696    5.459798    4.647788
317    317    1527260118060140477    3.177436    3.167790    3.199914    1.000000    1.000000    1.000000    5.316397    5.460795    4.582300
318    318    1527260118371935730    3.177529    3.168898    3.207233    1.000000    1.000000    1.000000    5.314194    5.463636    4.607200
319    319    1527260118684469689    3.177597    3.169982    3.199652    1.000000    1.000000    1.000000    5.312040    5.375850    4.619981
320    320    1527260118996956732    3.177667    3.170954    3.200133    1.000000    1.000000    1.000000    5.309872    5.378330    4.611398
321    321    1527260119309306275    3.177741    3.172008    3.201541    1.000000    1.000000    1.000000    5.322033    5.472560    9.255150
322    322    1527260119621557152    3.177817    3.172992    3.202553    1.000000    1.000000    1.000000    5.319994    5.475490    4.658062
323    323    1527260119934208569    3.177880    3.173946    3.198450    1.000000    1.000000    1.000000    5.317972    5.477950    4.660711
324    324    1527260120246939486    3.177941    3.174974    3.197637    1.000000    1.000000    1.000000    5.315872    5.390343    4.631256
325    325    1527260120559565487    3.178004    3.175931    3.198710    1.000000    1.000000    1.000000    5.313688    5.392597    4.599397
326    326    1527260120871737364    3.178081    3.177030    3.203364    1.000000    1.000000    1.000000    5.325534    5.486517    9.218133
327    327    1527260121184158282    3.178150    3.178062    3.200810    1.000000    1.000000    1.000000    5.323368    5.489133    4.610034
328    328    1527260121496611991    3.178217    3.179026    3.200474    1.000000    1.000000    1.000000    5.321221    5.491542    4.611838
329    329    1527260121809368950    3.178275    3.179944    3.197371    1.000000    1.000000    1.000000    5.319128    5.402444    4.626532
330    330    1527260122121606368    3.178348    3.180957    3.202691    1.000000    1.000000    1.000000    5.317145    5.404831    4.657632
331    331    1527260122434353160    3.178405    3.181940    3.197475    1.000000    1.000000    1.000000    5.315193    5.408430    4.665068
332    332    1527260122747147452    3.178461    3.182858    3.196989    1.000000    1.000000    1.000000    5.327035    5.503725    9.281653
333    333    1527260123059340746    3.178534    3.183835    3.203144    1.000000    1.000000    1.000000    5.324943    5.506350    4.622867
334    334    1527260123371879039    3.178597    3.184838    3.199608    1.000000    1.000000    1.000000    5.322877    5.418178    4.628201
335    335    1527260123684354831    3.178661    3.185817    3.200248    1.000000    1.000000    1.000000    5.320812    5.420384    4.624464
336    336    1527260123997181373    3.178714    3.186701    3.196660    1.000000    1.000000    1.000000    5.318720    5.421740    4.611882
337    337    1527260124309822166    3.178772    3.187687    3.198559    1.000000    1.000000    1.000000    5.330330    5.515632    9.267134
338    338    1527260124622106751    3.178841    3.188754    3.202207    1.000000    1.000000    1.000000    5.328394    5.519279    4.669430
339    339    1527260124934634752    3.178902    3.189748    3.199713    1.000000    1.000000    1.000000    5.326445    5.431713    4.661230
340    340    1527260125247289252    3.178958    3.190669    3.198419    1.000000    1.000000    1.000000    5.324326    5.433724    4.599486
341    341    1527260125559772420    3.179020    3.191617    3.200172    1.000000    1.000000    1.000000    5.322244    5.435696    4.607653
342    342    1527260125872337421    3.179079    3.192599    3.199335    1.000000    1.000000    1.000000    5.333640    5.530309    9.255851
343    343    1527260126185057588    3.179133    3.193613    3.197747    1.000000    1.000000    1.000000    5.331608    5.532085    4.630731
344    344    1527260126497452006    3.179196    3.194679    3.201082    1.000000    1.000000    1.000000    5.329644    5.442552    4.649216
345    345    1527260126810015466    3.179254    3.195779    3.199350    1.000000    1.000000    1.000000    5.327731    5.446071    4.663482
346    346    1527260127122368759    3.179318    3.196835    3.201503    1.000000    1.000000    1.000000    5.325852    5.449647    4.671134
347    347    1527260127434982634    3.179373    3.197792    3.198834    1.000000    1.000000    1.000000    5.323917    5.452715    4.648508
348    348    1527260127747761301    3.179424    3.198706    3.197149    1.000000    1.000000    1.000000    5.335015    5.547143    9.218838
349    349    1527260128060210511    3.179484    3.199796    3.200520    1.000000    1.000000    1.000000    5.332973    5.457343    4.615368
350    350    1527260128372641804    3.179544    3.200034    3.200704    1.000000    1.000000    1.000000    5.330947    5.457384    4.617287
351    351    1527260128685049097    3.179604    3.200099    3.200950    1.000000    1.000000    1.000000    5.328929    5.457288    4.615612
352    352    1527260128997707098    3.179657    3.200044    3.198383    1.000000    1.000000    1.000000    5.326967    5.458073    4.632260
353    353    1527260129310298098    3.179712    3.200000    3.199068    1.000000    1.000000    1.000000    5.338131    5.552238    9.303128
354    354    1527260129623584431    3.179746    3.199827    3.191968    1.000000    1.000000    1.000000    5.336242    5.461651    4.665186
355    355    1527260129936179973    3.179800    3.199752    3.199022    1.000000    1.000000    1.000000    5.334278    5.462261    4.632715
356    356    1527260130248453683    3.179863    3.199760    3.202319    1.000000    1.000000    1.000000    5.332339    5.462778    4.637243
357    357    1527260130560789685    3.179923    3.199768    3.201680    1.000000    1.000000    1.000000    5.330389    5.462449    4.629489
358    358    1527260130873225186    3.179981    3.199677    3.200661    1.000000    1.000000    1.000000    5.328442    5.461836    4.626574
359    359    1527260131185606521    3.180039    3.199741    3.201216    1.000000    1.000000    1.000000    5.339317    5.555325    9.269504
360    360    1527260131498214605    3.180091    3.199748    3.198894    1.000000    1.000000    1.000000    5.337385    5.463780    4.637961
361    361    1527260131810694189    3.180146    3.199705    3.200209    1.000000    1.000000    1.000000    5.335576    5.465086    4.678459
362    362    1527260132123422190    3.180194    3.199723    3.197667    1.000000    1.000000    1.000000    5.333711    5.466066    4.654575
363    363    1527260132436101982    3.180243    3.199790    3.198160    1.000000    1.000000    1.000000    5.331757    5.466403    4.618517
364    364    1527260132748923816    3.180288    3.199744    3.196708    1.000000    1.000000    1.000000    5.342466    5.559233    9.260818
365    365    1527260133061278151    3.180346    3.199800    3.201492    1.000000    1.000000    1.000000    5.340543    5.466184    4.633942
366    366    1527260133374092234    3.180390    3.199701    3.196787    1.000000    1.000000    1.000000    5.338653    5.466070    4.643375
367    367    1527260133686412569    3.180448    3.199739    3.201841    1.000000    1.000000    1.000000    5.336802    5.467495    4.653053
368    368    1527260133998606279    3.180509    3.199658    3.203139    1.000000    1.000000    1.000000    5.335013    5.468765    4.671872
369    369    1527260134310868489    3.180568    3.199714    3.202437    1.000000    1.000000    1.000000    5.333269    5.470087    4.685396
370    370    1527260134623267241    3.180623    3.199732    3.201037    1.000000    1.000000    1.000000    5.343987    5.564524    9.334951
371    371    1527260134936066408    3.180667    3.199640    3.196939    1.000000    1.000000    1.000000    5.342025    5.471655    4.610281
372    372    1527260135248463784    3.180721    3.199610    3.201051    1.000000    1.000000    1.000000    5.340135    5.471137    4.632571
373    373    1527260135560673952    3.180780    3.199700    3.202971    1.000000    1.000000    1.000000    5.338243    5.470503    4.627803
374    374    1527260135873296953    3.180828    3.199722    3.198741    1.000000    1.000000    1.000000    5.336377    5.470573    4.634483
375    375    1527260136186388161    3.180862    3.199627    3.193957    1.000000    1.000000    1.000000    5.346807    5.564205    9.274013
376    376    1527260136499047828    3.180909    3.199527    3.198366    1.000000    1.000000    1.000000    5.345049    5.473537    4.680661
377    377    1527260136811063872    3.180972    3.199610    3.204963    1.000000    1.000000    1.000000    5.343339    5.475229    4.693669
378    378    1527260137123793623    3.181016    3.199553    3.197649    1.000000    1.000000    1.000000    5.341485    5.475716    4.636901
379    379    1527260137436551040    3.181058    3.199553    3.197366    1.000000    1.000000    1.000000    5.339626    5.475819    4.631673
380    380    1527260137749360790    3.181100    3.199436    3.196831    1.000000    1.000000    1.000000    5.337780    5.475293    4.632861
381    381    1527260138061939333    3.181147    3.199471    3.199196    1.000000    1.000000    1.000000    5.348022    5.567453    9.272246
382    382    1527260138374944624    3.181182    3.199427    3.194834    1.000000    1.000000    1.000000    5.346163    5.474394    4.632899
383    383    1527260138687569792    3.181228    3.199339    3.198719    1.000000    1.000000    1.000000    5.344380    5.475069    4.657779
384    384    1527260139000117043    3.181275    3.199337    3.199516    1.000000    1.000000    1.000000    5.342686    5.476274    4.688481
385    385    1527260139312923585    3.181315    3.199270    3.196864    1.000000    1.000000    1.000000    5.340911    5.476854    4.654308
386    386    1527260139625692627    3.181356    3.199281    3.197247    1.000000    1.000000    1.000000    5.351029    5.570197    9.275950
387    387    1527260139938214794    3.181403    3.199306    3.199773    1.000000    1.000000    1.000000    5.349234    5.477855    4.650733
388    388    1527260140250899462    3.181446    3.199224    3.198110    1.000000    1.000000    1.000000    5.347434    5.477354    4.645428
389    389    1527260140563450046    3.181492    3.199219    3.199482    1.000000    1.000000    1.000000    5.345626    5.476894    4.638286
390    390    1527260140875802214    3.181543    3.199281    3.201515    1.000000    1.000000    1.000000    5.343844    5.477810    4.644450
391    391    1527260141188406673    3.181587    3.199256    3.198931    1.000000    1.000000    1.000000    5.353964    5.572310    9.332548
392    392    1527260141501114174    3.181628    3.199227    3.197877    1.000000    1.000000    1.000000    5.352254    5.480755    4.678340
393    393    1527260141813589383    3.181675    3.199277    3.200254    1.000000    1.000000    1.000000    5.350461    5.480987    4.641655
394    394    1527260142126266634    3.181717    3.199219    3.198186    1.000000    1.000000    1.000000    5.348631    5.480470    4.624148
395    395    1527260142438997218    3.181757    3.199185    3.197641    1.000000    1.000000    1.000000    5.346871    5.480150    4.647902
396    396    1527260142751605968    3.181800    3.199132    3.198887    1.000000    1.000000    1.000000    5.345099    5.479511    4.639877
397    397    1527260143064437469    3.181837    3.199088    3.196609    1.000000    1.000000    1.000000    5.354989    5.572590    9.299399
398    398    1527260143377102636    3.181878    3.199111    3.198310    1.000000    1.000000    1.000000    5.353255    5.481353    4.659489
399    399    1527260143689773345    3.181919    3.199066    3.198253    1.000000    1.000000    1.000000    5.351587    5.482686    4.682581
400    400    1527260144008152456    3.181815    3.197849    3.140910    1.000000    1.000000    1.000000    5.349705    5.482146    4.606932
401    401    1527260144324752697    3.181757    3.196991    3.158557    1.000000    1.000000    1.000000    5.347683    5.480432    4.542425
402    402    1527260144641667353    3.181691    3.196122    3.155424    1.000000    1.000000    1.000000    5.357174    5.571540    9.141045
403    403    1527260144958638635    3.181624    3.195227    3.154860    1.000000    1.000000    1.000000    5.355201    5.476646    4.566808
404    404    1527260145275594250    3.181558    3.194478    3.155016    1.000000    1.000000    1.000000    5.353254    5.474592    4.573142
405    405    1527260145592586198    3.181491    3.193581    3.154654    1.000000    1.000000    1.000000    5.351334    5.473295    4.580353
406    406    1527260145909385105    3.181429    3.192658    3.156577    1.000000    1.000000    1.000000    5.349516    5.472647    4.617166
407    407    1527260146226484886    3.181360    3.191687    3.153581    1.000000    1.000000    1.000000    5.359056    5.565067    9.207953
408    408    1527260146543649917    3.181290    3.190724    3.152933    1.000000    1.000000    1.000000    5.357092    5.563497    4.563000
409    409    1527260146860804406    3.181221    3.189752    3.153038    1.000000    1.000000    1.000000    5.355126    5.469298    4.557977
410    410    1527260147177831521    3.181154    3.188853    3.154304    1.000000    1.000000    1.000000    5.353171    5.467460    4.558657
411    411    1527260147495700216    3.181068    3.187758    3.145953    1.000000    1.000000    1.000000    5.351186    5.464468    4.544188
412    412    1527260147812704373    3.181003    3.186889    3.154533    1.000000    1.000000    1.000000    5.360499    5.555392    9.165568
413    413    1527260148129565946    3.180942    3.186040    3.155952    1.000000    1.000000    1.000000    5.358699    5.555199    4.621337
414    414    1527260148446671269    3.180876    3.185170    3.153526    1.000000    1.000000    1.000000    5.356850    5.462016    4.597860
415    415    1527260148764076424    3.180802    3.184146    3.150547    1.000000    1.000000    1.000000    5.354851    5.459715    4.533291
416    416    1527260149081351538    3.180732    3.183242    3.151839    1.000000    1.000000    1.000000    5.352945    5.457944    4.567188
417    417    1527260149398315945    3.180670    3.182301    3.154928    1.000000    1.000000    1.000000    5.362062    5.548078    9.132773
418    418    1527260149715348143    3.180606    3.181321    3.154254    1.000000    1.000000    1.000000    5.360191    5.546053    4.584869
419    419    1527260150032137008    3.180549    3.180405    3.156677    1.000000    1.000000    1.000000    5.358385    5.544229    4.607160
420    420    1527260150349456122    3.180479    3.179410    3.151402    1.000000    1.000000    1.000000    5.356620    5.450323    4.622259
421    421    1527260150666769611    3.180409    3.178497    3.151458    1.000000    1.000000    1.000000    5.354724    5.449147    4.563925
422    422    1527260150983628142    3.180351    3.177596    3.155983    1.000000    1.000000    1.000000    5.363752    5.539767    9.144245
423    423    1527260151300712590    3.180288    3.176612    3.153734    1.000000    1.000000    1.000000    5.361851    5.538207    4.564387
424    424    1527260151617852413    3.180224    3.175701    3.153183    1.000000    1.000000    1.000000    5.359972    5.536649    4.570019
425    425    1527260151934839236    3.180163    3.174915    3.154705    1.000000    1.000000    1.000000    5.358112    5.442972    4.574032
426    426    1527260152251626768    3.180108    3.174083    3.156690    1.000000    1.000000    1.000000    5.356317    5.441094    4.597230
427    427    1527260152569340547    3.180031    3.172936    3.147487    1.000000    1.000000    1.000000    5.365392    5.531695    9.200791
428    428    1527260152886247704    3.179973    3.172095    3.155498    1.000000    1.000000    1.000000    5.363530    5.530165    4.572557
429    429    1527260153203965984    3.179897    3.171097    3.147442    1.000000    1.000000    1.000000    5.361576    5.527873    4.531968
430    430    1527260153521283347    3.179830    3.170190    3.151419    1.000000    1.000000    1.000000    5.359727    5.526384    4.571590
431    431    1527260153838655294    3.179763    3.169228    3.150877    1.000000    1.000000    1.000000    5.357867    5.432800    4.563535
432    432    1527260154156054575    3.179695    3.168345    3.150606    1.000000    1.000000    1.000000    5.366690    5.523293    9.143313
433    433    1527260154473416564    3.179628    3.167394    3.150976    1.000000    1.000000    1.000000    5.364943    5.522182    4.615414
434    434    1527260154790629969    3.179565    3.166458    3.152452    1.000000    1.000000    1.000000    5.363212    5.520523    4.618169
435    435    1527260155107859917    3.179502    3.165571    3.152288    1.000000    1.000000    1.000000    5.361313    5.518035    4.542522
436    436    1527260155425079573    3.179439    3.164680    3.152390    1.000000    1.000000    1.000000    5.359497    5.424697    4.574458
437    437    1527260155742900227    3.179363    3.163619    3.146429    1.000000    1.000000    1.000000    5.368121    5.513867    9.097864
438    438    1527260156059919008    3.179306    3.162751    3.154387    1.000000    1.000000    1.000000    5.366313    5.512324    4.580372
439    439    1527260156377106414    3.179245    3.161824    3.152710    1.000000    1.000000    1.000000    5.364529    5.511062    4.588152
440    440    1527260156694264862    3.179185    3.160863    3.152998    1.000000    1.000000    1.000000    5.362837    5.510395    4.624338
441    441    1527260157011252018    3.179129    3.159988    3.154702    1.000000    1.000000    1.000000    5.361111    5.416761    4.605824
442    442    1527260157328129050    3.179076    3.159156    3.155798    1.000000    1.000000    1.000000    5.369723    5.506057    9.148094
443    443    1527260157645125998    3.179020    3.158253    3.154605    1.000000    1.000000    1.000000    5.367896    5.504275    4.564987
444    444    1527260157962361279    3.178960    3.157344    3.152235    1.000000    1.000000    1.000000    5.366072    5.502801    4.563216
445    445    1527260158279390810    3.178904    3.156487    3.154280    1.000000    1.000000    1.000000    5.364290    5.501151    4.577040
446    446    1527260158596738507    3.178841    3.155543    3.151118    1.000000    1.000000    1.000000    5.362545    5.499916    4.591072
447    447    1527260158913674497    3.178788    3.154726    3.155211    1.000000    1.000000    1.000000    5.371254    5.499623    9.235578
448    448    1527260159230625278    3.178735    3.153873    3.155064    1.000000    1.000000    1.000000    5.369509    5.498080    4.593660
449    449    1527260159547975892    3.178673    3.152942    3.151089    1.000000    1.000000    1.000000    5.367659    5.495069    4.544116
450    450    1527260159865878505    3.178599    3.153037    3.145617    1.000000    1.000000    1.000000    5.365865    5.494290    4.566782
451    451    1527260160182965286    3.178543    3.152941    3.153711    1.000000    1.000000    1.000000    5.364077    5.494696    4.564186
452    452    1527260160500319858    3.178482    3.152853    3.151050    1.000000    1.000000    1.000000    5.372487    5.494797    9.141022
453    453    1527260160817278556    3.178430    3.152855    3.154985    1.000000    1.000000    1.000000    5.370786    5.495578    4.605865
454    454    1527260161134529003    3.178371    3.152797    3.152084    1.000000    1.000000    1.000000    5.369128    5.496546    4.622389
455    455    1527260161451965742    3.178309    3.152709    3.150234    1.000000    1.000000    1.000000    5.367358    5.496299    4.569260
456    456    1527260161769356272    3.178248    3.152591    3.150693    1.000000    1.000000    1.000000    5.365595    5.495291    4.568460
457    457    1527260162086445220    3.178194    3.152593    3.153689    1.000000    1.000000    1.000000    5.373885    5.493795    9.133223
458    458    1527260162403680376    3.178137    3.152579    3.152236    1.000000    1.000000    1.000000    5.372127    5.494005    4.573733
459    459    1527260162720931157    3.178080    3.152560    3.152080    1.000000    1.000000    1.000000    5.370376    5.494304    4.573199
460    460    1527260163038681019    3.178012    3.152416    3.147130    1.000000    1.000000    1.000000    5.368702    5.495212    4.606120
461    461    1527260163355765967    3.177959    3.152572    3.153729    1.000000    1.000000    1.000000    5.367086    5.496928    4.627653
462    462    1527260163672809790    3.177907    3.152564    3.154138    1.000000    1.000000    1.000000    5.375369    5.497097    9.173580
463    463    1527260163989752863    3.177858    3.152548    3.155141    1.000000    1.000000    1.000000    5.373604    5.495915    4.562412
464    464    1527260164306799186    3.177807    3.152560    3.154113    1.000000    1.000000    1.000000    5.371878    5.495503    4.577072
465    465    1527260164623978384    3.177752    3.152605    3.152792    1.000000    1.000000    1.000000    5.370140    5.496211    4.567995
466    466    1527260164940772749    3.177707    3.152700    3.156622    1.000000    1.000000    1.000000    5.368428    5.496420    4.576252
467    467    1527260165257854989    3.177655    3.152677    3.153756    1.000000    1.000000    1.000000    5.376717    5.498161    9.218489
468    468    1527260165575292477    3.177596    3.152596    3.150227    1.000000    1.000000    1.000000    5.375045    5.498423    4.599148
469    469    1527260165892558091    3.177541    3.152502    3.151933    1.000000    1.000000    1.000000    5.373314    5.497617    4.568198
470    470    1527260166209783789    3.177487    3.152520    3.152330    1.000000    1.000000    1.000000    5.371579    5.496425    4.562414
471    471    1527260166527098111    3.177432    3.152520    3.151449    1.000000    1.000000    1.000000    5.369848    5.496368    4.561058
472    472    1527260166844472183    3.177375    3.152417    3.150856    1.000000    1.000000    1.000000    5.377895    5.496487    9.144298
473    473    1527260167161799422    3.177320    3.152369    3.151321    1.000000    1.000000    1.000000    5.376221    5.497008    4.591138
474    474    1527260167478984703    3.177267    3.152360    3.152731    1.000000    1.000000    1.000000    5.374609    5.497929    4.616201
475    475    1527260167796067650    3.177218    3.152341    3.153749    1.000000    1.000000    1.000000    5.372962    5.498373    4.596513
476    476    1527260168113294181    3.177165    3.152254    3.152321    1.000000    1.000000    1.000000    5.371198    5.497168    4.538208
477    477    1527260168430239754    3.177119    3.152406    3.155116    1.000000    1.000000    1.000000    5.379154    5.495930    9.147855
478    478    1527260168747734243    3.177061    3.152290    3.149661    1.000000    1.000000    1.000000    5.377443    5.495779    4.566681
479    479    1527260169064793899    3.177012    3.152421    3.153981    1.000000    1.000000    1.000000    5.375780    5.496875    4.584790
480    480    1527260169381934138    3.176962    3.152456    3.153179    1.000000    1.000000    1.000000    5.374117    5.497098    4.582269
481    481    1527260169699007836    3.176914    3.152515    3.153841    1.000000    1.000000    1.000000    5.372524    5.498079    4.611729
482    482    1527260170016261034    3.176862    3.152544    3.152056    1.000000    1.000000    1.000000    5.380506    5.499135    9.197748
483    483    1527260170332812733    3.176825    3.152705    3.159042    1.000000    1.000000    1.000000    5.378858    5.498618    4.587282
484    484    1527260170649501432    3.176786    3.152809    3.157675    1.000000    1.000000    1.000000    5.377204    5.497915    4.581505
485    485    1527260170966870545    3.176732    3.152782    3.150905    1.000000    1.000000    1.000000    5.375523    5.498388    4.566579
486    486    1527260171284092451    3.176681    3.152781    3.152367    1.000000    1.000000    1.000000    5.373860    5.498338    4.571951
487    487    1527260171601355940    3.176630    3.152892    3.151954    1.000000    1.000000    1.000000    5.381728    5.499932    9.183865
488    488    1527260171918602679    3.176580    3.152847    3.152121    1.000000    1.000000    1.000000    5.380159    5.500716    4.620211
489    489    1527260172235808752    3.176530    3.152843    3.152525    1.000000    1.000000    1.000000    5.378500    5.500418    4.573308
490    490    1527260172553252240    3.176476    3.152786    3.150167    1.000000    1.000000    1.000000    5.376767    5.498612    4.534914
491    491    1527260172870528229    3.176426    3.152729    3.151830    1.000000    1.000000    1.000000    5.375115    5.497886    4.570317
492    492    1527260173187871760    3.176374    3.152636    3.151159    1.000000    1.000000    1.000000    5.382821    5.497913    9.144075
493    493    1527260173504648500    3.176334    3.152680    3.156797    1.000000    1.000000    1.000000    5.381221    5.498570    4.597241
494    494    1527260173821576073    3.176291    3.152741    3.155295    1.000000    1.000000    1.000000    5.379701    5.499992    4.633456
495    495    1527260174138965770    3.176239    3.152670    3.150701    1.000000    1.000000    1.000000    5.378166    5.500921    4.624529
496    496    1527260174456255051    3.176190    3.152681    3.151698    1.000000    1.000000    1.000000    5.376478    5.500015    4.545628
497    497    1527260174773254291    3.176146    3.152669    3.154582    1.000000    1.000000    1.000000    5.384126    5.498508    9.159423
498    498    1527260175090228739    3.176103    3.152664    3.154828    1.000000    1.000000    1.000000    5.382495    5.498147    4.575691
499    499    1527260175408077226    3.176042    3.152565    3.146153    1.000000    1.000000    1.000000    5.380833    5.498428    4.559622
