Beat    Tag    Timestamp    Global_Rate    Window_Rate    Instant_Rate    Global_Accuracy    Window_Accuracy    Instant_Accuracy    Global_Power    Window_Power    Instant_Power
0    0    1526401620962887447    0.000000    0.000000    0.000000    1.000000    1.000000    1.000000    0.000000    0.000000    0.000000
1    1    1526401621261365900    6.700651    3.350326    3.350326    1.000000    1.000000    1.000000    1.722674    1.722674    1.722674
2    2    1526401621559755062    5.026240    3.350827    3.351328    1.000000    1.000000    1.000000    1.738695    1.738695    1.754722
3    3    1526401621857542184    4.470999    3.353249    3.358104    1.000000    1.000000    1.000000    1.806252    1.806252    1.941659
4    4    1526401622155276139    4.193264    3.354611    3.358703    1.000000    1.000000    1.000000    1.845880    1.845880    1.964956
5    5    1526401622452867469    4.026900    3.355750    3.360313    1.000000    1.000000    1.000000    2.274549    2.274549    3.992143
6    6    1526401622751594797    3.913441    3.354378    3.347534    1.000000    1.000000    1.000000    2.229754    2.229754    2.006328
7    7    1526401623050425874    3.832265    3.353232    3.346372    1.000000    1.000000    1.000000    2.198623    2.198623    2.012284
8    8    1526401623350036699    3.770187    3.351278    3.337663    1.000000    1.000000    1.000000    2.179716    2.179716    2.047977
9    9    1526401623647719238    3.724628    3.352165    3.359283    1.000000    1.000000    1.000000    2.167544    2.167544    2.069940
10    10    1526401623945760609    3.687720    3.352472    3.355239    1.000000    1.000000    1.000000    2.157595    2.157595    2.067968
11    11    1526401624243605689    3.657736    3.352924    3.357450    1.000000    1.000000    1.000000    2.148123    2.148123    2.053262
12    12    1526401624541085936    3.633113    3.353643    3.361568    1.000000    1.000000    1.000000    2.141514    2.141514    2.068628
13    13    1526401624838976974    3.611888    3.353896    3.356932    1.000000    1.000000    1.000000    2.294242    2.294242    4.128775
14    14    1526401625136485263    3.594021    3.354420    3.361251    1.000000    1.000000    1.000000    2.278135    2.278135    2.068285
15    15    1526401625433696470    3.578771    3.355098    3.364611    1.000000    1.000000    1.000000    2.264168    2.264168    2.068041
16    16    1526401625731678882    3.564845    3.355148    3.355903    1.000000    1.000000    1.000000    2.252109    2.252109    2.071183
17    17    1526401626029201046    3.552879    3.355497    3.361094    1.000000    1.000000    1.000000    2.242758    2.242758    2.092876
18    18    1526401626326720502    3.542243    3.355809    3.361125    1.000000    1.000000    1.000000    2.234736    2.234736    2.098128
19    19    1526401626624752081    3.532405    3.355785    3.355349    1.000000    1.000000    1.000000    2.227586    2.227586    2.098895
20    20    1526401626922667619    3.523620    3.355828    3.356656    1.000000    1.000000    1.000000    2.220374    2.220374    2.083309
21    21    1526401627220137408    3.515922    3.356107    3.361686    1.000000    1.000000    1.000000    2.313329    2.313329    4.175681
22    22    1526401627517642781    3.508903    3.356342    3.361284    1.000000    1.000000    1.000000    2.302971    2.302971    2.085122
23    23    1526401627815612860    3.502256    3.356329    3.356042    1.000000    1.000000    1.000000    2.293521    2.293521    2.085649
24    24    1526401628113479232    3.496214    3.356366    3.357210    1.000000    1.000000    1.000000    2.285288    2.285288    2.095859
25    25    1526401628411128854    3.490757    3.356497    3.359655    1.000000    1.000000    1.000000    2.277501    2.277501    2.090448
26    26    1526401628709066933    3.485589    3.356493    3.356402    1.000000    1.000000    1.000000    2.270182    2.270182    2.087209
27    27    1526401629006709472    3.480932    3.356613    3.359735    1.000000    1.000000    1.000000    2.263254    2.263254    2.082945
28    28    1526401629304357011    3.476606    3.356723    3.359678    1.000000    1.000000    1.000000    2.256778    2.256778    2.081771
29    29    1526401629602235174    3.472484    3.356735    3.357077    1.000000    1.000000    1.000000    2.323265    2.323265    4.185094
30    30    1526401629899875254    3.468730    3.356836    3.359763    1.000000    1.000000    1.000000    2.315925    2.315925    2.102875
31    31    1526401630197426293    3.465252    3.356962    3.360768    1.000000    1.000000    1.000000    2.309067    2.309067    2.103095
32    32    1526401630495272581    3.461883    3.356977    3.357437    1.000000    1.000000    1.000000    2.302104    2.302104    2.086197
33    33    1526401630793184952    3.458695    3.356969    3.356692    1.000000    1.000000    1.000000    2.295505    2.295505    2.084358
34    34    1526401631090466367    3.455910    3.357169    3.363816    1.000000    1.000000    1.000000    2.289571    2.289571    2.093373
35    35    1526401631387858031    3.453247    3.357324    3.362569    1.000000    1.000000    1.000000    2.284221    2.284221    2.102019
36    36    1526401631685520987    3.450645    3.357384    3.359504    1.000000    1.000000    1.000000    2.337002    2.337002    4.185519
37    37    1526401631983288942    3.448150    3.357409    3.358320    1.000000    1.000000    1.000000    2.330254    2.330254    2.087280
38    38    1526401632280806897    3.445863    3.357507    3.361142    1.000000    1.000000    1.000000    2.324112    2.324112    2.096593
39    39    1526401632578525602    3.443633    3.357543    3.358875    1.000000    1.000000    1.000000    2.317773    2.317773    2.076799
40    40    1526401632875739684    3.441661    3.357718    3.364578    1.000000    1.000000    1.000000    2.311798    2.311798    2.078273
41    41    1526401633173133640    3.439734    3.357836    3.362543    1.000000    1.000000    1.000000    2.306403    2.306403    2.090295
42    42    1526401633470647054    3.437866    3.357915    3.361193    1.000000    1.000000    1.000000    2.301684    2.301684    2.108036
43    43    1526401633768287717    3.436050    3.357958    3.359756    1.000000    1.000000    1.000000    2.297328    2.297328    2.114261
44    44    1526401634065647882    3.434391    3.358071    3.362925    1.000000    1.000000    1.000000    2.340925    2.340925    4.218376
45    45    1526401634363425712    3.432698    3.358074    3.358208    1.000000    1.000000    1.000000    2.335239    2.335239    2.085041
46    46    1526401634661291208    3.431057    3.358055    3.357220    1.000000    1.000000    1.000000    2.329860    2.329860    2.087858
47    47    1526401634959467912    3.429409    3.357963    3.353716    1.000000    1.000000    1.000000    2.324769    2.324769    2.090874
48    48    1526401635256984326    3.427989    3.358029    3.361159    1.000000    1.000000    1.000000    2.319834    2.319834    2.087660
49    49    1526401635555105572    3.426484    3.357954    3.354340    1.000000    1.000000    1.000000    2.314890    2.314890    2.077846
50    50    1526401635852733402    3.425153    3.357993    3.359901    1.000000    1.000000    1.000000    2.310440    2.310440    2.092301
51    51    1526401636150635815    3.423812    3.358123    3.356804    1.000000    1.000000    1.000000    2.306422    2.318124    2.105575
52    52    1526401636448896769    3.422444    3.358152    3.352769    1.000000    1.000000    1.000000    2.342109    2.366298    4.159304
53    53    1526401636742967900    3.422036    3.358990    3.400538    1.000000    1.000000    1.000000    2.337779    2.369725    2.109779
54    54    1526401637036213492    3.421818    3.360003    3.410111    1.000000    1.000000    1.000000    2.333808    2.372905    2.120138
55    55    1526401637329633624    3.421572    3.360945    3.408082    1.000000    1.000000    1.000000    2.330198    2.335772    2.132451
56    56    1526401637623150465    3.421315    3.362123    3.406960    1.000000    1.000000    1.000000    2.326969    2.338662    2.146909
57    57    1526401637915879141    3.421225    3.363503    3.416133    1.000000    1.000000    1.000000    2.323807    2.341386    2.143828
58    58    1526401638208918400    3.421077    3.364991    3.412512    1.000000    1.000000    1.000000    2.320772    2.343433    2.145194
59    59    1526401638501977575    3.420930    3.366038    3.412280    1.000000    1.000000    1.000000    2.317773    2.344926    2.141295
60    60    1526401638795394833    3.420719    3.367086    3.408116    1.000000    1.000000    1.000000    2.314629    2.346173    2.126705
61    61    1526401639088349133    3.420603    3.368196    3.413502    1.000000    1.000000    1.000000    2.346814    2.390725    4.305948
62    62    1526401639381654350    3.420424    3.369143    3.409418    1.000000    1.000000    1.000000    2.343706    2.392457    2.151653
63    63    1526401639675049441    3.420235    3.370164    3.408373    1.000000    1.000000    1.000000    2.340501    2.352586    2.139262
64    64    1526401639967917533    3.420147    3.371219    3.414506    1.000000    1.000000    1.000000    2.337570    2.354295    2.150309
65    65    1526401640260904458    3.420041    3.372179    3.413122    1.000000    1.000000    1.000000    2.334671    2.355930    2.146659
66    66    1526401640554029509    3.419913    3.373284    3.411513    1.000000    1.000000    1.000000    2.331890    2.357558    2.148779
67    67    1526401640847059476    3.419805    3.374307    3.412620    1.000000    1.000000    1.000000    2.329125    2.358654    2.144262
68    68    1526401641139916443    3.419730    3.375369    3.414636    1.000000    1.000000    1.000000    2.326363    2.359541    2.138839
69    69    1526401641432648244    3.419678    3.376577    3.416096    1.000000    1.000000    1.000000    2.323716    2.360472    2.141247
70    70    1526401641726036169    3.419520    3.377610    3.408457    1.000000    1.000000    1.000000    2.351336    2.404061    4.278411
71    71    1526401642019443176    3.419363    3.378537    3.408235    1.000000    1.000000    1.000000    2.348274    2.363048    2.131544
72    72    1526401642312203311    3.419313    3.379621    3.415766    1.000000    1.000000    1.000000    2.345471    2.364301    2.143892
73    73    1526401642605389777    3.419198    3.380713    3.410799    1.000000    1.000000    1.000000    2.342772    2.365591    2.146221
74    74    1526401642898505827    3.419097    3.381800    3.411618    1.000000    1.000000    1.000000    2.339976    2.366425    2.133530
75    75    1526401643191209378    3.419062    3.382932    3.416426    1.000000    1.000000    1.000000    2.337446    2.367654    2.147873
76    76    1526401643484655803    3.418914    3.383960    3.407777    1.000000    1.000000    1.000000    2.334787    2.368656    2.133357
77    77    1526401643777993186    3.418788    3.384946    3.409044    1.000000    1.000000    1.000000    2.332019    2.369466    2.119515
78    78    1526401644070945653    3.418721    3.386022    3.413523    1.000000    1.000000    1.000000    2.329509    2.370594    2.134008
79    79    1526401644363820620    3.418667    3.387170    3.414426    1.000000    1.000000    1.000000    2.354025    2.372027    4.288349
80    80    1526401644657109462    3.418555    3.388169    3.409608    1.000000    1.000000    1.000000    2.351212    2.372583    2.126825
81    81    1526401644949981804    3.418505    3.389243    3.414457    1.000000    1.000000    1.000000    2.348641    2.373412    2.140581
82    82    1526401645243086729    3.418423    3.390333    3.411748    1.000000    1.000000    1.000000    2.346045    2.374447    2.133601
83    83    1526401645536081113    3.418359    3.391464    3.413035    1.000000    1.000000    1.000000    2.343455    2.375427    2.128802
84    84    1526401645829123330    3.418290    3.392439    3.412478    1.000000    1.000000    1.000000    2.340935    2.376229    2.129639
85    85    1526401646121935006    3.418253    3.393494    3.415164    1.000000    1.000000    1.000000    2.338599    2.377074    2.140266
86    86    1526401646415016306    3.418182    3.394549    3.412023    1.000000    1.000000    1.000000    2.336195    2.335607    2.129771
87    87    1526401646708459897    3.418063    3.395546    3.407810    1.000000    1.000000    1.000000    2.333895    2.336619    2.134390
88    88    1526401647001667530    3.417979    3.396540    3.410552    1.000000    1.000000    1.000000    2.355896    2.380334    4.287811
89    89    1526401647294641372    3.417927    3.397636    3.413274    1.000000    1.000000    1.000000    2.353472    2.381649    2.137976
90    90    1526401647587657631    3.417870    3.398605    3.412780    1.000000    1.000000    1.000000    2.351194    2.383094    2.146475
91    91    1526401647880706556    3.417810    3.399609    3.412399    1.000000    1.000000    1.000000    2.349157    2.384651    2.164076
92    92    1526401648173648940    3.417765    3.400666    3.413641    1.000000    1.000000    1.000000    2.347011    2.385570    2.149873
93    93    1526401648466537033    3.417728    3.401766    3.414273    1.000000    1.000000    1.000000    2.344772    2.386107    2.136772
94    94    1526401648759626541    3.417667    3.402754    3.411927    1.000000    1.000000    1.000000    2.342704    2.344291    2.148627
95    95    1526401649052425592    3.417643    3.403908    3.415312    1.000000    1.000000    1.000000    2.340567    2.345428    2.137715
96    96    1526401649345466892    3.417589    3.405026    3.412488    1.000000    1.000000    1.000000    2.338456    2.346475    2.136050
97    97    1526401649638837983    3.417498    3.406141    3.408652    1.000000    1.000000    1.000000    2.358295    2.390261    4.277620
98    98    1526401649931883284    3.417447    3.407178    3.412442    1.000000    1.000000    1.000000    2.356084    2.391393    2.139737
99    99    1526401650224835334    3.417407    3.408379    3.413528    1.000000    1.000000    1.000000    2.353890    2.392684    2.136971
100    100    1526401650519870921    3.417128    3.408982    3.389422    1.000000    1.000000    1.000000    2.351575    2.393334    2.121941
101    101    1526401650814153218    3.416941    3.409823    3.398098    1.000000    1.000000    1.000000    2.349362    2.393836    2.127083
102    102    1526401651107954892    3.416811    3.410861    3.403657    1.000000    1.000000    1.000000    2.347307    2.352800    2.138589
103    103    1526401651401815107    3.416678    3.410909    3.402979    1.000000    1.000000    1.000000    2.345300    2.353397    2.139398
104    104    1526401651696026237    3.416508    3.410685    3.398920    1.000000    1.000000    1.000000    2.343316    2.353741    2.138050
105    105    1526401651989718369    3.416398    3.410621    3.404926    1.000000    1.000000    1.000000    2.341479    2.354073    2.149237
106    106    1526401652283915833    3.416235    3.410463    3.399078    1.000000    1.000000    1.000000    2.359644    2.396775    4.275339
107    107    1526401652578183381    3.416068    3.410105    3.398268    1.000000    1.000000    1.000000    2.357440    2.396328    2.122912
108    108    1526401652871972721    3.415955    3.409931    3.403799    1.000000    1.000000    1.000000    2.355282    2.395871    2.123004
109    109    1526401653165953519    3.415824    3.409716    3.401583    1.000000    1.000000    1.000000    2.353218    2.395613    2.129207
110    110    1526401653459839400    3.415705    3.409607    3.402681    1.000000    1.000000    1.000000    2.351210    2.395693    2.131140
111    111    1526401653754058406    3.415554    3.409314    3.398829    1.000000    1.000000    1.000000    2.349283    2.352334    2.136453
112    112    1526401654047988870    3.415435    3.409168    3.402165    1.000000    1.000000    1.000000    2.347330    2.351880    2.129442
113    113    1526401654341795710    3.415330    3.409073    3.403597    1.000000    1.000000    1.000000    2.345381    2.351608    2.125955
114    114    1526401654635806550    3.415207    3.408807    3.401235    1.000000    1.000000    1.000000    2.343629    2.351479    2.144679
115    115    1526401654929990014    3.415069    3.408529    3.399239    1.000000    1.000000    1.000000    2.360257    2.393916    4.263544
116    116    1526401655223811854    3.414969    3.408367    3.403423    1.000000    1.000000    1.000000    2.358221    2.393385    2.122844
117    117    1526401655518092860    3.414826    3.408076    3.398113    1.000000    1.000000    1.000000    2.356290    2.393108    2.131548
118    118    1526401655811831241    3.414738    3.407871    3.404390    1.000000    1.000000    1.000000    2.354318    2.392762    2.122304
119    119    1526401656105649165    3.414643    3.407619    3.403468    1.000000    1.000000    1.000000    2.352327    2.392241    2.116164
120    120    1526401656399579671    3.414540    3.407493    3.402165    1.000000    1.000000    1.000000    2.350622    2.349610    2.146722
121    121    1526401656693777677    3.414413    3.407310    3.399071    1.000000    1.000000    1.000000    2.348914    2.349832    2.143193
122    122    1526401656987688058    3.414315    3.407043    3.402398    1.000000    1.000000    1.000000    2.347160    2.349617    2.133974
123    123    1526401657281541107    3.414223    3.406888    3.403062    1.000000    1.000000    1.000000    2.345283    2.348986    2.115132
124    124    1526401657576073611    3.414071    3.406559    3.395211    1.000000    1.000000    1.000000    2.360250    2.390550    4.205886
125    125    1526401657869717202    3.414002    3.406341    3.405489    1.000000    1.000000    1.000000    2.358335    2.389968    2.119532
126    126    1526401658163575458    3.413915    3.406245    3.403001    1.000000    1.000000    1.000000    2.356532    2.389896    2.130143
127    127    1526401658457192674    3.413852    3.406180    3.405795    1.000000    1.000000    1.000000    2.354808    2.390227    2.136302
128    128    1526401658751589637    3.413719    3.405845    3.396774    1.000000    1.000000    1.000000    2.353100    2.390234    2.135596
129    129    1526401659045539019    3.413628    3.405596    3.401946    1.000000    1.000000    1.000000    2.351509    2.347499    2.146968
130    130    1526401659339772858    3.413513    3.405377    3.398657    1.000000    1.000000    1.000000    2.349901    2.347784    2.141739
131    131    1526401659633926155    3.413407    3.405080    3.399588    1.000000    1.000000    1.000000    2.348275    2.347677    2.136168
132    132    1526401659927615829    3.413343    3.404944    3.404955    1.000000    1.000000    1.000000    2.363007    2.391054    4.302851
133    133    1526401660221718710    3.413245    3.404687    3.400171    1.000000    1.000000    1.000000    2.361333    2.391247    2.139472
134    134    1526401660515737841    3.413155    3.404461    3.401139    1.000000    1.000000    1.000000    2.359629    2.391281    2.132178
135    135    1526401660809723472    3.413069    3.404188    3.401527    1.000000    1.000000    1.000000    2.357977    2.391169    2.135662
136    136    1526401661104007061    3.412959    3.403910    3.398083    1.000000    1.000000    1.000000    2.356380    2.391355    2.140140
137    137    1526401661397668027    3.412903    3.403859    3.405287    1.000000    1.000000    1.000000    2.354794    2.391426    2.138105
138    138    1526401661692067448    3.412787    3.403583    3.396746    1.000000    1.000000    1.000000    2.353205    2.348434    2.134899
139    139    1526401661985890913    3.412719    3.403386    3.403404    1.000000    1.000000    1.000000    2.351601    2.348249    2.129296
140    140    1526401662279433921    3.412676    3.403265    3.406656    1.000000    1.000000    1.000000    2.350114    2.348158    2.142279
141    141    1526401662573686801    3.412576    3.402986    3.398437    1.000000    1.000000    1.000000    2.363755    2.390499    4.279064
142    142    1526401662867760307    3.412491    3.402724    3.400510    1.000000    1.000000    1.000000    2.362159    2.390211    2.136405
143    143    1526401663161668689    3.412421    3.402488    3.402421    1.000000    1.000000    1.000000    2.360495    2.389921    2.123172
144    144    1526401663455563737    3.412353    3.402301    3.402575    1.000000    1.000000    1.000000    2.358907    2.389554    2.130948
145    145    1526401663749370244    3.412293    3.402068    3.403601    1.000000    1.000000    1.000000    2.357376    2.389503    2.135998
146    146    1526401664043198125    3.412232    3.401886    3.403353    1.000000    1.000000    1.000000    2.355860    2.389468    2.134978
147    147    1526401664336944341    3.412178    3.401799    3.404299    1.000000    1.000000    1.000000    2.354388    2.346767    2.138577
148    148    1526401664631109555    3.412092    3.401540    3.399450    1.000000    1.000000    1.000000    2.352916    2.346672    2.135800
149    149    1526401664925066936    3.412024    3.401307    3.401854    1.000000    1.000000    1.000000    2.351447    2.346584    2.133275
150    150    1526401665219208400    3.411942    3.401514    3.399725    1.000000    1.000000    1.000000    2.364284    2.389840    4.282912
151    151    1526401665513180615    3.411874    3.401586    3.401682    1.000000    1.000000    1.000000    2.362768    2.389995    2.134593
152    152    1526401665807163454    3.411807    3.401544    3.401559    1.000000    1.000000    1.000000    2.361257    2.389865    2.132250
153    153    1526401666102524040    3.411636    3.401196    3.385692    1.000000    1.000000    1.000000    2.359788    2.389786    2.136707
154    154    1526401666397773794    3.411475    3.400956    3.386963    1.000000    1.000000    1.000000    2.358223    2.389385    2.118979
155    155    1526401666691685217    3.411417    3.400906    3.402386    1.000000    1.000000    1.000000    2.356890    2.389413    2.150835
156    156    1526401666985925264    3.411335    3.400896    3.398586    1.000000    1.000000    1.000000    2.355648    2.347135    2.162578
157    157    1526401667279588063    3.411297    3.401036    3.405266    1.000000    1.000000    1.000000    2.354269    2.347450    2.138201
158    158    1526401667574280275    3.411183    3.400827    3.393371    1.000000    1.000000    1.000000    2.352841    2.347543    2.128370
159    159    1526401667868541656    3.411103    3.400762    3.398339    1.000000    1.000000    1.000000    2.364904    2.390499    4.275655
160    160    1526401668162140997    3.411071    3.400828    3.406002    1.000000    1.000000    1.000000    2.363513    2.390708    2.141374
161    161    1526401668455911420    3.411027    3.400932    3.404019    1.000000    1.000000    1.000000    2.362157    2.390870    2.144181
162    162    1526401668750140217    3.410951    3.400863    3.398716    1.000000    1.000000    1.000000    2.360751    2.390953    2.133850
163    163    1526401669044326265    3.410880    3.400775    3.399209    1.000000    1.000000    1.000000    2.359265    2.390785    2.117881
164    164    1526401669338521020    3.410808    3.400733    3.399109    1.000000    1.000000    1.000000    2.357853    2.390432    2.127176
165    165    1526401669632781859    3.410733    3.400715    3.398346    1.000000    1.000000    1.000000    2.356388    2.347449    2.115426
166    166    1526401669926858282    3.410671    3.400656    3.400477    1.000000    1.000000    1.000000    2.355009    2.347527    2.126917
167    167    1526401670220683414    3.410628    3.400761    3.403385    1.000000    1.000000    1.000000    2.366474    2.390410    4.277041
168    168    1526401670514781628    3.410566    3.400678    3.400225    1.000000    1.000000    1.000000    2.365113    2.390699    2.137058
169    169    1526401670808874759    3.410505    3.400614    3.400283    1.000000    1.000000    1.000000    2.363683    2.390824    2.122678
170    170    1526401671102515641    3.410476    3.400681    3.405520    1.000000    1.000000    1.000000    2.362197    2.390095    2.109992
171    171    1526401671396506731    3.410423    3.400729    3.401464    1.000000    1.000000    1.000000    2.360761    2.389553    2.115911
172    172    1526401671690759570    3.410354    3.400650    3.398438    1.000000    1.000000    1.000000    2.359420    2.389457    2.129488
173    173    1526401671984572660    3.410315    3.400659    3.403524    1.000000    1.000000    1.000000    2.358184    2.390050    2.144772
174    174    1526401672278445249    3.410272    3.400812    3.402835    1.000000    1.000000    1.000000    2.356775    2.348122    2.112273
175    175    1526401672572603672    3.410211    3.400693    3.399529    1.000000    1.000000    1.000000    2.355377    2.347950    2.111379
176    176    1526401672866444929    3.410171    3.400697    3.403198    1.000000    1.000000    1.000000    2.366216    2.390718    4.270105
177    177    1526401673160396727    3.410124    3.400619    3.401918    1.000000    1.000000    1.000000    2.364889    2.390597    2.130530
178    178    1526401673454586107    3.410063    3.400667    3.399171    1.000000    1.000000    1.000000    2.363591    2.390555    2.133313
179    179    1526401673748540197    3.410018    3.400666    3.401892    1.000000    1.000000    1.000000    2.362294    2.390229    2.130649
180    180    1526401674042185329    3.409992    3.400802    3.405471    1.000000    1.000000    1.000000    2.361058    2.390181    2.138847
181    181    1526401674335827461    3.409968    3.400921    3.405506    1.000000    1.000000    1.000000    2.359826    2.390210    2.137183
182    182    1526401674629907800    3.409915    3.400831    3.400431    1.000000    1.000000    1.000000    2.358642    2.347073    2.143693
183    183    1526401674924032640    3.409861    3.400825    3.399917    1.000000    1.000000    1.000000    2.357404    2.346913    2.131520
184    184    1526401675217948729    3.409820    3.400849    3.402332    1.000000    1.000000    1.000000    2.356266    2.347217    2.147307
185    185    1526401675512120694    3.409764    3.400806    3.399372    1.000000    1.000000    1.000000    2.366581    2.389902    4.269136
186    186    1526401675806438241    3.409699    3.400798    3.397691    1.000000    1.000000    1.000000    2.365295    2.389635    2.126812
187    187    1526401676100174164    3.409671    3.400781    3.404418    1.000000    1.000000    1.000000    2.364107    2.389717    2.142295
188    188    1526401676393945629    3.409641    3.400926    3.404007    1.000000    1.000000    1.000000    2.362917    2.389822    2.139612
189    189    1526401676687874761    3.409601    3.400902    3.402181    1.000000    1.000000    1.000000    2.361616    2.389560    2.116275
190    190    1526401676981720517    3.409568    3.400832    3.403146    1.000000    1.000000    1.000000    2.360361    2.389156    2.122307
191    191    1526401677275488482    3.409539    3.400944    3.404047    1.000000    1.000000    1.000000    2.359247    2.346487    2.146790
192    192    1526401677569546697    3.409493    3.400947    3.400687    1.000000    1.000000    1.000000    2.358109    2.346563    2.140219
193    193    1526401677863301620    3.409466    3.400983    3.404198    1.000000    1.000000    1.000000    2.356999    2.346964    2.143106
194    194    1526401678157168377    3.409432    3.400989    3.402903    1.000000    1.000000    1.000000    2.366754    2.389432    4.255544
195    195    1526401678451404341    3.409377    3.400890    3.398633    1.000000    1.000000    1.000000    2.365595    2.389513    2.140384
196    196    1526401678745766138    3.409314    3.400766    3.397180    1.000000    1.000000    1.000000    2.364406    2.389450    2.132291
197    197    1526401679039679186    3.409279    3.400728    3.402367    1.000000    1.000000    1.000000    2.363256    2.389419    2.137173
198    198    1526401679333467651    3.409252    3.400815    3.403810    1.000000    1.000000    1.000000    2.362186    2.389722    2.150632
199    199    1526401679627376032    3.409217    3.400826    3.402421    1.000000    1.000000    1.000000    2.361098    2.389956    2.144961
200    200    1526401679909598527    3.409859    3.403585    3.543304    1.000000    1.000000    1.000000    2.360511    2.349144    2.238482
201    201    1526401680190453900    3.410574    3.406627    3.560551    1.000000    1.000000    1.000000    2.359951    2.351401    2.242499
202    202    1526401680471486272    3.411272    3.409636    3.558309    1.000000    1.000000    1.000000    2.359624    2.354628    2.290576
203    203    1526401680753311267    3.411918    3.412786    3.548301    1.000000    1.000000    1.000000    2.359183    2.357319    2.266105
204    204    1526401681034932847    3.412569    3.415964    3.550864    1.000000    1.000000    1.000000    2.358740    2.360345    2.264755
205    205    1526401681316839050    3.413198    3.418767    3.547279    1.000000    1.000000    1.000000    2.368810    2.406080    4.514615
206    206    1526401681599656418    3.413770    3.421440    3.535851    1.000000    1.000000    1.000000    2.368266    2.408004    2.252164
207    207    1526401681883105076    3.414302    3.423833    3.527976    1.000000    1.000000    1.000000    2.367725    2.410402    2.251988
208    208    1526401682165122487    3.414908    3.426807    3.545880    1.000000    1.000000    1.000000    2.367295    2.413468    2.274313
209    209    1526401682447853897    3.415469    3.429517    3.536926    1.000000    1.000000    1.000000    2.366839    2.373067    2.268322
210    210    1526401682730754931    3.416016    3.432035    3.534805    1.000000    1.000000    1.000000    2.366383    2.375681    2.267231
211    211    1526401683012007428    3.416648    3.434987    3.555524    1.000000    1.000000    1.000000    2.365990    2.378499    2.279713
212    212    1526401683293406133    3.417267    3.438017    3.553677    1.000000    1.000000    1.000000    2.365577    2.381434    2.274342
213    213    1526401683574843004    3.417878    3.441034    3.553195    1.000000    1.000000    1.000000    2.365162    2.384678    2.273437
214    214    1526401683856529542    3.418470    3.443999    3.550045    1.000000    1.000000    1.000000    2.364742    2.387696    2.271308
215    215    1526401684138451620    3.419043    3.446928    3.547079    1.000000    1.000000    1.000000    2.364323    2.390949    2.270893
216    216    1526401684419862991    3.419640    3.449940    3.553517    1.000000    1.000000    1.000000    2.363945    2.394134    2.279030
217    217    1526401684701304571    3.420229    3.452891    3.553135    1.000000    1.000000    1.000000    2.363508    2.353418    2.265021
218    218    1526401684982318027    3.420836    3.456013    3.558548    1.000000    1.000000    1.000000    2.363168    2.356505    2.285919
219    219    1526401685263902023    3.421408    3.459004    3.551338    1.000000    1.000000    1.000000    2.362730    2.359444    2.263140
220    220    1526401685545387852    3.421980    3.461915    3.552577    1.000000    1.000000    1.000000    2.372176    2.406819    4.529986
221    221    1526401685827065265    3.422536    3.464869    3.550160    1.000000    1.000000    1.000000    2.371748    2.410146    2.273658
222    222    1526401686108346511    3.423109    3.467987    3.555161    1.000000    1.000000    1.000000    2.371358    2.413365    2.281553
223    223    1526401686389341134    3.423692    3.471073    3.558787    1.000000    1.000000    1.000000    2.370953    2.416183    2.276987
224    224    1526401686670794463    3.424245    3.474068    3.552987    1.000000    1.000000    1.000000    2.370571    2.419759    2.281696
225    225    1526401686952306168    3.424791    3.477123    3.552250    1.000000    1.000000    1.000000    2.370197    2.423391    2.283042
226    226    1526401687233512373    3.425349    3.480181    3.556109    1.000000    1.000000    1.000000    2.369799    2.382741    2.276251
227    227    1526401687515125952    3.425880    3.483173    3.550965    1.000000    1.000000    1.000000    2.369338    2.385513    2.260782
228    228    1526401687797208989    3.426383    3.486113    3.545055    1.000000    1.000000    1.000000    2.368911    2.388381    2.268304
229    229    1526401688078466027    3.426924    3.489202    3.555467    1.000000    1.000000    1.000000    2.368519    2.391449    2.275321
230    230    1526401688360387897    3.427427    3.492058    3.547082    1.000000    1.000000    1.000000    2.368136    2.394375    2.276954
231    231    1526401688641799352    3.427951    3.495044    3.553516    1.000000    1.000000    1.000000    2.367746    2.397293    2.274353
232    232    1526401688923100015    3.428477    3.498169    3.554915    1.000000    1.000000    1.000000    2.367335    2.399974    2.268384
233    233    1526401689204685136    3.428984    3.501240    3.551324    1.000000    1.000000    1.000000    2.366951    2.403025    2.274296
234    234    1526401689486501965    3.429475    3.504210    3.548404    1.000000    1.000000    1.000000    2.366544    2.405629    2.268175
235    235    1526401689768438418    3.429956    3.507217    3.546899    1.000000    1.000000    1.000000    2.375437    2.409323    4.536806
236    236    1526401690050005664    3.430451    3.510356    3.551549    1.000000    1.000000    1.000000    2.375083    2.412770    2.288416
237    237    1526401690331313744    3.430956    3.513422    3.554821    1.000000    1.000000    1.000000    2.374632    2.415412    2.263966
238    238    1526401690613098240    3.431433    3.516384    3.548811    1.000000    1.000000    1.000000    2.374198    2.418176    2.267350
239    239    1526401690894401862    3.431929    3.519509    3.554878    1.000000    1.000000    1.000000    2.373811    2.421646    2.277976
240    240    1526401691175564317    3.432429    3.522654    3.556663    1.000000    1.000000    1.000000    2.373436    2.425042    2.280276
241    241    1526401691456666731    3.432927    3.525800    3.557422    1.000000    1.000000    1.000000    2.373020    2.427715    2.269077
242    242    1526401691738185977    3.433401    3.528920    3.552155    1.000000    1.000000    1.000000    2.372596    2.430477    2.266424
243    243    1526401692021698926    3.433775    3.531473    3.527176    1.000000    1.000000    1.000000    2.372107    2.432824    2.249950
244    244    1526401692304473461    3.434182    3.534242    3.536386    1.000000    1.000000    1.000000    2.371678    2.391584    2.263772
245    245    1526401692585751291    3.434657    3.537482    3.555204    1.000000    1.000000    1.000000    2.371293    2.394467    2.273677
246    246    1526401692867033621    3.435129    3.540759    3.555147    1.000000    1.000000    1.000000    2.370998    2.397972    2.296070
247    247    1526401693148346868    3.435595    3.543921    3.554756    1.000000    1.000000    1.000000    2.370634    2.401002    2.277461
248    248    1526401693429787364    3.436051    3.547025    3.553149    1.000000    1.000000    1.000000    2.370333    2.404067    2.293145
249    249    1526401693711478276    3.436493    3.550102    3.549990    1.000000    1.000000    1.000000    2.369993    2.407041    2.282431
250    250    1526401693993300813    3.436924    3.550203    3.548332    1.000000    1.000000    1.000000    2.378337    2.452949    4.532434
251    251    1526401694274345602    3.437389    3.550155    3.558152    1.000000    1.000000    1.000000    2.377985    2.453824    2.286475
252    252    1526401694555747265    3.437834    3.550062    3.553639    1.000000    1.000000    1.000000    2.377638    2.453752    2.287190
253    253    1526401694837591594    3.438254    3.550057    3.548058    1.000000    1.000000    1.000000    2.377226    2.453820    2.269537
254    254    1526401695118967924    3.438693    3.550119    3.553959    1.000000    1.000000    1.000000    2.376839    2.454033    2.275255
255    255    1526401695400138838    3.439138    3.550304    3.556556    1.000000    1.000000    1.000000    2.376435    2.409113    2.270032
256    256    1526401695681637667    3.439565    3.550637    3.552413    1.000000    1.000000    1.000000    2.376075    2.409699    2.280752
257    257    1526401695963546079    3.439970    3.551025    3.547251    1.000000    1.000000    1.000000    2.375683    2.410113    2.271780
258    258    1526401696244478326    3.440416    3.551299    3.559577    1.000000    1.000000    1.000000    2.375329    2.410252    2.280788
259    259    1526401696525684657    3.440847    3.551684    3.556108    1.000000    1.000000    1.000000    2.374947    2.410359    2.272904
260    260    1526401696806987528    3.441270    3.552087    3.554887    1.000000    1.000000    1.000000    2.374571    2.410502    2.273578
261    261    1526401697087943859    3.441705    3.552162    3.559272    1.000000    1.000000    1.000000    2.374221    2.410503    2.279618
262    262    1526401697369154189    3.442126    3.552209    3.556057    1.000000    1.000000    1.000000    2.373805    2.410241    2.261144
263    263    1526401697650802852    3.442524    3.552155    3.550523    1.000000    1.000000    1.000000    2.373425    2.410180    2.270474
264    264    1526401697931923057    3.442943    3.552299    3.557197    1.000000    1.000000    1.000000    2.373039    2.410112    2.267646
265    265    1526401698213228637    3.443350    3.552454    3.554853    1.000000    1.000000    1.000000    2.380612    2.453724    4.452635
266    266    1526401698494478718    3.443758    3.552495    3.555555    1.000000    1.000000    1.000000    2.380018    2.452486    2.216998
267    267    1526401698776240130    3.444139    3.552414    3.549102    1.000000    1.000000    1.000000    2.379422    2.451485    2.215218
268    268    1526401699057431043    3.444543    3.552369    3.556303    1.000000    1.000000    1.000000    2.378842    2.450137    2.218539
269    269    1526401699338519499    3.444948    3.552494    3.557599    1.000000    1.000000    1.000000    2.378270    2.449267    2.219248
270    270    1526401699620156828    3.445327    3.552456    3.550666    1.000000    1.000000    1.000000    2.377681    2.402943    2.213829
271    271    1526401699901072951    3.445734    3.552648    3.559781    1.000000    1.000000    1.000000    2.377117    2.401861    2.219139
272    272    1526401700182047656    3.446136    3.552726    3.559039    1.000000    1.000000    1.000000    2.376557    2.400618    2.219118
273    273    1526401700463368111    3.446520    3.552643    3.554665    1.000000    1.000000    1.000000    2.375986    2.399384    2.215413
274    274    1526401700744496817    3.446910    3.552725    3.557090    1.000000    1.000000    1.000000    2.375422    2.398074    2.215967
275    275    1526401701025636272    3.447296    3.552819    3.556954    1.000000    1.000000    1.000000    2.374872    2.396793    2.218785
276    276    1526401701306776394    3.447680    3.552836    3.556945    1.000000    1.000000    1.000000    2.374331    2.395675    2.220227
277    277    1526401701588198682    3.448049    3.552885    3.553379    1.000000    1.000000    1.000000    2.373769    2.394728    2.213361
278    278    1526401701869492304    3.448421    3.553084    3.555004    1.000000    1.000000    1.000000    2.373217    2.393667    2.214888
279    279    1526401702150919009    3.448784    3.553041    3.553323    1.000000    1.000000    1.000000    2.372668    2.392457    2.214886
280    280    1526401702432310339    3.449147    3.553174    3.553770    1.000000    1.000000    1.000000    2.379770    2.435492    4.428843
281    281    1526401702713770418    3.449504    3.553163    3.552902    1.000000    1.000000    1.000000    2.379205    2.434315    2.215522
282    282    1526401702994943540    3.449871    3.553195    3.556528    1.000000    1.000000    1.000000    2.378656    2.433335    2.219238
283    283    1526401703276016829    3.450239    3.553324    3.557791    1.000000    1.000000    1.000000    2.378102    2.432185    2.216454
284    284    1526401703557320451    3.450596    3.553453    3.554878    1.000000    1.000000    1.000000    2.377546    2.431120    2.214628
285    285    1526401703838638406    3.450949    3.553610    3.554697    1.000000    1.000000    1.000000    2.376996    2.384616    2.215482
286    286    1526401704119950236    3.451300    3.553674    3.554774    1.000000    1.000000    1.000000    2.376449    2.383160    2.215520
287    287    1526401704401007608    3.451660    3.553737    3.557992    1.000000    1.000000    1.000000    2.375900    2.382154    2.213495
288    288    1526401704682348021    3.452005    3.553850    3.554413    1.000000    1.000000    1.000000    2.375362    2.381126    2.215778
289    289    1526401704963677018    3.452349    3.553843    3.554557    1.000000    1.000000    1.000000    2.374827    2.379878    2.215548
290    290    1526401705244852723    3.452696    3.553840    3.556495    1.000000    1.000000    1.000000    2.374289    2.378546    2.213641
291    291    1526401705526061387    3.453040    3.553813    3.556078    1.000000    1.000000    1.000000    2.373765    2.377497    2.216646
292    292    1526401705807324842    3.453379    3.553878    3.555385    1.000000    1.000000    1.000000    2.373247    2.376518    2.217348
293    293    1526401706088407131    3.453723    3.554492    3.557677    1.000000    1.000000    1.000000    2.372752    2.376009    2.223381
294    294    1526401706369252212    3.454075    3.554979    3.560682    1.000000    1.000000    1.000000    2.372251    2.375158    2.220363
295    295    1526401706650799708    3.454396    3.554911    3.551799    1.000000    1.000000    1.000000    2.379012    2.418321    4.430048
296    296    1526401706932377787    3.454714    3.554837    3.551413    1.000000    1.000000    1.000000    2.378474    2.416690    2.214753
297    297    1526401707213399410    3.455052    3.554910    3.558445    1.000000    1.000000    1.000000    2.377959    2.415553    2.220381
298    298    1526401707494549490    3.455383    3.554984    3.556819    1.000000    1.000000    1.000000    2.377436    2.414032    2.216958
299    299    1526401707775743029    3.455709    3.555110    3.556269    1.000000    1.000000    1.000000    2.376916    2.412729    2.217021
300    300    1526401708069937826    3.455518    3.551985    3.399108    1.000000    1.000000    1.000000    2.376049    2.364174    2.120024
301    301    1526401708363191251    3.455366    3.548907    3.410020    1.000000    1.000000    1.000000    2.375175    2.360549    2.115566
302    302    1526401708656344009    3.455218    3.545949    3.411191    1.000000    1.000000    1.000000    2.374223    2.356401    2.090576
303    303    1526401708949242268    3.455081    3.543171    3.414155    1.000000    1.000000    1.000000    2.373278    2.352613    2.090340
304    304    1526401709242190735    3.454943    3.540269    3.413570    1.000000    1.000000    1.000000    2.372349    2.348778    2.093423
305    305    1526401709535109036    3.454808    3.537326    3.413921    1.000000    1.000000    1.000000    2.371417    2.344988    2.090293
306    306    1526401709828452919    3.454656    3.534364    3.408968    1.000000    1.000000    1.000000    2.377385    2.384305    4.179474
307    307    1526401710121287511    3.454526    3.531637    3.414897    1.000000    1.000000    1.000000    2.376447    2.380498    2.091918
308    308    1526401710414379603    3.454386    3.528606    3.411897    1.000000    1.000000    1.000000    2.375509    2.376468    2.090063
309    309    1526401710707793819    3.454235    3.525569    3.408151    1.000000    1.000000    1.000000    2.374565    2.372530    2.086862
310    310    1526401711000888869    3.454097    3.522640    3.411862    1.000000    1.000000    1.000000    2.373643    2.368684    2.091325
311    311    1526401711294304752    3.453948    3.519550    3.408132    1.000000    1.000000    1.000000    2.372720    2.364674    2.089239
312    312    1526401711587289428    3.453816    3.516635    3.413148    1.000000    1.000000    1.000000    2.371802    2.361037    2.088823
313    313    1526401711880499686    3.453676    3.513778    3.410522    1.000000    1.000000    1.000000    2.370886    2.357200    2.087809
314    314    1526401712173379320    3.453550    3.510877    3.414372    1.000000    1.000000    1.000000    2.369979    2.353439    2.088387
315    315    1526401712466347995    3.453421    3.508004    3.413334    1.000000    1.000000    1.000000    2.375818    2.349836    4.193783
316    316    1526401712759951003    3.453270    3.504966    3.405960    1.000000    1.000000    1.000000    2.374910    2.347148    2.091944
317    317    1526401713052858053    3.453145    3.502230    3.414052    1.000000    1.000000    1.000000    2.374027    2.344627    2.097365
318    318    1526401713345869937    3.453017    3.499333    3.412831    1.000000    1.000000    1.000000    2.373129    2.341903    2.090813
319    319    1526401713639251070    3.452876    3.496325    3.408535    1.000000    1.000000    1.000000    2.372216    2.339039    2.084756
320    320    1526401713932143954    3.452754    3.493575    3.414217    1.000000    1.000000    1.000000    2.371322    2.336372    2.088340
321    321    1526401714225316087    3.452623    3.490586    3.410965    1.000000    1.000000    1.000000    2.370427    2.333559    2.086597
322    322    1526401714518459262    3.452493    3.487623    3.411302    1.000000    1.000000    1.000000    2.369541    2.330773    2.087645
323    323    1526401714811696103    3.452361    3.484727    3.410213    1.000000    1.000000    1.000000    2.368654    2.328030    2.085860
324    324    1526401715104757987    3.452236    3.481831    3.412249    1.000000    1.000000    1.000000    2.374282    2.367945    4.176388
325    325    1526401715397763662    3.452114    3.478956    3.412903    1.000000    1.000000    1.000000    2.373403    2.365216    2.090956
326    326    1526401715691101587    3.451981    3.476006    3.409038    1.000000    1.000000    1.000000    2.372520    2.362402    2.088295
327    327    1526401715984082054    3.451861    3.473215    3.413197    1.000000    1.000000    1.000000    2.371645    2.359748    2.088805
328    328    1526401716276990396    3.451745    3.470415    3.414037    1.000000    1.000000    1.000000    2.370770    2.357031    2.087032
329    329    1526401716570431487    3.451610    3.467524    3.407839    1.000000    1.000000    1.000000    2.369885    2.354214    2.082234
330    330    1526401716863415371    3.451493    3.464738    3.413157    1.000000    1.000000    1.000000    2.369043    2.308485    2.094392
331    331    1526401717156125089    3.451386    3.462039    3.416354    1.000000    1.000000    1.000000    2.368213    2.305997    2.096299
332    332    1526401717449068140    3.451271    3.459220    3.413633    1.000000    1.000000    1.000000    2.367379    2.303378    2.093492
333    333    1526401717742325148    3.451146    3.456307    3.409978    1.000000    1.000000    1.000000    2.372865    2.343062    4.177707
334    334    1526401718035483156    3.451025    3.453477    3.411130    1.000000    1.000000    1.000000    2.372006    2.340407    2.088669
335    335    1526401718328648289    3.450905    3.450653    3.411047    1.000000    1.000000    1.000000    2.371146    2.337688    2.086135
336    336    1526401718622173338    3.450773    3.447747    3.406864    1.000000    1.000000    1.000000    2.370287    2.334953    2.085515
337    337    1526401718915192472    3.450659    3.444906    3.412746    1.000000    1.000000    1.000000    2.369441    2.332310    2.087512
338    338    1526401719208391480    3.450540    3.442094    3.410653    1.000000    1.000000    1.000000    2.368603    2.329646    2.088489
339    339    1526401719501475072    3.450425    3.439310    3.411996    1.000000    1.000000    1.000000    2.367769    2.326984    2.088101
340    340    1526401719794938163    3.450298    3.436406    3.407584    1.000000    1.000000    1.000000    2.366929    2.324295    2.085070
341    341    1526401720088147880    3.450180    3.433574    3.410528    1.000000    1.000000    1.000000    2.366095    2.321554    2.084904
342    342    1526401720381478138    3.450059    3.430731    3.409127    1.000000    1.000000    1.000000    2.371412    2.360729    4.168046
343    343    1526401720674955228    3.449933    3.427816    3.407421    1.000000    1.000000    1.000000    2.370560    2.357771    2.082183
344    344    1526401720968105737    3.449820    3.424927    3.411217    1.000000    1.000000    1.000000    2.369715    2.354884    2.082343
345    345    1526401721261136287    3.449711    3.422235    3.412613    1.000000    1.000000    1.000000    2.368878    2.309444    2.083117
346    346    1526401721554348837    3.449597    3.419512    3.410495    1.000000    1.000000    1.000000    2.368051    2.306771    2.085245
347    347    1526401721847433721    3.449488    3.416693    3.411981    1.000000    1.000000    1.000000    2.367258    2.304188    2.094956
348    348    1526401722140564854    3.449377    3.413898    3.411442    1.000000    1.000000    1.000000    2.366464    2.301642    2.093316
349    349    1526401722433500363    3.449275    3.411163    3.413721    1.000000    1.000000    1.000000    2.365669    2.299054    2.090897
350    350    1526401722726906287    3.449156    3.411347    3.408247    1.000000    1.000000    1.000000    2.364858    2.298353    2.084556
351    351    1526401723020155337    3.449044    3.411347    3.410071    1.000000    1.000000    1.000000    2.370057    2.339541    4.174162
352    352    1526401723313155596    3.448941    3.411383    3.412966    1.000000    1.000000    1.000000    2.369251    2.339504    2.088582
353    353    1526401723606503145    3.448826    3.411278    3.408926    1.000000    1.000000    1.000000    2.368443    2.339417    2.086389
354    354    1526401723899549487    3.448723    3.411256    3.412430    1.000000    1.000000    1.000000    2.367650    2.339348    2.090048
355    355    1526401724192411413    3.448626    3.411269    3.414578    1.000000    1.000000    1.000000    2.366862    2.339337    2.089691
356    356    1526401724485489422    3.448522    3.411331    3.412061    1.000000    1.000000    1.000000    2.366079    2.297528    2.090273
357    357    1526401724778753013    3.448413    3.411231    3.409902    1.000000    1.000000    1.000000    2.365296    2.297462    2.088919
358    358    1526401725071822313    3.448311    3.411236    3.412162    1.000000    1.000000    1.000000    2.364519    2.297447    2.089277
359    359    1526401725364853447    3.448211    3.411325    3.412607    1.000000    1.000000    1.000000    2.363744    2.297484    2.088471
360    360    1526401725658747120    3.448083    3.411140    3.402591    1.000000    1.000000    1.000000    2.368800    2.339050    4.164976
361    361    1526401725952049295    3.447975    3.411166    3.409453    1.000000    1.000000    1.000000    2.368003    2.338937    2.083493
362    362    1526401726245226428    3.447872    3.411121    3.410907    1.000000    1.000000    1.000000    2.367213    2.338840    2.084126
363    363    1526401726538486894    3.447766    3.411109    3.409938    1.000000    1.000000    1.000000    2.366453    2.338955    2.093600
364    364    1526401726832222068    3.447646    3.410910    3.404427    1.000000    1.000000    1.000000    2.365689    2.338995    2.091122
365    365    1526401727125003244    3.447558    3.410954    3.415520    1.000000    1.000000    1.000000    2.364950    2.297108    2.097819
366    366    1526401727417951419    3.447464    3.411107    3.413573    1.000000    1.000000    1.000000    2.364195    2.297087    2.090424
367    367    1526401727711002761    3.447368    3.411073    3.412371    1.000000    1.000000    1.000000    2.363440    2.296923    2.089248
368    368    1526401728004107478    3.447270    3.411052    3.411750    1.000000    1.000000    1.000000    2.362689    2.296888    2.089144
369    369    1526401728297069529    3.447178    3.411149    3.413411    1.000000    1.000000    1.000000    2.367639    2.338699    4.176381
370    370    1526401728590562911    3.447069    3.411009    3.407232    1.000000    1.000000    1.000000    2.366869    2.338627    2.085243
371    371    1526401728883470670    3.446979    3.411070    3.414044    1.000000    1.000000    1.000000    2.366115    2.338682    2.089136
372    372    1526401729176424137    3.446889    3.411115    3.413511    1.000000    1.000000    1.000000    2.365368    2.338736    2.090165
373    373    1526401729469858520    3.446783    3.411069    3.407917    1.000000    1.000000    1.000000    2.364611    2.338725    2.085475
374    374    1526401729763243569    3.446680    3.410994    3.408490    1.000000    1.000000    1.000000    2.363863    2.296947    2.087035
375    375    1526401730058137157    3.446530    3.410554    3.391054    1.000000    1.000000    1.000000    2.363088    2.296646    2.077271
376    376    1526401730352534704    3.446396    3.410308    3.396767    1.000000    1.000000    1.000000    2.362335    2.296529    2.083251
377    377    1526401730646325419    3.446281    3.410119    3.403784    1.000000    1.000000    1.000000    2.361634    2.296754    2.100574
378    378    1526401730940235133    3.446164    3.409886    3.402405    1.000000    1.000000    1.000000    2.366450    2.338364    4.163680
379    379    1526401731233849682    3.446057    3.409846    3.405826    1.000000    1.000000    1.000000    2.365718    2.338551    2.091742
380    380    1526401731527498398    3.445949    3.409692    3.405429    1.000000    1.000000    1.000000    2.364993    2.338507    2.092776
381    381    1526401731820893822    3.445849    3.409532    3.408369    1.000000    1.000000    1.000000    2.364280    2.338478    2.095411
382    382    1526401732114521954    3.445743    3.409373    3.405668    1.000000    1.000000    1.000000    2.363545    2.338320    2.086128
383    383    1526401732407723254    3.445651    3.409386    3.410626    1.000000    1.000000    1.000000    2.362821    2.296537    2.088187
384    384    1526401732701422261    3.445544    3.409260    3.404846    1.000000    1.000000    1.000000    2.362084    2.296405    2.082445
385    385    1526401732994544520    3.445455    3.409270    3.411546    1.000000    1.000000    1.000000    2.361365    2.296434    2.087569
386    386    1526401733287738695    3.445364    3.409347    3.410709    1.000000    1.000000    1.000000    2.360657    2.296531    2.090117
387    387    1526401733581828659    3.445246    3.409098    3.400320    1.000000    1.000000    1.000000    2.365369    2.338169    4.164811
388    388    1526401733875265000    3.445149    3.409043    3.407894    1.000000    1.000000    1.000000    2.364659    2.338242    2.092331
389    389    1526401734169018507    3.445043    3.408887    3.404215    1.000000    1.000000    1.000000    2.363929    2.338136    2.083396
390    390    1526401734462006140    3.444961    3.408998    3.413113    1.000000    1.000000    1.000000    2.363226    2.338271    2.091433
391    391    1526401734752292989    3.444960    3.409677    3.444868    1.000000    1.000000    1.000000    2.362584    2.338848    2.111456
392    392    1526401735031499616    3.445295    3.412964    3.581577    1.000000    1.000000    1.000000    2.362216    2.299813    2.212440
393    393    1526401735310795368    3.445625    3.416271    3.580434    1.000000    1.000000    1.000000    2.361892    2.302838    2.229654
394    394    1526401735590475161    3.445942    3.419418    3.575518    1.000000    1.000000    1.000000    2.361567    2.305840    2.228652
395    395    1526401735870132620    3.446258    3.422549    3.575803    1.000000    1.000000    1.000000    2.361244    2.308833    2.228841
396    396    1526401736149913662    3.446569    3.425698    3.574224    1.000000    1.000000    1.000000    2.360926    2.311817    2.230162
397    397    1526401736429287913    3.446890    3.428919    3.579428    1.000000    1.000000    1.000000    2.360608    2.314604    2.229765
398    398    1526401736708539665    3.447214    3.432186    3.580998    1.000000    1.000000    1.000000    2.360295    2.317450    2.230786
399    399    1526401736988098750    3.447527    3.435340    3.577061    1.000000    1.000000    1.000000    2.359970    2.320241    2.225390
400    400    1526401737269339288    3.447788    3.438214    3.555675    1.000000    1.000000    1.000000    2.364980    2.365833    4.431850
401    401    1526401737549439705    3.448082    3.441326    3.570148    1.000000    1.000000    1.000000    2.364631    2.326516    2.219586
402    402    1526401737829622787    3.448372    3.444364    3.569095    1.000000    1.000000    1.000000    2.364287    2.329289    2.221358
403    403    1526401738109611287    3.448667    3.447537    3.571575    1.000000    1.000000    1.000000    2.363949    2.332149    2.222927
404    404    1526401738389514996    3.448962    3.450664    3.572657    1.000000    1.000000    1.000000    2.363612    2.334927    2.222525
405    405    1526401738669841037    3.449244    3.453652    3.567275    1.000000    1.000000    1.000000    2.363277    2.337713    2.222615
406    406    1526401738949850287    3.449534    3.456772    3.571311    1.000000    1.000000    1.000000    2.362953    2.340586    2.227130
407    407    1526401739229743329    3.449825    3.459970    3.572793    1.000000    1.000000    1.000000    2.362624    2.343429    2.223678
408    408    1526401739509745412    3.450113    3.463102    3.571402    1.000000    1.000000    1.000000    2.362298    2.346286    2.224705
409    409    1526401739790016828    3.450391    3.466165    3.567970    1.000000    1.000000    1.000000    2.361974    2.349166    2.225004
410    410    1526401740070042244    3.450674    3.469501    3.571104    1.000000    1.000000    1.000000    2.361651    2.309716    2.224630
411    411    1526401740350089161    3.450956    3.472695    3.570830    1.000000    1.000000    1.000000    2.361330    2.312672    2.224738
412    412    1526401740630430493    3.451228    3.475793    3.567080    1.000000    1.000000    1.000000    2.361002    2.315546    2.221171
413    413    1526401740910441493    3.451508    3.478998    3.571288    1.000000    1.000000    1.000000    2.360684    2.318309    2.224895
414    414    1526401741190698118    3.451780    3.482264    3.568158    1.000000    1.000000    1.000000    2.360371    2.321162    2.226384
415    415    1526401741470800534    3.452055    3.485342    3.570123    1.000000    1.000000    1.000000    2.360060    2.323870    2.226404
416    416    1526401741751503741    3.452312    3.488319    3.562482    1.000000    1.000000    1.000000    2.359728    2.326559    2.217506
417    417    1526401742031847781    3.452578    3.491414    3.567046    1.000000    1.000000    1.000000    2.364552    2.372841    4.442748
418    418    1526401742312023156    3.452847    3.494569    3.569193    1.000000    1.000000    1.000000    2.364226    2.375729    2.223550
419    419    1526401742592431780    3.453108    3.497638    3.566224    1.000000    1.000000    1.000000    2.363892    2.335762    2.219422
420    420    1526401742872649071    3.453374    3.500889    3.568659    1.000000    1.000000    1.000000    2.363566    2.338678    2.221997
421    421    1526401743152773570    3.453641    3.504025    3.569841    1.000000    1.000000    1.000000    2.363249    2.341575    2.225321
422    422    1526401743432837945    3.453908    3.507193    3.570608    1.000000    1.000000    1.000000    2.362934    2.344456    2.225263
423    423    1526401743713348486    3.454162    3.510376    3.564928    1.000000    1.000000    1.000000    2.362607    2.347335    2.219745
424    424    1526401743993501860    3.454425    3.513640    3.569473    1.000000    1.000000    1.000000    2.362283    2.350205    2.220480
425    425    1526401744273639901    3.454687    3.517287    3.569669    1.000000    1.000000    1.000000    2.361964    2.353337    2.221855
426    426    1526401744553902651    3.454944    3.520787    3.568080    1.000000    1.000000    1.000000    2.361647    2.356345    2.222029
427    427    1526401744834258733    3.455197    3.524122    3.566892    1.000000    1.000000    1.000000    2.361331    2.358989    2.222124
428    428    1526401745114234608    3.455460    3.527586    3.571736    1.000000    1.000000    1.000000    2.361023    2.318920    2.224999
429    429    1526401745394150400    3.455723    3.530998    3.572503    1.000000    1.000000    1.000000    2.360719    2.321786    2.225576
430    430    1526401745674316941    3.455978    3.534364    3.569306    1.000000    1.000000    1.000000    2.360411    2.324595    2.223585
431    431    1526401745954334108    3.456236    3.537709    3.571210    1.000000    1.000000    1.000000    2.360104    2.327350    2.223542
432    432    1526401746234702732    3.456484    3.541031    3.566733    1.000000    1.000000    1.000000    2.359793    2.330255    2.221033
433    433    1526401746514992148    3.456732    3.544272    3.567741    1.000000    1.000000    1.000000    2.364442    2.377253    4.442465
434    434    1526401746795558396    3.456972    3.547575    3.564221    1.000000    1.000000    1.000000    2.364129    2.380346    2.224027
435    435    1526401747075368230    3.457231    3.550929    3.573856    1.000000    1.000000    1.000000    2.363821    2.383360    2.225340
436    436    1526401747355720896    3.457475    3.554170    3.566936    1.000000    1.000000    1.000000    2.363502    2.386219    2.220129
437    437    1526401747635906020    3.457721    3.557687    3.569069    1.000000    1.000000    1.000000    2.363188    2.345714    2.221331
438    438    1526401747915607438    3.457980    3.561167    3.575241    1.000000    1.000000    1.000000    2.362886    2.348625    2.226031
439    439    1526401748195834895    3.458224    3.564601    3.568530    1.000000    1.000000    1.000000    2.362583    2.351717    2.225389
440    440    1526401748476028103    3.458467    3.567855    3.568966    1.000000    1.000000    1.000000    2.362276    2.354587    2.223087
441    441    1526401748756318894    3.458707    3.570402    3.567723    1.000000    1.000000    1.000000    2.361965    2.356939    2.220276
442    442    1526401749036498644    3.458948    3.570154    3.569137    1.000000    1.000000    1.000000    2.361659    2.357123    2.222156
443    443    1526401749316576685    3.459192    3.569954    3.570433    1.000000    1.000000    1.000000    2.361355    2.356967    2.222191
444    444    1526401749596770851    3.459431    3.569823    3.568954    1.000000    1.000000    1.000000    2.361052    2.356834    2.222223
445    445    1526401749876788018    3.459673    3.569731    3.571210    1.000000    1.000000    1.000000    2.360751    2.356703    2.222464
446    446    1526401750156818851    3.459915    3.569668    3.571035    1.000000    1.000000    1.000000    2.360454    2.356572    2.223712
447    447    1526401750436978142    3.460152    3.569468    3.569398    1.000000    1.000000    1.000000    2.360157    2.356439    2.223492
448    448    1526401750717600807    3.460375    3.569119    3.563504    1.000000    1.000000    1.000000    2.359851    2.356185    2.218727
449    449    1526401750997785432    3.460609    3.568959    3.569075    1.000000    1.000000    1.000000    2.364348    2.400605    4.446743
450    450    1526401751277436808    3.460857    3.569364    3.575881    1.000000    1.000000    1.000000    2.364053    2.356352    2.226722
451    451    1526401751557520932    3.461092    3.569368    3.570356    1.000000    1.000000    1.000000    2.363748    2.356401    2.222025
452    452    1526401751837489807    3.461329    3.569423    3.571826    1.000000    1.000000    1.000000    2.363455    2.356508    2.226576
453    453    1526401752117375308    3.461567    3.569449    3.572890    1.000000    1.000000    1.000000    2.363157    2.356525    2.223745
454    454    1526401752397441349    3.461799    3.569408    3.570586    1.000000    1.000000    1.000000    2.362856    2.356518    2.222262
455    455    1526401752677847015    3.462021    3.569387    3.566262    1.000000    1.000000    1.000000    2.362559    2.356525    2.223022
456    456    1526401752957796432    3.462255    3.569403    3.572074    1.000000    1.000000    1.000000    2.362270    2.356513    2.226492
457    457    1526401753238166181    3.462476    3.569281    3.566719    1.000000    1.000000    1.000000    2.361973    2.356474    2.221952
458    458    1526401753518280805    3.462703    3.569252    3.569967    1.000000    1.000000    1.000000    2.361679    2.356441    2.223083
459    459    1526401753798472013    3.462928    3.569273    3.568991    1.000000    1.000000    1.000000    2.361388    2.356413    2.223596
460    460    1526401754078544805    3.463154    3.569261    3.570500    1.000000    1.000000    1.000000    2.361100    2.356413    2.224618
461    461    1526401754358549346    3.463381    3.569272    3.571371    1.000000    1.000000    1.000000    2.360812    2.356395    2.223818
462    462    1526401754638730554    3.463603    3.569312    3.569119    1.000000    1.000000    1.000000    2.360527    2.356467    2.224692
463    463    1526401754919186761    3.463816    3.569199    3.565619    1.000000    1.000000    1.000000    2.360231    2.356350    2.219270
464    464    1526401755199375469    3.464036    3.569216    3.569023    1.000000    1.000000    1.000000    2.359939    2.356228    2.220250
465    465    1526401755479624093    3.464253    3.569179    3.568260    1.000000    1.000000    1.000000    2.364285    2.400631    4.446056
466    466    1526401755759937301    3.464468    3.569278    3.567438    1.000000    1.000000    1.000000    2.363987    2.400709    2.221183
467    467    1526401756040092009    3.464685    3.569327    3.569456    1.000000    1.000000    1.000000    2.363689    2.356232    2.220155
468    468    1526401756320041884    3.464907    3.569384    3.572068    1.000000    1.000000    1.000000    2.363401    2.356250    2.224348
469    469    1526401756600396883    3.465118    3.569398    3.566906    1.000000    1.000000    1.000000    2.363104    2.356259    2.219878
470    470    1526401756880470133    3.465335    3.569435    3.570495    1.000000    1.000000    1.000000    2.362820    2.356330    2.225439
471    471    1526401757160466591    3.465554    3.569467    3.571474    1.000000    1.000000    1.000000    2.362530    2.356258    2.221692
472    472    1526401757440429008    3.465772    3.569493    3.571908    1.000000    1.000000    1.000000    2.362244    2.356216    2.223109
473    473    1526401757720814923    3.465978    3.569525    3.566513    1.000000    1.000000    1.000000    2.361954    2.356240    2.220871
474    474    1526401758000759382    3.466195    3.569578    3.572137    1.000000    1.000000    1.000000    2.361681    2.356392    2.227967
475    475    1526401758280718673    3.466411    3.569624    3.571948    1.000000    1.000000    1.000000    2.361408    2.356512    2.227810
476    476    1526401758561121797    3.466614    3.569588    3.566294    1.000000    1.000000    1.000000    2.361124    2.356510    2.221983
477    477    1526401758841249339    3.466824    3.569646    3.569803    1.000000    1.000000    1.000000    2.360841    2.356506    2.221799
478    478    1526401759121459630    3.467031    3.569586    3.568748    1.000000    1.000000    1.000000    2.360562    2.356472    2.223434
479    479    1526401759401381338    3.467244    3.569585    3.572427    1.000000    1.000000    1.000000    2.360294    2.356519    2.227919
480    480    1526401759681863504    3.467442    3.569504    3.565289    1.000000    1.000000    1.000000    2.360015    2.356493    2.222451
481    481    1526401759962007670    3.467648    3.569472    3.569591    1.000000    1.000000    1.000000    2.359743    2.356524    2.225151
482    482    1526401760242046045    3.467856    3.569556    3.570939    1.000000    1.000000    1.000000    2.363944    2.401074    4.449244
483    483    1526401760522210711    3.468059    3.569588    3.569329    1.000000    1.000000    1.000000    2.363666    2.356704    2.225020
484    484    1526401760802645460    3.468255    3.569622    3.565892    1.000000    1.000000    1.000000    2.363385    2.356699    2.223733
485    485    1526401761082435044    3.468467    3.569627    3.574114    1.000000    1.000000    1.000000    2.363112    2.356729    2.226813
486    486    1526401761362406127    3.468673    3.569724    3.571797    1.000000    1.000000    1.000000    2.362835    2.356814    2.224198
487    487    1526401761642472502    3.468876    3.569754    3.570582    1.000000    1.000000    1.000000    2.362562    2.356896    2.225376
488    488    1526401761922263377    3.469085    3.569731    3.574098    1.000000    1.000000    1.000000    2.362292    2.356911    2.226802
489    489    1526401762202240044    3.469288    3.569795    3.571726    1.000000    1.000000    1.000000    2.362018    2.356888    2.224153
490    490    1526401762482265086    3.469490    3.569838    3.571109    1.000000    1.000000    1.000000    2.361742    2.356880    2.222594
491    491    1526401762762848043    3.469677    3.569764    3.564008    1.000000    1.000000    1.000000    2.361467    2.356922    2.222526
492    492    1526401763042625835    3.469883    3.569866    3.574265    1.000000    1.000000    1.000000    2.361206    2.357059    2.228787
493    493    1526401763322645251    3.470082    3.569881    3.571181    1.000000    1.000000    1.000000    2.360935    2.357092    2.223821
494    494    1526401763603153750    3.470268    3.569801    3.564954    1.000000    1.000000    1.000000    2.360658    2.357043    2.219961
495    495    1526401763883152583    3.470467    3.569806    3.571443    1.000000    1.000000    1.000000    2.360392    2.357093    2.224938
496    496    1526401764163182000    3.470663    3.569806    3.571053    1.000000    1.000000    1.000000    2.360127    2.357116    2.224845
497    497    1526401764443424541    3.470854    3.569785    3.568338    1.000000    1.000000    1.000000    2.359858    2.357087    2.222075
498    498    1526401764723897206    3.471039    3.569823    3.565410    1.000000    1.000000    1.000000    2.363917    2.401576    4.440365
499    499    1526401765004156789    3.471227    3.569804    3.568121    1.000000    1.000000    1.000000    2.363642    2.357089    2.222889
