cores freq Rate Power Energy WU_PWR_AVG WU_ENERGY
0xe6 100000 5.887958 5.439624 461.927430  
0xe6 200000 5.888939 5.474008 464.770101  
0xe6 400000 5.897709 5.441137 461.291977  
0xe6 600000 5.897312 5.442045 461.399975  
0xe6 700000 5.908167 5.432657 459.758156  
0xe6 800000 5.893648 5.440728 461.575041  
0xe6 1000000 5.892087 5.463399 463.621307  
0xe6 1200000 5.879515 5.468053 465.008695  
0xe6 1400000 5.890988 5.457655 463.220651  
0xda 100000 5.904099 5.387178 456.223404  
0xda 200000 5.900255 5.434772 460.553992  
0xda 400000 5.891115 5.452016 462.731679  
0xda 600000 5.890124 5.460129 463.498338  
0xda 700000 5.886829 5.464754 464.150520  
0xda 800000 5.889059 5.475984 464.928564  
0xda 1000000 5.897247 5.458857 462.830828  
0xda 1200000 5.874792 5.485718 466.885618  
0xda 1400000 5.889206 5.465076 463.990417  
0x2d 100000 5.217183 3.554354 340.638979  
0x2d 200000 5.214908 3.516393 337.147892  
0x2d 400000 5.218577 3.497162 335.068336  
0x2d 600000 5.221351 3.504558 335.598576  
0x2d 700000 5.217522 3.504021 335.793486  
0x2d 800000 5.223293 3.503279 335.351382  
0x2d 1000000 5.220663 3.503156 335.508460  
0x2d 1200000 5.222721 3.507025 335.746791  
0x2d 1400000 5.220195 3.505391 335.752659  
0x7e 100000 5.865554 5.631357 480.036017  
0x7e 200000 5.849438 5.722359 489.136947  
0x7e 400000 5.854089 5.751586 491.244685  
0x7e 600000 5.855851 5.755745 491.451984  
0x7e 700000 5.861496 5.767213 491.957110  
0x7e 800000 5.855461 5.774072 493.049740  
0x7e 1000000 5.857040 5.776001 493.081610  
0x7e 1200000 5.855159 5.768005 492.557056  
0x7e 1400000 5.851618 5.760819 492.241244  
0x11 100000 5.472503 3.606425 329.503905  
0x11 200000 5.470214 3.566931 326.032117  
0x11 400000 5.465006 3.544256 324.268234  
0x11 600000 5.471614 3.548901 324.301057  
0x11 700000 5.472852 3.532185 322.700421  
0x11 800000 5.469149 3.542985 323.906420  
0x11 1000000 5.465973 3.535022 323.366137  
0x11 1200000 5.464981 3.536150 323.528021  
0x11 1400000 5.474934 3.533506 322.698495  
0x72 100000 5.902071 5.313466 450.135585  
0x72 200000 5.895440 5.393193 457.403709  
0x72 400000 5.903081 5.407031 457.983636  
0x72 600000 5.910002 5.417774 458.356141  
0x72 700000 5.902972 5.419539 459.051211  
0x72 800000 5.901490 5.426360 459.744552  
0x72 1000000 5.898437 5.412325 458.793048  
0x72 1200000 5.894818 5.415992 459.385524  
0x72 1400000 5.896934 5.414513 459.095474  
0xde 100000 5.864132 5.707672 486.659516  
0xde 200000 5.716260 5.372265 469.910407  
0xde 400000 5.374141 4.453611 414.355505  
0xde 600000 5.795383 5.438244 469.187220  
0xde 700000 5.877315 5.686908 483.801186  
0xde 800000 5.872490 5.716493 486.717648  
0xde 1000000 5.870790 5.728560 487.886560  
0xde 1200000 5.873514 5.718141 486.773335  
0xde 1400000 5.879083 5.739091 488.093620  
0x32 100000 6.086937 4.609210 378.614797  
0x32 200000 6.097394 4.592627 376.605517  
0x32 400000 6.090929 4.570847 375.217173  
0x32 600000 6.089243 4.565692 374.898101  
0x32 700000 6.080027 4.539400 373.303914  
0x32 800000 6.081124 4.527089 372.224500  
0x32 1000000 6.085281 4.530073 372.215260  
0x32 1200000 6.085183 4.536751 372.769858  
0x32 1400000 6.096070 4.558246 373.867336  
0x55 100000 6.156322 4.643959 377.169811  
0x55 200000 6.154033 4.631189 376.272528  
0x55 400000 6.160020 4.624616 375.373143  
0x55 600000 6.146353 4.615869 375.496327  
0x55 700000 6.154502 4.625859 375.810798  
0x55 800000 6.150248 4.625192 376.016546  
0x55 1000000 6.158451 4.624035 375.421702  
0x55 1200000 6.152016 4.625227 375.911161  
0x55 1400000 6.148578 4.623493 375.980601  
0x23 100000 5.334505 3.525383 330.432033  
0x23 200000 5.336879 3.515857 329.392555  
0x23 400000 5.329802 3.520102 330.228160  
0x23 600000 5.336674 3.511202 328.969079  
0x23 700000 5.336559 3.506298 328.516630  
0x23 800000 5.336026 3.505297 328.455442  
0x23 1000000 5.342178 3.514647 328.952331  
0x23 1200000 5.338093 3.505711 328.367328  
0x23 1400000 5.339823 3.514588 329.091961  
0x1a 100000 5.353308 3.517186 328.505524  
0x1a 200000 5.357947 3.517468 328.247651  
0x1a 400000 5.360063 3.512427 327.647620  
0x1a 600000 5.358226 3.511876 327.708601  
0x1a 700000 5.351850 3.507136 327.656285  
0x1a 800000 5.348437 3.516945 328.782306  
0x1a 1000000 5.357770 3.519063 328.407404  
0x1a 1200000 5.357151 3.513573 327.932660  
0x1a 1400000 5.351924 3.510238 327.941527  
0x46 100000 5.341862 3.485358 326.230554  
0x46 200000 5.352688 3.482843 325.335847  
0x46 400000 5.349372 3.479460 325.221298  
0x46 600000 5.349103 3.478801 325.176053  
0x46 700000 5.349583 3.480809 325.334509  
0x46 800000 5.346613 3.487585 326.148835  
0x46 1000000 5.343250 3.476100 325.279533  
0x46 1200000 5.338769 3.479925 325.910635  
0x46 1400000 5.352288 3.483806 325.449840  
0xdd 100000 5.884755 5.585309 474.557454  
0xdd 200000 5.882954 5.670621 481.953450  
0xdd 400000 5.881157 5.706892 485.183978  
0xdd 600000 5.871249 5.691267 484.672281  
0xdd 700000 5.876774 5.693681 484.421795  
0xdd 800000 5.885589 5.718836 485.833418  
0xdd 1000000 5.884502 5.709040 485.090848  
0xdd 1200000 5.888361 5.692936 483.405413  
0xdd 1400000 5.879115 5.713310 485.898732  
0x43 100000 5.347467 3.548628 331.804524  
0x43 200000 5.348487 3.491929 326.440538  
0x43 400000 5.337987 3.481052 326.063874  
0x43 600000 5.348484 3.476025 324.954111  
0x43 700000 5.352246 3.472588 324.404656  
0x43 800000 5.347782 3.480499 325.415170  
0x43 1000000 5.345248 3.479141 325.442328  
0x43 1200000 5.343920 3.474207 325.061398  
0x43 1400000 5.347094 3.476827 325.113572  
0x4a 100000 5.351266 3.462287 323.501555  
0x4a 200000 5.350880 3.470102 324.255006  
0x4a 400000 5.342748 3.469923 324.731702  
0x4a 600000 5.346254 3.469402 324.470271  
0x4a 700000 5.351682 3.463079 323.550276  
0x4a 800000 5.351421 3.459235 323.207049  
0x4a 1000000 5.348762 3.458236 323.274172  
0x4a 1200000 5.350193 3.458064 323.171642  
0x4a 1400000 5.351227 3.464991 323.756631  
0x29 100000 5.345099 3.490516 326.515432  
0x29 200000 5.336371 3.480215 326.084312  
0x29 400000 5.336595 3.485140 326.532176  
0x29 600000 5.345632 3.492272 326.647216  
0x29 700000 5.343577 3.490974 326.651135  
0x29 800000 5.334335 3.481645 326.342593  
0x29 1000000 5.337782 3.487033 326.636657  
0x29 1200000 5.347852 3.491869 326.473688  
0x29 1400000 5.338877 3.481218 326.025116  
0xc6 100000 6.160571 4.514938 366.438237  
0xc6 200000 6.159365 4.546268 369.052852  
0xc6 400000 6.156155 4.576387 371.691863  
0xc6 600000 6.167517 4.578194 371.153729  
0xc6 700000 6.158714 4.564936 370.607524  
0xc6 800000 6.159316 4.563078 370.420633  
0xc6 1000000 6.156327 4.578591 371.860340  
0xc6 1200000 6.161903 4.567886 370.655171  
0xc6 1400000 6.160525 4.565513 370.545709  
0x19 100000 5.361430 3.527277 328.949267  
0x19 200000 5.359086 3.499264 326.479231  
0x19 400000 5.357560 3.496499 326.314265  
0x19 600000 5.363656 3.484841 324.856529  
0x19 700000 5.358604 3.489070 325.557445  
0x19 800000 5.361206 3.484600 324.982507  
0x19 1000000 5.352914 3.482128 325.255130  
0x19 1200000 5.361479 3.487512 325.237696  
0x19 1400000 5.355992 3.482867 325.137127  
0x5c 100000 6.153856 4.539802 368.858004  
0x5c 200000 6.168069 4.579594 371.233796  
0x5c 400000 6.156723 4.590205 372.779728  
0x5c 600000 6.158530 4.594353 373.007250  
0x5c 700000 6.167255 4.605506 373.383569  
0x5c 800000 6.158952 4.585552 372.267033  
0x5c 1000000 6.160722 4.590130 372.531737  
0x5c 1200000 6.157091 4.586253 372.436305  
0x5c 1400000 6.159725 4.582508 371.973172  
0x37 100000 6.029612 4.581371 379.905608  
0x37 200000 6.026798 4.570476 379.179029  
0x37 400000 6.016336 4.578257 380.485204  
0x37 600000 6.029858 4.578715 379.669795  
0x37 700000 6.025099 4.562921 378.659018  
0x37 800000 6.026594 4.572650 379.372650  
0x37 1000000 6.023145 4.572175 379.550420  
0x37 1200000 6.027872 4.568298 378.931182  
0x37 1400000 6.029112 4.561992 378.330102  
0xba 100000 5.916136 5.371506 453.970680  
0xba 200000 5.900040 5.408345 458.330737  
0xba 400000 5.904210 5.401120 457.395467  
0xba 600000 5.916608 5.408169 457.032464  
0xba 700000 5.901352 5.443606 461.216595  
0xba 800000 5.910783 5.414809 458.044649  
0xba 1000000 5.900104 5.421283 459.422290  
0xba 1200000 5.906377 5.382336 455.637348  
0xba 1400000 5.903648 5.401516 457.472215  
0xee 100000 5.881517 5.616729 477.489365  
0xee 200000 5.881946 5.631605 478.719088  
0xee 400000 5.880952 5.616568 477.521734  
0xee 600000 5.891320 5.618423 476.838931  
0xee 700000 5.871113 5.608315 477.619247  
0xee 800000 5.881057 5.623664 478.116602  
0xee 1000000 5.887168 5.610013 476.460648  
0xee 1200000 5.879245 5.622836 478.193525  
0xee 1400000 5.885550 5.616508 477.143697  
0x35 100000 6.156659 4.664388 378.808009  
0x35 200000 6.162680 4.632278 375.832927  
0x35 400000 6.157145 4.621721 375.313324  
0x35 600000 6.159774 4.623267 375.278904  
0x35 700000 6.161624 4.632451 375.911354  
0x35 800000 6.156729 4.638664 376.714716  
0x35 1000000 6.160008 4.618371 374.867170  
0x35 1200000 6.156781 4.637696 376.632857  
0x35 1400000 6.157007 4.633240 376.257080  
0x51 100000 6.090254 4.443401 364.795668  
0x51 200000 6.075486 4.437409 365.189442  
0x51 400000 6.101230 4.440496 363.901311  
0x51 600000 6.095860 4.457105 365.584231  
0x51 700000 6.094088 4.459584 365.894150  
0x51 800000 6.077748 4.436352 364.966700  
0x51 1000000 6.082791 4.425737 363.791598  
0x51 1200000 6.083132 4.431695 364.260954  
0x51 1400000 6.097911 4.452816 365.109538  
0xc7 100000 6.030245 4.498422 372.988009  
0xc7 200000 6.037379 4.497901 372.504016  
0xc7 400000 6.029160 4.498638 373.072949  
0xc7 600000 6.032456 4.503504 373.272478  
0xc7 700000 6.047659 4.493055 371.470511  
0xc7 800000 6.046639 4.494418 371.645671  
0xc7 1000000 6.050167 4.497856 371.713164  
0xc7 1200000 6.043111 4.487056 371.253628  
0xc7 1400000 6.039326 4.502465 372.761778  
0xe7 100000 5.883455 5.562746 472.744406  
0xe7 200000 5.893013 5.619244 476.771500  
0xe7 400000 5.881644 5.619206 477.689825  
0xe7 600000 5.893844 5.614197 476.275911  
0xe7 700000 5.884594 5.632361 478.568196  
0xe7 800000 5.893634 5.611062 476.027350  
0xe7 1000000 5.887653 5.610995 476.504772  
0xe7 1200000 5.884198 5.621728 477.696779  
0xe7 1400000 5.888080 5.608905 476.293068  
0xe1 100000 5.925002 5.316347 448.636422  
0xe1 200000 5.928067 5.305736 447.509650  
0xe1 400000 5.915005 5.310367 448.889039  
0xe1 600000 5.912662 5.300079 448.196940  
0xe1 700000 5.928352 5.300469 447.043675  
0xe1 800000 5.914612 5.303649 448.350862  
0xe1 1000000 5.924681 5.297762 447.092439  
0xe1 1200000 5.920085 5.307803 448.287487  
0xe1 1400000 5.921523 5.315125 448.796930  
0x7a 100000 5.903465 5.420450 459.090433  
0x7a 200000 5.908771 5.409733 457.771065  
0x7a 400000 5.879753 5.446268 463.137015  
0x7a 600000 5.893915 5.432373 460.845585  
0x7a 700000 5.900236 5.456588 462.403817  
0x7a 800000 5.894145 5.436268 461.158070  
0x7a 1000000 5.901296 5.440411 460.950246  
0x7a 1200000 5.904219 5.431898 460.001368  
0x7a 1400000 5.898394 5.458361 462.698711  
0x5d 100000 6.046650 4.585578 379.183279  
0x5d 200000 6.035572 4.567497 378.381043  
0x5d 400000 6.046689 4.539731 375.389448  
0x5d 600000 6.040371 4.547780 376.448401  
0x5d 700000 6.042571 4.550773 376.559172  
0x5d 800000 6.027075 4.547434 377.250122  
0x5d 1000000 6.034295 4.555683 377.482526  
0x5d 1200000 6.044539 4.554623 376.754770  
0x5d 1400000 6.040120 4.550312 376.673917  
0xe3 100000 5.898609 5.375154 455.628691  
0xe3 200000 5.897269 5.439121 461.155873  
0xe3 400000 5.910521 5.431318 459.461803  
0xe3 600000 5.907508 5.427496 459.372406  
0xe3 700000 5.909523 5.428059 459.263186  
0xe3 800000 5.910028 5.444445 460.610391  
0xe3 1000000 5.903739 5.460793 462.485480  
0xe3 1200000 5.900363 5.434495 460.521823  
0xe3 1400000 5.905319 5.444206 460.957655  
0x6e 100000 6.040971 4.610130 381.571700  
0x6e 200000 6.044554 4.589742 379.658868  
0x6e 400000 6.036792 4.586158 379.850370  
0x6e 600000 6.043655 4.567289 377.857756  
0x6e 700000 6.039595 4.572450 378.539418  
0x6e 800000 6.039595 4.563607 377.807332  
0x6e 1000000 6.038031 4.574076 378.771915  
0x6e 1200000 6.037162 4.566917 378.233436  
0x6e 1400000 6.042528 4.558714 377.218995  
0x54 100000 6.090780 4.479941 367.763732  
0x54 200000 6.088459 4.477060 367.667359  
0x54 400000 6.092825 4.484100 367.981837  
0x54 600000 6.088448 4.467320 366.868380  
0x54 700000 6.084699 4.454362 366.029624  
0x54 800000 6.098855 4.475048 366.876070  
0x54 1000000 6.088327 4.468155 366.944101  
0x54 1200000 6.097478 4.507249 369.599375  
0x54 1400000 6.088277 4.477994 367.755257  
0xad 100000 6.034685 4.562658 378.035834  
0xad 200000 6.046815 4.563643 377.358968  
0xad 400000 6.044632 4.566314 377.716361  
0xad 600000 6.044181 4.572143 378.226414  
0xad 700000 6.030730 4.559864 378.052396  
0xad 800000 6.040648 4.544741 376.179574  
0xad 1000000 6.045420 4.554075 376.654791  
0xad 1200000 6.041073 4.553013 376.837861  
0xad 1400000 6.039815 4.555131 377.091509  
0x6a 100000 6.174490 4.640739 375.799154  
0x6a 200000 6.171046 4.626884 374.886335  
0x6a 400000 6.164684 4.634310 375.875444  
0x6a 600000 6.170460 4.617938 374.197057  
0x6a 700000 6.167497 4.622381 374.736889  
0x6a 800000 6.170670 4.640095 375.979473  
0x6a 1000000 6.165902 4.622566 374.848961  
0x6a 1200000 6.164713 4.614088 374.233451  
0x6a 1400000 6.175551 4.636197 375.366908  
0x76 100000 5.910233 5.398751 456.728935  
0x76 200000 5.902755 5.467117 463.098706  
0x76 400000 5.911290 5.473726 462.989092  
0x76 600000 5.913044 5.477113 463.138102  
0x76 700000 5.910549 5.472407 462.935533  
0x76 800000 5.911411 5.467792 462.477329  
0x76 1000000 5.897223 5.482840 464.865879  
0x76 1200000 5.912836 5.473673 462.863094  
0x76 1400000 5.901099 5.489728 465.144104  
0x99 2000000 5.670083 4.539333 400.287916  
0x99 1700000 5.892192 4.610204 391.212691  
0x99 1600000 5.892635 4.589785 389.450600  
0x99 1500000 5.995669 4.610535 384.488650  
0x99 1400000 5.958496 4.611672 386.982460  
0x99 1300000 5.732148 4.970313 433.546983  
0x99 1200000 5.822093 4.590873 394.262795  
0xcc 2000000 5.864689 4.582897 390.719466  
0xcc 1700000 5.909134 4.592290 388.575240  
0xcc 1600000 5.905549 4.595279 389.064351  
0xcc 1500000 5.950931 4.598936 386.404442  
0xcc 1400000 5.932163 4.596988 387.462649  
0xcc 1300000 5.937689 4.589966 386.510938  
0xcc 1200000 5.910555 4.574640 386.988926  
0xaa 2000000 5.898871 4.604300 390.269216  
0xaa 1700000 5.925686 4.633080 390.931877  
0xaa 1600000 5.934976 4.620309 389.243938  
0xaa 1500000 5.916816 4.608742 389.461281  
0xaa 1400000 5.940782 4.618809 388.737440  
0xaa 1300000 5.811915 4.530324 389.744226  
0xaa 1200000 5.904905 4.603884 389.835258  
0x88 2000000 5.258260 3.515919 334.323112  
0x88 1700000 5.268969 3.488728 331.063541  
0x88 1600000 5.268257 3.485024 330.756657  
0x88 1500000 5.265022 3.487925 331.235331  
0x88 1400000 5.266870 3.489434 331.262437  
0x88 1300000 5.264081 3.476794 330.237367  
0x88 1200000 5.259103 3.484719 331.303386  
0xff 2000000 5.362694 6.249501 582.682849  
0xff 1700000 5.366766 6.084923 566.907327  
0xff 1600000 5.405853 6.043343 558.962693  
0xff 1500000 5.372575 6.013900 559.684806  
0xff 1400000 5.403737 6.022013 557.207829  
0xff 1300000 5.393393 6.026209 558.665731  
0xff 1200000 5.406088 6.013636 556.190970  
0x8f 2000000 4.951651 3.519392 355.375534  
0x8f 1700000 4.938925 3.454040 349.675265  
0x8f 1600000 4.960776 3.442396 346.961158  
0x8f 1500000 4.959235 3.438592 346.685722  
0x8f 1400000 4.956565 3.447252 347.746026  
0x8f 1300000 4.947481 3.436335 347.281169  
0x8f 1200000 4.956723 3.436988 346.699290  
0xaf 2000000 5.772235 4.539018 393.176547  
0xaf 1700000 5.782146 4.584531 396.438149  
0xaf 1600000 5.798658 4.607615 397.299897  
0xaf 1500000 5.811977 4.611589 396.731312  
0xaf 1400000 5.783783 4.599225 397.596562  
0xaf 1300000 5.781958 4.604420 398.170903  
0xaf 1200000 5.797935 4.624307 398.789137  
0xf1 2000000 5.217567 6.016493 576.561125  
0xf1 1700000 5.204510 5.937535 570.421956  
0xf1 1600000 5.217389 5.924068 567.722985  
0xf1 1500000 5.202579 5.920320 568.978865  
0xf1 1400000 5.209976 5.927559 568.866058  
0xf1 1300000 5.212609 5.920430 567.894750  
0xf1 1200000 5.213410 5.920549 567.819132  
0xf5 2000000 5.248603 6.012932 572.812346  
0xf5 1700000 5.248796 5.991688 570.767599  
0xf5 1600000 5.250616 5.982077 569.654648  
0xf5 1500000 5.253432 5.967581 567.969295  
0xf5 1400000 5.239691 5.986291 571.244213  
0xf5 1300000 5.253173 5.987719 569.914088  
0xf5 1200000 5.247463 5.973545 569.183859  
0x55 2000000 5.821495 4.666556 400.803495  
0x55 1700000 5.848394 4.621612 395.117785  
0x55 1600000 5.893376 4.612486 391.327924  
0x55 1500000 5.895988 4.602915 390.342841  
0x55 1400000 5.868398 4.597875 391.748605  
0x55 1300000 5.888496 4.601728 390.738706  
0x55 1200000 5.876194 4.600005 391.409825  
0xac 100000 6.244956 4.601574 368.423181  
0xac 200000 6.241961 4.696740 376.222964  
0xac 400000 6.250007 4.674682 373.974092  
0xac 600000 6.243163 4.647554 372.211445  
0xac 700000 6.242329 4.645001 372.056683  
0xac 800000 6.244372 4.644647 371.906639  
0xac 1000000 6.246828 4.648469 372.066247  
0xac 1200000 6.249443 4.648847 371.940766  
0xac 1400000 6.250216 4.651529 372.109295  
0x57 100000 6.115283 4.607011 376.679815  
0x57 200000 6.110423 4.605512 376.856612  
0x57 400000 6.114012 4.612057 377.170793  
0x57 600000 6.114775 4.606523 376.671239  
0x57 700000 6.115004 4.609782 376.923435  
0x57 800000 6.117000 4.609644 376.789534  
0x57 1000000 6.116314 4.616831 377.419009  
0x57 1200000 6.112222 4.608815 377.016276  
0x57 1400000 6.102761 4.598687 376.770885  
0xb4 100000 6.021502 5.397084 448.150647  
0xb4 200000 6.016906 5.458037 453.557962  
0xb4 400000 6.024680 5.460300 453.160671  
0xb4 600000 6.020934 5.469689 454.222118  
0xb4 700000 6.022408 5.462403 453.506176  
0xb4 800000 6.018848 5.487203 455.834573  
0xb4 1000000 6.023662 5.463372 453.492109  
0xb4 1200000 6.018881 5.482087 455.407383  
0xb4 1400000 6.024833 5.464314 453.482325  
0x3a 100000 6.239795 4.771077 382.310216  
0x3a 200000 6.237356 4.734055 379.491790  
0x3a 400000 6.238847 4.721760 378.416011  
0x3a 600000 6.235099 4.709096 377.627588  
0x3a 700000 6.238296 4.711727 377.644919  
0x3a 800000 6.235799 4.709517 377.618963  
0x3a 1000000 6.241326 4.682602 375.128397  
0x3a 1200000 6.240721 4.687656 375.569842  
0x3a 1400000 6.236671 4.704098 377.131770  
0xb1 100000 6.015670 5.403444 449.113732  
0xb1 200000 6.011547 5.438565 452.342854  
0xb1 400000 6.018793 5.448194 452.598364  
0xb1 600000 6.013000 5.452958 453.430361  
0xb1 700000 6.018186 5.456848 453.363117  
0xb1 800000 6.013302 5.455334 453.605021  
0xb1 1000000 6.013862 5.451801 453.269277  
0xb1 1200000 6.009968 5.455645 453.882931  
0xb1 1400000 6.010986 5.456920 453.912062  
0xa7 100000 6.104459 4.627765 379.047736  
0xa7 200000 6.106144 4.596216 376.359768  
0xa7 400000 6.102444 4.574762 374.829922  
0xa7 600000 6.097485 4.593503 376.671839  
0xa7 700000 6.100868 4.583128 375.612546  
0xa7 800000 6.104468 4.580410 375.168557  
0xa7 1000000 6.102048 4.576822 375.023421  
0xa7 1200000 6.101516 4.580951 375.394275  
0xa7 1400000 6.095004 4.582527 375.924852  
0xcd 100000 6.095225 4.563521 374.352016  
0xcd 200000 6.098299 4.562557 374.084048  
0xcd 400000 6.094626 4.552582 373.491095  
0xcd 600000 6.098241 4.530763 371.480882  
0xcd 700000 6.098200 4.524802 370.994850  
0xcd 800000 6.104173 4.510919 369.494337  
0xcd 1000000 6.101398 4.512695 369.808134  
0xcd 1200000 6.103781 4.534652 371.462367  
0xcd 1400000 6.098855 4.532074 371.551209  
0x1d 100000 5.296812 3.502157 330.591013  
0x1d 200000 5.297023 3.484405 328.902047  
0x1d 400000 5.297670 3.483063 328.735317  
0x1d 600000 5.295680 3.482874 328.840773  
0x1d 700000 5.295948 3.483515 328.884921  
0x1d 800000 5.295018 3.480870 328.692636  
0x1d 1000000 5.295055 3.489727 329.526894  
0x1d 1200000 5.297557 3.481597 328.603917  
0x1d 1400000 5.297134 3.490961 329.513903  
0xc2 100000 6.151769 4.431939 360.216478  
0xc2 200000 6.142239 4.422832 360.034004  
0xc2 400000 6.150530 4.442490 361.146893  
0xc2 600000 6.160901 4.455036 361.556911  
0xc2 700000 6.154100 4.459139 362.289882  
0xc2 800000 6.133966 4.435943 361.588352  
0xc2 1000000 6.149537 4.442552 361.210131  
0xc2 1200000 6.142599 4.452143 362.398652  
0xc2 1400000 6.155368 4.467533 362.897258  
0x42 100000 5.530072 3.529871 319.152227  
0x42 200000 5.529623 3.511510 317.517757  
0x42 400000 5.531852 3.508580 317.125108  
0x42 600000 5.528766 3.502659 316.766469  
0x42 700000 5.528109 3.497962 316.379469  
0x42 800000 5.530561 3.495718 316.036328  
0x42 1000000 5.530510 3.497808 316.228076  
0x42 1200000 5.530679 3.492920 315.776734  
0x42 1400000 5.528066 3.494279 316.048799  
0x3c 100000 6.224425 4.600920 369.585922  
0x3c 200000 6.228509 4.646200 372.978351  
0x3c 400000 6.223906 4.652774 373.782460  
0x3c 600000 6.232173 4.639785 372.244382  
0x3c 700000 6.226396 4.655815 373.876843  
0x3c 800000 6.200189 4.682653 377.621781  
0x3c 1000000 5.895614 4.994317 423.562031  
0x3c 1200000 6.229633 4.686649 376.157478  
0x3c 1400000 6.223350 4.648919 373.505774  
0xc9 100000 6.224405 4.594961 369.108162  
0xc9 200000 6.231910 4.605560 369.514211  
0xc9 400000 6.231426 4.614091 370.227279  
0xc9 600000 6.132679 4.518327 368.381007  
0xc9 700000 6.229358 4.590057 368.420925  
0xc9 800000 6.227548 4.599579 369.292838  
0xc9 1000000 6.223652 4.592366 368.944255  
0xc9 1200000 6.232943 4.608095 369.656311  
0xc9 1400000 6.227564 4.589286 368.465512  
0x95 100000 6.228074 4.617152 370.672350  
0x95 200000 6.224517 4.627397 371.707232  
0x95 400000 6.224510 4.619590 371.080577  
0x95 600000 6.223262 4.615099 370.794129  
0x95 700000 6.227609 4.616573 370.653566  
0x95 800000 6.221778 4.609954 370.468811  
0x95 1000000 6.222332 4.600284 369.659041  
0x95 1200000 6.227448 4.604692 369.709339  
0x95 1400000 6.220633 4.619151 371.276271  
0xa5 100000 6.230057 4.620408 370.815464  
0xa5 200000 6.226945 4.607886 369.995275  
0xa5 400000 6.225891 4.600459 369.461482  
0xa5 600000 6.224797 4.615991 370.774399  
0xa5 700000 6.226697 4.628101 371.633270  
0xa5 800000 6.225200 4.628960 371.792049  
0xa5 1000000 6.225232 4.623669 371.364771  
0xa5 1200000 6.221691 4.611043 370.561859  
0xa5 1400000 6.231146 4.618951 370.633866  
0x1b 100000 5.293907 3.515376 332.020935  
0x1b 200000 5.292228 3.498036 330.487795  
0x1b 400000 5.293004 3.488743 329.561665  
0x1b 600000 5.292773 3.493048 329.982655  
0x1b 700000 5.293183 3.488722 329.548517  
0x1b 800000 5.290439 3.497181 330.518926  
0x1b 1000000 5.291166 3.488780 329.679592  
0x1b 1200000 5.290411 3.501595 330.937844  
0x1b 1400000 5.292888 3.493394 330.008005  
0x83 100000 5.417365 3.488549 321.978071  
0x83 200000 5.416142 3.488532 322.049413  
0x83 400000 5.414881 3.487535 322.032355  
0x83 600000 5.419064 3.478011 320.904945  
0x83 700000 5.416496 3.486215 321.814598  
0x83 800000 5.418413 3.481922 321.304450  
0x83 1000000 5.417096 3.485983 321.757276  
0x83 1200000 5.417226 3.487131 321.855565  
0x83 1400000 5.416629 3.484431 321.641902  
0x75 100000 5.968769 5.369974 449.838962  
0x75 200000 5.968108 5.441553 455.885692  
0x75 400000 5.972951 5.469037 457.816915  
0x75 600000 5.968955 5.464643 457.755110  
0x75 700000 5.969813 5.466589 457.852521  
0x75 800000 5.967345 5.446360 456.346691  
0x75 1000000 5.968810 5.468585 458.096256  
0x75 1200000 5.962664 5.458438 457.717864  
0x75 1400000 5.967388 5.468872 458.229675  
0x2b 100000 5.276724 3.538848 335.326019  
0x2b 200000 5.278240 3.507516 332.261729  
0x2b 400000 5.276187 3.502401 331.906431  
0x2b 600000 5.277822 3.495295 331.130267  
0x2b 700000 5.280426 3.497631 331.188231  
0x2b 800000 5.278806 3.495265 331.065558  
0x2b 1000000 5.279817 3.497755 331.238098  
0x2b 1200000 5.277587 3.496093 331.220550  
0x2b 1400000 5.276491 3.493486 331.042384  
0x79 100000 5.972136 5.366451 449.290547  
0x79 200000 5.963939 5.455479 457.372084  
0x79 400000 5.970210 5.469893 458.098615  
0x79 600000 5.964500 5.450900 456.945131  
0x79 700000 5.974386 5.462342 457.146679  
0x79 800000 5.959335 5.491596 460.755338  
0x79 1000000 5.968846 5.470368 458.242880  
0x79 1200000 5.957137 5.501116 461.724619  
0x79 1400000 5.967334 5.479924 459.160091  
0x6b 100000 6.079709 4.623613 380.249169  
0x6b 200000 6.082629 4.585490 376.932780  
0x6b 400000 6.083342 4.570231 375.634598  
0x6b 600000 6.078204 4.582674 376.975804  
0x6b 700000 6.082823 4.573280 375.917213  
0x6b 800000 6.077764 4.576958 376.532603  
0x6b 1000000 6.084003 4.570978 375.655313  
0x6b 1200000 6.086356 4.570246 375.449822  
0x6b 1400000 6.083299 4.567618 375.422572  
0x5b 100000 6.087015 4.564581 374.943812  
0x5b 200000 6.084492 4.570182 375.559733  
0x5b 400000 6.082248 4.568532 375.562569  
0x5b 600000 6.085122 4.563634 374.982853  
0x5b 700000 6.084321 4.565869 375.215809  
0x5b 800000 6.087066 4.574966 375.793654  
0x5b 1000000 6.083627 4.565847 375.256920  
0x5b 1200000 6.084983 4.565373 375.133960  
0x5b 1400000 5.898591 4.724952 400.515281  
0x13 100000 5.413353 3.538540 326.834062  
0x13 200000 5.412244 3.526898 325.825770  
0x13 400000 5.413580 3.509376 324.127020  
0x13 600000 5.413208 3.518169 324.961308  
0x13 700000 5.411627 3.515561 324.815336  
0x13 800000 5.413196 3.514465 324.619885  
0x13 1000000 5.412957 3.513339 324.530285  
0x13 1200000 5.408136 3.511839 324.680753  
0x13 1400000 5.399939 3.513004 325.281687  
0xed 100000 5.955748 5.586214 468.976630  
0xed 200000 5.949501 5.682053 477.523143  
0xed 400000 5.956326 5.701876 478.639989  
0x41 400000 5.634745 3.549093 314.929122  
0x41 600000 5.637842 3.547387 314.604982  
0x41 700000 5.643285 3.549598 314.497222  
0x41 800000 5.641741 3.536197 313.395812  
0x41 1000000 5.650766 3.535735 312.854207  
0x41 1200000 5.648112 3.535417 312.973143  
0x41 1400000 5.647537 3.533109 312.800625  
0xd7 100000 6.280726 5.655135 450.197380  
0xd7 200000 6.283620 5.755713 457.993019  
0xd7 400000 6.288896 5.780080 459.546416  
0xd7 600000 6.277078 5.796508 461.719685  
0xd7 700000 6.278692 5.830538 464.311395  
0xd7 800000 6.276079 5.854131 466.383981  
0xd7 1000000 5.905902 5.720963 484.342448  
0xd7 1200000 5.905485 5.718638 484.179923  
0xd7 1400000 5.904049 5.720947 484.493271  
0x53 100000 6.179021 4.678001 378.538695  
0x53 200000 6.182204 4.650199 376.095539  
0x53 400000 6.179292 4.628585 374.523806  
0x53 600000 6.181230 4.617016 373.470424  
0x53 700000 6.181218 4.614387 373.258687  
0x53 800000 6.176186 4.617809 373.839807  
0x53 1000000 6.184365 4.607320 372.497214  
0x53 1200000 6.180519 4.601737 372.277302  
0x53 1400000 6.174748 4.620208 374.120880  
0x69 100000 6.173040 4.621635 374.339956  
0x69 200000 6.177601 4.623594 374.222139  
0x69 400000 6.176697 4.623803 374.294078  
0x69 600000 6.176509 4.628488 374.684434  
0x69 700000 6.178337 4.626383 374.403460  
0x69 800000 6.182199 4.613771 373.149341  
0x69 1000000 6.171163 4.625288 374.750084  
0x69 1200000 6.179511 4.604710 372.578597  
0x69 1400000 6.177539 4.629428 374.698032  
0xca 100000 6.177509 4.591519 371.631578  
0xca 200000 6.181960 4.582352 370.622462  
0xca 400000 6.179751 4.581332 370.672823  
0xca 600000 6.175394 4.599377 372.394997  
0xca 700000 6.178107 4.590065 371.478091  
0xca 800000 6.178902 4.580791 370.679898  
0xca 1000000 6.178049 4.600792 372.349457  
0xca 1200000 6.179195 4.584490 370.961343  
0xca 1400000 6.177434 4.591089 371.601366  
0x9d 100000 6.057241 4.570438 377.270461  
0x9d 200000 6.065157 4.581119 377.658288  
0x9d 400000 6.062283 4.580854 377.815553  
0x9d 600000 6.062603 4.586025 378.222322  
0x9d 700000 6.059440 4.595006 379.160596  
0x9d 800000 6.063059 4.582498 377.903029  
0x9d 1000000 6.057459 4.590874 378.943594  
0x9d 1200000 6.065977 4.584540 377.889420  
0x9d 1400000 6.055028 4.590333 379.051337  
0x96 100000 6.172949 4.621711 374.351658  
0x96 200000 6.175363 4.614840 373.649288  
0x96 400000 6.175785 4.608898 373.142373  
0x96 600000 6.168346 4.608779 373.583016  
0x96 700000 6.168957 4.610522 373.686957  
0x96 800000 6.166487 4.604679 373.363029  
0x96 1000000 6.172531 4.609075 373.353511  
0x96 1200000 6.166268 4.615323 374.239465  
0x96 1400000 6.171113 4.615505 373.960215  
0xc8 100000 6.081220 4.427931 364.065815  
0xc8 200000 6.093934 4.446676 364.844429  
0xc8 400000 6.092788 4.447266 364.961326  
0xc8 600000 6.086575 4.423794 363.405829  
0xc8 700000 6.079387 4.430949 364.423843  
0xc8 800000 6.091895 4.440118 364.428012  
0xc8 1000000 6.089001 4.438395 364.459693  
0xc8 1200000 6.086568 4.434250 364.265212  
0xc8 1400000 6.096678 4.445803 364.608306  
0xcb 100000 6.045138 4.521013 373.937506  
0xcb 200000 6.047679 4.531228 374.625165  
0xcb 400000 6.040450 4.537452 375.588496  
0xcb 600000 6.051347 4.533013 374.545638  
0xcb 700000 6.050549 4.533759 374.656695  
0xcb 800000 6.044678 4.530580 374.757345  
0xcb 1000000 6.050708 4.537013 374.915615  
0xcb 1200000 6.053128 4.543798 375.326348  
0xcb 1400000 6.042477 4.528731 374.741168  
0xdb 100000 5.891894 5.618490 476.797983  
0xdb 200000 5.891102 5.687970 482.759059  
0xdb 400000 5.890873 5.708290 484.502530  
0xdb 600000 5.891004 5.705192 484.228741  
0xdb 700000 5.892597 5.711788 484.657777  
0xdb 800000 5.891682 5.720252 485.451474  
0xdb 1000000 6.261311 5.826241 465.256805  
0xdb 1200000 5.891481 5.712517 484.811606  
0xdb 1400000 5.883208 5.723330 486.412080  
0x65 100000 6.171151 4.703913 381.120909  
0x65 200000 6.170522 4.659639 377.572412  
0x65 400000 6.171087 4.646164 376.446145  
0x65 600000 6.174151 4.636872 375.506414  
0x65 700000 6.176194 4.633949 375.145975  
0x65 800000 6.172695 4.632067 375.205764  
0x65 1000000 6.170687 4.623032 374.595961  
0x65 1200000 6.167873 4.626067 375.013046  
0x65 1400000 6.172508 4.630847 375.118519  
0x8d 100000 5.271525 3.499358 331.911306  
0x8d 200000 5.270260 3.495073 331.584216  
0x8d 400000 5.271526 3.487391 330.775897  
0x8d 600000 5.270753 3.484857 330.584338  
0x8d 700000 5.270881 3.476129 329.748377  
0x8d 800000 5.271842 3.478133 329.878307  
0x8d 1000000 5.269643 3.480056 330.198153  
0x8d 1200000 5.272099 3.485811 330.590132  
0x8d 1400000 5.270710 3.478184 329.953751  
0x56 100000 6.165786 4.583072 371.653224  
0x56 200000 6.170356 4.606419 373.270108  
0x56 400000 6.170828 4.618014 374.181049  
0x56 600000 6.168238 4.600766 372.939932  
0x56 700000 6.174285 4.613834 373.632891  
0x56 800000 6.173123 4.614217 373.734042  
0x56 1000000 6.168147 4.613270 373.959047  
0x56 1200000 6.167125 4.611925 373.911819  
0x56 1400000 6.174107 4.631832 375.101040  
0xa1 100000 6.095906 4.494052 368.612031  
0xa1 200000 6.102974 4.493569 368.145526  
0xa1 400000 6.100633 4.492627 368.209868  
0xa1 600000 6.096318 4.504276 369.425853  
0xa1 700000 6.103770 4.491072 367.892899  
0xa1 800000 6.086237 4.462092 366.572013  
0xa1 1000000 6.094461 4.490552 368.412520  
0xa1 1200000 6.097123 4.497919 368.855445  
0xa1 1400000 6.100693 4.492616 368.205372  
0x2a 100000 5.354169 3.532418 329.875208  
0x2a 200000 5.360702 3.519664 328.283636  
0x2a 400000 5.364696 3.527982 328.814625  
0x2a 600000 5.365240 3.525740 328.572172  
0x2a 700000 5.365055 3.519233 327.977030  
0x2a 800000 5.362639 3.520701 328.261711  
0x2a 1000000 5.365280 3.516760 327.732842  
0x2a 1200000 5.363079 3.509401 327.181455  
0x2a 1400000 5.363303 3.514643 327.656459  
0xb6 100000 5.900734 5.379585 455.840210  
0xb6 200000 5.898887 5.453454 462.244031  
0xb6 400000 5.903216 5.494664 465.395293  
0xb6 600000 5.901366 5.485348 464.752143  
0xb6 700000 5.903073 5.499848 465.845925  
0xb6 800000 5.894223 5.502839 466.799228  
0xb6 1000000 5.901906 5.500544 465.996736  
0xb6 1200000 5.898808 5.510771 467.108380  
0xb6 1400000 5.900334 5.500251 466.096219  
0x4b 100000 5.254059 3.541038 336.981110  
0x4b 200000 5.250716 3.497763 333.074831  
0x4b 400000 5.253938 3.491162 332.242366  
0x4b 600000 5.254829 3.486433 331.735843  
0x4b 700000 5.252996 3.482167 331.445539  
0x4b 800000 5.251925 3.487145 331.987014  
0x4b 1000000 5.252957 3.474343 330.703253  
0x4b 1200000 5.252966 3.475832 330.844635  
0x4b 1400000 5.252717 3.477057 330.976883  
0x16 100000 5.376550 3.517320 327.098097  
0x16 200000 5.376897 3.514527 326.817271  
0x16 400000 5.377297 3.510454 326.414299  
0x16 600000 5.376128 3.503861 325.872037  
0x16 700000 5.376651 3.512871 326.678033  
0x16 800000 5.376923 3.502190 325.668297  
0x16 1000000 5.374318 3.511102 326.655374  
0x16 1200000 5.377834 3.503170 325.704428  
0x16 1400000 5.379850 3.511278 326.335719  
0x67 100000 6.042876 4.530292 374.845420  
0x67 200000 6.037762 4.568502 378.327244  
0x67 400000 6.047350 4.554211 376.545808  
0x67 600000 6.043948 4.554897 376.814330  
0x67 700000 6.047653 4.553560 376.473314  
0x67 800000 6.053518 4.559319 376.583791  
0x67 1000000 6.047136 4.562596 377.252318  
0x67 1200000 6.046521 4.563170 377.338109  
0x67 1400000 6.047426 4.566162 377.529360  
0x7d 100000 5.862988 5.642642 481.208459  
0x7d 200000 5.856962 5.701011 486.686187  
0x7d 400000 5.853132 5.722245 488.818773  
0x7d 600000 5.852245 5.713452 488.141341  
0x7d 700000 5.856381 5.713145 487.770609  
0x7d 800000 5.856599 5.725247 488.785519  
0x7d 1000000 5.853071 5.711165 487.877412  
0x7d 1200000 5.857487 5.713784 487.733173  
0x7d 1400000 5.851997 5.727609 489.372067  
0xbb 100000 5.873163 5.722836 487.202197  
0xbb 200000 5.875340 5.718071 486.615847  
0xbb 400000 5.871227 5.723279 487.400162  
0xbb 600000 5.875517 5.728781 487.512388  
0xbb 700000 5.876928 5.715651 486.278442  
0xbb 800000 5.874460 5.723562 487.156400  
0xbb 1000000 5.874370 5.727930 487.535625  
0xbb 1200000 5.871737 5.712252 486.418821  
0xbb 1400000 5.877100 5.729198 487.416676  
0xae 100000 6.043899 4.604392 380.912141  
0xae 200000 6.043827 4.566830 377.809279  
0xae 400000 6.041800 4.543140 375.975274  
0xae 600000 6.045655 4.544517 375.849733  
0xae 700000 6.044309 4.535281 375.169328  
0xae 800000 6.050587 4.539558 375.133638  
0xae 1000000 6.045112 4.536794 375.244583  
0xae 1200000 6.045974 4.545698 375.927406  
0xae 1400000 6.047609 4.543586 375.651422  
0x3d 100000 6.047239 4.586752 379.243204  
0x3d 200000 6.051969 4.594177 379.560337  
0x3d 400000 6.051748 4.588144 379.075668  
0x3d 600000 6.045308 4.586058 379.306895  
0x3d 700000 6.048769 4.594743 379.807889  
0x3d 800000 6.053276 4.600946 380.037679  
0x3d 1000000 6.050120 4.598882 380.064945  
0x3d 1200000 6.045175 4.607802 381.113607  
0x3d 1400000 6.051423 4.603465 380.361755  
0x2c 100000 5.358707 3.517872 328.238564  
0x2c 200000 5.357770 3.494706 326.134351  
0x2c 400000 5.357408 3.489696 325.688791  
0x2c 600000 5.357450 3.495006 326.181570  
0x2c 700000 5.356778 3.493945 326.123428  
0x2c 800000 5.361229 3.491415 325.616694  
0x2c 1000000 5.358736 3.489990 325.635261  
0x2c 1200000 5.360207 3.491142 325.653376  
0x2c 1400000 5.360181 3.482771 324.874271  
0xab 100000 6.038648 4.499915 372.592512  
0xab 200000 6.040191 4.528885 374.895665  
0xab 400000 6.041516 4.526007 374.575054  
0xab 600000 6.042884 4.539032 375.568131  
0xab 700000 6.036633 4.533830 375.526257  
0xab 800000 6.041848 4.523393 374.338363  
0xab 1000000 6.042171 4.531075 374.954159  
0xab 1200000 6.033638 4.533776 375.708123  
0xab 1400000 6.042466 4.529808 374.830740  
0x12 100000 5.497240 3.523931 320.518086  
0x12 200000 5.494166 3.506389 319.101034  
0x12 400000 5.491301 3.501498 318.822247  
0x12 600000 5.495377 3.502521 318.678624  
0x12 700000 5.493832 3.494074 317.999518  
0x12 800000 5.495799 3.490115 317.525427  
0x12 1000000 5.497103 3.498422 318.205969  
0x12 1200000 5.493982 3.498101 318.357274  
0x12 1400000 5.493078 3.488385 317.525360  
0xa6 100000 6.160413 4.526319 367.370986  
0xa6 200000 6.166142 4.575539 371.020848  
0xa6 400000 6.168550 4.569646 370.398597  
0xa6 600000 6.165868 4.583158 371.655156  
0xa6 700000 6.161486 4.597699 373.099595  
0xa6 800000 6.161825 4.580278 371.665284  
0xa6 1000000 6.160561 4.583573 372.009201  
0xa6 1200000 6.159271 4.580583 371.844399  
0xa6 1400000 6.163854 4.574147 371.045656  
0x94 100000 6.077942 4.447717 365.889659  
0x94 200000 6.080446 4.417381 363.244773  
0x94 400000 6.086092 4.453212 365.851405  
0x94 600000 6.070059 4.420177 364.096609  
0x94 700000 6.081351 4.442754 365.276569  
0x94 800000 6.094323 4.481505 367.678355  
0x94 1000000 6.079161 4.463714 367.131995  
0x94 1200000 6.090882 4.458456 365.994207  
0x94 1400000 6.091111 4.453143 365.544258  
0x64 100000 6.076928 4.448343 366.002544  
0x64 200000 6.086330 4.452843 365.806841  
0x64 400000 6.093012 4.463402 366.272124  
0x64 600000 6.083190 4.448228 365.616317  
0x64 700000 6.089189 4.463365 366.498951  
0x64 800000 6.088493 4.456516 365.978452  
0x64 1000000 6.083700 4.448234 365.586118  
0x64 1200000 6.088786 4.452580 365.637409  
0x64 1400000 6.111444 4.477054 366.284352  
0x4e 100000 5.248356 3.479313 331.466842  
0x4e 200000 5.247213 3.451548 328.893176  
0x4e 400000 5.245170 3.454908 329.341523  
0x4e 600000 5.248873 3.448626 328.510939  
0x4e 700000 5.249045 3.443761 328.036831  
0x4e 800000 5.249659 3.445648 328.177987  
0x4e 1000000 5.250843 3.444827 328.026072  
0x4e 1200000 5.245897 3.452810 329.095953  
0x4e 1400000 5.247637 3.443291 328.079865  
0xa9 100000 6.159271 4.526939 367.489664  
0xa9 200000 6.156690 4.586772 372.502762  
0xa9 400000 6.157651 4.583316 372.163884  
0xa9 600000 6.155979 4.593227 373.070164  
0xa9 700000 6.156774 4.582739 372.170191  
0xa9 800000 6.154952 4.593637 373.165939  
0xa9 1000000 6.157669 4.586491 372.420775  
0xa9 1200000 6.158964 4.570123 371.013553  
0xa9 1400000 6.155409 4.596238 373.349195  
0x1e 100000 5.254973 3.487709 331.848187  
0x1e 200000 5.254573 3.471489 330.330230  
0x1e 400000 5.253329 3.466142 329.899423  
0x1e 600000 5.251251 3.476953 331.059470  
0x1e 700000 5.254311 3.472912 330.481958  
0x1e 800000 5.254340 3.473696 330.554827  
0x1e 1000000 5.253418 3.471254 330.380417  
0x1e 1200000 5.253360 3.470936 330.353622  
0x1e 1400000 5.251410 3.477935 331.142886  
0xd3 100000 5.891107 5.298956 449.741471  
0xd3 200000 5.893966 5.382740 456.631291  
0xd3 400000 5.903506 5.400578 457.404113  
0xd3 600000 5.893485 5.417686 459.633229  
0xd3 700000 5.893981 5.411821 459.097222  
0xd3 800000 5.895936 5.421249 459.744142  
0xd3 1000000 5.896034 5.427183 460.239771  
0xd3 1200000 5.895737 5.430571 460.550434  
0xd3 1400000 5.894369 5.441322 461.569388  
