
==============NVSMI LOG==============

Timestamp                           : Wed Jul 11 13:25:31 2018
Driver Version                      : 390.30

Attached GPUs                       : 8
GPU 00000000:06:00.0
    Product Name                    : Tesla V100-SXM2-16GB
    Product Brand                   : Tesla
    Display Mode                    : Enabled
    Display Active                  : Disabled
    Persistence Mode                : Enabled
    Accounting Mode                 : Disabled
    Accounting Mode Buffer Size     : 1920
    Driver Model
        Current                     : N/A
        Pending                     : N/A
    Serial Number                   : 0323317056437
    GPU UUID                        : GPU-33dbab22-b1d3-28c5-ffde-d221c5a737e7
    Minor Number                    : 0
    VBIOS Version                   : 88.00.18.00.01
    MultiGPU Board                  : No
    Board ID                        : 0x600
    GPU Part Number                 : 692-2G503-0202-000
    Inforom Version
        Image Version               : G503.0202.00.01
        OEM Object                  : 1.1
        ECC Object                  : 5.0
        Power Management Object     : N/A
    GPU Operation Mode
        Current                     : N/A
        Pending                     : N/A
    GPU Virtualization Mode
        Virtualization mode         : None
    PCI
        Bus                         : 0x06
        Device                      : 0x00
        Domain                      : 0x0000
        Device Id                   : 0x1DB110DE
        Bus Id                      : 00000000:06:00.0
        Sub System Id               : 0x121210DE
        GPU Link Info
            PCIe Generation
                Max                 : 3
                Current             : 3
            Link Width
                Max                 : 16x
                Current             : 16x
        Bridge Chip
            Type                    : N/A
            Firmware                : N/A
        Replays since reset         : 0
        Tx Throughput               : 0 KB/s
        Rx Throughput               : 0 KB/s
    Fan Speed                       : N/A
    Performance State               : P0
    Clocks Throttle Reasons
        Idle                        : Active
        Applications Clocks Setting : Not Active
        SW Power Cap                : Not Active
        HW Slowdown                 : Not Active
            HW Thermal Slowdown     : Not Active
            HW Power Brake Slowdown : Not Active
        Sync Boost                  : Not Active
        SW Thermal Slowdown         : Not Active
        Display Clock Setting       : Not Active
    FB Memory Usage
        Total                       : 16160 MiB
        Used                        : 0 MiB
        Free                        : 16160 MiB
    BAR1 Memory Usage
        Total                       : 16384 MiB
        Used                        : 2 MiB
        Free                        : 16382 MiB
    Compute Mode                    : Default
    Utilization
        Gpu                         : 0 %
        Memory                      : 0 %
        Encoder                     : 0 %
        Decoder                     : 0 %
    Encoder Stats
        Active Sessions             : 0
        Average FPS                 : 0
        Average Latency             : 0
    Ecc Mode
        Current                     : Enabled
        Pending                     : Enabled
    ECC Errors
        Volatile
            Single Bit            
                Device Memory       : 0
                Register File       : 0
                L1 Cache            : 0
                L2 Cache            : 0
                Texture Memory      : N/A
                Texture Shared      : N/A
                CBU                 : N/A
                Total               : 0
            Double Bit            
                Device Memory       : 0
                Register File       : 0
                L1 Cache            : 0
                L2 Cache            : 0
                Texture Memory      : N/A
                Texture Shared      : N/A
                CBU                 : 0
                Total               : 0
        Aggregate
            Single Bit            
                Device Memory       : 0
                Register File       : 0
                L1 Cache            : 0
                L2 Cache            : 0
                Texture Memory      : N/A
                Texture Shared      : N/A
                CBU                 : N/A
                Total               : 0
            Double Bit            
                Device Memory       : 0
                Register File       : 0
                L1 Cache            : 0
                L2 Cache            : 0
                Texture Memory      : N/A
                Texture Shared      : N/A
                CBU                 : 0
                Total               : 0
    Retired Pages
        Single Bit ECC              : 0
        Double Bit ECC              : 0
        Pending                     : No
    Temperature
        GPU Current Temp            : 30 C
        GPU Shutdown Temp           : 90 C
        GPU Slowdown Temp           : 87 C
        GPU Max Operating Temp      : 83 C
        Memory Current Temp         : 27 C
        Memory Max Operating Temp   : 85 C
    Power Readings
        Power Management            : Supported
        Power Draw                  : 42.28 W
        Power Limit                 : 300.00 W
        Default Power Limit         : 300.00 W
        Enforced Power Limit        : 300.00 W
        Min Power Limit             : 100.00 W
        Max Power Limit             : 300.00 W
    Clocks
        Graphics                    : 135 MHz
        SM                          : 135 MHz
        Memory                      : 877 MHz
        Video                       : 555 MHz
    Applications Clocks
        Graphics                    : 1312 MHz
        Memory                      : 877 MHz
    Default Applications Clocks
        Graphics                    : 1312 MHz
        Memory                      : 877 MHz
    Max Clocks
        Graphics                    : 1530 MHz
        SM                          : 1530 MHz
        Memory                      : 877 MHz
        Video                       : 1372 MHz
    Max Customer Boost Clocks
        Graphics                    : 1530 MHz
    Clock Policy
        Auto Boost                  : N/A
        Auto Boost Default          : N/A
    Processes                       : None

GPU 00000000:07:00.0
    Product Name                    : Tesla V100-SXM2-16GB
    Product Brand                   : Tesla
    Display Mode                    : Enabled
    Display Active                  : Disabled
    Persistence Mode                : Enabled
    Accounting Mode                 : Disabled
    Accounting Mode Buffer Size     : 1920
    Driver Model
        Current                     : N/A
        Pending                     : N/A
    Serial Number                   : 0323417078320
    GPU UUID                        : GPU-9c73f799-95be-d625-d47e-0f9969c074a3
    Minor Number                    : 1
    VBIOS Version                   : 88.00.18.00.01
    MultiGPU Board                  : No
    Board ID                        : 0x700
    GPU Part Number                 : 692-2G503-0202-000
    Inforom Version
        Image Version               : G503.0202.00.01
        OEM Object                  : 1.1
        ECC Object                  : 5.0
        Power Management Object     : N/A
    GPU Operation Mode
        Current                     : N/A
        Pending                     : N/A
    GPU Virtualization Mode
        Virtualization mode         : None
    PCI
        Bus                         : 0x07
        Device                      : 0x00
        Domain                      : 0x0000
        Device Id                   : 0x1DB110DE
        Bus Id                      : 00000000:07:00.0
        Sub System Id               : 0x121210DE
        GPU Link Info
            PCIe Generation
                Max                 : 3
                Current             : 3
            Link Width
                Max                 : 16x
                Current             : 16x
        Bridge Chip
            Type                    : N/A
            Firmware                : N/A
        Replays since reset         : 0
        Tx Throughput               : 0 KB/s
        Rx Throughput               : 0 KB/s
    Fan Speed                       : N/A
    Performance State               : P0
    Clocks Throttle Reasons
        Idle                        : Active
        Applications Clocks Setting : Not Active
        SW Power Cap                : Not Active
        HW Slowdown                 : Not Active
            HW Thermal Slowdown     : Not Active
            HW Power Brake Slowdown : Not Active
        Sync Boost                  : Not Active
        SW Thermal Slowdown         : Not Active
        Display Clock Setting       : Not Active
    FB Memory Usage
        Total                       : 16160 MiB
        Used                        : 0 MiB
        Free                        : 16160 MiB
    BAR1 Memory Usage
        Total                       : 16384 MiB
        Used                        : 2 MiB
        Free                        : 16382 MiB
    Compute Mode                    : Default
    Utilization
        Gpu                         : 0 %
        Memory                      : 0 %
        Encoder                     : 0 %
        Decoder                     : 0 %
    Encoder Stats
        Active Sessions             : 0
        Average FPS                 : 0
        Average Latency             : 0
    Ecc Mode
        Current                     : Enabled
        Pending                     : Enabled
    ECC Errors
        Volatile
            Single Bit            
                Device Memory       : 0
                Register File       : 0
                L1 Cache            : 0
                L2 Cache            : 0
                Texture Memory      : N/A
                Texture Shared      : N/A
                CBU                 : N/A
                Total               : 0
            Double Bit            
                Device Memory       : 0
                Register File       : 0
                L1 Cache            : 0
                L2 Cache            : 0
                Texture Memory      : N/A
                Texture Shared      : N/A
                CBU                 : 0
                Total               : 0
        Aggregate
            Single Bit            
                Device Memory       : 0
                Register File       : 0
                L1 Cache            : 0
                L2 Cache            : 0
                Texture Memory      : N/A
                Texture Shared      : N/A
                CBU                 : N/A
                Total               : 0
            Double Bit            
                Device Memory       : 0
                Register File       : 0
                L1 Cache            : 0
                L2 Cache            : 0
                Texture Memory      : N/A
                Texture Shared      : N/A
                CBU                 : 0
                Total               : 0
    Retired Pages
        Single Bit ECC              : 0
        Double Bit ECC              : 0
        Pending                     : No
    Temperature
        GPU Current Temp            : 32 C
        GPU Shutdown Temp           : 90 C
        GPU Slowdown Temp           : 87 C
        GPU Max Operating Temp      : 83 C
        Memory Current Temp         : 29 C
        Memory Max Operating Temp   : 85 C
    Power Readings
        Power Management            : Supported
        Power Draw                  : 42.77 W
        Power Limit                 : 300.00 W
        Default Power Limit         : 300.00 W
        Enforced Power Limit        : 300.00 W
        Min Power Limit             : 100.00 W
        Max Power Limit             : 300.00 W
    Clocks
        Graphics                    : 135 MHz
        SM                          : 135 MHz
        Memory                      : 877 MHz
        Video                       : 555 MHz
    Applications Clocks
        Graphics                    : 1312 MHz
        Memory                      : 877 MHz
    Default Applications Clocks
        Graphics                    : 1312 MHz
        Memory                      : 877 MHz
    Max Clocks
        Graphics                    : 1530 MHz
        SM                          : 1530 MHz
        Memory                      : 877 MHz
        Video                       : 1372 MHz
    Max Customer Boost Clocks
        Graphics                    : 1530 MHz
    Clock Policy
        Auto Boost                  : N/A
        Auto Boost Default          : N/A
    Processes                       : None

GPU 00000000:0A:00.0
    Product Name                    : Tesla V100-SXM2-16GB
    Product Brand                   : Tesla
    Display Mode                    : Enabled
    Display Active                  : Disabled
    Persistence Mode                : Enabled
    Accounting Mode                 : Disabled
    Accounting Mode Buffer Size     : 1920
    Driver Model
        Current                     : N/A
        Pending                     : N/A
    Serial Number                   : 0323317055389
    GPU UUID                        : GPU-34c7f649-6985-5968-9986-58ce88caed83
    Minor Number                    : 2
    VBIOS Version                   : 88.00.18.00.01
    MultiGPU Board                  : No
    Board ID                        : 0xa00
    GPU Part Number                 : 692-2G503-0202-000
    Inforom Version
        Image Version               : G503.0202.00.01
        OEM Object                  : 1.1
        ECC Object                  : 5.0
        Power Management Object     : N/A
    GPU Operation Mode
        Current                     : N/A
        Pending                     : N/A
    GPU Virtualization Mode
        Virtualization mode         : None
    PCI
        Bus                         : 0x0A
        Device                      : 0x00
        Domain                      : 0x0000
        Device Id                   : 0x1DB110DE
        Bus Id                      : 00000000:0A:00.0
        Sub System Id               : 0x121210DE
        GPU Link Info
            PCIe Generation
                Max                 : 3
                Current             : 3
            Link Width
                Max                 : 16x
                Current             : 16x
        Bridge Chip
            Type                    : N/A
            Firmware                : N/A
        Replays since reset         : 0
        Tx Throughput               : 0 KB/s
        Rx Throughput               : 0 KB/s
    Fan Speed                       : N/A
    Performance State               : P0
    Clocks Throttle Reasons
        Idle                        : Active
        Applications Clocks Setting : Not Active
        SW Power Cap                : Not Active
        HW Slowdown                 : Not Active
            HW Thermal Slowdown     : Not Active
            HW Power Brake Slowdown : Not Active
        Sync Boost                  : Not Active
        SW Thermal Slowdown         : Not Active
        Display Clock Setting       : Not Active
    FB Memory Usage
        Total                       : 16160 MiB
        Used                        : 0 MiB
        Free                        : 16160 MiB
    BAR1 Memory Usage
        Total                       : 16384 MiB
        Used                        : 2 MiB
        Free                        : 16382 MiB
    Compute Mode                    : Default
    Utilization
        Gpu                         : 0 %
        Memory                      : 0 %
        Encoder                     : 0 %
        Decoder                     : 0 %
    Encoder Stats
        Active Sessions             : 0
        Average FPS                 : 0
        Average Latency             : 0
    Ecc Mode
        Current                     : Enabled
        Pending                     : Enabled
    ECC Errors
        Volatile
            Single Bit            
                Device Memory       : 0
                Register File       : 0
                L1 Cache            : 0
                L2 Cache            : 0
                Texture Memory      : N/A
                Texture Shared      : N/A
                CBU                 : N/A
                Total               : 0
            Double Bit            
                Device Memory       : 0
                Register File       : 0
                L1 Cache            : 0
                L2 Cache            : 0
                Texture Memory      : N/A
                Texture Shared      : N/A
                CBU                 : 0
                Total               : 0
        Aggregate
            Single Bit            
                Device Memory       : 0
                Register File       : 0
                L1 Cache            : 0
                L2 Cache            : 0
                Texture Memory      : N/A
                Texture Shared      : N/A
                CBU                 : N/A
                Total               : 0
            Double Bit            
                Device Memory       : 0
                Register File       : 0
                L1 Cache            : 0
                L2 Cache            : 0
                Texture Memory      : N/A
                Texture Shared      : N/A
                CBU                 : 0
                Total               : 0
    Retired Pages
        Single Bit ECC              : 0
        Double Bit ECC              : 0
        Pending                     : No
    Temperature
        GPU Current Temp            : 33 C
        GPU Shutdown Temp           : 90 C
        GPU Slowdown Temp           : 87 C
        GPU Max Operating Temp      : 83 C
        Memory Current Temp         : 31 C
        Memory Max Operating Temp   : 85 C
    Power Readings
        Power Management            : Supported
        Power Draw                  : 43.78 W
        Power Limit                 : 300.00 W
        Default Power Limit         : 300.00 W
        Enforced Power Limit        : 300.00 W
        Min Power Limit             : 100.00 W
        Max Power Limit             : 300.00 W
    Clocks
        Graphics                    : 135 MHz
        SM                          : 135 MHz
        Memory                      : 877 MHz
        Video                       : 555 MHz
    Applications Clocks
        Graphics                    : 1312 MHz
        Memory                      : 877 MHz
    Default Applications Clocks
        Graphics                    : 1312 MHz
        Memory                      : 877 MHz
    Max Clocks
        Graphics                    : 1530 MHz
        SM                          : 1530 MHz
        Memory                      : 877 MHz
        Video                       : 1372 MHz
    Max Customer Boost Clocks
        Graphics                    : 1530 MHz
    Clock Policy
        Auto Boost                  : N/A
        Auto Boost Default          : N/A
    Processes                       : None

GPU 00000000:0B:00.0
    Product Name                    : Tesla V100-SXM2-16GB
    Product Brand                   : Tesla
    Display Mode                    : Enabled
    Display Active                  : Disabled
    Persistence Mode                : Enabled
    Accounting Mode                 : Disabled
    Accounting Mode Buffer Size     : 1920
    Driver Model
        Current                     : N/A
        Pending                     : N/A
    Serial Number                   : 0323317055767
    GPU UUID                        : GPU-c00dc51a-c750-1d9d-6346-115dfe803f44
    Minor Number                    : 3
    VBIOS Version                   : 88.00.18.00.01
    MultiGPU Board                  : No
    Board ID                        : 0xb00
    GPU Part Number                 : 692-2G503-0202-000
    Inforom Version
        Image Version               : G503.0202.00.01
        OEM Object                  : 1.1
        ECC Object                  : 5.0
        Power Management Object     : N/A
    GPU Operation Mode
        Current                     : N/A
        Pending                     : N/A
    GPU Virtualization Mode
        Virtualization mode         : None
    PCI
        Bus                         : 0x0B
        Device                      : 0x00
        Domain                      : 0x0000
        Device Id                   : 0x1DB110DE
        Bus Id                      : 00000000:0B:00.0
        Sub System Id               : 0x121210DE
        GPU Link Info
            PCIe Generation
                Max                 : 3
                Current             : 3
            Link Width
                Max                 : 16x
                Current             : 16x
        Bridge Chip
            Type                    : N/A
            Firmware                : N/A
        Replays since reset         : 0
        Tx Throughput               : 0 KB/s
        Rx Throughput               : 0 KB/s
    Fan Speed                       : N/A
    Performance State               : P0
    Clocks Throttle Reasons
        Idle                        : Active
        Applications Clocks Setting : Not Active
        SW Power Cap                : Not Active
        HW Slowdown                 : Not Active
            HW Thermal Slowdown     : Not Active
            HW Power Brake Slowdown : Not Active
        Sync Boost                  : Not Active
        SW Thermal Slowdown         : Not Active
        Display Clock Setting       : Not Active
    FB Memory Usage
        Total                       : 16160 MiB
        Used                        : 0 MiB
        Free                        : 16160 MiB
    BAR1 Memory Usage
        Total                       : 16384 MiB
        Used                        : 2 MiB
        Free                        : 16382 MiB
    Compute Mode                    : Default
    Utilization
        Gpu                         : 0 %
        Memory                      : 0 %
        Encoder                     : 0 %
        Decoder                     : 0 %
    Encoder Stats
        Active Sessions             : 0
        Average FPS                 : 0
        Average Latency             : 0
    Ecc Mode
        Current                     : Enabled
        Pending                     : Enabled
    ECC Errors
        Volatile
            Single Bit            
                Device Memory       : 0
                Register File       : 0
                L1 Cache            : 0
                L2 Cache            : 0
                Texture Memory      : N/A
                Texture Shared      : N/A
                CBU                 : N/A
                Total               : 0
            Double Bit            
                Device Memory       : 0
                Register File       : 0
                L1 Cache            : 0
                L2 Cache            : 0
                Texture Memory      : N/A
                Texture Shared      : N/A
                CBU                 : 0
                Total               : 0
        Aggregate
            Single Bit            
                Device Memory       : 0
                Register File       : 0
                L1 Cache            : 0
                L2 Cache            : 0
                Texture Memory      : N/A
                Texture Shared      : N/A
                CBU                 : N/A
                Total               : 0
            Double Bit            
                Device Memory       : 0
                Register File       : 0
                L1 Cache            : 0
                L2 Cache            : 0
                Texture Memory      : N/A
                Texture Shared      : N/A
                CBU                 : 0
                Total               : 0
    Retired Pages
        Single Bit ECC              : 0
        Double Bit ECC              : 0
        Pending                     : No
    Temperature
        GPU Current Temp            : 30 C
        GPU Shutdown Temp           : 90 C
        GPU Slowdown Temp           : 87 C
        GPU Max Operating Temp      : 83 C
        Memory Current Temp         : 27 C
        Memory Max Operating Temp   : 85 C
    Power Readings
        Power Management            : Supported
        Power Draw                  : 40.81 W
        Power Limit                 : 300.00 W
        Default Power Limit         : 300.00 W
        Enforced Power Limit        : 300.00 W
        Min Power Limit             : 100.00 W
        Max Power Limit             : 300.00 W
    Clocks
        Graphics                    : 135 MHz
        SM                          : 135 MHz
        Memory                      : 877 MHz
        Video                       : 555 MHz
    Applications Clocks
        Graphics                    : 1312 MHz
        Memory                      : 877 MHz
    Default Applications Clocks
        Graphics                    : 1312 MHz
        Memory                      : 877 MHz
    Max Clocks
        Graphics                    : 1530 MHz
        SM                          : 1530 MHz
        Memory                      : 877 MHz
        Video                       : 1372 MHz
    Max Customer Boost Clocks
        Graphics                    : 1530 MHz
    Clock Policy
        Auto Boost                  : N/A
        Auto Boost Default          : N/A
    Processes                       : None

GPU 00000000:85:00.0
    Product Name                    : Tesla V100-SXM2-16GB
    Product Brand                   : Tesla
    Display Mode                    : Enabled
    Display Active                  : Disabled
    Persistence Mode                : Enabled
    Accounting Mode                 : Disabled
    Accounting Mode Buffer Size     : 1920
    Driver Model
        Current                     : N/A
        Pending                     : N/A
    Serial Number                   : 0323317055552
    GPU UUID                        : GPU-a5a2944a-17bf-004e-3011-4bbe634c2bc3
    Minor Number                    : 4
    VBIOS Version                   : 88.00.18.00.01
    MultiGPU Board                  : No
    Board ID                        : 0x8500
    GPU Part Number                 : 692-2G503-0202-000
    Inforom Version
        Image Version               : G503.0202.00.01
        OEM Object                  : 1.1
        ECC Object                  : 5.0
        Power Management Object     : N/A
    GPU Operation Mode
        Current                     : N/A
        Pending                     : N/A
    GPU Virtualization Mode
        Virtualization mode         : None
    PCI
        Bus                         : 0x85
        Device                      : 0x00
        Domain                      : 0x0000
        Device Id                   : 0x1DB110DE
        Bus Id                      : 00000000:85:00.0
        Sub System Id               : 0x121210DE
        GPU Link Info
            PCIe Generation
                Max                 : 3
                Current             : 3
            Link Width
                Max                 : 16x
                Current             : 16x
        Bridge Chip
            Type                    : N/A
            Firmware                : N/A
        Replays since reset         : 0
        Tx Throughput               : 0 KB/s
        Rx Throughput               : 0 KB/s
    Fan Speed                       : N/A
    Performance State               : P0
    Clocks Throttle Reasons
        Idle                        : Active
        Applications Clocks Setting : Not Active
        SW Power Cap                : Not Active
        HW Slowdown                 : Not Active
            HW Thermal Slowdown     : Not Active
            HW Power Brake Slowdown : Not Active
        Sync Boost                  : Not Active
        SW Thermal Slowdown         : Not Active
        Display Clock Setting       : Not Active
    FB Memory Usage
        Total                       : 16160 MiB
        Used                        : 0 MiB
        Free                        : 16160 MiB
    BAR1 Memory Usage
        Total                       : 16384 MiB
        Used                        : 2 MiB
        Free                        : 16382 MiB
    Compute Mode                    : Default
    Utilization
        Gpu                         : 0 %
        Memory                      : 0 %
        Encoder                     : 0 %
        Decoder                     : 0 %
    Encoder Stats
        Active Sessions             : 0
        Average FPS                 : 0
        Average Latency             : 0
    Ecc Mode
        Current                     : Enabled
        Pending                     : Enabled
    ECC Errors
        Volatile
            Single Bit            
                Device Memory       : 0
                Register File       : 0
                L1 Cache            : 0
                L2 Cache            : 0
                Texture Memory      : N/A
                Texture Shared      : N/A
                CBU                 : N/A
                Total               : 0
            Double Bit            
                Device Memory       : 0
                Register File       : 0
                L1 Cache            : 0
                L2 Cache            : 0
                Texture Memory      : N/A
                Texture Shared      : N/A
                CBU                 : 0
                Total               : 0
        Aggregate
            Single Bit            
                Device Memory       : 0
                Register File       : 0
                L1 Cache            : 0
                L2 Cache            : 0
                Texture Memory      : N/A
                Texture Shared      : N/A
                CBU                 : N/A
                Total               : 0
            Double Bit            
                Device Memory       : 0
                Register File       : 0
                L1 Cache            : 0
                L2 Cache            : 0
                Texture Memory      : N/A
                Texture Shared      : N/A
                CBU                 : 0
                Total               : 0
    Retired Pages
        Single Bit ECC              : 0
        Double Bit ECC              : 0
        Pending                     : No
    Temperature
        GPU Current Temp            : 33 C
        GPU Shutdown Temp           : 90 C
        GPU Slowdown Temp           : 87 C
        GPU Max Operating Temp      : 83 C
        Memory Current Temp         : 29 C
        Memory Max Operating Temp   : 85 C
    Power Readings
        Power Management            : Supported
        Power Draw                  : 41.82 W
        Power Limit                 : 300.00 W
        Default Power Limit         : 300.00 W
        Enforced Power Limit        : 300.00 W
        Min Power Limit             : 100.00 W
        Max Power Limit             : 300.00 W
    Clocks
        Graphics                    : 135 MHz
        SM                          : 135 MHz
        Memory                      : 877 MHz
        Video                       : 555 MHz
    Applications Clocks
        Graphics                    : 1312 MHz
        Memory                      : 877 MHz
    Default Applications Clocks
        Graphics                    : 1312 MHz
        Memory                      : 877 MHz
    Max Clocks
        Graphics                    : 1530 MHz
        SM                          : 1530 MHz
        Memory                      : 877 MHz
        Video                       : 1372 MHz
    Max Customer Boost Clocks
        Graphics                    : 1530 MHz
    Clock Policy
        Auto Boost                  : N/A
        Auto Boost Default          : N/A
    Processes                       : None

GPU 00000000:86:00.0
    Product Name                    : Tesla V100-SXM2-16GB
    Product Brand                   : Tesla
    Display Mode                    : Enabled
    Display Active                  : Disabled
    Persistence Mode                : Enabled
    Accounting Mode                 : Disabled
    Accounting Mode Buffer Size     : 1920
    Driver Model
        Current                     : N/A
        Pending                     : N/A
    Serial Number                   : 0323417107879
    GPU UUID                        : GPU-e41c7e04-9fed-d962-ea42-a6590f2f1163
    Minor Number                    : 5
    VBIOS Version                   : 88.00.18.00.01
    MultiGPU Board                  : No
    Board ID                        : 0x8600
    GPU Part Number                 : 692-2G503-0202-000
    Inforom Version
        Image Version               : G503.0202.00.01
        OEM Object                  : 1.1
        ECC Object                  : 5.0
        Power Management Object     : N/A
    GPU Operation Mode
        Current                     : N/A
        Pending                     : N/A
    GPU Virtualization Mode
        Virtualization mode         : None
    PCI
        Bus                         : 0x86
        Device                      : 0x00
        Domain                      : 0x0000
        Device Id                   : 0x1DB110DE
        Bus Id                      : 00000000:86:00.0
        Sub System Id               : 0x121210DE
        GPU Link Info
            PCIe Generation
                Max                 : 3
                Current             : 3
            Link Width
                Max                 : 16x
                Current             : 16x
        Bridge Chip
            Type                    : N/A
            Firmware                : N/A
        Replays since reset         : 0
        Tx Throughput               : 0 KB/s
        Rx Throughput               : 0 KB/s
    Fan Speed                       : N/A
    Performance State               : P0
    Clocks Throttle Reasons
        Idle                        : Active
        Applications Clocks Setting : Not Active
        SW Power Cap                : Not Active
        HW Slowdown                 : Not Active
            HW Thermal Slowdown     : Not Active
            HW Power Brake Slowdown : Not Active
        Sync Boost                  : Not Active
        SW Thermal Slowdown         : Not Active
        Display Clock Setting       : Not Active
    FB Memory Usage
        Total                       : 16160 MiB
        Used                        : 0 MiB
        Free                        : 16160 MiB
    BAR1 Memory Usage
        Total                       : 16384 MiB
        Used                        : 2 MiB
        Free                        : 16382 MiB
    Compute Mode                    : Default
    Utilization
        Gpu                         : 0 %
        Memory                      : 0 %
        Encoder                     : 0 %
        Decoder                     : 0 %
    Encoder Stats
        Active Sessions             : 0
        Average FPS                 : 0
        Average Latency             : 0
    Ecc Mode
        Current                     : Enabled
        Pending                     : Enabled
    ECC Errors
        Volatile
            Single Bit            
                Device Memory       : 0
                Register File       : 0
                L1 Cache            : 0
                L2 Cache            : 0
                Texture Memory      : N/A
                Texture Shared      : N/A
                CBU                 : N/A
                Total               : 0
            Double Bit            
                Device Memory       : 0
                Register File       : 0
                L1 Cache            : 0
                L2 Cache            : 0
                Texture Memory      : N/A
                Texture Shared      : N/A
                CBU                 : 0
                Total               : 0
        Aggregate
            Single Bit            
                Device Memory       : 0
                Register File       : 0
                L1 Cache            : 0
                L2 Cache            : 0
                Texture Memory      : N/A
                Texture Shared      : N/A
                CBU                 : N/A
                Total               : 0
            Double Bit            
                Device Memory       : 0
                Register File       : 0
                L1 Cache            : 0
                L2 Cache            : 0
                Texture Memory      : N/A
                Texture Shared      : N/A
                CBU                 : 0
                Total               : 0
    Retired Pages
        Single Bit ECC              : 0
        Double Bit ECC              : 0
        Pending                     : No
    Temperature
        GPU Current Temp            : 35 C
        GPU Shutdown Temp           : 90 C
        GPU Slowdown Temp           : 87 C
        GPU Max Operating Temp      : 83 C
        Memory Current Temp         : 31 C
        Memory Max Operating Temp   : 85 C
    Power Readings
        Power Management            : Supported
        Power Draw                  : 41.82 W
        Power Limit                 : 300.00 W
        Default Power Limit         : 300.00 W
        Enforced Power Limit        : 300.00 W
        Min Power Limit             : 100.00 W
        Max Power Limit             : 300.00 W
    Clocks
        Graphics                    : 135 MHz
        SM                          : 135 MHz
        Memory                      : 877 MHz
        Video                       : 555 MHz
    Applications Clocks
        Graphics                    : 1312 MHz
        Memory                      : 877 MHz
    Default Applications Clocks
        Graphics                    : 1312 MHz
        Memory                      : 877 MHz
    Max Clocks
        Graphics                    : 1530 MHz
        SM                          : 1530 MHz
        Memory                      : 877 MHz
        Video                       : 1372 MHz
    Max Customer Boost Clocks
        Graphics                    : 1530 MHz
    Clock Policy
        Auto Boost                  : N/A
        Auto Boost Default          : N/A
    Processes                       : None

GPU 00000000:89:00.0
    Product Name                    : Tesla V100-SXM2-16GB
    Product Brand                   : Tesla
    Display Mode                    : Enabled
    Display Active                  : Disabled
    Persistence Mode                : Enabled
    Accounting Mode                 : Disabled
    Accounting Mode Buffer Size     : 1920
    Driver Model
        Current                     : N/A
        Pending                     : N/A
    Serial Number                   : 0323417078466
    GPU UUID                        : GPU-6c26e274-a4d4-d05c-fcfd-c41dc9722875
    Minor Number                    : 6
    VBIOS Version                   : 88.00.18.00.01
    MultiGPU Board                  : No
    Board ID                        : 0x8900
    GPU Part Number                 : 692-2G503-0202-000
    Inforom Version
        Image Version               : G503.0202.00.01
        OEM Object                  : 1.1
        ECC Object                  : 5.0
        Power Management Object     : N/A
    GPU Operation Mode
        Current                     : N/A
        Pending                     : N/A
    GPU Virtualization Mode
        Virtualization mode         : None
    PCI
        Bus                         : 0x89
        Device                      : 0x00
        Domain                      : 0x0000
        Device Id                   : 0x1DB110DE
        Bus Id                      : 00000000:89:00.0
        Sub System Id               : 0x121210DE
        GPU Link Info
            PCIe Generation
                Max                 : 3
                Current             : 3
            Link Width
                Max                 : 16x
                Current             : 16x
        Bridge Chip
            Type                    : N/A
            Firmware                : N/A
        Replays since reset         : 0
        Tx Throughput               : 0 KB/s
        Rx Throughput               : 0 KB/s
    Fan Speed                       : N/A
    Performance State               : P0
    Clocks Throttle Reasons
        Idle                        : Active
        Applications Clocks Setting : Not Active
        SW Power Cap                : Not Active
        HW Slowdown                 : Not Active
            HW Thermal Slowdown     : Not Active
            HW Power Brake Slowdown : Not Active
        Sync Boost                  : Not Active
        SW Thermal Slowdown         : Not Active
        Display Clock Setting       : Not Active
    FB Memory Usage
        Total                       : 16160 MiB
        Used                        : 0 MiB
        Free                        : 16160 MiB
    BAR1 Memory Usage
        Total                       : 16384 MiB
        Used                        : 2 MiB
        Free                        : 16382 MiB
    Compute Mode                    : Default
    Utilization
        Gpu                         : 0 %
        Memory                      : 0 %
        Encoder                     : 0 %
        Decoder                     : 0 %
    Encoder Stats
        Active Sessions             : 0
        Average FPS                 : 0
        Average Latency             : 0
    Ecc Mode
        Current                     : Enabled
        Pending                     : Enabled
    ECC Errors
        Volatile
            Single Bit            
                Device Memory       : 0
                Register File       : 0
                L1 Cache            : 0
                L2 Cache            : 0
                Texture Memory      : N/A
                Texture Shared      : N/A
                CBU                 : N/A
                Total               : 0
            Double Bit            
                Device Memory       : 0
                Register File       : 0
                L1 Cache            : 0
                L2 Cache            : 0
                Texture Memory      : N/A
                Texture Shared      : N/A
                CBU                 : 0
                Total               : 0
        Aggregate
            Single Bit            
                Device Memory       : 0
                Register File       : 0
                L1 Cache            : 0
                L2 Cache            : 0
                Texture Memory      : N/A
                Texture Shared      : N/A
                CBU                 : N/A
                Total               : 0
            Double Bit            
                Device Memory       : 0
                Register File       : 0
                L1 Cache            : 0
                L2 Cache            : 0
                Texture Memory      : N/A
                Texture Shared      : N/A
                CBU                 : 0
                Total               : 0
    Retired Pages
        Single Bit ECC              : 0
        Double Bit ECC              : 0
        Pending                     : No
    Temperature
        GPU Current Temp            : 36 C
        GPU Shutdown Temp           : 90 C
        GPU Slowdown Temp           : 87 C
        GPU Max Operating Temp      : 83 C
        Memory Current Temp         : 32 C
        Memory Max Operating Temp   : 85 C
    Power Readings
        Power Management            : Supported
        Power Draw                  : 42.31 W
        Power Limit                 : 300.00 W
        Default Power Limit         : 300.00 W
        Enforced Power Limit        : 300.00 W
        Min Power Limit             : 100.00 W
        Max Power Limit             : 300.00 W
    Clocks
        Graphics                    : 135 MHz
        SM                          : 135 MHz
        Memory                      : 877 MHz
        Video                       : 555 MHz
    Applications Clocks
        Graphics                    : 1312 MHz
        Memory                      : 877 MHz
    Default Applications Clocks
        Graphics                    : 1312 MHz
        Memory                      : 877 MHz
    Max Clocks
        Graphics                    : 1530 MHz
        SM                          : 1530 MHz
        Memory                      : 877 MHz
        Video                       : 1372 MHz
    Max Customer Boost Clocks
        Graphics                    : 1530 MHz
    Clock Policy
        Auto Boost                  : N/A
        Auto Boost Default          : N/A
    Processes                       : None

GPU 00000000:8A:00.0
    Product Name                    : Tesla V100-SXM2-16GB
    Product Brand                   : Tesla
    Display Mode                    : Enabled
    Display Active                  : Disabled
    Persistence Mode                : Enabled
    Accounting Mode                 : Disabled
    Accounting Mode Buffer Size     : 1920
    Driver Model
        Current                     : N/A
        Pending                     : N/A
    Serial Number                   : 0323317055380
    GPU UUID                        : GPU-c1001fe3-7d9c-f591-11f4-41645c741fdf
    Minor Number                    : 7
    VBIOS Version                   : 88.00.18.00.01
    MultiGPU Board                  : No
    Board ID                        : 0x8a00
    GPU Part Number                 : 692-2G503-0202-000
    Inforom Version
        Image Version               : G503.0202.00.01
        OEM Object                  : 1.1
        ECC Object                  : 5.0
        Power Management Object     : N/A
    GPU Operation Mode
        Current                     : N/A
        Pending                     : N/A
    GPU Virtualization Mode
        Virtualization mode         : None
    PCI
        Bus                         : 0x8A
        Device                      : 0x00
        Domain                      : 0x0000
        Device Id                   : 0x1DB110DE
        Bus Id                      : 00000000:8A:00.0
        Sub System Id               : 0x121210DE
        GPU Link Info
            PCIe Generation
                Max                 : 3
                Current             : 3
            Link Width
                Max                 : 16x
                Current             : 16x
        Bridge Chip
            Type                    : N/A
            Firmware                : N/A
        Replays since reset         : 0
        Tx Throughput               : 0 KB/s
        Rx Throughput               : 0 KB/s
    Fan Speed                       : N/A
    Performance State               : P0
    Clocks Throttle Reasons
        Idle                        : Active
        Applications Clocks Setting : Not Active
        SW Power Cap                : Not Active
        HW Slowdown                 : Not Active
            HW Thermal Slowdown     : Not Active
            HW Power Brake Slowdown : Not Active
        Sync Boost                  : Not Active
        SW Thermal Slowdown         : Not Active
        Display Clock Setting       : Not Active
    FB Memory Usage
        Total                       : 16160 MiB
        Used                        : 0 MiB
        Free                        : 16160 MiB
    BAR1 Memory Usage
        Total                       : 16384 MiB
        Used                        : 2 MiB
        Free                        : 16382 MiB
    Compute Mode                    : Default
    Utilization
        Gpu                         : 0 %
        Memory                      : 0 %
        Encoder                     : 0 %
        Decoder                     : 0 %
    Encoder Stats
        Active Sessions             : 0
        Average FPS                 : 0
        Average Latency             : 0
    Ecc Mode
        Current                     : Enabled
        Pending                     : Enabled
    ECC Errors
        Volatile
            Single Bit            
                Device Memory       : 0
                Register File       : 0
                L1 Cache            : 0
                L2 Cache            : 0
                Texture Memory      : N/A
                Texture Shared      : N/A
                CBU                 : N/A
                Total               : 0
            Double Bit            
                Device Memory       : 0
                Register File       : 0
                L1 Cache            : 0
                L2 Cache            : 0
                Texture Memory      : N/A
                Texture Shared      : N/A
                CBU                 : 0
                Total               : 0
        Aggregate
            Single Bit            
                Device Memory       : 0
                Register File       : 0
                L1 Cache            : 0
                L2 Cache            : 0
                Texture Memory      : N/A
                Texture Shared      : N/A
                CBU                 : N/A
                Total               : 0
            Double Bit            
                Device Memory       : 0
                Register File       : 0
                L1 Cache            : 0
                L2 Cache            : 0
                Texture Memory      : N/A
                Texture Shared      : N/A
                CBU                 : 0
                Total               : 0
    Retired Pages
        Single Bit ECC              : 0
        Double Bit ECC              : 0
        Pending                     : No
    Temperature
        GPU Current Temp            : 32 C
        GPU Shutdown Temp           : 90 C
        GPU Slowdown Temp           : 87 C
        GPU Max Operating Temp      : 83 C
        Memory Current Temp         : 29 C
        Memory Max Operating Temp   : 85 C
    Power Readings
        Power Management            : Supported
        Power Draw                  : 42.80 W
        Power Limit                 : 300.00 W
        Default Power Limit         : 300.00 W
        Enforced Power Limit        : 300.00 W
        Min Power Limit             : 100.00 W
        Max Power Limit             : 300.00 W
    Clocks
        Graphics                    : 135 MHz
        SM                          : 135 MHz
        Memory                      : 877 MHz
        Video                       : 555 MHz
    Applications Clocks
        Graphics                    : 1312 MHz
        Memory                      : 877 MHz
    Default Applications Clocks
        Graphics                    : 1312 MHz
        Memory                      : 877 MHz
    Max Clocks
        Graphics                    : 1530 MHz
        SM                          : 1530 MHz
        Memory                      : 877 MHz
        Video                       : 1372 MHz
    Max Customer Boost Clocks
        Graphics                    : 1530 MHz
    Clock Policy
        Auto Boost                  : N/A
        Auto Boost Default          : N/A
    Processes                       : None

