Beat    Tag    Timestamp    Global_Rate    Window_Rate    Instant_Rate    Global_Accuracy    Window_Accuracy    Instant_Accuracy    Global_Power    Window_Power    Instant_Power
0    0    1527260197462998722    0.000000    0.000000    0.000000    1.000000    1.000000    1.000000    0.000000    0.000000    0.000000
1    1    1527260197775899805    6.391796    3.195898    3.195898    1.000000    1.000000    1.000000    3.334629    3.334629    3.334629
2    2    1527260198088449348    4.796542    3.197695    3.199493    1.000000    1.000000    1.000000    3.327716    3.327716    3.320795
3    3    1527260198401117140    4.263854    3.197891    3.198283    1.000000    1.000000    1.000000    3.344334    3.344334    3.377575
4    4    1527260198714149015    3.996322    3.197058    3.194563    1.000000    1.000000    1.000000    4.208553    4.208553    6.798512
5    5    1527260199027008265    3.836294    3.196911    3.196326    1.000000    1.000000    1.000000    4.046969    4.046969    3.400782
6    6    1527260199339894098    3.729563    3.196769    3.196054    1.000000    1.000000    1.000000    3.942620    3.942620    3.421015
7    7    1527260199652363641    3.654028    3.197274    3.200312    1.000000    1.000000    1.000000    3.873938    3.873938    3.461393
8    8    1527260199964960017    3.597178    3.197492    3.199013    1.000000    1.000000    1.000000    3.825045    3.825045    3.482606
9    9    1527260200277335685    3.553235    3.197912    3.201274    1.000000    1.000000    1.000000    4.179237    4.179237    7.016126
10    10    1527260200590143269    3.517586    3.197805    3.196853    1.000000    1.000000    1.000000    4.112696    4.112696    3.514020
11    11    1527260200902402354    3.488977    3.198229    3.202469    1.000000    1.000000    1.000000    4.063172    4.063172    3.567217
12    12    1527260201214680189    3.465113    3.198566    3.202277    1.000000    1.000000    1.000000    4.020702    4.020702    3.552935
13    13    1527260201527463481    3.444488    3.198453    3.197102    1.000000    1.000000    1.000000    3.982297    3.982297    3.521643
14    14    1527260201840229523    3.426824    3.198369    3.197278    1.000000    1.000000    1.000000    4.204226    4.204226    7.088247
15    15    1527260202152951231    3.411548    3.198327    3.197731    1.000000    1.000000    1.000000    4.161095    4.161095    3.557390
16    16    1527260202465861982    3.398054    3.198169    3.195799    1.000000    1.000000    1.000000    4.123841    4.123841    3.565461
17    17    1527260202778609440    3.386252    3.198128    3.197468    1.000000    1.000000    1.000000    4.092278    4.092278    3.587393
18    18    1527260203091280399    3.375808    3.198134    3.198250    1.000000    1.000000    1.000000    4.065597    4.065597    3.611992
19    19    1527260203403727775    3.366590    3.198261    3.200539    1.000000    1.000000    1.000000    4.042205    4.042205    3.620837
20    20    1527260203715940319    3.358419    3.198495    3.202946    1.000000    1.000000    1.000000    4.198960    4.198960    7.181665
21    21    1527260204029145568    3.350519    3.198223    3.192795    1.000000    1.000000    1.000000    4.169900    4.169900    3.589742
22    22    1527260204341686069    3.343661    3.198285    3.199585    1.000000    1.000000    1.000000    4.143043    4.143043    3.578800
23    23    1527260204654358112    3.337338    3.198282    3.198239    1.000000    1.000000    1.000000    4.118865    4.118865    3.586963
24    24    1527260204966983904    3.331563    3.198301    3.198712    1.000000    1.000000    1.000000    4.097223    4.097223    3.599386
25    25    1527260205279581988    3.326262    3.198328    3.198996    1.000000    1.000000    1.000000    4.221584    4.221584    7.206906
26    26    1527260205592238822    3.321344    3.198331    3.198395    1.000000    1.000000    1.000000    4.198963    4.198963    3.633428
27    27    1527260205904837906    3.316813    3.198355    3.198986    1.000000    1.000000    1.000000    4.178278    4.178278    3.640340
28    28    1527260206217102991    3.312732    3.198500    3.202407    1.000000    1.000000    1.000000    4.157855    4.157855    3.605728
29    29    1527260206529842033    3.308759    3.198467    3.197554    1.000000    1.000000    1.000000    4.138739    4.138739    3.603659
30    30    1527260206842897825    3.304940    3.198329    3.194319    1.000000    1.000000    1.000000    4.120812    4.120812    3.601594
31    31    1527260207155737950    3.301440    3.198271    3.196521    1.000000    1.000000    1.000000    4.219989    4.219989    7.193626
32    32    1527260207468503242    3.298185    3.198239    3.197286    1.000000    1.000000    1.000000    4.201373    4.201373    3.624456
33    33    1527260207781029576    3.295202    3.198285    3.199730    1.000000    1.000000    1.000000    4.184236    4.184236    3.635614
34    34    1527260208093803327    3.292319    3.198253    3.197199    1.000000    1.000000    1.000000    4.168750    4.168750    3.657884
35    35    1527260208406390911    3.289656    3.198277    3.199103    1.000000    1.000000    1.000000    4.153490    4.153490    3.634492
36    36    1527260208719600827    3.286960    3.198123    3.192747    1.000000    1.000000    1.000000    4.238348    4.238348    7.203255
37    37    1527260209032153745    3.284596    3.198159    3.199458    1.000000    1.000000    1.000000    4.221685    4.221685    3.621550
38    38    1527260209344636954    3.282376    3.198212    3.200172    1.000000    1.000000    1.000000    4.205555    4.205555    3.608370
39    39    1527260209657480121    3.280172    3.198168    3.196490    1.000000    1.000000    1.000000    4.189839    4.189839    3.592954
40    40    1527260209969825581    3.278210    3.198253    3.201583    1.000000    1.000000    1.000000    4.175600    4.175600    3.619681
41    41    1527260210282363998    3.276293    3.198286    3.199607    1.000000    1.000000    1.000000    4.162142    4.162142    3.623596
42    42    1527260210595076041    3.274425    3.198275    3.197830    1.000000    1.000000    1.000000    4.237571    4.237571    7.329743
43    43    1527260210907783916    3.272644    3.198266    3.197873    1.000000    1.000000    1.000000    4.223369    4.223369    3.626941
44    44    1527260211220268209    3.270998    3.198309    3.200161    1.000000    1.000000    1.000000    4.209519    4.209519    3.613638
45    45    1527260211532512711    3.269480    3.198405    3.202618    1.000000    1.000000    1.000000    4.196369    4.196369    3.616996
46    46    1527260211844781421    3.268023    3.198491    3.202370    1.000000    1.000000    1.000000    4.183654    4.183654    3.610752
47    47    1527260212157309547    3.266570    3.198517    3.199712    1.000000    1.000000    1.000000    4.248647    4.248647    7.239448
48    48    1527260212469826798    3.265180    3.198544    3.199823    1.000000    1.000000    1.000000    4.235698    4.235698    3.626859
49    49    1527260212782842131    3.263741    3.198466    3.194732    1.000000    1.000000    1.000000    4.223704    4.223704    3.648674
50    50    1527260213095524840    3.262429    3.198459    3.198130    1.000000    1.000000    1.000000    4.212235    4.212235    3.650339
51    51    1527260213408494506    3.261109    3.198445    3.195198    1.000000    1.000000    1.000000    4.200337    4.217665    3.606027
52    52    1527260213721478339    3.259837    3.198357    3.195053    1.000000    1.000000    1.000000    4.258329    4.295561    7.212836
53    53    1527260214034187715    3.258668    3.198348    3.197857    1.000000    1.000000    1.000000    4.246181    4.300300    3.614593
54    54    1527260214346668174    3.257586    3.198461    3.200200    1.000000    1.000000    1.000000    4.234718    4.236812    3.626812
55    55    1527260214659417467    3.256492    3.198483    3.197449    1.000000    1.000000    1.000000    4.224004    4.241716    3.645578
56    56    1527260214972199634    3.255431    3.198504    3.197113    1.000000    1.000000    1.000000    4.213799    4.246358    3.652740
57    57    1527260215284767468    3.254447    3.198485    3.199306    1.000000    1.000000    1.000000    4.204086    4.250324    3.660015
58    58    1527260215597669635    3.253436    3.198422    3.195887    1.000000    1.000000    1.000000    4.256221    4.325229    7.225613
59    59    1527260215909857386    3.252586    3.198460    3.203201    1.000000    1.000000    1.000000    4.245220    4.257099    3.606211
60    60    1527260216222728303    3.251646    3.198447    3.196206    1.000000    1.000000    1.000000    4.235267    4.259786    3.648431
61    61    1527260216535398762    3.250771    3.198363    3.198255    1.000000    1.000000    1.000000    4.225532    4.261253    3.641470
62    62    1527260216847738805    3.249979    3.198350    3.201639    1.000000    1.000000    1.000000    4.216298    4.263238    3.652433
63    63    1527260217160333598    3.249171    3.198389    3.199030    1.000000    1.000000    1.000000    4.265283    4.338858    7.302946
64    64    1527260217472784807    3.248411    3.198453    3.200500    1.000000    1.000000    1.000000    4.256251    4.270819    3.686896
65    65    1527260217784884476    3.247730    3.198581    3.204105    1.000000    1.000000    1.000000    4.247605    4.273559    3.693221
66    66    1527260218097338394    3.247014    3.198674    3.200472    1.000000    1.000000    1.000000    4.238303    4.274936    3.633317
67    67    1527260218409857145    3.246310    3.198721    3.199808    1.000000    1.000000    1.000000    4.229251    4.275831    3.631612
68    68    1527260218722780103    3.245565    3.198669    3.195675    1.000000    1.000000    1.000000    4.220406    4.276146    3.628302
69    69    1527260219035115855    3.244930    3.198692    3.201683    1.000000    1.000000    1.000000    4.264593    4.349112    7.272270
70    70    1527260219347882730    3.244248    3.198579    3.197270    1.000000    1.000000    1.000000    4.255628    4.278296    3.637303
71    71    1527260219660545064    3.243602    3.198690    3.198339    1.000000    1.000000    1.000000    4.247098    4.279526    3.650059
72    72    1527260219972990524    3.243004    3.198709    3.200559    1.000000    1.000000    1.000000    4.239178    4.281484    3.676517
73    73    1527260220285654274    3.242392    3.198711    3.198324    1.000000    1.000000    1.000000    4.231151    4.282809    3.653199
74    74    1527260220598497608    3.241771    3.198667    3.196488    1.000000    1.000000    1.000000    4.272071    4.356008    7.257310
75    75    1527260220911131484    3.241196    3.198659    3.198630    1.000000    1.000000    1.000000    4.263222    4.284043    3.608377
76    76    1527260221223829901    3.240627    3.198651    3.197969    1.000000    1.000000    1.000000    4.254760    4.283777    3.620233
77    77    1527260221536446402    3.240084    3.198647    3.198807    1.000000    1.000000    1.000000    4.246844    4.283874    3.645198
78    78    1527260221848904445    3.239576    3.198608    3.200430    1.000000    1.000000    1.000000    4.239278    4.284877    3.656328
79    79    1527260222161705362    3.239036    3.198595    3.196922    1.000000    1.000000    1.000000    4.231553    4.285388    3.629340
80    80    1527260222474584362    3.238499    3.198631    3.196124    1.000000    1.000000    1.000000    4.270248    4.359919    7.324835
81    81    1527260222786946030    3.238042    3.198729    3.201417    1.000000    1.000000    1.000000    4.262197    4.288370    3.617518
82    82    1527260223099325740    3.237593    3.198808    3.201232    1.000000    1.000000    1.000000    4.254350    4.288262    3.618215
83    83    1527260223411783741    3.237146    3.198822    3.200430    1.000000    1.000000    1.000000    4.246835    4.288157    3.630216
84    84    1527260223724675491    3.236655    3.198798    3.195994    1.000000    1.000000    1.000000    4.239417    4.287478    3.624241
85    85    1527260224037394783    3.236198    3.198771    3.197756    1.000000    1.000000    1.000000    4.275026    4.360115    7.265458
86    86    1527260224349687243    3.235802    3.198959    3.202127    1.000000    1.000000    1.000000    4.267761    4.288944    3.649537
87    87    1527260224662546201    3.235348    3.198896    3.196328    1.000000    1.000000    1.000000    4.260907    4.289938    3.671862
88    88    1527260224975094036    3.234941    3.198883    3.199510    1.000000    1.000000    1.000000    4.254090    4.290985    3.660860
89    89    1527260225287428704    3.234568    3.198987    3.201694    1.000000    1.000000    1.000000    4.246779    4.291204    3.602789
90    90    1527260225600260912    3.234146    3.198887    3.196602    1.000000    1.000000    1.000000    4.239820    4.291207    3.620845
91    91    1527260225913222537    3.233718    3.198801    3.195280    1.000000    1.000000    1.000000    4.273421    4.364685    7.294367
92    92    1527260226225811955    3.233342    3.198826    3.199085    1.000000    1.000000    1.000000    4.266498    4.290800    3.636380
93    93    1527260226538737580    3.232936    3.198781    3.195648    1.000000    1.000000    1.000000    4.259953    4.291420    3.658329
94    94    1527260226851228039    3.232587    3.198780    3.200098    1.000000    1.000000    1.000000    4.253532    4.292268    3.656089
95    95    1527260227163824248    3.232233    3.198708    3.199015    1.000000    1.000000    1.000000    4.247265    4.293074    3.658077
96    96    1527260227476142583    3.231917    3.198698    3.201861    1.000000    1.000000    1.000000    4.278861    4.366457    7.283633
97    97    1527260227789265000    3.231522    3.198576    3.193639    1.000000    1.000000    1.000000    4.272032    4.294014    3.617419
98    98    1527260228102330666    3.231141    3.198464    3.194218    1.000000    1.000000    1.000000    4.265308    4.293732    3.613961
99    99    1527260228414651709    3.230845    3.198606    3.201834    1.000000    1.000000    1.000000    4.258790    4.293176    3.619404
100    100    1527260228727228585    3.230529    3.198628    3.199213    1.000000    1.000000    1.000000    4.252371    4.292508    3.616707
101    101    1527260229038535797    3.230349    3.198968    3.212261    1.000000    1.000000    1.000000    4.282704    4.366733    7.329059
102    102    1527260229349551677    3.230202    3.199371    3.215270    1.000000    1.000000    1.000000    4.277066    4.296558    3.704621
103    103    1527260229660952223    3.230019    3.199639    3.211298    1.000000    1.000000    1.000000    4.271538    4.298427    3.705520
104    104    1527260229972005644    3.229874    3.199931    3.214882    1.000000    1.000000    1.000000    4.265720    4.299218    3.663499
105    105    1527260230282998482    3.229738    3.200291    3.215508    1.000000    1.000000    1.000000    4.259893    4.299396    3.650824
106    106    1527260230594775694    3.229528    3.200496    3.207419    1.000000    1.000000    1.000000    4.254070    4.299204    3.641033
107    107    1527260230906305905    3.229346    3.200709    3.209962    1.000000    1.000000    1.000000    4.282334    4.371603    7.288266
108    108    1527260231217868951    3.229164    3.200983    3.209623    1.000000    1.000000    1.000000    4.276598    4.300256    3.660919
109    109    1527260231529526745    3.228976    3.201092    3.208647    1.000000    1.000000    1.000000    4.270995    4.301436    3.664186
110    110    1527260231840668208    3.228840    3.201447    3.213972    1.000000    1.000000    1.000000    4.265831    4.302543    3.700381
111    111    1527260232151883588    3.228700    3.201745    3.213209    1.000000    1.000000    1.000000    4.260770    4.303806    3.701755
112    112    1527260232463311008    3.228543    3.201932    3.211021    1.000000    1.000000    1.000000    4.255201    4.303493    3.634828
113    113    1527260232774906220    3.228373    3.202137    3.209292    1.000000    1.000000    1.000000    4.282095    4.303303    7.303004
114    114    1527260233085886350    3.228262    3.202439    3.215640    1.000000    1.000000    1.000000    4.276665    4.302826    3.660047
115    115    1527260233397069521    3.228134    3.202626    3.213541    1.000000    1.000000    1.000000    4.271177    4.301859    3.642941
116    116    1527260233708615733    3.227977    3.202813    3.209797    1.000000    1.000000    1.000000    4.265709    4.301933    3.635053
117    117    1527260234019808820    3.227853    3.203085    3.213439    1.000000    1.000000    1.000000    4.260648    4.302780    3.671238
118    118    1527260234331216616    3.227712    3.203396    3.211223    1.000000    1.000000    1.000000    4.286568    4.376686    7.329341
119    119    1527260234642671620    3.227570    3.203577    3.210737    1.000000    1.000000    1.000000    4.281652    4.305231    3.699754
120    120    1527260234953747041    3.227463    3.203924    3.214654    1.000000    1.000000    1.000000    4.276448    4.305645    3.654429
121    121    1527260235265134670    3.227331    3.204185    3.211431    1.000000    1.000000    1.000000    4.271157    4.305382    3.634178
122    122    1527260235576633882    3.227192    3.204380    3.210281    1.000000    1.000000    1.000000    4.265915    4.304485    3.629666
123    123    1527260235887856136    3.227078    3.204676    3.213138    1.000000    1.000000    1.000000    4.260686    4.303890    3.620384
124    124    1527260236199083599    3.226965    3.205008    3.213084    1.000000    1.000000    1.000000    4.284771    4.303605    7.258328
125    125    1527260236510320936    3.226854    3.205295    3.212982    1.000000    1.000000    1.000000    4.279744    4.304580    3.654144
126    126    1527260236821686982    3.226734    3.205569    3.211654    1.000000    1.000000    1.000000    4.274982    4.305786    3.677726
127    127    1527260237132599654    3.226652    3.205919    3.216337    1.000000    1.000000    1.000000    4.270356    4.306646    3.684723
128    128    1527260237443939533    3.226537    3.206149    3.211924    1.000000    1.000000    1.000000    4.265546    4.306620    3.652687
129    129    1527260237755296662    3.226423    3.206445    3.211746    1.000000    1.000000    1.000000    4.289137    4.380343    7.318419
130    130    1527260238066478749    3.226324    3.206795    3.213553    1.000000    1.000000    1.000000    4.284344    4.306956    3.663803
131    131    1527260238377716879    3.226223    3.207026    3.212974    1.000000    1.000000    1.000000    4.279727    4.308201    3.677403
132    132    1527260238689079049    3.226113    3.207235    3.211694    1.000000    1.000000    1.000000    4.275141    4.309331    3.672566
133    133    1527260239000270554    3.226018    3.207495    3.213455    1.000000    1.000000    1.000000    4.270704    4.310437    3.682838
134    134    1527260239311007101    3.225960    3.207939    3.218160    1.000000    1.000000    1.000000    4.266464    4.312036    3.699697
135    135    1527260239622454855    3.225848    3.208200    3.210811    1.000000    1.000000    1.000000    4.289313    4.313673    7.359424
136    136    1527260239933550609    3.225765    3.208447    3.214444    1.000000    1.000000    1.000000    4.284559    4.313539    3.640265
137    137    1527260240244715405    3.225677    3.208796    3.213731    1.000000    1.000000    1.000000    4.279926    4.313126    3.647688
138    138    1527260240556134076    3.225572    3.209028    3.211111    1.000000    1.000000    1.000000    4.275471    4.313224    3.663383
139    139    1527260240867311664    3.225486    3.209267    3.213599    1.000000    1.000000    1.000000    4.270998    4.314250    3.651542
140    140    1527260241178214294    3.225422    3.209664    3.216441    1.000000    1.000000    1.000000    4.266769    4.315444    3.676389
141    141    1527260241489793130    3.225309    3.209949    3.209461    1.000000    1.000000    1.000000    4.288551    4.316184    7.344568
142    142    1527260241800886052    3.225233    3.210258    3.214474    1.000000    1.000000    1.000000    4.284377    4.317394    3.693703
143    143    1527260242112178056    3.225143    3.210594    3.212418    1.000000    1.000000    1.000000    4.280095    4.317703    3.670281
144    144    1527260242423432102    3.225058    3.210849    3.212810    1.000000    1.000000    1.000000    4.275758    4.317705    3.653594
145    145    1527260242734761397    3.224968    3.211110    3.212033    1.000000    1.000000    1.000000    4.271519    4.317783    3.659267
146    146    1527260243046074402    3.224881    3.211318    3.212201    1.000000    1.000000    1.000000    4.292280    4.318148    7.311487
147    147    1527260243357336489    3.224799    3.211701    3.212727    1.000000    1.000000    1.000000    4.288063    4.319291    3.670376
148    148    1527260243668710285    3.224710    3.212051    3.211574    1.000000    1.000000    1.000000    4.283956    4.320661    3.678614
149    149    1527260243979598332    3.224655    3.212346    3.216592    1.000000    1.000000    1.000000    4.280125    4.322551    3.710841
150    150    1527260244290734086    3.224585    3.212644    3.214031    1.000000    1.000000    1.000000    4.276358    4.324544    3.713103
151    151    1527260244601811757    3.224519    3.212691    3.214631    1.000000    1.000000    1.000000    4.272456    4.251663    3.685051
152    152    1527260244912488930    3.224481    3.212761    3.218775    1.000000    1.000000    1.000000    4.292343    4.323644    7.309771
153    153    1527260245223696101    3.224409    3.212801    3.213294    1.000000    1.000000    1.000000    4.288129    4.322454    3.645633
154    154    1527260245534926605    3.224335    3.212764    3.213053    1.000000    1.000000    1.000000    4.284005    4.322199    3.651120
155    155    1527260245846151151    3.224263    3.212717    3.213114    1.000000    1.000000    1.000000    4.280053    4.322567    3.669756
156    156    1527260246157459155    3.224186    3.212814    3.212253    1.000000    1.000000    1.000000    4.276146    4.323144    3.668830
157    157    1527260246469147950    3.224085    3.212781    3.208328    1.000000    1.000000    1.000000    4.295582    4.324052    7.332115
158    158    1527260246780621120    3.224000    3.212799    3.210549    1.000000    1.000000    1.000000    4.291776    4.324697    3.692925
159    159    1527260247092171165    3.223910    3.212821    3.209757    1.000000    1.000000    1.000000    4.287902    4.324910    3.674607
160    160    1527260247403765252    3.223819    3.212728    3.209304    1.000000    1.000000    1.000000    4.283894    4.323795    3.645624
161    161    1527260247715005840    3.223752    3.212723    3.212949    1.000000    1.000000    1.000000    4.279940    4.322667    3.645370
162    162    1527260248026286761    3.223683    3.212753    3.212532    1.000000    1.000000    1.000000    4.276011    4.322813    3.641807
163    163    1527260248337689973    3.223607    3.212793    3.211271    1.000000    1.000000    1.000000    4.294482    4.322587    7.293576
164    164    1527260248649114518    3.223530    3.212701    3.211051    1.000000    1.000000    1.000000    4.290540    4.322298    3.646546
165    165    1527260248960282523    3.223471    3.212704    3.213698    1.000000    1.000000    1.000000    4.286775    4.322790    3.667517
166    166    1527260249271906443    3.223384    3.212688    3.208996    1.000000    1.000000    1.000000    4.283075    4.323520    3.671679
167    167    1527260249583395071    3.223306    3.212627    3.210390    1.000000    1.000000    1.000000    4.279305    4.323126    3.652181
168    168    1527260249894977241    3.223224    3.212591    3.209426    1.000000    1.000000    1.000000    4.275439    4.249075    3.628741
169    169    1527260250206318204    3.223157    3.212615    3.211913    1.000000    1.000000    1.000000    4.293081    4.320384    7.264213
170    170    1527260250517663166    3.223091    3.212559    3.211871    1.000000    1.000000    1.000000    4.289178    4.319843    3.627985
171    171    1527260250829122461    3.223018    3.212544    3.210692    1.000000    1.000000    1.000000    4.285450    4.320165    3.650387
172    172    1527260251140322007    3.222962    3.212606    3.213372    1.000000    1.000000    1.000000    4.281900    4.321047    3.673113
173    173    1527260251451409179    3.222914    3.212634    3.214533    1.000000    1.000000    1.000000    4.278333    4.321903    3.662899
174    174    1527260251762519558    3.222865    3.212658    3.214293    1.000000    1.000000    1.000000    4.295887    4.323555    7.342076
175    175    1527260252073789937    3.222806    3.212651    3.212641    1.000000    1.000000    1.000000    4.292207    4.323473    3.650151
176    176    1527260252385161566    3.222743    3.212650    3.211596    1.000000    1.000000    1.000000    4.288565    4.322916    3.649909
177    177    1527260252696449487    3.222685    3.212573    3.212460    1.000000    1.000000    1.000000    4.284997    4.322317    3.655506
178    178    1527260253007515450    3.222640    3.212629    3.214752    1.000000    1.000000    1.000000    4.281486    4.322435    3.657999
179    179    1527260253318786288    3.222585    3.212647    3.212636    1.000000    1.000000    1.000000    4.277993    4.249142    3.654634
180    180    1527260253630184792    3.222522    3.212603    3.211319    1.000000    1.000000    1.000000    4.294891    4.322407    7.325983
181    181    1527260253941235880    3.222480    3.212641    3.214906    1.000000    1.000000    1.000000    4.291612    4.322857    3.699553
182    182    1527260254252235968    3.222442    3.212716    3.215433    1.000000    1.000000    1.000000    4.288326    4.323251    3.691523
183    183    1527260254563995554    3.222361    3.212599    3.207600    1.000000    1.000000    1.000000    4.284794    4.322398    3.641418
184    184    1527260254875482849    3.222296    3.212444    3.210404    1.000000    1.000000    1.000000    4.281347    4.321361    3.649388
185    185    1527260255186347146    3.222266    3.212564    3.216838    1.000000    1.000000    1.000000    4.297609    4.320082    7.301080
186    186    1527260255497919483    3.222198    3.212466    3.209528    1.000000    1.000000    1.000000    4.294144    4.320301    3.652256
187    187    1527260255809426278    3.222134    3.212395    3.210203    1.000000    1.000000    1.000000    4.290863    4.320924    3.679512
188    188    1527260256120298284    3.222105    3.212508    3.216758    1.000000    1.000000    1.000000    4.287498    4.320799    3.656009
189    189    1527260256431378788    3.222066    3.212528    3.214602    1.000000    1.000000    1.000000    4.284242    4.321177    3.670246
190    190    1527260256742393751    3.222030    3.212505    3.215279    1.000000    1.000000    1.000000    4.281192    4.321700    3.702803
191    191    1527260257053905380    3.221968    3.212519    3.210153    1.000000    1.000000    1.000000    4.296997    4.320891    7.304751
192    192    1527260257365189301    3.221919    3.212479    3.212501    1.000000    1.000000    1.000000    4.293605    4.319894    3.644242
193    193    1527260257676352389    3.221877    3.212506    3.213749    1.000000    1.000000    1.000000    4.290191    4.319150    3.632828
194    194    1527260257987486976    3.221836    3.212531    3.214043    1.000000    1.000000    1.000000    4.286902    4.319092    3.650427
195    195    1527260258299031563    3.221775    3.212486    3.209813    1.000000    1.000000    1.000000    4.283647    4.318925    3.651355
196    196    1527260258610740316    3.221705    3.212404    3.208123    1.000000    1.000000    1.000000    4.280442    4.245772    3.654941
197    197    1527260258922564069    3.221630    3.212288    3.206940    1.000000    1.000000    1.000000    4.295961    4.319248    7.339095
198    198    1527260259233874740    3.221583    3.212301    3.212225    1.000000    1.000000    1.000000    4.292946    4.319634    3.697792
199    199    1527260259545162577    3.221537    3.212219    3.212461    1.000000    1.000000    1.000000    4.289735    4.318453    3.652578
200    200    1527260259860414822    3.221287    3.211370    3.172063    1.000000    1.000000    1.000000    4.286275    4.316101    3.604818
201    201    1527260260174812526    3.221084    3.210685    3.180685    1.000000    1.000000    1.000000    4.282952    4.314724    3.623493
202    202    1527260260488975856    3.220894    3.209966    3.183058    1.000000    1.000000    1.000000    4.297599    4.313613    7.221473
203    203    1527260260803288144    3.220699    3.209327    3.181549    1.000000    1.000000    1.000000    4.294249    4.313012    3.622420
204    204    1527260261117721516    3.220499    3.208667    3.180324    1.000000    1.000000    1.000000    4.290964    4.312435    3.629271
205    205    1527260261432234595    3.220298    3.207990    3.179518    1.000000    1.000000    1.000000    4.287754    4.311657    3.637963
206    206    1527260261746648966    3.220103    3.207351    3.180516    1.000000    1.000000    1.000000    4.284398    4.310174    3.601613
207    207    1527260262061427045    3.219893    3.206715    3.176841    1.000000    1.000000    1.000000    4.298557    4.307905    7.190065
208    208    1527260262375753125    3.219706    3.206129    3.181410    1.000000    1.000000    1.000000    4.295230    4.306151    3.611479
209    209    1527260262690384537    3.219507    3.205495    3.178322    1.000000    1.000000    1.000000    4.291929    4.304744    3.611063
210    210    1527260263005226241    3.219299    3.204828    3.176199    1.000000    1.000000    1.000000    4.288635    4.303808    3.606038
211    211    1527260263319603112    3.219115    3.204184    3.180896    1.000000    1.000000    1.000000    4.285485    4.303341    3.628775
212    212    1527260263634176566    3.218924    3.203508    3.178908    1.000000    1.000000    1.000000    4.299698    4.376433    7.275223
213    213    1527260263948376396    3.218753    3.202934    3.182688    1.000000    1.000000    1.000000    4.296566    4.303359    3.637042
214    214    1527260264262450393    3.218589    3.202391    3.183963    1.000000    1.000000    1.000000    4.293344    4.302537    3.611225
215    215    1527260264576975389    3.218406    3.201702    3.179398    1.000000    1.000000    1.000000    4.290127    4.301182    3.606992
216    216    1527260264891537802    3.218222    3.201100    3.179019    1.000000    1.000000    1.000000    4.286831    4.299289    3.583556
217    217    1527260265206687629    3.218012    3.200350    3.173094    1.000000    1.000000    1.000000    4.283660    4.298187    3.605092
218    218    1527260265521312333    3.217829    3.199727    3.178390    1.000000    1.000000    1.000000    4.297228    4.370338    7.218696
219    219    1527260265835889204    3.217650    3.199064    3.178873    1.000000    1.000000    1.000000    4.294185    4.297909    3.635843
220    220    1527260266150295117    3.217480    3.198438    3.180602    1.000000    1.000000    1.000000    4.291084    4.297550    3.616675
221    221    1527260266464873613    3.217304    3.197800    3.178857    1.000000    1.000000    1.000000    4.287887    4.296203    3.589873
222    222    1527260266779481567    3.217128    3.197103    3.178559    1.000000    1.000000    1.000000    4.284800    4.294753    3.607782
223    223    1527260267093894855    3.216963    3.196423    3.180527    1.000000    1.000000    1.000000    4.298074    4.366206    7.224421
224    224    1527260267407990977    3.216814    3.195813    3.183739    1.000000    1.000000    1.000000    4.295018    4.292001    3.617603
225    225    1527260267722605848    3.216642    3.195130    3.178489    1.000000    1.000000    1.000000    4.292002    4.291288    3.621498
226    226    1527260268036602053    3.216500    3.194594    3.184752    1.000000    1.000000    1.000000    4.289091    4.290938    3.637827
227    227    1527260268350860133    3.216348    3.193988    3.182098    1.000000    1.000000    1.000000    4.286257    4.290703    3.649774
228    228    1527260268665335129    3.216187    3.193293    3.179903    1.000000    1.000000    1.000000    4.299151    4.361814    7.205517
229    229    1527260268979684042    3.216033    3.192665    3.181178    1.000000    1.000000    1.000000    4.296083    4.360604    3.601256
230    230    1527260269293708331    3.215895    3.192130    3.184467    1.000000    1.000000    1.000000    4.293083    4.286598    3.609784
231    231    1527260269607812703    3.215754    3.191508    3.183655    1.000000    1.000000    1.000000    4.290077    4.284544    3.602793
232    232    1527260269922513116    3.215589    3.190754    3.177625    1.000000    1.000000    1.000000    4.287088    4.282602    3.601800
233    233    1527260270237059320    3.215431    3.190187    3.179183    1.000000    1.000000    1.000000    4.299874    4.354814    7.245241
234    234    1527260270551430316    3.215283    3.189600    3.180955    1.000000    1.000000    1.000000    4.297062    4.354619    3.646179
235    235    1527260270865788188    3.215137    3.188889    3.181088    1.000000    1.000000    1.000000    4.294159    4.281455    3.619079
236    236    1527260271180021726    3.214997    3.188348    3.182347    1.000000    1.000000    1.000000    4.291190    4.280258    3.597843
237    237    1527260271494531555    3.214846    3.187737    3.179551    1.000000    1.000000    1.000000    4.288250    4.278528    3.598978
238    238    1527260271808619427    3.214715    3.187084    3.183822    1.000000    1.000000    1.000000    4.285354    4.277336    3.602836
239    239    1527260272122538883    3.214593    3.186507    3.185530    1.000000    1.000000    1.000000    4.297725    4.348396    7.227618
240    240    1527260272436923754    3.214451    3.185823    3.180815    1.000000    1.000000    1.000000    4.294860    4.346486    3.614401
241    241    1527260272751470500    3.214304    3.185207    3.179178    1.000000    1.000000    1.000000    4.292098    4.273501    3.633880
242    242    1527260273066044371    3.214156    3.184540    3.178904    1.000000    1.000000    1.000000    4.289276    4.272758    3.613711
243    243    1527260273380329493    3.214022    3.183907    3.181824    1.000000    1.000000    1.000000    4.286378    4.271760    3.589311
244    244    1527260273695120113    3.213868    3.183166    3.176715    1.000000    1.000000    1.000000    4.298319    4.342311    7.178057
245    245    1527260274009444443    3.213735    3.182603    3.181427    1.000000    1.000000    1.000000    4.295454    4.341173    3.600577
246    246    1527260274323682814    3.213607    3.182090    3.182298    1.000000    1.000000    1.000000    4.292673    4.340271    3.615364
247    247    1527260274637863103    3.213482    3.181613    3.182886    1.000000    1.000000    1.000000    4.290050    4.266933    3.648227
248    248    1527260274952641723    3.213333    3.180911    3.176836    1.000000    1.000000    1.000000    4.287396    4.265585    3.636756
249    249    1527260275267047136    3.213200    3.180280    3.180607    1.000000    1.000000    1.000000    4.299472    4.337921    7.275810
250    250    1527260275581611757    3.213063    3.180419    3.178997    1.000000    1.000000    1.000000    4.296595    4.337554    3.584895
251    251    1527260275895860212    3.212939    3.180449    3.182195    1.000000    1.000000    1.000000    4.293888    4.337512    3.621071
252    252    1527260276210753207    3.212790    3.180302    3.175682    1.000000    1.000000    1.000000    4.291160    4.265347    3.611760
253    253    1527260276525323161    3.212655    3.180250    3.178943    1.000000    1.000000    1.000000    4.288401    4.264841    3.597667
254    254    1527260276839464825    3.212539    3.180309    3.183277    1.000000    1.000000    1.000000    4.300015    4.336659    7.222942
255    255    1527260277153674738    3.212421    3.180370    3.182586    1.000000    1.000000    1.000000    4.297469    4.336997    3.654200
256    256    1527260277468310109    3.212287    3.180326    3.178282    1.000000    1.000000    1.000000    4.294935    4.338022    3.653311
257    257    1527260277782842855    3.212158    3.180375    3.179319    1.000000    1.000000    1.000000    4.292248    4.266325    3.608642
258    258    1527260278097179643    3.212037    3.180373    3.181301    1.000000    1.000000    1.000000    4.289503    4.265860    3.588231
259    259    1527260278410897183    3.211943    3.180558    3.187581    1.000000    1.000000    1.000000    4.286857    4.265808    3.606572
260    260    1527260278725952052    3.211796    3.180515    3.174050    1.000000    1.000000    1.000000    4.298114    4.337633    7.190446
261    261    1527260279040122382    3.211685    3.180556    3.182987    1.000000    1.000000    1.000000    4.295491    4.337411    3.617175
262    262    1527260279353980380    3.211587    3.180701    3.186154    1.000000    1.000000    1.000000    4.292996    4.264785    3.644393
263    263    1527260279668568459    3.211461    3.180623    3.178760    1.000000    1.000000    1.000000    4.290482    4.264752    3.636171
264    264    1527260279982765706    3.211352    3.180598    3.182714    1.000000    1.000000    1.000000    4.287632    4.263359    3.541823
265    265    1527260280297324952    3.211229    3.180591    3.179051    1.000000    1.000000    1.000000    4.298089    4.332082    7.041510
266    266    1527260280611543324    3.211121    3.180661    3.182500    1.000000    1.000000    1.000000    4.295210    4.331151    3.536197
267    267    1527260280926100361    3.211000    3.180780    3.179074    1.000000    1.000000    1.000000    4.292312    4.329598    3.526079
268    268    1527260281240487316    3.210886    3.180829    3.180794    1.000000    1.000000    1.000000    4.289420    4.255615    3.521778
269    269    1527260281554824520    3.210776    3.180877    3.181297    1.000000    1.000000    1.000000    4.286599    4.253600    3.534621
270    270    1527260281868866059    3.210677    3.180951    3.184292    1.000000    1.000000    1.000000    4.297078    4.323273    7.103248
271    271    1527260282182944390    3.210578    3.181052    3.183919    1.000000    1.000000    1.000000    4.294312    4.322516    3.550828
272    272    1527260282496999720    3.210480    3.181164    3.184152    1.000000    1.000000    1.000000    4.291491    4.321000    3.530655
273    273    1527260282811458425    3.210368    3.181155    3.180068    1.000000    1.000000    1.000000    4.288642    4.246859    3.518227
274    274    1527260283125900629    3.210258    3.181084    3.180235    1.000000    1.000000    1.000000    4.285837    4.244984    3.524562
275    275    1527260283440380500    3.210147    3.181112    3.179854    1.000000    1.000000    1.000000    4.295908    4.313369    7.039134
276    276    1527260283754815163    3.210038    3.181023    3.180311    1.000000    1.000000    1.000000    4.293147    4.311357    3.538169
277    277    1527260284069183034    3.209932    3.181001    3.180987    1.000000    1.000000    1.000000    4.290494    4.309599    3.562129
278    278    1527260284383647697    3.209824    3.181003    3.180008    1.000000    1.000000    1.000000    4.287869    4.236767    3.565116
279    279    1527260284698012027    3.209720    3.181000    3.181022    1.000000    1.000000    1.000000    4.285034    4.234765    3.501202
280    280    1527260285012506315    3.209613    3.180905    3.179708    1.000000    1.000000    1.000000    4.282256    4.232782    3.511612
281    281    1527260285326708561    3.209516    3.180885    3.182663    1.000000    1.000000    1.000000    4.292153    4.301682    7.049918
282    282    1527260285641050224    3.209415    3.180958    3.181252    1.000000    1.000000    1.000000    4.289423    4.300189    3.526348
283    283    1527260285955237638    3.209321    3.181030    3.182814    1.000000    1.000000    1.000000    4.286738    4.225923    3.533187
284    284    1527260286269569134    3.209222    3.181038    3.181355    1.000000    1.000000    1.000000    4.284145    4.224082    3.554047
285    285    1527260286583784589    3.209128    3.181067    3.182530    1.000000    1.000000    1.000000    4.281575    4.222812    3.555306
286    286    1527260286898332252    3.209023    3.181004    3.179168    1.000000    1.000000    1.000000    4.291408    4.292429    7.077277
287    287    1527260287212478291    3.208932    3.181077    3.183233    1.000000    1.000000    1.000000    4.288710    4.290876    3.520512
288    288    1527260287526755037    3.208838    3.181039    3.181909    1.000000    1.000000    1.000000    4.286005    4.289082    3.513531
289    289    1527260287841013950    3.208745    3.180970    3.182090    1.000000    1.000000    1.000000    4.283337    4.214997    3.518876
290    290    1527260288155112281    3.208658    3.181028    3.183716    1.000000    1.000000    1.000000    4.280686    4.213077    3.517755
291    291    1527260288469633693    3.208557    3.181033    3.179434    1.000000    1.000000    1.000000    4.290342    4.281931    7.074822
292    292    1527260288784057065    3.208460    3.181064    3.180425    1.000000    1.000000    1.000000    4.287811    4.280766    3.555140
293    293    1527260289098222312    3.208373    3.181088    3.183038    1.000000    1.000000    1.000000    4.285236    4.279721    3.536769
294    294    1527260289412605683    3.208279    3.181170    3.180830    1.000000    1.000000    1.000000    4.282553    4.206088    3.500570
295    295    1527260289727233804    3.208177    3.181109    3.178355    1.000000    1.000000    1.000000    4.279971    4.204570    3.525321
296    296    1527260290041795091    3.208078    3.181044    3.179031    1.000000    1.000000    1.000000    4.289309    4.272861    7.028328
297    297    1527260290355858130    3.207997    3.181067    3.184074    1.000000    1.000000    1.000000    4.286738    4.270476    3.528648
298    298    1527260290670860333    3.207884    3.181022    3.174581    1.000000    1.000000    1.000000    4.284151    4.268154    3.521325
299    299    1527260290985919119    3.207770    3.180890    3.174011    1.000000    1.000000    1.000000    4.281682    4.193629    3.551410
300    300    1527260291303072275    3.207585    3.180366    3.153051    1.000000    1.000000    1.000000    4.279064    4.191955    3.506874
301    301    1527260291619804224    3.207416    3.179864    3.157244    1.000000    1.000000    1.000000    4.288120    4.259352    6.971403
302    302    1527260291935831341    3.207271    3.179634    3.164285    1.000000    1.000000    1.000000    4.285453    4.256871    3.490675
303    303    1527260292252319499    3.207112    3.179246    3.159676    1.000000    1.000000    1.000000    4.282780    4.254522    3.484933
304    304    1527260292568440157    3.206967    3.178847    3.163349    1.000000    1.000000    1.000000    4.280132    4.179793    3.486128
305    305    1527260292884405483    3.206828    3.178492    3.164904    1.000000    1.000000    1.000000    4.277577    4.176810    3.508610
306    306    1527260293200106976    3.206698    3.178277    3.167549    1.000000    1.000000    1.000000    4.275076    4.174079    3.518982
307    307    1527260293516324884    3.206552    3.177936    3.162376    1.000000    1.000000    1.000000    4.284241    4.243364    7.058917
308    308    1527260293832257043    3.206417    3.177614    3.165236    1.000000    1.000000    1.000000    4.281614    4.241186    3.483055
309    309    1527260294148207952    3.206282    3.177163    3.165049    1.000000    1.000000    1.000000    4.279031    4.238782    3.491334
310    310    1527260294464149278    3.206148    3.176984    3.165145    1.000000    1.000000    1.000000    4.276462    4.164667    3.490221
311    311    1527260294779721313    3.206027    3.176701    3.168849    1.000000    1.000000    1.000000    4.273955    4.162336    3.503340
312    312    1527260295095703305    3.205893    3.176272    3.164737    1.000000    1.000000    1.000000    4.282866    4.230167    7.027141
313    313    1527260295411763464    3.205758    3.175975    3.163955    1.000000    1.000000    1.000000    4.280451    4.228072    3.534555
314    314    1527260295727836081    3.205623    3.175597    3.163830    1.000000    1.000000    1.000000    4.277998    4.227505    3.517647
315    315    1527260296043935698    3.205488    3.175286    3.163560    1.000000    1.000000    1.000000    4.275418    4.156159    3.473674
316    316    1527260296359763732    3.205363    3.174962    3.166280    1.000000    1.000000    1.000000    4.272912    4.155178    3.490428
317    317    1527260296675755350    3.205233    3.174673    3.164641    1.000000    1.000000    1.000000    4.281548    4.224506    6.984423
318    318    1527260296991576384    3.205110    3.174384    3.166350    1.000000    1.000000    1.000000    4.279113    4.224292    3.514269
319    319    1527260297307569834    3.204981    3.174050    3.164623    1.000000    1.000000    1.000000    4.276690    4.223795    3.513475
320    320    1527260297623436035    3.204858    3.173682    3.165897    1.000000    1.000000    1.000000    4.274358    4.152635    3.537352
321    321    1527260297939773527    3.204721    3.173227    3.161181    1.000000    1.000000    1.000000    4.271952    4.151728    3.509951
322    322    1527260298255699019    3.204597    3.172851    3.165303    1.000000    1.000000    1.000000    4.280321    4.220045    6.942058
323    323    1527260298572061844    3.204461    3.172467    3.160928    1.000000    1.000000    1.000000    4.277869    4.219530    3.496779
324    324    1527260298888275877    3.204329    3.172111    3.162415    1.000000    1.000000    1.000000    4.275382    4.218560    3.480086
325    325    1527260299204748952    3.204191    3.171710    3.159826    1.000000    1.000000    1.000000    4.272916    4.147518    3.482590
326    326    1527260299521007526    3.204060    3.171343    3.161970    1.000000    1.000000    1.000000    4.270498    4.146537    3.492765
327    327    1527260299837057852    3.203937    3.171004    3.164053    1.000000    1.000000    1.000000    4.279065    4.216290    7.045236
328    328    1527260300153303927    3.203808    3.170646    3.162095    1.000000    1.000000    1.000000    4.276691    4.215076    3.508246
329    329    1527260300469412710    3.203684    3.170296    3.163468    1.000000    1.000000    1.000000    4.274219    4.214399    3.471394
330    330    1527260300785035662    3.203576    3.170069    3.168337    1.000000    1.000000    1.000000    4.271857    4.214134    3.500896
331    331    1527260301100632488    3.203470    3.169788    3.168600    1.000000    1.000000    1.000000    4.269485    4.143216    3.492808
332    332    1527260301416275565    3.203362    3.169527    3.168135    1.000000    1.000000    1.000000    4.277783    4.212715    7.002317
333    333    1527260301732574640    3.203235    3.169102    3.161565    1.000000    1.000000    1.000000    4.275466    4.212241    3.514070
334    334    1527260302048713215    3.203114    3.168740    3.163170    1.000000    1.000000    1.000000    4.273211    4.211672    3.529421
335    335    1527260302364667541    3.203000    3.168391    3.165014    1.000000    1.000000    1.000000    4.270890    4.210545    3.502592
336    336    1527260302680747783    3.202882    3.168083    3.163754    1.000000    1.000000    1.000000    4.268487    4.138602    3.471153
337    337    1527260302996751900    3.202767    3.167710    3.164516    1.000000    1.000000    1.000000    4.276630    4.207947    6.987893
338    338    1527260303312837725    3.202650    3.167347    3.163698    1.000000    1.000000    1.000000    4.274283    4.207407    3.490542
339    339    1527260303629136758    3.202528    3.166938    3.161565    1.000000    1.000000    1.000000    4.271982    4.206981    3.502075
340    340    1527260303945164125    3.202414    3.166551    3.164283    1.000000    1.000000    1.000000    4.269755    4.206973    3.521549
341    341    1527260304261102368    3.202304    3.166267    3.165176    1.000000    1.000000    1.000000    4.267544    4.136154    3.522233
342    342    1527260304577208068    3.202190    3.165930    3.163499    1.000000    1.000000    1.000000    4.275680    4.205534    7.024565
343    343    1527260304893149935    3.202081    3.165573    3.165139    1.000000    1.000000    1.000000    4.273373    4.204550    3.491364
344    344    1527260305209720343    3.201954    3.165135    3.158855    1.000000    1.000000    1.000000    4.271075    4.204262    3.491018
345    345    1527260305526134126    3.201832    3.164777    3.160419    1.000000    1.000000    1.000000    4.268770    4.203354    3.483853
346    346    1527260305842334951    3.201717    3.164449    3.162547    1.000000    1.000000    1.000000    4.266478    4.132702    3.483198
347    347    1527260306158747525    3.201597    3.163978    3.160431    1.000000    1.000000    1.000000    4.274457    4.202269    7.007591
348    348    1527260306474736226    3.201490    3.163781    3.164670    1.000000    1.000000    1.000000    4.272294    4.202365    3.528227
349    349    1527260306791103884    3.201373    3.163519    3.160879    1.000000    1.000000    1.000000    4.270017    4.200989    3.485382
350    350    1527260307107058043    3.201268    3.163759    3.165016    1.000000    1.000000    1.000000    4.267790    4.200851    3.497298
351    351    1527260307422783536    3.201170    3.163960    3.167308    1.000000    1.000000    1.000000    4.265558    4.131128    3.490409
352    352    1527260307738864569    3.201063    3.163949    3.163746    1.000000    1.000000    1.000000    4.273321    4.200798    6.974066
353    353    1527260308054718104    3.200963    3.164077    3.166024    1.000000    1.000000    1.000000    4.271141    4.201327    3.509946
354    354    1527260308370777304    3.200858    3.164089    3.163964    1.000000    1.000000    1.000000    4.268995    4.201970    3.518145
355    355    1527260308686899463    3.200751    3.164057    3.163334    1.000000    1.000000    1.000000    4.266905    4.202458    3.533356
356    356    1527260309003910077    3.200619    3.163795    3.154469    1.000000    1.000000    1.000000    4.264674    4.201663    3.482193
357    357    1527260309320384902    3.200504    3.163744    3.159809    1.000000    1.000000    1.000000    4.272321    4.199875    6.967312
358    358    1527260309636532352    3.200398    3.163701    3.163081    1.000000    1.000000    1.000000    4.270100    4.199891    3.484298
359    359    1527260309952674552    3.200294    3.163662    3.163134    1.000000    1.000000    1.000000    4.267893    4.199750    3.484745
360    360    1527260310269038210    3.200183    3.163578    3.160919    1.000000    1.000000    1.000000    4.265701    4.199651    3.486232
361    361    1527260310585361202    3.200075    3.163428    3.161326    1.000000    1.000000    1.000000    4.263562    4.199574    3.501105
362    362    1527260310901316652    3.199977    3.163433    3.165003    1.000000    1.000000    1.000000    4.271310    4.199928    7.045088
363    363    1527260311217474644    3.199874    3.163414    3.162976    1.000000    1.000000    1.000000    4.269141    4.199054    3.491109
364    364    1527260311533495678    3.199776    3.163424    3.164346    1.000000    1.000000    1.000000    4.266944    4.198223    3.475930
365    365    1527260311849644086    3.199674    3.163414    3.163071    1.000000    1.000000    1.000000    4.264787    4.198481    3.486711
366    366    1527260312165901578    3.199570    3.163328    3.161980    1.000000    1.000000    1.000000    4.262639    4.198366    3.485647
367    367    1527260312482259903    3.199464    3.163255    3.160973    1.000000    1.000000    1.000000    4.270154    4.198638    6.994761
368    368    1527260312798346228    3.199366    3.163202    3.163693    1.000000    1.000000    1.000000    4.268100    4.198759    3.520918
369    369    1527260313114326470    3.199272    3.163204    3.164755    1.000000    1.000000    1.000000    4.266106    4.199255    3.538272
370    370    1527260313430491754    3.199172    3.163144    3.162903    1.000000    1.000000    1.000000    4.263988    4.198275    3.488957
371    371    1527260313746615371    3.199075    3.163187    3.163319    1.000000    1.000000    1.000000    4.261820    4.197415    3.466489
372    372    1527260314062347530    3.198989    3.163226    3.167242    1.000000    1.000000    1.000000    4.259762    4.128665    3.501876
373    373    1527260314378537772    3.198890    3.163261    3.162653    1.000000    1.000000    1.000000    4.267102    4.198231    6.974048
374    374    1527260314694541472    3.198798    3.163302    3.164520    1.000000    1.000000    1.000000    4.265016    4.198501    3.493124
375    375    1527260315010816839    3.198698    3.163342    3.161802    1.000000    1.000000    1.000000    4.263020    4.199318    3.522965
376    376    1527260315326699873    3.198610    3.163417    3.165729    1.000000    1.000000    1.000000    4.261073    4.200215    3.536822
377    377    1527260315642895657    3.198514    3.163388    3.162598    1.000000    1.000000    1.000000    4.258979    4.128889    3.478503
378    378    1527260315959378773    3.198410    3.163341    3.159726    1.000000    1.000000    1.000000    4.266151    4.197679    6.944276
379    379    1527260316275402973    3.198319    3.163357    3.164315    1.000000    1.000000    1.000000    4.264099    4.198147    3.494647
380    380    1527260316592029464    3.198213    3.163157    3.158295    1.000000    1.000000    1.000000    4.262010    4.197643    3.477928
381    381    1527260316908244247    3.198118    3.163033    3.162407    1.000000    1.000000    1.000000    4.259967    4.197568    3.490431
382    382    1527260317224352156    3.198027    3.162940    3.163477    1.000000    1.000000    1.000000    4.257966    4.127651    3.501760
383    383    1527260317540645730    3.197931    3.162941    3.161620    1.000000    1.000000    1.000000    4.265364    4.198734    7.066720
384    384    1527260317856744347    3.197841    3.162949    3.163570    1.000000    1.000000    1.000000    4.263264    4.197453    3.465267
385    385    1527260318172583382    3.197758    3.162972    3.166170    1.000000    1.000000    1.000000    4.261234    4.197160    3.487675
386    386    1527260318488518207    3.197673    3.163001    3.165210    1.000000    1.000000    1.000000    4.259248    4.197746    3.500130
387    387    1527260318804427783    3.197589    3.163020    3.165463    1.000000    1.000000    1.000000    4.257242    4.127807    3.489090
388    388    1527260319120550483    3.197500    3.163013    3.163329    1.000000    1.000000    1.000000    4.264339    4.197752    6.988201
389    389    1527260319436387101    3.197419    3.163106    3.166194    1.000000    1.000000    1.000000    4.262447    4.198409    3.533941
390    390    1527260319752423718    3.197333    3.163104    3.164190    1.000000    1.000000    1.000000    4.260554    4.198572    3.529749
391    391    1527260320068379377    3.197250    3.163100    3.165001    1.000000    1.000000    1.000000    4.258512    4.197490    3.468139
392    392    1527260320384212953    3.197170    3.163155    3.166224    1.000000    1.000000    1.000000    4.256529    4.126756    3.486833
393    393    1527260320700928985    3.197068    3.163000    3.157403    1.000000    1.000000    1.000000    4.263483    4.196265    6.962237
394    394    1527260321016969394    3.196983    3.163106    3.164152    1.000000    1.000000    1.000000    4.261507    4.196293    3.491234
395    395    1527260321333127594    3.196897    3.163157    3.162973    1.000000    1.000000    1.000000    4.259557    4.196578    3.497528
396    396    1527260321649348044    3.196809    3.163153    3.162351    1.000000    1.000000    1.000000    4.257609    4.196803    3.494505
397    397    1527260321965009912    3.196736    3.163303    3.167947    1.000000    1.000000    1.000000    4.255752    4.127118    3.524898
398    398    1527260322280893280    3.196657    3.163324    3.165725    1.000000    1.000000    1.000000    4.262683    4.196400    6.994753
399    399    1527260322596990105    3.196573    3.163378    3.163588    1.000000    1.000000    1.000000    4.260739    4.196562    3.492847
400    400    1527260322912497599    3.196505    3.163468    3.169497    1.000000    1.000000    1.000000    4.258798    4.196420    3.489217
401    401    1527260323226932803    3.196465    3.163726    3.180305    1.000000    1.000000    1.000000    4.256907    4.196717    3.502458
402    402    1527260323541290508    3.196427    3.164071    3.181090    1.000000    1.000000    1.000000    4.255058    4.127610    3.515336
403    403    1527260323855686171    3.196387    3.164363    3.180705    1.000000    1.000000    1.000000    4.262069    4.198573    7.073536
404    404    1527260324169598418    3.196361    3.164793    3.185604    1.000000    1.000000    1.000000    4.260330    4.199500    3.560180
405    405    1527260324483701415    3.196329    3.165198    3.183669    1.000000    1.000000    1.000000    4.258442    4.198860    3.496885
406    406    1527260324798216745    3.196288    3.165698    3.179495    1.000000    1.000000    1.000000    4.256558    4.199244    3.495772
407    407    1527260325112582866    3.196250    3.166120    3.181004    1.000000    1.000000    1.000000    4.254733    4.130158    3.515357
408    408    1527260325427102654    3.196209    3.166447    3.179450    1.000000    1.000000    1.000000    4.261515    4.200532    7.014109
409    409    1527260325741596608    3.196168    3.166777    3.179711    1.000000    1.000000    1.000000    4.259709    4.201407    3.524936
410    410    1527260326055790355    3.196136    3.167213    3.182750    1.000000    1.000000    1.000000    4.257946    4.202533    3.537830
411    411    1527260326370116810    3.196100    3.167613    3.181406    1.000000    1.000000    1.000000    4.256232    4.203699    3.555240
412    412    1527260326685087388    3.196048    3.167811    3.174900    1.000000    1.000000    1.000000    4.254386    4.132756    3.498851
413    413    1527260326999273510    3.196016    3.168207    3.182827    1.000000    1.000000    1.000000    4.252588    4.133272    3.513023
414    414    1527260327313824214    3.195975    3.168502    3.179138    1.000000    1.000000    1.000000    4.259271    4.203805    7.011353
415    415    1527260327627777669    3.195949    3.168943    3.185186    1.000000    1.000000    1.000000    4.257468    4.204406    3.511896
416    416    1527260327942189916    3.195912    3.169313    3.180538    1.000000    1.000000    1.000000    4.255660    4.204921    3.507274
417    417    1527260328256430371    3.195879    3.169739    3.182276    1.000000    1.000000    1.000000    4.253904    4.135420    3.524747
418    418    1527260328570855992    3.195842    3.170072    3.180402    1.000000    1.000000    1.000000    4.252174    4.135713    3.532355
419    419    1527260328884986281    3.195812    3.170444    3.183392    1.000000    1.000000    1.000000    4.258935    4.206343    7.080708
420    420    1527260329199261735    3.195779    3.170825    3.181922    1.000000    1.000000    1.000000    4.257110    4.206532    3.494139
421    421    1527260329513444107    3.195748    3.171215    3.182865    1.000000    1.000000    1.000000    4.255343    4.207576    3.514284
422    422    1527260329827945395    3.195710    3.171462    3.179637    1.000000    1.000000    1.000000    4.253564    4.207725    3.506561
423    423    1527260330141887392    3.195685    3.171915    3.185302    1.000000    1.000000    1.000000    4.251808    4.138371    3.511524
424    424    1527260330456248972    3.195651    3.172245    3.181050    1.000000    1.000000    1.000000    4.258401    4.209199    7.041023
425    425    1527260330770778843    3.195612    3.172596    3.179348    1.000000    1.000000    1.000000    4.256711    4.209659    3.542195
426    426    1527260331085425172    3.195571    3.172846    3.178172    1.000000    1.000000    1.000000    4.254998    4.209556    3.529016
427    427    1527260331400097168    3.195530    3.173152    3.177912    1.000000    1.000000    1.000000    4.253246    4.210247    3.509575
428    428    1527260331714721705    3.195490    3.173527    3.178392    1.000000    1.000000    1.000000    4.251495    4.141263    3.505906
429    429    1527260332029207909    3.195453    3.173836    3.179790    1.000000    1.000000    1.000000    4.257940    4.211484    7.009144
430    430    1527260332343262740    3.195427    3.174355    3.184157    1.000000    1.000000    1.000000    4.256205    4.212300    3.512848
431    431    1527260332657798194    3.195389    3.174693    3.179292    1.000000    1.000000    1.000000    4.254481    4.212877    3.515457
432    432    1527260332972837647    3.195340    3.174909    3.174206    1.000000    1.000000    1.000000    4.252830    4.213770    3.543982
433    433    1527260333287044811    3.195310    3.175329    3.182614    1.000000    1.000000    1.000000    4.251214    4.143305    3.554356
434    434    1527260333601535973    3.195275    3.175653    3.179740    1.000000    1.000000    1.000000    4.249598    4.145101    3.551693
435    435    1527260333915768012    3.195245    3.175978    3.182362    1.000000    1.000000    1.000000    4.255904    4.215030    6.987801
436    436    1527260334230148300    3.195212    3.176291    3.180861    1.000000    1.000000    1.000000    4.254215    4.215523    3.521296
437    437    1527260334544335463    3.195183    3.176639    3.182816    1.000000    1.000000    1.000000    4.252498    4.215919    3.504933
438    438    1527260334859090875    3.195142    3.176915    3.177070    1.000000    1.000000    1.000000    4.250801    4.146157    3.511975
439    439    1527260335173558746    3.195107    3.177191    3.179975    1.000000    1.000000    1.000000    4.249133    4.145938    3.520331
440    440    1527260335488245992    3.195068    3.177464    3.177758    1.000000    1.000000    1.000000    4.255559    4.216738    7.067417
441    441    1527260335802517155    3.195038    3.177804    3.181966    1.000000    1.000000    1.000000    4.253851    4.217528    3.503700
442    442    1527260336116472236    3.195016    3.178183    3.185169    1.000000    1.000000    1.000000    4.252175    4.218152    3.513729
443    443    1527260336430496691    3.194992    3.178727    3.184465    1.000000    1.000000    1.000000    4.250487    4.148672    3.505444
444    444    1527260336744667146    3.194965    3.179105    3.182985    1.000000    1.000000    1.000000    4.248822    4.149170    3.512253
445    445    1527260337059130726    3.194931    3.179447    3.180018    1.000000    1.000000    1.000000    4.255065    4.219682    7.020253
446    446    1527260337373543097    3.194899    3.179813    3.180536    1.000000    1.000000    1.000000    4.253434    4.220459    3.529190
447    447    1527260337687617178    3.194874    3.180134    3.183962    1.000000    1.000000    1.000000    4.251859    4.221038    3.550382
448    448    1527260338001864966    3.194846    3.180465    3.182202    1.000000    1.000000    1.000000    4.250246    4.151501    3.530450
449    449    1527260338316426128    3.194810    3.180776    3.179032    1.000000    1.000000    1.000000    4.248545    4.151474    3.488285
450    450    1527260338630844625    3.194779    3.180996    3.180474    1.000000    1.000000    1.000000    4.254701    4.222001    7.012692
451    451    1527260338945360787    3.194745    3.180980    3.179487    1.000000    1.000000    1.000000    4.253025    4.221965    3.500857
452    452    1527260339259050410    3.194729    3.181115    3.187864    1.000000    1.000000    1.000000    4.251375    4.221835    3.507279
453    453    1527260339573660864    3.194693    3.181072    3.178534    1.000000    1.000000    1.000000    4.249751    4.150702    3.517814
454    454    1527260339888456818    3.194654    3.180892    3.176661    1.000000    1.000000    1.000000    4.248124    4.149732    3.513365
455    455    1527260340202700523    3.194626    3.180864    3.182244    1.000000    1.000000    1.000000    4.246578    4.150702    3.545742
456    456    1527260340517895684    3.194578    3.180727    3.172638    1.000000    1.000000    1.000000    4.252674    4.221210    7.013578
457    457    1527260340832110514    3.194551    3.180757    3.182536    1.000000    1.000000    1.000000    4.251037    4.221021    3.505576
458    458    1527260341146594760    3.194519    3.180764    3.179810    1.000000    1.000000    1.000000    4.249392    4.150704    3.499638
459    459    1527260341461190173    3.194485    3.180744    3.178686    1.000000    1.000000    1.000000    4.247755    4.150204    3.500127
460    460    1527260341775533086    3.194456    3.180714    3.181239    1.000000    1.000000    1.000000    4.246138    4.149548    3.505331
461    461    1527260342090119748    3.194422    3.180661    3.178774    1.000000    1.000000    1.000000    4.252267    4.219755    7.063984
462    462    1527260342404356870    3.194395    3.180809    3.182310    1.000000    1.000000    1.000000    4.250754    4.220899    3.554402
463    463    1527260342719211157    3.194356    3.180674    3.176072    1.000000    1.000000    1.000000    4.249101    4.220369    3.488067
464    464    1527260343033657361    3.194325    3.180695    3.180194    1.000000    1.000000    1.000000    4.247450    4.149808    3.484806
465    465    1527260343348523273    3.194285    3.180511    3.175955    1.000000    1.000000    1.000000    4.245856    4.149707    3.508716
466    466    1527260343662690311    3.194261    3.180560    3.183020    1.000000    1.000000    1.000000    4.251801    4.219766    7.012400
467    467    1527260343977209349    3.194229    3.180504    3.179458    1.000000    1.000000    1.000000    4.250230    4.219658    3.519987
468    468    1527260344292040344    3.194191    3.180422    3.176307    1.000000    1.000000    1.000000    4.248665    4.219399    3.520317
469    469    1527260344606830089    3.194154    3.180289    3.176724    1.000000    1.000000    1.000000    4.247155    4.148686    3.542981
470    470    1527260344921173794    3.194126    3.180275    3.181231    1.000000    1.000000    1.000000    4.245576    4.148928    3.506401
471    471    1527260345235548415    3.194098    3.180236    3.180918    1.000000    1.000000    1.000000    4.251459    4.218833    7.010684
472    472    1527260345550132578    3.194065    3.180219    3.178800    1.000000    1.000000    1.000000    4.249860    4.218675    3.498835
473    473    1527260345864548408    3.194037    3.180123    3.180501    1.000000    1.000000    1.000000    4.248283    4.218536    3.505657
474    474    1527260346178910946    3.194009    3.180123    3.181041    1.000000    1.000000    1.000000    4.246695    4.147676    3.496978
475    475    1527260346492976068    3.193988    3.180217    3.184053    1.000000    1.000000    1.000000    4.245165    4.147270    3.520993
476    476    1527260346807666272    3.193954    3.180208    3.177728    1.000000    1.000000    1.000000    4.243664    4.147342    3.532668
477    477    1527260347121965518    3.193928    3.180284    3.181681    1.000000    1.000000    1.000000    4.249588    4.218422    7.064389
478    478    1527260347436570847    3.193896    3.180287    3.178586    1.000000    1.000000    1.000000    4.247986    4.218021    3.485856
479    479    1527260347751388759    3.193859    3.180220    3.176439    1.000000    1.000000    1.000000    4.246437    4.147983    3.508453
480    480    1527260348066114588    3.193825    3.180085    3.177369    1.000000    1.000000    1.000000    4.244865    4.147590    3.494572
481    481    1527260348380505209    3.193798    3.180114    3.180756    1.000000    1.000000    1.000000    4.243325    4.147397    3.505496
482    482    1527260348694773206    3.193773    3.180270    3.181998    1.000000    1.000000    1.000000    4.249122    4.217166    7.032867
483    483    1527260349009326910    3.193743    3.180200    3.179107    1.000000    1.000000    1.000000    4.247664    4.216996    3.546596
484    484    1527260349323495282    3.193721    3.180265    3.183007    1.000000    1.000000    1.000000    4.246168    4.216473    3.524804
485    485    1527260349638000986    3.193691    3.180210    3.179593    1.000000    1.000000    1.000000    4.244635    4.146840    3.504445
486    486    1527260349952294816    3.193667    3.180227    3.181736    1.000000    1.000000    1.000000    4.243095    4.146364    3.497275
487    487    1527260350266555521    3.193643    3.180212    3.182071    1.000000    1.000000    1.000000    4.248780    4.216366    7.007230
488    488    1527260350581125517    3.193613    3.180250    3.178943    1.000000    1.000000    1.000000    4.247260    4.216309    3.508720
489    489    1527260350895786471    3.193581    3.180211    3.178024    1.000000    1.000000    1.000000    4.245759    4.216203    3.515470
490    490    1527260351210079009    3.193557    3.180291    3.181749    1.000000    1.000000    1.000000    4.244273    4.145199    3.519190
491    491    1527260351524091090    3.193538    3.180343    3.184591    1.000000    1.000000    1.000000    4.242845    4.146000    3.543278
492    492    1527260351838704294    3.193508    3.180210    3.178506    1.000000    1.000000    1.000000    4.248531    4.216393    7.032814
493    493    1527260352152777541    3.193488    3.180200    3.183971    1.000000    1.000000    1.000000    4.246994    4.216116    3.491666
494    494    1527260352466830371    3.193469    3.180224    3.184178    1.000000    1.000000    1.000000    4.245521    4.216277    3.520051
495    495    1527260352781076160    3.193447    3.180268    3.182222    1.000000    1.000000    1.000000    4.244027    4.146017    3.507041
496    496    1527260353095651572    3.193417    3.180235    3.178888    1.000000    1.000000    1.000000    4.242543    4.145629    3.510090
497    497    1527260353409592528    3.193401    3.180262    3.185312    1.000000    1.000000    1.000000    4.241093    4.145072    3.522280
498    498    1527260353723866441    3.193378    3.180257    3.181938    1.000000    1.000000    1.000000    4.246798    4.215974    7.077431
499    499    1527260354038321520    3.193351    3.180278    3.180104    1.000000    1.000000    1.000000    4.245295    4.216182    3.498442
