Beat    Tag    Timestamp    Global_Rate    Window_Rate    Instant_Rate    Global_Accuracy    Window_Accuracy    Instant_Accuracy    Global_Power    Window_Power    Instant_Power
0    0    1526401787315509177    0.000000    0.000000    0.000000    1.000000    1.000000    1.000000    0.000000    0.000000    0.000000
1    1    1526401787606503024    6.872998    3.436499    3.436499    1.000000    1.000000    1.000000    1.542311    1.542311    1.542311
2    2    1526401787896231625    5.165979    3.443986    3.451506    1.000000    1.000000    1.000000    1.646279    1.646279    1.750700
3    3    1526401788185940058    4.595425    3.446569    3.451746    1.000000    1.000000    1.000000    1.691836    1.691836    1.783155
4    4    1526401788475630159    4.309895    3.447916    3.451965    1.000000    1.000000    1.000000    1.718742    1.718742    1.799589
5    5    1526401788765553134    4.137806    3.448171    3.449192    1.000000    1.000000    1.000000    1.737254    1.737254    1.811329
6    6    1526401789055422567    4.023189    3.448447    3.449829    1.000000    1.000000    1.000000    2.056595    2.056595    3.654069
7    7    1526401789345068751    3.941742    3.449024    3.452488    1.000000    1.000000    1.000000    2.027331    2.027331    1.851538
8    8    1526401789635103809    3.879988    3.448878    3.447859    1.000000    1.000000    1.000000    2.006668    2.006668    1.862075
9    9    1526401789924634535    3.832702    3.449432    3.453865    1.000000    1.000000    1.000000    1.991618    1.991618    1.871045
10    10    1526401790214612634    3.794276    3.449342    3.448536    1.000000    1.000000    1.000000    1.978345    1.978345    1.858920
11    11    1526401790504353693    3.763119    3.449526    3.451358    1.000000    1.000000    1.000000    1.969733    1.969733    1.883561
12    12    1526401790794617459    3.736590    3.449160    3.445142    1.000000    1.000000    1.000000    1.961601    1.961601    1.872270
13    13    1526401791084446184    3.714575    3.449248    3.450314    1.000000    1.000000    1.000000    1.954939    1.954939    1.874966
14    14    1526401791374099909    3.695864    3.449473    3.452398    1.000000    1.000000    1.000000    1.949468    1.949468    1.878281
15    15    1526401791664430466    3.679073    3.449131    3.444350    1.000000    1.000000    1.000000    1.944475    1.944475    1.874667
16    16    1526401791954332733    3.664722    3.449151    3.449438    1.000000    1.000000    1.000000    2.058744    2.058744    3.772930
17    17    1526401792244554457    3.651823    3.448944    3.445641    1.000000    1.000000    1.000000    2.048855    2.048855    1.890803
18    18    1526401792534584432    3.640492    3.448887    3.447919    1.000000    1.000000    1.000000    2.040753    2.040753    1.903058
19    19    1526401792824883697    3.630176    3.448668    3.444721    1.000000    1.000000    1.000000    2.032981    2.032981    1.893246
20    20    1526401793114566964    3.621278    3.448836    3.452046    1.000000    1.000000    1.000000    2.026600    2.026600    1.905253
21    21    1526401793404414648    3.613129    3.448896    3.450088    1.000000    1.000000    1.000000    2.020435    2.020435    1.897090
22    22    1526401793694699163    3.605473    3.448714    3.444896    1.000000    1.000000    1.000000    2.014140    2.014140    1.882085
23    23    1526401793984760846    3.598605    3.448663    3.447543    1.000000    1.000000    1.000000    2.009138    2.009138    1.899151
24    24    1526401794274665196    3.592390    3.448694    3.449414    1.000000    1.000000    1.000000    2.004490    2.004490    1.897560
25    25    1526401794564839754    3.586538    3.448594    3.446202    1.000000    1.000000    1.000000    1.999875    1.999875    1.889180
26    26    1526401794855367394    3.580969    3.448341    3.442013    1.000000    1.000000    1.000000    2.068262    2.068262    3.774694
27    27    1526401795145501868    3.575993    3.448279    3.446678    1.000000    1.000000    1.000000    2.062087    2.062087    1.901594
28    28    1526401795435468343    3.571447    3.448293    3.448675    1.000000    1.000000    1.000000    2.056353    2.056353    1.901516
29    29    1526401795725821025    3.567050    3.448148    3.444087    1.000000    1.000000    1.000000    2.050842    2.050842    1.896738
30    30    1526401796015537959    3.563207    3.448264    3.451645    1.000000    1.000000    1.000000    2.045829    2.045829    1.900300
31    31    1526401796305144476    3.559655    3.448416    3.452961    1.000000    1.000000    1.000000    2.040781    2.040781    1.889139
32    32    1526401796595039659    3.556214    3.448451    3.449523    1.000000    1.000000    1.000000    2.036305    2.036305    1.897482
33    33    1526401796884963676    3.552972    3.448472    3.449180    1.000000    1.000000    1.000000    2.032088    2.032088    1.897125
34    34    1526401797174729526    3.549976    3.448549    3.451062    1.000000    1.000000    1.000000    2.028347    2.028347    1.904797
35    35    1526401797464665543    3.547093    3.448562    3.449037    1.000000    1.000000    1.000000    2.024603    2.024603    1.897294
36    36    1526401797754851100    3.544285    3.448493    3.446071    1.000000    1.000000    1.000000    2.073738    2.073738    3.792215
37    37    1526401798044574909    3.541781    3.448576    3.451563    1.000000    1.000000    1.000000    2.069062    2.069062    1.900596
38    38    1526401798334340301    3.539395    3.448642    3.451068    1.000000    1.000000    1.000000    2.064423    2.064423    1.892655
39    39    1526401798624161526    3.537115    3.448687    3.450403    1.000000    1.000000    1.000000    2.060012    2.060012    1.892280
40    40    1526401798914262917    3.534863    3.448647    3.447071    1.000000    1.000000    1.000000    2.055969    2.055969    1.898378
41    41    1526401799204318100    3.532734    3.448621    3.447620    1.000000    1.000000    1.000000    2.052439    2.052439    1.911295
42    42    1526401799494413033    3.530695    3.448586    3.447147    1.000000    1.000000    1.000000    2.048984    2.048984    1.907389
43    43    1526401799784866881    3.528650    3.448454    3.442888    1.000000    1.000000    1.000000    2.045651    2.045651    1.905879
44    44    1526401800074694231    3.526871    3.448496    3.450330    1.000000    1.000000    1.000000    2.042568    2.042568    1.909941
45    45    1526401800364780289    3.525101    3.448468    3.447253    1.000000    1.000000    1.000000    2.039248    2.039248    1.893197
46    46    1526401800655032055    3.523364    3.448399    3.445285    1.000000    1.000000    1.000000    2.036009    2.036009    1.890407
47    47    1526401800944844446    3.521815    3.448444    3.450508    1.000000    1.000000    1.000000    2.073385    2.073385    3.793716
48    48    1526401801234613172    3.520342    3.448498    3.451028    1.000000    1.000000    1.000000    2.069550    2.069550    1.889169
49    49    1526401801524586146    3.518877    3.448500    3.448597    1.000000    1.000000    1.000000    2.065787    2.065787    1.885165
50    50    1526401801814836079    3.517405    3.448436    3.445307    1.000000    1.000000    1.000000    2.062414    2.062414    1.897303
51    51    1526401802104983345    3.516014    3.448637    3.446526    1.000000    1.000000    1.000000    2.059207    2.069581    1.898925
52    52    1526401802394612237    3.514798    3.448661    3.452694    1.000000    1.000000    1.000000    2.055959    2.072369    1.890136
53    53    1526401802684768586    3.513507    3.448555    3.446418    1.000000    1.000000    1.000000    2.052782    2.074451    1.887675
54    54    1526401802974714103    3.512311    3.448494    3.448924    1.000000    1.000000    1.000000    2.049793    2.076281    1.891342
55    55    1526401803264548578    3.511183    3.448515    3.450245    1.000000    1.000000    1.000000    2.046955    2.077928    1.893605
56    56    1526401803554460136    3.510079    3.448505    3.449328    1.000000    1.000000    1.000000    2.044457    2.043000    1.907057
57    57    1526401803844513319    3.508983    3.448408    3.447644    1.000000    1.000000    1.000000    2.075183    2.081881    3.795387
58    58    1526401804134435835    3.507953    3.448435    3.449197    1.000000    1.000000    1.000000    2.072354    2.082862    1.911066
59    59    1526401804424194769    3.506991    3.448380    3.451145    1.000000    1.000000    1.000000    2.069360    2.083349    1.895586
60    60    1526401804714518035    3.505947    3.448298    3.444436    1.000000    1.000000    1.000000    2.066637    2.084290    1.906206
61    61    1526401805004251343    3.505054    3.448300    3.451450    1.000000    1.000000    1.000000    2.064240    2.085025    1.920294
62    62    1526401805294150068    3.504158    3.448387    3.449481    1.000000    1.000000    1.000000    2.061864    2.085921    1.916842
63    63    1526401805584488000    3.503206    3.448266    3.444262    1.000000    1.000000    1.000000    2.059491    2.086667    1.912564
64    64    1526401805875481222    3.502160    3.447948    3.436506    1.000000    1.000000    1.000000    2.057033    2.087137    1.902697
65    65    1526401806166596194    3.501124    3.447761    3.435069    1.000000    1.000000    1.000000    2.054791    2.087873    1.911898
66    66    1526401806456921627    3.500264    3.447660    3.444411    1.000000    1.000000    1.000000    2.052878    2.051002    1.928680
67    67    1526401806747171559    3.499443    3.447654    3.445307    1.000000    1.000000    1.000000    2.079247    2.089576    3.818192
68    68    1526401807037392075    3.498652    3.447608    3.445656    1.000000    1.000000    1.000000    2.076692    2.089625    1.905641
69    69    1526401807327232633    3.497950    3.447717    3.450173    1.000000    1.000000    1.000000    2.074387    2.090117    1.917537
70    70    1526401807617035275    3.497274    3.447689    3.450624    1.000000    1.000000    1.000000    2.071942    2.090073    1.903099
71    71    1526401807907161249    3.496563    3.447623    3.446779    1.000000    1.000000    1.000000    2.069504    2.090105    1.898889
72    72    1526401808197166641    3.495891    3.447689    3.448212    1.000000    1.000000    1.000000    2.067128    2.090437    1.898478
73    73    1526401808487091532    3.495251    3.447721    3.449169    1.000000    1.000000    1.000000    2.064964    2.090637    1.909081
74    74    1526401808777279381    3.494586    3.447654    3.446044    1.000000    1.000000    1.000000    2.062713    2.090651    1.898446
75    75    1526401809067055523    3.494004    3.447749    3.450940    1.000000    1.000000    1.000000    2.060557    2.090890    1.900891
76    76    1526401809357382080    3.493351    3.447797    3.444397    1.000000    1.000000    1.000000    2.058284    2.053096    1.888008
77    77    1526401809647413722    3.492761    3.447821    3.447900    1.000000    1.000000    1.000000    2.080834    2.090956    3.794596
78    78    1526401809937388238    3.492194    3.447819    3.448579    1.000000    1.000000    1.000000    2.078792    2.091356    1.921496
79    79    1526401810227179172    3.491670    3.447953    3.450764    1.000000    1.000000    1.000000    2.076491    2.091366    1.896857
80    80    1526401810517188271    3.491127    3.447884    3.448168    1.000000    1.000000    1.000000    2.074357    2.091472    1.905795
81    81    1526401810807352037    3.490573    3.447751    3.446330    1.000000    1.000000    1.000000    2.072150    2.091595    1.895678
82    82    1526401811097051138    3.490102    3.447798    3.451857    1.000000    1.000000    1.000000    2.069992    2.091548    1.895008
83    83    1526401811386910654    3.489618    3.447813    3.449947    1.000000    1.000000    1.000000    2.067926    2.091575    1.898416
84    84    1526401811677074712    3.489103    3.447718    3.446326    1.000000    1.000000    1.000000    2.065948    2.091511    1.901890
85    85    1526401811966974770    3.488636    3.447727    3.449465    1.000000    1.000000    1.000000    2.063997    2.091566    1.900017
86    86    1526401812256829203    3.488187    3.447806    3.450008    1.000000    1.000000    1.000000    2.062095    2.053713    1.900288
87    87    1526401812547014303    3.487703    3.447696    3.446076    1.000000    1.000000    1.000000    2.082178    2.091881    3.808318
88    88    1526401812836652820    3.487305    3.447726    3.452579    1.000000    1.000000    1.000000    2.080113    2.092034    1.900258
89    89    1526401813126483795    3.486889    3.447724    3.450287    1.000000    1.000000    1.000000    2.078097    2.092200    1.900587
90    90    1526401813416248604    3.486491    3.447804    3.451075    1.000000    1.000000    1.000000    2.076332    2.092618    1.919084
91    91    1526401813706319578    3.486062    3.447800    3.447432    1.000000    1.000000    1.000000    2.074554    2.092684    1.914604
92    92    1526401813995925845    3.485703    3.447916    3.452964    1.000000    1.000000    1.000000    2.072695    2.092608    1.903274
93    93    1526401814286071653    3.485281    3.447989    3.446543    1.000000    1.000000    1.000000    2.070966    2.092734    1.911956
94    94    1526401814575964045    3.484901    3.447974    3.449556    1.000000    1.000000    1.000000    2.069167    2.092570    1.901799
95    95    1526401814866053727    3.484505    3.447973    3.447210    1.000000    1.000000    1.000000    2.067327    2.092594    1.894407
96    96    1526401815155965411    3.484138    3.448054    3.449326    1.000000    1.000000    1.000000    2.065558    2.092740    1.897457
97    97    1526401815445938177    3.483772    3.448016    3.448600    1.000000    1.000000    1.000000    2.083414    2.092840    3.797767
98    98    1526401815736070443    3.483394    3.447929    3.446704    1.000000    1.000000    1.000000    2.081571    2.093109    1.902873
99    99    1526401816025823502    3.483069    3.447982    3.451215    1.000000    1.000000    1.000000    2.079793    2.093518    1.905450
100    100    1526401816325470119    3.481563    3.445749    3.337264    1.000000    1.000000    1.000000    2.077305    2.092184    1.838893
101    101    1526401816623931613    3.480228    3.443775    3.350516    1.000000    1.000000    1.000000    2.074914    2.090915    1.842546
102    102    1526401816921857610    3.478984    3.441809    3.356538    1.000000    1.000000    1.000000    2.072558    2.089787    1.840726
103    103    1526401817220258063    3.477709    3.439857    3.351201    1.000000    1.000000    1.000000    2.070247    2.088713    1.840969
104    104    1526401817518794558    3.476443    3.437825    3.349674    1.000000    1.000000    1.000000    2.067964    2.087528    1.839286
105    105    1526401817817240220    3.475213    3.435791    3.350694    1.000000    1.000000    1.000000    2.083611    2.123785    3.667133
106    106    1526401818115405465    3.474038    3.433843    3.353845    1.000000    1.000000    1.000000    2.081169    2.122112    1.831387
107    107    1526401818413618461    3.472880    3.431920    3.353308    1.000000    1.000000    1.000000    2.078710    2.082712    1.824686
108    108    1526401818712366330    3.471685    3.429842    3.347304    1.000000    1.000000    1.000000    2.076344    2.080949    1.830112
109    109    1526401819010809033    3.470546    3.427800    3.350727    1.000000    1.000000    1.000000    2.074099    2.079657    1.837830
110    110    1526401819309075195    3.469448    3.425935    3.352710    1.000000    1.000000    1.000000    2.071953    2.078291    1.844004
111    111    1526401819607448232    3.468358    3.423908    3.351509    1.000000    1.000000    1.000000    2.069650    2.076202    1.822628
112    112    1526401819905448020    3.467328    3.422009    3.355707    1.000000    1.000000    1.000000    2.067498    2.074431    1.834323
113    113    1526401820203754265    3.466284    3.420145    3.352260    1.000000    1.000000    1.000000    2.082273    2.110743    3.696456
114    114    1526401820501903553    3.465276    3.418471    3.354024    1.000000    1.000000    1.000000    2.080060    2.109280    1.835923
115    115    1526401820800122423    3.464278    3.416811    3.353242    1.000000    1.000000    1.000000    2.077744    2.107311    1.819989
116    116    1526401821098353752    3.463296    3.414967    3.353102    1.000000    1.000000    1.000000    2.075603    2.105311    1.835240
117    117    1526401821396252373    3.462366    3.413183    3.356847    1.000000    1.000000    1.000000    2.073490    2.065854    1.833899
118    118    1526401821694767868    3.461389    3.411252    3.349910    1.000000    1.000000    1.000000    2.071256    2.063941    1.816177
119    119    1526401821992585156    3.460499    3.409396    3.357763    1.000000    1.000000    1.000000    2.069271    2.062290    1.840138
120    120    1526401822290711985    3.459594    3.407462    3.354277    1.000000    1.000000    1.000000    2.067368    2.061040    1.846060
121    121    1526401822589347522    3.458654    3.405488    3.348563    1.000000    1.000000    1.000000    2.080859    2.096784    3.660824
122    122    1526401822887682434    3.457759    3.403557    3.351938    1.000000    1.000000    1.000000    2.078684    2.095109    1.821520
123    123    1526401823185411555    3.456937    3.401749    3.358758    1.000000    1.000000    1.000000    2.076516    2.093154    1.817467
124    124    1526401823483817425    3.456064    3.399848    3.351141    1.000000    1.000000    1.000000    2.074344    2.091317    1.813275
125    125    1526401823782285379    3.455200    3.397840    3.350443    1.000000    1.000000    1.000000    2.072295    2.089645    1.823998
126    126    1526401824080497041    3.454374    3.396020    3.353323    1.000000    1.000000    1.000000    2.070304    2.088300    1.826914
127    127    1526401824378651245    3.453566    3.394148    3.353969    1.000000    1.000000    1.000000    2.068418    2.049596    1.835822
128    128    1526401824676785282    3.452773    3.392269    3.354196    1.000000    1.000000    1.000000    2.066590    2.047862    1.839267
129    129    1526401824975148903    3.451971    3.390297    3.351615    1.000000    1.000000    1.000000    2.079404    2.083929    3.683978
130    130    1526401825273262148    3.451205    3.388435    3.354430    1.000000    1.000000    1.000000    2.077435    2.082275    1.828758
131    131    1526401825571422394    3.450447    3.386600    3.353901    1.000000    1.000000    1.000000    2.075686    2.081312    1.853024
132    132    1526401825869593681    3.449699    3.384658    3.353777    1.000000    1.000000    1.000000    2.073887    2.080157    1.843071
133    133    1526401826167548011    3.448982    3.382804    3.356219    1.000000    1.000000    1.000000    2.072088    2.078866    1.839285
134    134    1526401826465707423    3.448258    3.380975    3.353911    1.000000    1.000000    1.000000    2.070314    2.077504    1.839117
135    135    1526401826764412501    3.447498    3.378963    3.347784    1.000000    1.000000    1.000000    2.068513    2.076035    1.832480
136    136    1526401827062697913    3.446785    3.377039    3.352494    1.000000    1.000000    1.000000    2.080547    2.111631    3.672087
137    137    1526401827360598159    3.446115    3.375280    3.356828    1.000000    1.000000    1.000000    2.078762    2.072945    1.840673
138    138    1526401827659240612    3.445393    3.373230    3.348486    1.000000    1.000000    1.000000    2.076964    2.071542    1.835831
139    139    1526401827957682149    3.444698    3.371272    3.350740    1.000000    1.000000    1.000000    2.075179    2.070101    1.833890
140    140    1526401828256112977    3.444014    3.369303    3.350860    1.000000    1.000000    1.000000    2.073458    2.068402    1.839016
141    141    1526401828554844805    3.443314    3.367338    3.347484    1.000000    1.000000    1.000000    2.071741    2.066741    1.836497
142    142    1526401828853326091    3.442646    3.365326    3.350294    1.000000    1.000000    1.000000    2.070074    2.065366    1.839676
143    143    1526401829151757295    3.441991    3.363451    3.350856    1.000000    1.000000    1.000000    2.068399    2.063741    1.835277
144    144    1526401829450309539    3.441336    3.361492    3.349498    1.000000    1.000000    1.000000    2.079724    2.099072    3.666708
145    145    1526401829748880534    3.440688    3.359577    3.349287    1.000000    1.000000    1.000000    2.078034    2.097856    1.839626
146    146    1526401830047272571    3.440064    3.357664    3.351296    1.000000    1.000000    1.000000    2.076290    2.096354    1.828212
147    147    1526401830345403816    3.439469    3.355825    3.354227    1.000000    1.000000    1.000000    2.074670    2.058161    1.842477
148    148    1526401830643852561    3.438858    3.353953    3.350659    1.000000    1.000000    1.000000    2.073030    2.056748    1.836603
149    149    1526401830942296473    3.438255    3.351999    3.350713    1.000000    1.000000    1.000000    2.071402    2.055251    1.835038
150    150    1526401831240410219    3.437686    3.352343    3.354424    1.000000    1.000000    1.000000    2.069960    2.055674    1.858925
151    151    1526401831538714839    3.437109    3.352378    3.352278    1.000000    1.000000    1.000000    2.068469    2.055805    1.848976
152    152    1526401831837214542    3.436526    3.352250    3.350087    1.000000    1.000000    1.000000    2.079218    2.092438    3.671638
153    153    1526401832135706037    3.435951    3.352229    3.350179    1.000000    1.000000    1.000000    2.077510    2.092073    1.822769
154    154    1526401832433957574    3.435402    3.352293    3.352875    1.000000    1.000000    1.000000    2.075917    2.092021    1.836467
155    155    1526401832732242278    3.434857    3.352329    3.352502    1.000000    1.000000    1.000000    2.074405    2.055579    1.845770
156    156    1526401833030434565    3.434327    3.352323    3.353541    1.000000    1.000000    1.000000    2.072830    2.055608    1.832884
157    157    1526401833328595686    3.433806    3.352335    3.353891    1.000000    1.000000    1.000000    2.071249    2.055693    1.828900
158    158    1526401833626914515    3.433280    3.352431    3.352118    1.000000    1.000000    1.000000    2.069745    2.055851    1.837692
159    159    1526401833924998552    3.432777    3.352512    3.354759    1.000000    1.000000    1.000000    2.080028    2.092628    3.677644
160    160    1526401834223263173    3.432268    3.352513    3.352728    1.000000    1.000000    1.000000    2.078483    2.092490    1.837114
161    161    1526401834521281877    3.431784    3.352592    3.355494    1.000000    1.000000    1.000000    2.077001    2.092919    1.843770
162    162    1526401834820233704    3.431238    3.352378    3.345021    1.000000    1.000000    1.000000    2.075410    2.092699    1.824150
163    163    1526401835118436449    3.430752    3.352401    3.353423    1.000000    1.000000    1.000000    2.073974    2.055675    1.845271
164    164    1526401835416670070    3.430271    3.352382    3.353076    1.000000    1.000000    1.000000    2.072407    2.055378    1.821109
165    165    1526401835715132607    3.429779    3.352328    3.350504    1.000000    1.000000    1.000000    2.070869    2.055434    1.822993
166    166    1526401836013423102    3.429305    3.352314    3.352437    1.000000    1.000000    1.000000    2.069383    2.055295    1.828312
167    167    1526401836311449515    3.428856    3.352286    3.355407    1.000000    1.000000    1.000000    2.079156    2.092103    3.676124
168    168    1526401836609688177    3.428397    3.352348    3.353019    1.000000    1.000000    1.000000    2.077700    2.092552    1.838397
169    169    1526401836907659840    3.427962    3.352313    3.356024    1.000000    1.000000    1.000000    2.076160    2.092178    1.821532
170    170    1526401837205795960    3.427521    3.352311    3.354173    1.000000    1.000000    1.000000    2.074664    2.091772    1.825747
171    171    1526401837503835498    3.427092    3.352445    3.355260    1.000000    1.000000    1.000000    2.073205    2.055103    1.828975
172    172    1526401837802254160    3.426642    3.352426    3.350997    1.000000    1.000000    1.000000    2.071845    2.055534    1.843142
173    173    1526401838100361864    3.426218    3.352341    3.354492    1.000000    1.000000    1.000000    2.070353    2.055532    1.817648
174    174    1526401838398772734    3.425780    3.352340    3.351084    1.000000    1.000000    1.000000    2.068844    2.055506    1.811998
175    175    1526401838697365895    3.425334    3.352312    3.349039    1.000000    1.000000    1.000000    2.078206    2.092659    3.679927
176    176    1526401838995769557    3.424905    3.352269    3.351165    1.000000    1.000000    1.000000    2.076823    2.092890    1.838620
177    177    1526401839293943969    3.424497    3.352264    3.353742    1.000000    1.000000    1.000000    2.075444    2.092904    1.836519
178    178    1526401839592327173    3.424080    3.352208    3.351395    1.000000    1.000000    1.000000    2.074119    2.092980    1.843314
179    179    1526401839890477793    3.423683    3.352256    3.354009    1.000000    1.000000    1.000000    2.072776    2.056042    1.837253
180    180    1526401840190478993    3.423170    3.351831    3.333320    1.000000    1.000000    1.000000    2.071428    2.056143    1.835199
181    181    1526401840490242193    3.422678    3.351472    3.335967    1.000000    1.000000    1.000000    2.070166    2.056010    1.847498
182    182    1526401840788850187    3.422266    3.351374    3.348872    1.000000    1.000000    1.000000    2.079118    2.092638    3.673378
183    183    1526401841087232224    3.421873    3.351277    3.351408    1.000000    1.000000    1.000000    2.077798    2.092668    1.841177
184    184    1526401841385261345    3.421506    3.351307    3.355377    1.000000    1.000000    1.000000    2.076468    2.092617    1.836465
185    185    1526401841683926631    3.421104    3.351316    3.348230    1.000000    1.000000    1.000000    2.075100    2.092518    1.827497
186    186    1526401841981970544    3.420745    3.351370    3.355210    1.000000    1.000000    1.000000    2.073835    2.055952    1.842980
187    187    1526401842280410289    3.420365    3.351249    3.350760    1.000000    1.000000    1.000000    2.072646    2.056231    1.854998
188    188    1526401842578898075    3.419986    3.351283    3.350221    1.000000    1.000000    1.000000    2.071317    2.056045    1.826433
189    189    1526401842877122654    3.419627    3.351332    3.353178    1.000000    1.000000    1.000000    2.069992    2.055860    1.824447
190    190    1526401843175474441    3.419265    3.351350    3.351748    1.000000    1.000000    1.000000    2.078525    2.092430    3.667674
191    191    1526401843473835645    3.418905    3.351433    3.351642    1.000000    1.000000    1.000000    2.077274    2.092568    1.843105
192    192    1526401843772267348    3.418546    3.351444    3.350850    1.000000    1.000000    1.000000    2.075961    2.092353    1.828881
193    193    1526401844070564760    3.418198    3.351474    3.352359    1.000000    1.000000    1.000000    2.074631    2.092108    1.822902
194    194    1526401844368661964    3.417865    3.351577    3.354610    1.000000    1.000000    1.000000    2.073463    2.055780    1.851054
195    195    1526401844666954709    3.417525    3.351639    3.352411    1.000000    1.000000    1.000000    2.072274    2.055889    1.844862
196    196    1526401844964749956    3.417218    3.351773    3.358012    1.000000    1.000000    1.000000    2.071068    2.056109    1.838804
197    197    1526401845262729952    3.416902    3.351807    3.355930    1.000000    1.000000    1.000000    2.069889    2.056100    1.841885
198    198    1526401845561208447    3.416561    3.351801    3.350325    1.000000    1.000000    1.000000    2.078096    2.092811    3.671383
199    199    1526401845859285651    3.416247    3.351883    3.354836    1.000000    1.000000    1.000000    2.076929    2.093092    1.848800
200    200    1526401846156181984    3.416004    3.352157    3.368179    1.000000    1.000000    1.000000    2.075843    2.093167    1.861717
201    201    1526401846451734069    3.415842    3.352775    3.383498    1.000000    1.000000    1.000000    2.074802    2.093581    1.867586
202    202    1526401846747935903    3.415644    3.353292    3.376076    1.000000    1.000000    1.000000    2.073756    2.057448    1.864982
203    203    1526401847043818738    3.415466    3.353879    3.379716    1.000000    1.000000    1.000000    2.072658    2.058069    1.851970
204    204    1526401847339337949    3.415310    3.354493    3.383875    1.000000    1.000000    1.000000    2.071598    2.058527    1.857504
205    205    1526401847635394866    3.415126    3.354995    3.377729    1.000000    1.000000    1.000000    2.070514    2.058657    1.850722
206    206    1526401847931385951    3.414947    3.355490    3.378480    1.000000    1.000000    1.000000    2.078425    2.095591    3.690594
207    207    1526401848227237994    3.414777    3.356011    3.380068    1.000000    1.000000    1.000000    2.077326    2.096093    1.852071
208    208    1526401848523113371    3.414608    3.356561    3.379801    1.000000    1.000000    1.000000    2.076243    2.096447    1.853372
209    209    1526401848819249538    3.414426    3.357000    3.376825    1.000000    1.000000    1.000000    2.075195    2.060071    1.858496
210    210    1526401849114869373    3.414275    3.357596    3.382723    1.000000    1.000000    1.000000    2.074129    2.060413    1.852379
211    211    1526401849410657292    3.414115    3.358099    3.380801    1.000000    1.000000    1.000000    2.073062    2.060573    1.850201
212    212    1526401849706563877    3.413951    3.358786    3.379445    1.000000    1.000000    1.000000    2.071997    2.061104    1.848387
213    213    1526401850002381045    3.413793    3.359325    3.380466    1.000000    1.000000    1.000000    2.071000    2.061446    1.860771
214    214    1526401850298362296    3.413628    3.359833    3.378592    1.000000    1.000000    1.000000    2.078764    2.099314    3.723256
215    215    1526401850594195923    3.413472    3.360426    3.380278    1.000000    1.000000    1.000000    2.077751    2.100139    1.861989
216    216    1526401850890080757    3.413314    3.360970    3.379693    1.000000    1.000000    1.000000    2.076663    2.100496    1.844076
217    217    1526401851186009425    3.413156    3.361444    3.379193    1.000000    1.000000    1.000000    2.075646    2.064085    1.857113
218    218    1526401851482016260    3.412996    3.361948    3.378300    1.000000    1.000000    1.000000    2.074600    2.064326    1.848799
219    219    1526401851778129469    3.412831    3.362368    3.377087    1.000000    1.000000    1.000000    2.073500    2.064629    1.835224
220    220    1526401852074007720    3.412679    3.362879    3.379769    1.000000    1.000000    1.000000    2.072475    2.065131    1.849159
221    221    1526401852369679181    3.412541    3.363415    3.382132    1.000000    1.000000    1.000000    2.071477    2.065645    1.852938
222    222    1526401852665983015    3.412370    3.363893    3.374914    1.000000    1.000000    1.000000    2.078939    2.103033    3.717093
223    223    1526401852961809683    3.412226    3.364410    3.380358    1.000000    1.000000    1.000000    2.077933    2.103834    1.855661
224    224    1526401853257839267    3.412072    3.364949    3.378041    1.000000    1.000000    1.000000    2.076965    2.104885    1.862415
225    225    1526401853554074684    3.411910    3.365483    3.375694    1.000000    1.000000    1.000000    2.075986    2.068309    1.858137
226    226    1526401853850141935    3.411757    3.366012    3.377611    1.000000    1.000000    1.000000    2.075024    2.068767    1.859777
227    227    1526401854146264936    3.411603    3.366477    3.376975    1.000000    1.000000    1.000000    2.074076    2.069289    1.861071
228    228    1526401854442208271    3.411459    3.367030    3.379025    1.000000    1.000000    1.000000    2.073167    2.069816    1.867918
229    229    1526401854738441855    3.411302    3.367465    3.375714    1.000000    1.000000    1.000000    2.072261    2.070437    1.866865
230    230    1526401855034353231    3.411163    3.368393    3.379390    1.000000    1.000000    1.000000    2.079446    2.108006    3.716515
231    231    1526401855330268316    3.411024    3.369267    3.379348    1.000000    1.000000    1.000000    2.078482    2.108283    1.858006
232    232    1526401855626352358    3.410879    3.369839    3.377419    1.000000    1.000000    1.000000    2.077524    2.071776    1.857267
233    233    1526401855922210735    3.410746    3.370413    3.379996    1.000000    1.000000    1.000000    2.076495    2.071770    1.838917
234    234    1526401856218144861    3.410610    3.370889    3.379130    1.000000    1.000000    1.000000    2.075552    2.072214    1.857045
235    235    1526401856514226404    3.410468    3.371476    3.377448    1.000000    1.000000    1.000000    2.074669    2.073088    1.869137
236    236    1526401856810316530    3.410327    3.371920    3.377350    1.000000    1.000000    1.000000    2.073770    2.073533    1.863764
237    237    1526401857106023823    3.410206    3.372542    3.381722    1.000000    1.000000    1.000000    2.072836    2.073540    1.853299
238    238    1526401857402160366    3.410064    3.373077    3.376821    1.000000    1.000000    1.000000    2.071902    2.074086    1.851808
239    239    1526401857698698199    3.409905    3.373461    3.372251    1.000000    1.000000    1.000000    2.078754    2.111601    3.698142
240    240    1526401857994575825    3.409779    3.374024    3.379776    1.000000    1.000000    1.000000    2.077820    2.075165    1.855757
241    241    1526401858290581743    3.409648    3.374560    3.378311    1.000000    1.000000    1.000000    2.076887    2.075418    1.853916
242    242    1526401858586682661    3.409513    3.375091    3.377227    1.000000    1.000000    1.000000    2.075942    2.075867    1.849417
243    243    1526401858872381438    3.409875    3.377964    3.500190    1.000000    1.000000    1.000000    2.075319    2.077957    1.920029
244    244    1526401859152811729    3.410484    3.382000    3.565949    1.000000    1.000000    1.000000    2.074903    2.080458    1.968628
245    245    1526401859433339061    3.411084    3.386069    3.564715    1.000000    1.000000    1.000000    2.074598    2.083625    1.996615
246    246    1526401859713729101    3.411686    3.390065    3.566460    1.000000    1.000000    1.000000    2.074315    2.087006    2.001462
247    247    1526401859994105184    3.412284    3.394116    3.566638    1.000000    1.000000    1.000000    2.074098    2.090652    2.018061
248    248    1526401860274436433    3.412879    3.398303    3.567208    1.000000    1.000000    1.000000    2.073865    2.057115    2.013493
249    249    1526401860554652724    3.413475    3.402433    3.568672    1.000000    1.000000    1.000000    2.073590    2.060289    2.001989
250    250    1526401860835249556    3.414049    3.406211    3.563832    1.000000    1.000000    1.000000    2.073267    2.062941    1.988943
251    251    1526401861115796429    3.414621    3.409696    3.564467    1.000000    1.000000    1.000000    2.080647    2.104216    4.014570
252    252    1526401861395964970    3.415206    3.413429    3.569280    1.000000    1.000000    1.000000    2.080346    2.107084    2.001210
253    253    1526401861676733843    3.415759    3.416954    3.561648    1.000000    1.000000    1.000000    2.080036    2.110151    1.998113
254    254    1526401861956954509    3.416333    3.420530    3.568616    1.000000    1.000000    1.000000    2.079735    2.113149    2.000077
255    255    1526401862237276384    3.416898    3.424216    3.567328    1.000000    1.000000    1.000000    2.079465    2.116441    2.007460
256    256    1526401862517927799    3.417443    3.427817    3.563139    1.000000    1.000000    1.000000    2.079164    2.082235    1.998803
257    257    1526401862799117462    3.417961    3.431266    3.556318    1.000000    1.000000    1.000000    2.078848    2.085210    1.994266
258    258    1526401863079686836    3.418502    3.434875    3.564181    1.000000    1.000000    1.000000    2.078562    2.088315    2.001794
259    259    1526401863360116876    3.419046    3.438585    3.565952    1.000000    1.000000    1.000000    2.078264    2.091244    1.997521
260    260    1526401863640928666    3.419568    3.442090    3.561104    1.000000    1.000000    1.000000    2.077973    2.094328    1.999318
261    261    1526401863921798747    3.420085    3.445628    3.560365    1.000000    1.000000    1.000000    2.077635    2.097201    1.985640
262    262    1526401864202076663    3.420624    3.449343    3.567887    1.000000    1.000000    1.000000    2.077380    2.100553    2.007914
263    263    1526401864482293537    3.421161    3.453060    3.568664    1.000000    1.000000    1.000000    2.077085    2.103429    1.996025
264    264    1526401864762966536    3.421675    3.456714    3.562865    1.000000    1.000000    1.000000    2.076680    2.067603    1.965291
265    265    1526401865043301285    3.422199    3.460422    3.567164    1.000000    1.000000    1.000000    2.076229    2.069565    1.951745
266    266    1526401865323385993    3.422731    3.464210    3.570348    1.000000    1.000000    1.000000    2.075780    2.071890    1.951145
267    267    1526401865604306657    3.423223    3.467816    3.559724    1.000000    1.000000    1.000000    2.082278    2.111655    3.886603
268    268    1526401865884385323    3.423748    3.471651    3.570425    1.000000    1.000000    1.000000    2.081803    2.113894    1.948988
269    269    1526401866164645364    3.424261    3.475477    3.568115    1.000000    1.000000    1.000000    2.081340    2.116467    1.951530
270    270    1526401866444979530    3.424767    3.479236    3.567171    1.000000    1.000000    1.000000    2.080866    2.118678    1.947679
271    271    1526401866725900486    3.425244    3.482811    3.559720    1.000000    1.000000    1.000000    2.080381    2.120727    1.943728
272    272    1526401867006261652    3.425743    3.486683    3.566828    1.000000    1.000000    1.000000    2.079920    2.084392    1.949332
273    273    1526401867286560276    3.426240    3.490462    3.567624    1.000000    1.000000    1.000000    2.079465    2.086486    1.949992
274    274    1526401867567296233    3.426715    3.494193    3.562066    1.000000    1.000000    1.000000    2.078993    2.088338    1.944628
275    275    1526401867849257853    3.427135    3.497682    3.546582    1.000000    1.000000    1.000000    2.078497    2.090132    1.937427
276    276    1526401868131175889    3.427553    3.501147    3.547130    1.000000    1.000000    1.000000    2.078009    2.091912    1.938418
277    277    1526401868412113845    3.428010    3.504874    3.559505    1.000000    1.000000    1.000000    2.077578    2.093980    1.953577
278    278    1526401868692521511    3.428487    3.508695    3.566236    1.000000    1.000000    1.000000    2.077178    2.096069    1.961541
279    279    1526401868973280717    3.428945    3.512509    3.561771    1.000000    1.000000    1.000000    2.076734    2.097920    1.948111
280    280    1526401869253309884    3.429431    3.516432    3.571057    1.000000    1.000000    1.000000    2.076297    2.061299    1.948804
281    281    1526401869533868924    3.429891    3.520234    3.564312    1.000000    1.000000    1.000000    2.075863    2.063322    1.949319
282    282    1526401869814581547    3.430342    3.524048    3.562362    1.000000    1.000000    1.000000    2.082052    2.103857    3.894766
283    283    1526401870094767505    3.430811    3.527945    3.569058    1.000000    1.000000    1.000000    2.081597    2.106297    1.947489
284    284    1526401870374894005    3.431280    3.531884    3.569816    1.000000    1.000000    1.000000    2.081151    2.108399    1.949244
285    285    1526401870655509920    3.431725    3.535747    3.563590    1.000000    1.000000    1.000000    2.080691    2.110157    1.944548
286    286    1526401870936389584    3.432157    3.539554    3.560244    1.000000    1.000000    1.000000    2.080230    2.112007    1.943419
287    287    1526401871216880791    3.432602    3.543371    3.565174    1.000000    1.000000    1.000000    2.079770    2.114061    1.942621
288    288    1526401871497418498    3.433042    3.547292    3.564583    1.000000    1.000000    1.000000    2.079319    2.116195    1.944437
289    289    1526401871777774122    3.433486    3.551370    3.566898    1.000000    1.000000    1.000000    2.078880    2.079512    1.947302
290    290    1526401872058116246    3.433928    3.555292    3.567070    1.000000    1.000000    1.000000    2.078447    2.081597    1.947945
291    291    1526401872338212288    3.434377    3.559319    3.570204    1.000000    1.000000    1.000000    2.078024    2.083773    1.950110
292    292    1526401872618771620    3.434804    3.563261    3.564308    1.000000    1.000000    1.000000    2.077593    2.085982    1.946889
293    293    1526401872898863661    3.435247    3.564686    3.570255    1.000000    1.000000    1.000000    2.077181    2.086681    1.951748
294    294    1526401873179106952    3.435682    3.564733    3.568328    1.000000    1.000000    1.000000    2.076757    2.086254    1.947172
295    295    1526401873459423284    3.436110    3.564787    3.567398    1.000000    1.000000    1.000000    2.076344    2.085323    1.949979
296    296    1526401873740045658    3.436524    3.564728    3.563508    1.000000    1.000000    1.000000    2.075923    2.084222    1.946495
297    297    1526401874020250741    3.436952    3.564771    3.568815    1.000000    1.000000    1.000000    2.075508    2.082814    1.947527
298    298    1526401874300436615    3.437377    3.564808    3.569059    1.000000    1.000000    1.000000    2.075096    2.081498    1.947571
299    299    1526401874581111655    3.437781    3.564692    3.562839    1.000000    1.000000    1.000000    2.080952    2.119396    3.896032
300    300    1526401874874290372    3.437691    3.561497    3.410889    1.000000    1.000000    1.000000    2.080232    2.116704    1.865644
301    301    1526401875166770798    3.437628    3.558472    3.419032    1.000000    1.000000    1.000000    2.079419    2.072969    1.836048
302    302    1526401875459360017    3.437563    3.555329    3.417761    1.000000    1.000000    1.000000    2.078604    2.069428    1.834087
303    303    1526401875751862860    3.437500    3.552365    3.418770    1.000000    1.000000    1.000000    2.077791    2.065933    1.832775
304    304    1526401876044043787    3.437451    3.549349    3.422537    1.000000    1.000000    1.000000    2.076997    2.062486    1.836612
305    305    1526401876336022299    3.437410    3.546415    3.424910    1.000000    1.000000    1.000000    2.076205    2.058883    1.835662
306    306    1526401876628167185    3.437363    3.543526    3.422959    1.000000    1.000000    1.000000    2.075414    2.055425    1.834138
307    307    1526401876920094196    3.437324    3.540832    3.425514    1.000000    1.000000    1.000000    2.074635    2.052113    1.836315
308    308    1526401877212209332    3.437279    3.537939    3.423308    1.000000    1.000000    1.000000    2.079813    2.086520    3.668403
309    309    1526401877504318801    3.437234    3.535017    3.423374    1.000000    1.000000    1.000000    2.079015    2.083056    1.833330
310    310    1526401877796212605    3.437197    3.532250    3.425903    1.000000    1.000000    1.000000    2.078224    2.079575    1.833705
311    311    1526401878088241991    3.437156    3.529467    3.424313    1.000000    1.000000    1.000000    2.077441    2.076395    1.834976
312    312    1526401878379832670    3.437131    3.526651    3.429465    1.000000    1.000000    1.000000    2.076676    2.072855    1.838426
313    313    1526401878672239805    3.437076    3.523622    3.419889    1.000000    1.000000    1.000000    2.075887    2.069374    1.830314
314    314    1526401878964496524    3.437027    3.520747    3.421649    1.000000    1.000000    1.000000    2.075107    2.066529    1.831164
315    315    1526401879256404869    3.436991    3.517880    3.425733    1.000000    1.000000    1.000000    2.074343    2.064030    1.834624
316    316    1526401879548846462    3.436935    3.514825    3.419486    1.000000    1.000000    1.000000    2.073593    2.061600    1.837700
317    317    1526401879841603347    3.436868    3.511903    3.415804    1.000000    1.000000    1.000000    2.072844    2.020968    1.836801
318    318    1526401880134275648    3.436805    3.508799    3.416791    1.000000    1.000000    1.000000    2.077895    2.056351    3.674875
319    319    1526401880426851033    3.436746    3.505769    3.417923    1.000000    1.000000    1.000000    2.077129    2.053850    1.833992
320    320    1526401880719382043    3.436688    3.502774    3.418441    1.000000    1.000000    1.000000    2.076362    2.051392    1.832189
321    321    1526401881011861386    3.436633    3.499939    3.419045    1.000000    1.000000    1.000000    2.075595    2.048993    1.830813
322    322    1526401881304282771    3.436581    3.496988    3.419723    1.000000    1.000000    1.000000    2.074828    2.046448    1.828987
323    323    1526401881597291530    3.436507    3.493881    3.412867    1.000000    1.000000    1.000000    2.074063    2.043877    1.828601
324    324    1526401881889643249    3.436458    3.491048    3.420537    1.000000    1.000000    1.000000    2.073322    2.041549    1.834544
325    325    1526401882182212508    3.436401    3.488464    3.417994    1.000000    1.000000    1.000000    2.072572    2.039282    1.830151
326    326    1526401882474376186    3.436359    3.485972    3.422739    1.000000    1.000000    1.000000    2.071838    2.037070    1.833325
327    327    1526401882767008237    3.436300    3.483133    3.417261    1.000000    1.000000    1.000000    2.076710    2.071808    3.660980
328    328    1526401883059202623    3.436258    3.480275    3.422379    1.000000    1.000000    1.000000    2.075972    2.069139    1.834772
329    329    1526401883351375634    3.436216    3.477512    3.422630    1.000000    1.000000    1.000000    2.075232    2.066700    1.832784
330    330    1526401883644099143    3.436155    3.474445    3.416193    1.000000    1.000000    1.000000    2.074485    2.064170    1.829556
331    331    1526401883936618653    3.436102    3.471559    3.418575    1.000000    1.000000    1.000000    2.073746    2.061659    1.830391
332    332    1526401884228713373    3.436064    3.468818    3.423547    1.000000    1.000000    1.000000    2.073015    2.021290    1.831201
333    333    1526401884520968258    3.436021    3.465916    3.421671    1.000000    1.000000    1.000000    2.072314    2.019047    1.839849
334    334    1526401884812916020    3.435989    3.463078    3.425270    1.000000    1.000000    1.000000    2.071620    2.016795    1.840665
335    335    1526401885104858365    3.435957    3.460364    3.425334    1.000000    1.000000    1.000000    2.070934    2.014661    1.841771
336    336    1526401885396929792    3.435921    3.457685    3.423820    1.000000    1.000000    1.000000    2.075681    2.049375    3.664850
337    337    1526401885689272011    3.435875    3.454854    3.420649    1.000000    1.000000    1.000000    2.074950    2.047007    1.829702
338    338    1526401885981147398    3.435847    3.452149    3.426120    1.000000    1.000000    1.000000    2.074233    2.044675    1.832720
339    339    1526401886273441908    3.435803    3.449306    3.421207    1.000000    1.000000    1.000000    2.073518    2.042273    1.832125
340    340    1526401886565854918    3.435756    3.446436    3.419820    1.000000    1.000000    1.000000    2.072806    2.039857    1.831998
341    341    1526401886858131054    3.435714    3.443546    3.421422    1.000000    1.000000    1.000000    2.072099    2.037401    1.831805
342    342    1526401887150192898    3.435680    3.440820    3.423932    1.000000    1.000000    1.000000    2.071404    2.035070    1.834478
343    343    1526401887442317493    3.435643    3.437973    3.423197    1.000000    1.000000    1.000000    2.070709    2.032621    1.833252
344    344    1526401887734510587    3.435605    3.435150    3.422394    1.000000    1.000000    1.000000    2.070019    2.030270    1.833582
345    345    1526401888026544015    3.435572    3.432387    3.424266    1.000000    1.000000    1.000000    2.069334    2.027877    1.833824
346    346    1526401888318638734    3.435537    3.429686    3.423547    1.000000    1.000000    1.000000    2.073951    2.062261    3.665811
347    347    1526401888610994411    3.435494    3.426830    3.420491    1.000000    1.000000    1.000000    2.073246    2.059804    1.829696
348    348    1526401888903185089    3.435456    3.424013    3.422423    1.000000    1.000000    1.000000    2.072548    2.057373    1.830674
349    349    1526401889195270350    3.435422    3.421340    3.423658    1.000000    1.000000    1.000000    2.071881    2.017710    1.839706
350    350    1526401889487462694    3.435385    3.421571    3.422403    1.000000    1.000000    1.000000    2.071219    2.017215    1.840360
351    351    1526401889779916121    3.435339    3.421577    3.419348    1.000000    1.000000    1.000000    2.070553    2.017258    1.838200
352    352    1526401890072153506    3.435301    3.421659    3.421876    1.000000    1.000000    1.000000    2.069892    2.017337    1.837818
353    353    1526401890364160101    3.435271    3.421775    3.424580    1.000000    1.000000    1.000000    2.069223    2.017368    1.834000
354    354    1526401890656486861    3.435230    3.421741    3.420829    1.000000    1.000000    1.000000    2.068545    2.017224    1.829514
355    355    1526401890949069413    3.435181    3.421600    3.417839    1.000000    1.000000    1.000000    2.073030    2.053688    3.657255
356    356    1526401891241019132    3.435153    3.421646    3.425247    1.000000    1.000000    1.000000    2.072354    2.053653    1.832202
357    357    1526401891533287976    3.435114    3.421566    3.421507    1.000000    1.000000    1.000000    2.071693    2.053658    1.836857
358    358    1526401891825303113    3.435085    3.421589    3.424480    1.000000    1.000000    1.000000    2.071034    2.017026    1.835782
359    359    1526401892117238416    3.435058    3.421630    3.425416    1.000000    1.000000    1.000000    2.070385    2.017123    1.838085
360    360    1526401892409302343    3.435027    3.421590    3.423908    1.000000    1.000000    1.000000    2.069731    2.017145    1.834889
361    361    1526401892701299980    3.434998    3.421597    3.424685    1.000000    1.000000    1.000000    2.069081    2.017148    1.835100
362    362    1526401892993207491    3.434973    3.421523    3.425743    1.000000    1.000000    1.000000    2.068439    2.017113    1.836869
363    363    1526401893284913795    3.434954    3.421687    3.428106    1.000000    1.000000    1.000000    2.067805    2.017275    1.837982
364    364    1526401893577585846    3.434904    3.421590    3.416794    1.000000    1.000000    1.000000    2.072166    2.053720    3.651162
365    365    1526401893869680857    3.434873    3.421546    3.423544    1.000000    1.000000    1.000000    2.071500    2.053607    1.829103
366    366    1526401894161752827    3.434842    3.421633    3.423814    1.000000    1.000000    1.000000    2.070848    2.053524    1.833281
367    367    1526401894453795546    3.434813    3.421800    3.424157    1.000000    1.000000    1.000000    2.070208    2.053517    1.835923
368    368    1526401894746289973    3.434770    3.421842    3.418869    1.000000    1.000000    1.000000    2.069563    2.016631    1.833126
369    369    1526401895038331651    3.434741    3.421967    3.424169    1.000000    1.000000    1.000000    2.068938    2.016738    1.839039
370    370    1526401895330425995    3.434711    3.422069    3.423551    1.000000    1.000000    1.000000    2.068298    2.016747    1.832333
371    371    1526401895622498923    3.434681    3.422164    3.423802    1.000000    1.000000    1.000000    2.067668    2.016828    1.834627
372    372    1526401895914416643    3.434657    3.422282    3.425623    1.000000    1.000000    1.000000    2.067047    2.016988    1.836658
373    373    1526401896206414112    3.434630    3.422519    3.424687    1.000000    1.000000    1.000000    2.066425    2.017130    1.835081
374    374    1526401896498661081    3.434596    3.422544    3.421763    1.000000    1.000000    1.000000    2.070704    2.053750    3.665047
375    375    1526401896790964925    3.434560    3.422606    3.421098    1.000000    1.000000    1.000000    2.070061    2.053751    1.829996
376    376    1526401897082977395    3.434533    3.422641    3.424511    1.000000    1.000000    1.000000    2.069428    2.053728    1.832076
377    377    1526401897374796240    3.434513    3.422832    3.426783    1.000000    1.000000    1.000000    2.068801    2.017126    1.833220
378    378    1526401897667139667    3.434476    3.422797    3.420634    1.000000    1.000000    1.000000    2.068169    2.017027    1.829933
379    379    1526401897959279303    3.434446    3.422805    3.423021    1.000000    1.000000    1.000000    2.067540    2.016976    1.830210
380    380    1526401898251216397    3.434422    3.422989    3.425395    1.000000    1.000000    1.000000    2.066925    2.017067    1.833607
381    381    1526401898543476950    3.434388    3.423050    3.421604    1.000000    1.000000    1.000000    2.066297    2.017026    1.828156
382    382    1526401898835941210    3.434348    3.422963    3.419221    1.000000    1.000000    1.000000    2.065669    2.016932    1.826760
383    383    1526401899127944179    3.434323    3.423022    3.424623    1.000000    1.000000    1.000000    2.069848    2.053440    3.665922
384    384    1526401899419835983    3.434301    3.423035    3.425927    1.000000    1.000000    1.000000    2.069244    2.053386    1.837928
385    385    1526401899712205951    3.434265    3.422935    3.420324    1.000000    1.000000    1.000000    2.068640    2.053285    1.837046
386    386    1526401900004431212    3.434233    3.422899    3.422018    1.000000    1.000000    1.000000    2.068042    2.016753    1.837884
387    387    1526401900296389348    3.434209    3.422989    3.425149    1.000000    1.000000    1.000000    2.067430    2.016786    1.831084
388    388    1526401900589129066    3.434162    3.422786    3.416004    1.000000    1.000000    1.000000    2.066815    2.016709    1.829451
389    389    1526401900881108619    3.434139    3.422860    3.424897    1.000000    1.000000    1.000000    2.066214    2.016733    1.833111
390    390    1526401901173096130    3.434115    3.422960    3.424804    1.000000    1.000000    1.000000    2.065616    2.016759    1.833048
391    391    1526401901465009809    3.434093    3.423045    3.425670    1.000000    1.000000    1.000000    2.065020    2.016777    1.832453
392    392    1526401901757338277    3.434059    3.422982    3.420809    1.000000    1.000000    1.000000    2.069091    2.053287    3.658987
393    393    1526401902049334289    3.434035    3.423012    3.424704    1.000000    1.000000    1.000000    2.068491    2.053285    1.833063
394    394    1526401902341337550    3.434011    3.423057    3.424619    1.000000    1.000000    1.000000    2.067895    2.053298    1.834082
395    395    1526401902633550102    3.433981    3.423015    3.422166    1.000000    1.000000    1.000000    2.067292    2.053210    1.829559
396    396    1526401902925813863    3.433950    3.422976    3.421567    1.000000    1.000000    1.000000    2.066696    2.016528    1.831534
397    397    1526401903217897832    3.433924    3.423039    3.423673    1.000000    1.000000    1.000000    2.066108    2.016612    1.833719
398    398    1526401903510265843    3.433890    3.422998    3.420347    1.000000    1.000000    1.000000    2.065516    2.016609    1.830669
399    399    1526401903802427270    3.433862    3.422980    3.422765    1.000000    1.000000    1.000000    2.064927    2.016427    1.830652
400    400    1526401904086252052    3.434079    3.424942    3.523301    1.000000    1.000000    1.000000    2.064491    2.017406    1.885487
401    401    1526401904368833546    3.434332    3.427259    3.538802    1.000000    1.000000    1.000000    2.064093    2.018722    1.899884
402    402    1526401904651639913    3.434577    3.429476    3.535988    1.000000    1.000000    1.000000    2.063731    2.020313    1.913794
403    403    1526401904935693070    3.434785    3.431348    3.520468    1.000000    1.000000    1.000000    2.067968    2.059095    3.818247
404    404    1526401905220077559    3.434981    3.433219    3.516366    1.000000    1.000000    1.000000    2.067589    2.060809    1.910899
405    405    1526401905502664760    3.435229    3.435577    3.538731    1.000000    1.000000    1.000000    2.067241    2.026018    1.921970
406    406    1526401905785710419    3.435463    3.437680    3.532999    1.000000    1.000000    1.000000    2.066878    2.027754    1.915302
407    407    1526401906068506079    3.435703    3.439921    3.536122    1.000000    1.000000    1.000000    2.066520    2.029424    1.916295
408    408    1526401906351421446    3.435938    3.442076    3.534626    1.000000    1.000000    1.000000    2.066155    2.031050    1.913003
409    409    1526401906634394731    3.436170    3.444201    3.533903    1.000000    1.000000    1.000000    2.065793    2.032643    1.913721
410    410    1526401906917895180    3.436386    3.446234    3.527331    1.000000    1.000000    1.000000    2.065421    2.034205    1.908872
411    411    1526401907200609215    3.436624    3.448440    3.537143    1.000000    1.000000    1.000000    2.065078    2.035988    1.919990
412    412    1526401907483166458    3.436865    3.450665    3.539106    1.000000    1.000000    1.000000    2.064741    2.037769    1.921614
413    413    1526401907766070534    3.437095    3.452763    3.534767    1.000000    1.000000    1.000000    2.064387    2.039378    1.914126
414    414    1526401908048575195    3.437335    3.455189    3.539765    1.000000    1.000000    1.000000    2.064043    2.004398    1.917356
415    415    1526401908331546062    3.437561    3.457369    3.533933    1.000000    1.000000    1.000000    2.063697    2.006212    1.916137
416    416    1526401908614428180    3.437788    3.459567    3.535041    1.000000    1.000000    1.000000    2.063347    2.007890    1.913398
417    417    1526401908897494922    3.438009    3.461717    3.532736    1.000000    1.000000    1.000000    2.067463    2.047105    3.831464
418    418    1526401909180007249    3.438245    3.464111    3.539669    1.000000    1.000000    1.000000    2.067126    2.048989    1.921821
419    419    1526401909462805117    3.438472    3.466331    3.536095    1.000000    1.000000    1.000000    2.066773    2.050611    1.914901
420    420    1526401909745629235    3.438696    3.468560    3.535766    1.000000    1.000000    1.000000    2.066430    2.052433    1.918029
421    421    1526401910028330978    3.438923    3.470817    3.537297    1.000000    1.000000    1.000000    2.066085    2.054187    1.916829
422    422    1526401910311071346    3.439148    3.473029    3.536814    1.000000    1.000000    1.000000    2.065744    2.055915    1.917554
423    423    1526401910593720714    3.439375    3.475286    3.537952    1.000000    1.000000    1.000000    2.065400    2.057645    1.915837
424    424    1526401910876652456    3.439593    3.477537    3.534421    1.000000    1.000000    1.000000    2.065054    2.022150    1.914214
425    425    1526401911159161117    3.439821    3.479908    3.539714    1.000000    1.000000    1.000000    2.064720    2.024029    1.918865
426    426    1526401911441755360    3.440046    3.482191    3.538643    1.000000    1.000000    1.000000    2.064391    2.025883    1.919894
427    427    1526401911724524936    3.440265    3.484387    3.536448    1.000000    1.000000    1.000000    2.064051    2.027620    1.915210
428    428    1526401912007154680    3.440487    3.486747    3.538198    1.000000    1.000000    1.000000    2.063716    2.029453    1.916150
429    429    1526401912290150214    3.440698    3.488972    3.533625    1.000000    1.000000    1.000000    2.063382    2.031275    1.916030
430    430    1526401912573100081    3.440909    3.491161    3.534195    1.000000    1.000000    1.000000    2.063053    2.033059    1.917622
431    431    1526401912855921783    3.441123    3.493463    3.535797    1.000000    1.000000    1.000000    2.067049    2.072887    3.836845
432    432    1526401913138512109    3.441342    3.495875    3.538692    1.000000    1.000000    1.000000    2.066712    2.074839    1.916955
433    433    1526401913421334144    3.441554    3.498120    3.535792    1.000000    1.000000    1.000000    2.066368    2.039147    1.913758
434    434    1526401913704237261    3.441763    3.500322    3.534779    1.000000    1.000000    1.000000    2.066028    2.040786    1.914270
435    435    1526401913987003296    3.441974    3.502677    3.536493    1.000000    1.000000    1.000000    2.065692    2.042474    1.915379
436    436    1526401914269608998    3.442189    3.505039    3.538499    1.000000    1.000000    1.000000    2.065365    2.044214    1.918758
437    437    1526401914552381324    3.442398    3.507297    3.536414    1.000000    1.000000    1.000000    2.065026    2.045976    1.912959
438    438    1526401914835459983    3.442599    3.509676    3.532587    1.000000    1.000000    1.000000    2.064691    2.047802    1.913945
439    439    1526401915118207101    3.442807    3.511951    3.536729    1.000000    1.000000    1.000000    2.064360    2.049570    1.915149
440    440    1526401915400823094    3.443018    3.514265    3.538370    1.000000    1.000000    1.000000    2.064031    2.051345    1.915231
441    441    1526401915683578337    3.443224    3.516529    3.536628    1.000000    1.000000    1.000000    2.063704    2.053141    1.915660
442    442    1526401915966035081    3.443437    3.518971    3.540365    1.000000    1.000000    1.000000    2.063376    2.017340    1.914173
443    443    1526401916248662199    3.443645    3.521293    3.538231    1.000000    1.000000    1.000000    2.063048    2.019070    1.913875
444    444    1526401916531230734    3.443853    3.523635    3.538964    1.000000    1.000000    1.000000    2.062735    2.020903    1.919948
445    445    1526401916814184477    3.444051    3.525936    3.534147    1.000000    1.000000    1.000000    2.066598    2.060957    3.830658
446    446    1526401917096685221    3.444259    3.528364    3.539814    1.000000    1.000000    1.000000    2.066279    2.062885    1.920324
447    447    1526401917379345047    3.444462    3.530712    3.537821    1.000000    1.000000    1.000000    2.065953    2.064682    1.916105
448    448    1526401917662201998    3.444660    3.533086    3.535356    1.000000    1.000000    1.000000    2.065625    2.066520    1.914763
449    449    1526401917944959241    3.444859    3.535435    3.536603    1.000000    1.000000    1.000000    2.065302    2.068390    1.916340
450    450    1526401918227624318    3.445059    3.535725    3.537756    1.000000    1.000000    1.000000    2.064985    2.069067    1.918603
451    451    1526401918510494477    3.445254    3.535653    3.535191    1.000000    1.000000    1.000000    2.064661    2.069358    1.914624
452    452    1526401918793657386    3.445439    3.535563    3.531536    1.000000    1.000000    1.000000    2.064329    2.069287    1.910448
453    453    1526401919076229254    3.445640    3.535934    3.538923    1.000000    1.000000    1.000000    2.064020    2.031177    1.920308
454    454    1526401919358694331    3.445842    3.536414    3.540261    1.000000    1.000000    1.000000    2.063713    2.031390    1.920726
455    455    1526401919641456116    3.446036    3.536370    3.536546    1.000000    1.000000    1.000000    2.063398    2.031272    1.916115
456    456    1526401919924082859    3.446233    3.536475    3.538236    1.000000    1.000000    1.000000    2.063086    2.031310    1.917076
457    457    1526401920206577686    3.446432    3.536550    3.539888    1.000000    1.000000    1.000000    2.062776    2.031331    1.917217
458    458    1526401920489089180    3.446630    3.536651    3.539679    1.000000    1.000000    1.000000    2.062461    2.031364    1.914485
459    459    1526401920771884714    3.446819    3.536696    3.536124    1.000000    1.000000    1.000000    2.066218    2.069804    3.835322
460    460    1526401921054498208    3.447013    3.536917    3.538401    1.000000    1.000000    1.000000    2.065899    2.069938    1.915054
461    461    1526401921337347367    3.447199    3.536884    3.535453    1.000000    1.000000    1.000000    2.065591    2.069939    1.920119
462    462    1526401921620360901    3.447381    3.536769    3.533400    1.000000    1.000000    1.000000    2.065264    2.069707    1.910255
463    463    1526401921903559976    3.447557    3.536696    3.531085    1.000000    1.000000    1.000000    2.064937    2.069625    1.910197
464    464    1526401922185942679    3.447753    3.536726    3.541293    1.000000    1.000000    1.000000    2.064633    2.069672    1.919657
465    465    1526401922468739463    3.447938    3.536770    3.536108    1.000000    1.000000    1.000000    2.064320    2.069654    1.915128
466    466    1526401922752064455    3.448109    3.536659    3.529516    1.000000    1.000000    1.000000    2.064000    2.069607    1.911296
467    467    1526401923034703073    3.448296    3.536766    3.538087    1.000000    1.000000    1.000000    2.063692    2.031261    1.916136
468    468    1526401923317095900    3.448489    3.536796    3.541166    1.000000    1.000000    1.000000    2.063385    2.031141    1.915782
469    469    1526401923599989393    3.448669    3.536772    3.534899    1.000000    1.000000    1.000000    2.063076    2.031130    1.914378
470    470    1526401923882770886    3.448850    3.536783    3.536299    1.000000    1.000000    1.000000    2.062773    2.031104    1.916685
471    471    1526401924165448879    3.449033    3.536789    3.537594    1.000000    1.000000    1.000000    2.062472    2.031107    1.917001
472    472    1526401924448472621    3.449207    3.536718    3.533272    1.000000    1.000000    1.000000    2.062166    2.031042    1.914433
473    473    1526401924731630988    3.449377    3.536591    3.531593    1.000000    1.000000    1.000000    2.065813    2.069416    3.832015
474    474    1526401925014780855    3.449546    3.536536    3.531699    1.000000    1.000000    1.000000    2.065500    2.069402    1.913616
475    475    1526401925297568432    3.449724    3.536466    3.536223    1.000000    1.000000    1.000000    2.065191    2.069319    1.914886
476    476    1526401925580750840    3.449891    3.536319    3.531293    1.000000    1.000000    1.000000    2.064882    2.069195    1.914010
477    477    1526401925863628791    3.450065    3.536292    3.535093    1.000000    1.000000    1.000000    2.064578    2.069216    1.916296
478    478    1526401926146640992    3.450235    3.536196    3.533417    1.000000    1.000000    1.000000    2.064270    2.069152    1.913172
479    479    1526401926429699526    3.450403    3.536181    3.532838    1.000000    1.000000    1.000000    2.063958    2.069048    1.910891
480    480    1526401926712995101    3.450564    3.536094    3.529882    1.000000    1.000000    1.000000    2.063645    2.068893    1.910065
481    481    1526401926995858718    3.450736    3.536083    3.535273    1.000000    1.000000    1.000000    2.063336    2.030377    1.911200
482    482    1526401927278488545    3.450913    3.536074    3.538197    1.000000    1.000000    1.000000    2.063043    2.030402    1.918230
483    483    1526401927561564079    3.451077    3.536010    3.532626    1.000000    1.000000    1.000000    2.062738    2.030362    1.911885
484    484    1526401927844246114    3.451251    3.536066    3.537544    1.000000    1.000000    1.000000    2.062436    2.030330    1.912562
485    485    1526401928127129815    3.451420    3.536036    3.535022    1.000000    1.000000    1.000000    2.062145    2.030372    1.917527
486    486    1526401928409974266    3.451588    3.535977    3.535512    1.000000    1.000000    1.000000    2.061854    2.030334    1.916972
487    487    1526401928693421840    3.451741    3.535808    3.527989    1.000000    1.000000    1.000000    2.065386    2.068623    3.823423
488    488    1526401928976107125    3.451913    3.535906    3.537503    1.000000    1.000000    1.000000    2.065091    2.068705    1.917839
489    489    1526401929258907285    3.452080    3.535893    3.536066    1.000000    1.000000    1.000000    2.064797    2.068746    1.917258
490    490    1526401929541766486    3.452246    3.535832    3.535328    1.000000    1.000000    1.000000    2.064504    2.068795    1.917788
491    491    1526401929824561645    3.452412    3.535822    3.536128    1.000000    1.000000    1.000000    2.064204    2.068739    1.912890
492    492    1526401930107348430    3.452578    3.535739    3.536233    1.000000    1.000000    1.000000    2.063911    2.068778    1.916292
493    493    1526401930389892257    3.452749    3.535760    3.539274    1.000000    1.000000    1.000000    2.063616    2.068793    1.914581
494    494    1526401930672679083    3.452914    3.535706    3.536233    1.000000    1.000000    1.000000    2.063323    2.068693    1.915050
495    495    1526401930955405035    3.453080    3.535763    3.536994    1.000000    1.000000    1.000000    2.063030    2.030354    1.914497
496    496    1526401931238122819    3.453245    3.535709    3.537096    1.000000    1.000000    1.000000    2.062736    2.030212    1.913290
497    497    1526401931520799604    3.453410    3.535704    3.537609    1.000000    1.000000    1.000000    2.062448    2.030206    1.915817
498    498    1526401931803573097    3.453572    3.535725    3.536399    1.000000    1.000000    1.000000    2.062157    2.030194    1.914126
499    499    1526401932086086091    3.453740    3.535786    3.539660    1.000000    1.000000    1.000000    2.061868    2.030145    1.913777
