Beat    Tag    Timestamp    Global_Rate    Window_Rate    Instant_Rate    Global_Accuracy    Window_Accuracy    Instant_Accuracy    Global_Power    Window_Power    Instant_Power
0    0    1527260376094129222    0.000000    0.000000    0.000000    1.000000    1.000000    1.000000    0.000000    0.000000    0.000000
1    1    1527260376403504231    6.464646    3.232323    3.232323    1.000000    1.000000    1.000000    1.232743    1.232743    1.232743
2    2    1527260376712170742    4.854043    3.236028    3.239742    1.000000    1.000000    1.000000    2.097495    2.097495    2.964232
3    3    1527260377020538961    4.317744    3.238308    3.242876    1.000000    1.000000    1.000000    2.343484    2.343484    2.836502
4    4    1527260377329394805    4.047713    3.238170    3.237756    1.000000    1.000000    1.000000    3.210812    3.210812    5.812356
5    5    1527260377637827816    3.886769    3.238974    3.242195    1.000000    1.000000    1.000000    3.155659    3.155659    2.934770
6    6    1527260377946242578    3.779466    3.239542    3.242387    1.000000    1.000000    1.000000    3.125059    3.125059    2.971901
7    7    1527260378254888755    3.702402    3.239602    3.239956    1.000000    1.000000    1.000000    3.104645    3.104645    2.982146
8    8    1527260378563480933    3.644681    3.239717    3.240523    1.000000    1.000000    1.000000    3.094317    3.094317    3.021998
9    9    1527260378872109485    3.599738    3.239764    3.240141    1.000000    1.000000    1.000000    3.089745    3.089745    3.053169
10    10    1527260379180431997    3.564135    3.240123    3.243357    1.000000    1.000000    1.000000    3.388530    3.388530    6.080571
11    11    1527260379488897800    3.534851    3.240280    3.241850    1.000000    1.000000    1.000000    3.357191    3.357191    3.043637
12    12    1527260379797287853    3.510517    3.240477    3.242647    1.000000    1.000000    1.000000    3.333527    3.333527    3.073027
13    13    1527260380105266699    3.490282    3.240976    3.246976    1.000000    1.000000    1.000000    3.312289    3.312289    3.056927
14    14    1527260380414103209    3.472243    3.240760    3.237959    1.000000    1.000000    1.000000    3.293624    3.293624    3.051197
15    15    1527260380723255511    3.456376    3.240352    3.234652    1.000000    1.000000    1.000000    3.277422    3.277422    3.051024
16    16    1527260381031836897    3.442893    3.240370    3.240636    1.000000    1.000000    1.000000    3.457623    3.457623    6.160874
17    17    1527260381340779740    3.430760    3.240163    3.236845    1.000000    1.000000    1.000000    3.437632    3.437632    3.118124
18    18    1527260381649445292    3.420147    3.240140    3.239753    1.000000    1.000000    1.000000    3.420101    3.420101    3.122120
19    19    1527260381958398928    3.410484    3.239960    3.236732    1.000000    1.000000    1.000000    3.402574    3.402574    3.087408
20    20    1527260382266902772    3.402036    3.240035    3.241451    1.000000    1.000000    1.000000    3.386944    3.386944    3.089845
21    21    1527260382575702907    3.394237    3.239954    3.238341    1.000000    1.000000    1.000000    3.373252    3.373252    3.099555
22    22    1527260382884856209    3.386972    3.239712    3.234641    1.000000    1.000000    1.000000    3.499851    3.499851    6.154067
23    23    1527260383193298887    3.380677    3.239815    3.242093    1.000000    1.000000    1.000000    3.482408    3.482408    3.098375
24    24    1527260383501827440    3.374868    3.239873    3.241191    1.000000    1.000000    1.000000    3.467307    3.467307    3.119847
25    25    1527260383810595950    3.369418    3.239825    3.238672    1.000000    1.000000    1.000000    3.454015    3.454015    3.135129
26    26    1527260384119130419    3.364485    3.239875    3.241129    1.000000    1.000000    1.000000    3.441612    3.441612    3.131417
27    27    1527260384428283137    3.359669    3.239681    3.234647    1.000000    1.000000    1.000000    3.543371    3.543371    6.184824
28    28    1527260384736912857    3.355400    3.239697    3.240129    1.000000    1.000000    1.000000    3.527681    3.527681    3.103995
29    29    1527260385045734409    3.351354    3.239643    3.238116    1.000000    1.000000    1.000000    3.513611    3.513611    3.119834
30    30    1527260385354078712    3.347750    3.239758    3.243128    1.000000    1.000000    1.000000    3.500329    3.500329    3.114739
31    31    1527260385662762139    3.344260    3.239752    3.239565    1.000000    1.000000    1.000000    3.487612    3.487612    3.106134
32    32    1527260385971698983    3.340903    3.239663    3.236908    1.000000    1.000000    1.000000    3.475592    3.475592    3.103298
33    33    1527260386282653988    3.337088    3.238938    3.215899    1.000000    1.000000    1.000000    3.559184    3.559184    6.214523
34    34    1527260386592281788    3.333920    3.238665    3.229684    1.000000    1.000000    1.000000    3.546875    3.546875    3.141808
35    35    1527260386901476297    3.331067    3.238538    3.234210    1.000000    1.000000    1.000000    3.535441    3.535441    3.147242
36    36    1527260387210325599    3.328477    3.238518    3.237825    1.000000    1.000000    1.000000    3.523640    3.523640    3.110672
37    37    1527260387519683483    3.325878    3.238355    3.232502    1.000000    1.000000    1.000000    3.512642    3.512642    3.117470
38    38    1527260387828393869    3.323600    3.238379    3.239282    1.000000    1.000000    1.000000    3.502406    3.502406    3.123562
39    39    1527260388137599628    3.321302    3.238269    3.234092    1.000000    1.000000    1.000000    3.571401    3.571401    6.189752
40    40    1527260388446584472    3.319178    3.238223    3.236405    1.000000    1.000000    1.000000    3.559815    3.559815    3.108198
41    41    1527260388755274649    3.317235    3.238254    3.239494    1.000000    1.000000    1.000000    3.549649    3.549649    3.142879
42    42    1527260389063892493    3.315404    3.238301    3.240253    1.000000    1.000000    1.000000    3.540365    3.540365    3.159448
43    43    1527260389372671004    3.313617    3.238307    3.238567    1.000000    1.000000    1.000000    3.531039    3.531039    3.139334
44    44    1527260389681861096    3.311811    3.238215    3.234256    1.000000    1.000000    1.000000    3.521850    3.521850    3.127199
45    45    1527260389990993231    3.310099    3.238141    3.234863    1.000000    1.000000    1.000000    3.581937    3.581937    6.223051
46    46    1527260390299903616    3.308514    3.238120    3.237185    1.000000    1.000000    1.000000    3.571567    3.571567    3.105036
47    47    1527260390609046001    3.306943    3.238048    3.234755    1.000000    1.000000    1.000000    3.561749    3.561749    3.110589
48    48    1527260390917996927    3.305480    3.238021    3.236760    1.000000    1.000000    1.000000    3.552542    3.552542    3.119987
49    49    1527260391226417397    3.304193    3.238109    3.242327    1.000000    1.000000    1.000000    3.543751    3.543751    3.121249
50    50    1527260391535111116    3.302899    3.238136    3.239457    1.000000    1.000000    1.000000    3.535519    3.535519    3.131949
51    51    1527260391844485500    3.301513    3.238136    3.232330    1.000000    1.000000    1.000000    3.588431    3.635630    6.229326
52    52    1527260392152770304    3.300404    3.238216    3.243754    1.000000    1.000000    1.000000    3.579132    3.638437    3.104006
53    53    1527260392461558106    3.299235    3.238128    3.238470    1.000000    1.000000    1.000000    3.570137    3.643732    3.102370
54    54    1527260392770694574    3.298041    3.238070    3.234817    1.000000    1.000000    1.000000    3.561685    3.589754    3.114188
55    55    1527260393079084127    3.297036    3.238079    3.242652    1.000000    1.000000    1.000000    3.553953    3.593772    3.135839
56    56    1527260393387448430    3.296071    3.238089    3.242918    1.000000    1.000000    1.000000    3.546428    3.596970    3.131935
57    57    1527260393696413523    3.295027    3.238022    3.236612    1.000000    1.000000    1.000000    3.593735    3.662174    6.241608
58    58    1527260394004713868    3.294141    3.238083    3.243590    1.000000    1.000000    1.000000    3.585951    3.664573    3.141531
59    59    1527260394313704712    3.293161    3.238008    3.236342    1.000000    1.000000    1.000000    3.578564    3.666504    3.150381
60    60    1527260394622041557    3.292330    3.238004    3.243206    1.000000    1.000000    1.000000    3.571689    3.608297    3.165418
61    61    1527260394930771317    3.291457    3.237949    3.239079    1.000000    1.000000    1.000000    3.564591    3.610186    3.138628
62    62    1527260395239220079    3.290661    3.237937    3.242030    1.000000    1.000000    1.000000    3.557837    3.611630    3.145388
63    63    1527260395548285505    3.289785    3.237709    3.235561    1.000000    1.000000    1.000000    3.600970    3.675952    6.272843
64    64    1527260395856900391    3.289012    3.237756    3.240284    1.000000    1.000000    1.000000    3.593787    3.677755    3.141002
65    65    1527260396165367194    3.288287    3.237899    3.241840    1.000000    1.000000    1.000000    3.586865    3.679627    3.143346
66    66    1527260396474145371    3.287534    3.237858    3.238571    1.000000    1.000000    1.000000    3.580030    3.619170    3.135775
67    67    1527260396782601382    3.286855    3.237960    3.241953    1.000000    1.000000    1.000000    3.573791    3.620054    3.161582
68    68    1527260397091202977    3.286172    3.237973    3.240424    1.000000    1.000000    1.000000    3.567819    3.620962    3.167466
69    69    1527260397399940071    3.285489    3.238019    3.239002    1.000000    1.000000    1.000000    3.606846    3.684423    6.261020
70    70    1527260397708626331    3.284832    3.237981    3.239535    1.000000    1.000000    1.000000    3.600016    3.685191    3.128604
71    71    1527260398017394925    3.284182    3.237987    3.238671    1.000000    1.000000    1.000000    3.593354    3.685741    3.127025
72    72    1527260398326058686    3.283566    3.238090    3.239771    1.000000    1.000000    1.000000    3.586828    3.625079    3.123295
73    73    1527260398634892321    3.282941    3.238008    3.237989    1.000000    1.000000    1.000000    3.580503    3.625602    3.125210
74    74    1527260398943578290    3.282355    3.237975    3.239538    1.000000    1.000000    1.000000    3.574427    3.625814    3.130683
75    75    1527260399252271384    3.281783    3.237991    3.239463    1.000000    1.000000    1.000000    3.610537    3.688753    6.283425
76    76    1527260399561372352    3.281169    3.237872    3.235189    1.000000    1.000000    1.000000    3.604277    3.688810    3.135260
77    77    1527260399869887322    3.280652    3.238005    3.241334    1.000000    1.000000    1.000000    3.598352    3.628026    3.147653
78    78    1527260400178592166    3.280123    3.237990    3.239340    1.000000    1.000000    1.000000    3.592439    3.628684    3.137042
79    79    1527260400487612676    3.279564    3.237948    3.236031    1.000000    1.000000    1.000000    3.586503    3.628758    3.123857
80    80    1527260400795934771    3.279113    3.237953    3.243361    1.000000    1.000000    1.000000    3.580852    3.629139    3.133791
81    81    1527260401104701781    3.278613    3.237935    3.238688    1.000000    1.000000    1.000000    3.613789    3.691974    6.248760
82    82    1527260401413259459    3.278154    3.238015    3.240885    1.000000    1.000000    1.000000    3.607842    3.692440    3.125873
83    83    1527260401722062594    3.277674    3.238466    3.238309    1.000000    1.000000    1.000000    3.602052    3.630340    3.127261
84    84    1527260402030683605    3.277228    3.238677    3.240220    1.000000    1.000000    1.000000    3.596764    3.630689    3.157695
85    85    1527260402339408449    3.276780    3.238775    3.239130    1.000000    1.000000    1.000000    3.591594    3.630903    3.157190
86    86    1527260402648545000    3.276291    3.238715    3.234816    1.000000    1.000000    1.000000    3.622298    3.693337    6.229076
87    87    1527260402957202428    3.275872    3.238863    3.239838    1.000000    1.000000    1.000000    3.616734    3.693774    3.138039
88    88    1527260403265816106    3.275468    3.238883    3.240297    1.000000    1.000000    1.000000    3.611139    3.693789    3.124145
89    89    1527260403574617408    3.275051    3.238968    3.238328    1.000000    1.000000    1.000000    3.605553    3.632198    3.114051
90    90    1527260403883511668    3.274632    3.238987    3.237354    1.000000    1.000000    1.000000    3.600226    3.632562    3.126251
91    91    1527260404192687761    3.274189    3.238885    3.234403    1.000000    1.000000    1.000000    3.595175    3.632513    3.141213
92    92    1527260404501944312    3.273747    3.238751    3.233561    1.000000    1.000000    1.000000    3.624415    3.695027    6.281092
93    93    1527260404810534198    3.273390    3.238790    3.240547    1.000000    1.000000    1.000000    3.619553    3.695686    3.172000
94    94    1527260405119409333    3.273009    3.238856    3.237554    1.000000    1.000000    1.000000    3.614434    3.695925    3.138517
95    95    1527260405428884967    3.272569    3.238784    3.231272    1.000000    1.000000    1.000000    3.609175    3.633693    3.115906
96    96    1527260405738288017    3.272145    3.238681    3.232030    1.000000    1.000000    1.000000    3.604077    3.633991    3.120719
97    97    1527260406047465568    3.271756    3.238673    3.234387    1.000000    1.000000    1.000000    3.599185    3.634382    3.130159
98    98    1527260406356707703    3.271367    3.238612    3.233712    1.000000    1.000000    1.000000    3.626165    3.696855    6.239438
99    99    1527260406665557671    3.271028    3.238522    3.237818    1.000000    1.000000    1.000000    3.621196    3.697102    3.134389
100    100    1527260406985234654    3.269550    3.236220    3.128158    1.000000    1.000000    1.000000    3.615032    3.694499    3.025567
101    101    1527260407303623849    3.268236    3.234333    3.140810    1.000000    1.000000    1.000000    3.609492    3.630949    3.071935
102    102    1527260407621627961    3.266989    3.232301    3.144613    1.000000    1.000000    1.000000    3.603817    3.629444    3.046907
103    103    1527260407940237280    3.265705    3.230250    3.138640    1.000000    1.000000    1.000000    3.628269    3.689739    6.047861
104    104    1527260408258593183    3.264472    3.228327    3.141139    1.000000    1.000000    1.000000    3.622336    3.687643    3.028855
105    105    1527260408577016002    3.263257    3.226237    3.140478    1.000000    1.000000    1.000000    3.616440    3.684923    3.020851
106    106    1527260408895038781    3.262105    3.224227    3.144429    1.000000    1.000000    1.000000    3.610835    3.682659    3.038361
107    107    1527260409213540517    3.260928    3.222246    3.139700    1.000000    1.000000    1.000000    3.605368    3.618565    3.042344
108    108    1527260409532251544    3.259752    3.220086    3.137639    1.000000    1.000000    1.000000    3.628692    3.677992    6.052411
109    109    1527260409850756196    3.258619    3.218114    3.139672    1.000000    1.000000    1.000000    3.622794    3.674660    3.003589
110    110    1527260410168548309    3.257576    3.216156    3.146711    1.000000    1.000000    1.000000    3.617255    3.671560    3.028920
111    111    1527260410486611004    3.256526    3.214227    3.144034    1.000000    1.000000    1.000000    3.611843    3.669061    3.032028
112    112    1527260410804933074    3.255471    3.212188    3.141472    1.000000    1.000000    1.000000    3.606396    3.666120    3.017837
113    113    1527260411123449143    3.254417    3.210239    3.139559    1.000000    1.000000    1.000000    3.628899    3.663784    6.081254
114    114    1527260411441599255    3.253415    3.208275    3.143170    1.000000    1.000000    1.000000    3.623886    3.662054    3.071927
115    115    1527260411759752242    3.252432    3.206282    3.143142    1.000000    1.000000    1.000000    3.618670    3.659607    3.039205
116    116    1527260412077853812    3.251470    3.204366    3.143650    1.000000    1.000000    1.000000    3.613266    3.656674    3.007278
117    117    1527260412395932632    3.250527    3.202392    3.143875    1.000000    1.000000    1.000000    3.608183    3.653755    3.033251
118    118    1527260412714066369    3.249596    3.200438    3.143332    1.000000    1.000000    1.000000    3.629147    3.711571    6.021248
119    119    1527260413032108023    3.248689    3.198533    3.144242    1.000000    1.000000    1.000000    3.624148    3.647730    3.048607
120    120    1527260413350363051    3.247779    3.196576    3.142134    1.000000    1.000000    1.000000    3.619307    3.645965    3.057425
121    121    1527260413668472038    3.246896    3.194668    3.143577    1.000000    1.000000    1.000000    3.614617    3.644402    3.065365
122    122    1527260413986564692    3.246030    3.192745    3.143738    1.000000    1.000000    1.000000    3.609608    3.641946    3.017866
123    123    1527260414304793512    3.245167    3.190831    3.142393    1.000000    1.000000    1.000000    3.629414    3.699772    5.987836
124    124    1527260414622989790    3.244321    3.188895    3.142714    1.000000    1.000000    1.000000    3.624186    3.696701    2.996380
125    125    1527260414941322151    3.243478    3.186936    3.141371    1.000000    1.000000    1.000000    3.619283    3.632193    3.025812
126    126    1527260415259496846    3.242661    3.185094    3.142928    1.000000    1.000000    1.000000    3.614547    3.629901    3.036351
127    127    1527260415577549458    3.241867    3.183160    3.144134    1.000000    1.000000    1.000000    3.610131    3.627960    3.066251
128    128    1527260415895814820    3.241069    3.181224    3.142032    1.000000    1.000000    1.000000    3.630296    3.688306    6.131933
129    129    1527260416213837349    3.240303    3.179403    3.144431    1.000000    1.000000    1.000000    3.625556    3.686134    3.032427
130    130    1527260416531711378    3.239561    3.177473    3.145900    1.000000    1.000000    1.000000    3.620839    3.683609    3.025406
131    131    1527260416850048197    3.238793    3.175541    3.141327    1.000000    1.000000    1.000000    3.616350    3.620418    3.046123
132    132    1527260417168519100    3.238027    3.173543    3.140004    1.000000    1.000000    1.000000    3.611769    3.618079    3.025554
133    133    1527260417486845711    3.237285    3.171626    3.141428    1.000000    1.000000    1.000000    3.630805    3.677548    6.087088
134    134    1527260417804661991    3.236593    3.169778    3.146472    1.000000    1.000000    1.000000    3.626503    3.675402    3.066227
135    135    1527260418122471145    3.235912    3.167953    3.146542    1.000000    1.000000    1.000000    3.622052    3.672700    3.037792
136    136    1527260418440771215    3.235203    3.166115    3.141690    1.000000    1.000000    1.000000    3.617578    3.609642    3.026895
137    137    1527260418759389575    3.234482    3.164119    3.138551    1.000000    1.000000    1.000000    3.635577    3.667608    6.027691
138    138    1527260419077711895    3.233793    3.162176    3.141470    1.000000    1.000000    1.000000    3.631015    3.665170    3.019625
139    139    1527260419396156839    3.233105    3.160249    3.140260    1.000000    1.000000    1.000000    3.626713    3.663465    3.046002
140    140    1527260419714521159    3.232433    3.158358    3.141056    1.000000    1.000000    1.000000    3.622659    3.662039    3.071343
141    141    1527260420032743812    3.231781    3.156554    3.142454    1.000000    1.000000    1.000000    3.618681    3.660379    3.073370
142    142    1527260420351268673    3.231117    3.154709    3.139472    1.000000    1.000000    1.000000    3.636188    3.657291    6.051192
143    143    1527260420669892825    3.230455    3.152713    3.138494    1.000000    1.000000    1.000000    3.631729    3.653775    3.012273
144    144    1527260420988247186    3.229822    3.150829    3.141154    1.000000    1.000000    1.000000    3.627353    3.650984    3.014725
145    145    1527260421305909924    3.229247    3.149204    3.147993    1.000000    1.000000    1.000000    3.623255    3.649269    3.044002
146    146    1527260421623895912    3.228657    3.147503    3.144793    1.000000    1.000000    1.000000    3.619216    3.647469    3.045037
147    147    1527260421941823649    3.228079    3.145770    3.145369    1.000000    1.000000    1.000000    3.636631    3.707201    6.130616
148    148    1527260422260113177    3.227485    3.143981    3.141794    1.000000    1.000000    1.000000    3.632609    3.644873    3.053226
149    149    1527260422579065037    3.226852    3.141985    3.135269    1.000000    1.000000    1.000000    3.628353    3.642103    3.012345
150    150    1527260422897115274    3.226290    3.142306    3.144157    1.000000    1.000000    1.000000    3.624330    3.642379    3.036259
151    151    1527260423215330469    3.225724    3.142340    3.142527    1.000000    1.000000    1.000000    3.620253    3.641360    3.020651
152    152    1527260423533681955    3.225157    3.142272    3.141182    1.000000    1.000000    1.000000    3.636611    3.701587    6.057870
153    153    1527260423852012233    3.224599    3.142327    3.141391    1.000000    1.000000    1.000000    3.632658    3.641441    3.043506
154    154    1527260424170114303    3.224063    3.142377    3.143645    1.000000    1.000000    1.000000    3.628945    3.642304    3.071549
155    155    1527260424488601289    3.223509    3.142365    3.139846    1.000000    1.000000    1.000000    3.625066    3.642674    3.039452
156    156    1527260424806671401    3.222989    3.142355    3.143961    1.000000    1.000000    1.000000    3.621056    3.642124    3.010924
157    157    1527260425125084179    3.222454    3.142373    3.140577    1.000000    1.000000    1.000000    3.636824    3.702299    6.049226
158    158    1527260425443599290    3.221919    3.142411    3.139568    1.000000    1.000000    1.000000    3.632935    3.641852    3.034245
159    159    1527260425761710777    3.221417    3.142489    3.143552    1.000000    1.000000    1.000000    3.629128    3.642566    3.038479
160    160    1527260426079878805    3.220918    3.142415    3.142993    1.000000    1.000000    1.000000    3.625577    3.643398    3.071255
161    161    1527260426398264375    3.220411    3.142351    3.140846    1.000000    1.000000    1.000000    3.621879    3.643570    3.041272
162    162    1527260426716700861    3.219908    3.142328    3.140344    1.000000    1.000000    1.000000    3.636933    3.703548    6.015083
163    163    1527260427034964722    3.219421    3.142378    3.142047    1.000000    1.000000    1.000000    3.633077    3.642275    3.019799
164    164    1527260427352964751    3.218957    3.142408    3.144654    1.000000    1.000000    1.000000    3.629226    3.641089    3.012314
165    165    1527260427671332196    3.218476    3.142366    3.141025    1.000000    1.000000    1.000000    3.625390    3.640453    3.007808
166    166    1527260427989941181    3.217986    3.142265    3.138643    1.000000    1.000000    1.000000    3.621727    3.640863    3.028750
167    167    1527260428307732711    3.217552    3.142322    3.146717    1.000000    1.000000    1.000000    3.636970    3.702645    6.126120
168    168    1527260428626069572    3.217090    3.142282    3.141326    1.000000    1.000000    1.000000    3.633307    3.642882    3.032530
169    169    1527260428944398392    3.216635    3.142225    3.141406    1.000000    1.000000    1.000000    3.629525    3.642005    3.005314
170    170    1527260429262310004    3.216209    3.142293    3.145528    1.000000    1.000000    1.000000    3.625768    3.640895    3.001268
171    171    1527260429581087823    3.215737    3.142161    3.136981    1.000000    1.000000    1.000000    3.640093    3.700248    6.029325
172    172    1527260429898799185    3.215334    3.142236    3.147511    1.000000    1.000000    1.000000    3.636624    3.700959    3.052629
173    173    1527260430216938464    3.214911    3.142254    3.143277    1.000000    1.000000    1.000000    3.633117    3.642008    3.039989
174    174    1527260430535533700    3.214465    3.142175    3.138779    1.000000    1.000000    1.000000    3.629576    3.642626    3.028043
175    175    1527260430853873561    3.214040    3.142174    3.141297    1.000000    1.000000    1.000000    3.625997    3.642386    3.013848
176    176    1527260431172124631    3.213625    3.142159    3.142173    1.000000    1.000000    1.000000    3.640013    3.702690    6.051694
177    177    1527260431490303159    3.213218    3.142134    3.142890    1.000000    1.000000    1.000000    3.636436    3.701707    3.017353
178    178    1527260431808716979    3.212803    3.142104    3.140567    1.000000    1.000000    1.000000    3.633058    3.639969    3.045389
179    179    1527260432127093381    3.212395    3.142035    3.140936    1.000000    1.000000    1.000000    3.629736    3.640273    3.048310
180    180    1527260432445256952    3.212003    3.141977    3.143037    1.000000    1.000000    1.000000    3.626507    3.640911    3.057886
181    181    1527260432763904395    3.211589    3.141916    3.138265    1.000000    1.000000    1.000000    3.640163    3.701149    6.055084
182    182    1527260433082268965    3.211194    3.141937    3.141053    1.000000    1.000000    1.000000    3.636645    3.700850    3.010388
183    183    1527260433400275285    3.210825    3.142000    3.144592    1.000000    1.000000    1.000000    3.633260    3.639647    3.026808
184    184    1527260433718644938    3.210439    3.141891    3.141003    1.000000    1.000000    1.000000    3.629914    3.638854    3.027575
185    185    1527260434036599176    3.210081    3.141862    3.145107    1.000000    1.000000    1.000000    3.626563    3.638478    3.019243
186    186    1527260434355179203    3.209692    3.141807    3.138929    1.000000    1.000000    1.000000    3.640042    3.699815    6.091515
187    187    1527260434673444523    3.209324    3.141877    3.142033    1.000000    1.000000    1.000000    3.637003    3.640829    3.080794
188    188    1527260434991971384    3.208946    3.141836    3.139453    1.000000    1.000000    1.000000    3.633465    3.640083    2.982744
189    189    1527260435310518869    3.208571    3.141816    3.139249    1.000000    1.000000    1.000000    3.630050    3.639128    2.998529
190    190    1527260435628881606    3.208210    3.141817    3.141071    1.000000    1.000000    1.000000    3.626817    3.638213    3.025558
191    191    1527260435947619799    3.207833    3.141715    3.137371    1.000000    1.000000    1.000000    3.639751    3.697920    6.055522
192    192    1527260436265773203    3.207491    3.141788    3.143138    1.000000    1.000000    1.000000    3.636590    3.637706    3.041951
193    193    1527260436584071189    3.207145    3.141853    3.141710    1.000000    1.000000    1.000000    3.633526    3.638561    3.054380
194    194    1527260436901872760    3.206828    3.141962    3.146618    1.000000    1.000000    1.000000    3.630506    3.639400    3.055661
195    195    1527260437220445871    3.206475    3.141782    3.138997    1.000000    1.000000    1.000000    3.627292    3.638761    3.013782
196    196    1527260437538678316    3.206143    3.141733    3.142357    1.000000    1.000000    1.000000    3.639909    3.699108    6.063448
197    197    1527260437856607261    3.205830    3.141733    3.145357    1.000000    1.000000    1.000000    3.636789    3.637244    3.033829
198    198    1527260438174990998    3.205497    3.141714    3.140864    1.000000    1.000000    1.000000    3.633775    3.637158    3.049113
199    199    1527260438493109318    3.205181    3.141879    3.143484    1.000000    1.000000    1.000000    3.630873    3.638234    3.064536
200    200    1527260438809546976    3.204954    3.142197    3.160180    1.000000    1.000000    1.000000    3.628172    3.639475    3.095589
201    201    1527260439124268554    3.204816    3.142887    3.177412    1.000000    1.000000    1.000000    3.640690    3.701224    6.135156
202    202    1527260439439579465    3.204650    3.143488    3.171473    1.000000    1.000000    1.000000    3.637714    3.641004    3.042790
203    203    1527260439754390294    3.204511    3.144184    3.176511    1.000000    1.000000    1.000000    3.634866    3.641497    3.061702
204    204    1527260440069321872    3.204367    3.144811    3.175293    1.000000    1.000000    1.000000    3.632031    3.641362    3.059026
205    205    1527260440384315825    3.204222    3.145502    3.174664    1.000000    1.000000    1.000000    3.629158    3.641619    3.045741
206    206    1527260440699200153    3.204083    3.146132    3.175769    1.000000    1.000000    1.000000    3.641424    3.703857    6.145723
207    207    1527260441013953190    3.203952    3.146857    3.177094    1.000000    1.000000    1.000000    3.638805    3.644917    3.101209
208    208    1527260441329031143    3.203806    3.147538    3.173818    1.000000    1.000000    1.000000    3.635981    3.645445    3.054206
209    209    1527260441644016305    3.203667    3.148158    3.174753    1.000000    1.000000    1.000000    3.633252    3.646149    3.067960
210    210    1527260441959193007    3.203519    3.148751    3.172823    1.000000    1.000000    1.000000    3.630491    3.645960    3.056267
211    211    1527260442274278210    3.203377    3.149405    3.173745    1.000000    1.000000    1.000000    3.642372    3.707307    6.125984
212    212    1527260442589890870    3.203212    3.149965    3.168441    1.000000    1.000000    1.000000    3.639612    3.648156    3.060818
213    213    1527260442904579949    3.203092    3.150675    3.177740    1.000000    1.000000    1.000000    3.636988    3.649541    3.082503
214    214    1527260443219351778    3.202969    3.151316    3.176904    1.000000    1.000000    1.000000    3.634486    3.651480    3.103512
215    215    1527260443534888646    3.202811    3.151878    3.169202    1.000000    1.000000    1.000000    3.631792    3.652604    3.058562
216    216    1527260443849797349    3.202684    3.152614    3.175524    1.000000    1.000000    1.000000    3.643346    3.714085    6.117830
217    217    1527260444164777802    3.202555    3.153173    3.174800    1.000000    1.000000    1.000000    3.640671    3.652856    3.065165
218    218    1527260444479878880    3.202422    3.153816    3.173585    1.000000    1.000000    1.000000    3.637956    3.653361    3.051567
219    219    1527260444795184416    3.202280    3.154418    3.171527    1.000000    1.000000    1.000000    3.635269    3.654421    3.052392
220    220    1527260445110172536    3.202154    3.155000    3.174723    1.000000    1.000000    1.000000    3.632672    3.655834    3.066293
221    221    1527260445424930073    3.202040    3.155800    3.177049    1.000000    1.000000    1.000000    3.644219    3.658148    6.176157
222    222    1527260445739997817    3.201913    3.156327    3.173921    1.000000    1.000000    1.000000    3.641673    3.658823    3.081455
223    223    1527260446054761479    3.201801    3.157000    3.176987    1.000000    1.000000    1.000000    3.639002    3.659111    3.047842
224    224    1527260446370040890    3.201666    3.157661    3.171790    1.000000    1.000000    1.000000    3.636446    3.660065    3.069347
225    225    1527260446685220801    3.201537    3.158291    3.172791    1.000000    1.000000    1.000000    3.633891    3.661196    3.064180
226    226    1527260447000649586    3.201398    3.158854    3.170288    1.000000    1.000000    1.000000    3.631327    3.601102    3.057486
227    227    1527260447315777331    3.201274    3.159463    3.173316    1.000000    1.000000    1.000000    3.642448    3.663489    6.144753
228    228    1527260447630680451    3.201161    3.160164    3.175580    1.000000    1.000000    1.000000    3.640047    3.664657    3.097162
229    229    1527260447945423946    3.201056    3.160890    3.177190    1.000000    1.000000    1.000000    3.637649    3.665679    3.092547
230    230    1527260448260054775    3.200957    3.161596    3.178328    1.000000    1.000000    1.000000    3.635126    3.665837    3.059017
231    231    1527260448575116812    3.200839    3.162313    3.173978    1.000000    1.000000    1.000000    3.632587    3.605436    3.051091
232    232    1527260448889986098    3.200732    3.163012    3.175921    1.000000    1.000000    1.000000    3.643385    3.667685    6.128908
233    233    1527260449204441428    3.200643    3.163723    3.180102    1.000000    1.000000    1.000000    3.640864    3.668434    3.057255
234    234    1527260449519502547    3.200529    3.164385    3.173987    1.000000    1.000000    1.000000    3.638424    3.669460    3.072302
235    235    1527260449833950752    3.200442    3.165087    3.180174    1.000000    1.000000    1.000000    3.636182    3.671463    3.112579
236    236    1527260450148569706    3.200348    3.165881    3.178448    1.000000    1.000000    1.000000    3.633858    3.611047    3.089223
237    237    1527260450463657742    3.200235    3.166518    3.173716    1.000000    1.000000    1.000000    3.644377    3.671734    6.116662
238    238    1527260450778490237    3.200134    3.167259    3.176292    1.000000    1.000000    1.000000    3.641929    3.673506    3.063531
239    239    1527260451093717898    3.200018    3.167926    3.172310    1.000000    1.000000    1.000000    3.639468    3.674804    3.056420
240    240    1527260451408511060    3.199920    3.168642    3.176689    1.000000    1.000000    1.000000    3.637006    3.675447    3.050428
241    241    1527260451723634138    3.199809    3.169368    3.173363    1.000000    1.000000    1.000000    3.634572    3.614925    3.052890
242    242    1527260452038620924    3.199705    3.170005    3.174736    1.000000    1.000000    1.000000    3.644973    3.676956    6.142369
243    243    1527260452353320711    3.199614    3.170728    3.177632    1.000000    1.000000    1.000000    3.642719    3.677980    3.098591
244    244    1527260452668317748    3.199512    3.171292    3.174633    1.000000    1.000000    1.000000    3.640220    3.677684    3.035286
245    245    1527260452982948827    3.199425    3.172085    3.178326    1.000000    1.000000    1.000000    3.637822    3.678656    3.054161
246    246    1527260453297692906    3.199334    3.172787    3.177184    1.000000    1.000000    1.000000    3.635507    3.618345    3.070164
247    247    1527260453612889775    3.199226    3.173337    3.172620    1.000000    1.000000    1.000000    3.645736    3.680806    6.151095
248    248    1527260453927698353    3.199134    3.174057    3.176534    1.000000    1.000000    1.000000    3.643432    3.681487    3.076022
249    249    1527260454242605890    3.199039    3.174705    3.175535    1.000000    1.000000    1.000000    3.641175    3.681988    3.083330
250    250    1527260454557813301    3.198932    3.174953    3.172514    1.000000    1.000000    1.000000    3.638999    3.682115    3.099613
251    251    1527260454873163128    3.198821    3.174826    3.171081    1.000000    1.000000    1.000000    3.636678    3.620621    3.059225
252    252    1527260455187968623    3.198732    3.174928    3.176565    1.000000    1.000000    1.000000    3.634322    3.620679    3.044737
253    253    1527260455503215451    3.198626    3.174840    3.172118    1.000000    1.000000    1.000000    3.644135    3.681603    6.106082
254    254    1527260455818575695    3.198517    3.174753    3.170977    1.000000    1.000000    1.000000    3.641799    3.681477    3.053568
255    255    1527260456133923564    3.198409    3.174682    3.171101    1.000000    1.000000    1.000000    3.639585    3.682146    3.079894
256    256    1527260456448964100    3.198314    3.174651    3.174195    1.000000    1.000000    1.000000    3.637451    3.621153    3.095281
257    257    1527260456764360344    3.198206    3.174521    3.170615    1.000000    1.000000    1.000000    3.635340    3.621058    3.097497
258    258    1527260457079386630    3.198113    3.174532    3.174338    1.000000    1.000000    1.000000    3.644974    3.682217    6.111874
259    259    1527260457394861540    3.198003    3.174433    3.169824    1.000000    1.000000    1.000000    3.642650    3.681762    3.046188
260    260    1527260457709968201    3.197909    3.174447    3.173529    1.000000    1.000000    1.000000    3.640389    3.681781    3.057095
261    261    1527260458025009196    3.197817    3.174456    3.174190    1.000000    1.000000    1.000000    3.638080    3.620044    3.039757
262    262    1527260458340236024    3.197720    3.174534    3.172319    1.000000    1.000000    1.000000    3.635823    3.619825    3.049157
263    263    1527260458655583934    3.197618    3.174401    3.171101    1.000000    1.000000    1.000000    3.645304    3.680578    6.118128
264    264    1527260458970812178    3.197522    3.174309    3.172305    1.000000    1.000000    1.000000    3.642955    3.679043    3.027654
265    265    1527260459285655673    3.197441    3.174449    3.176181    1.000000    1.000000    1.000000    3.640494    3.677755    2.992750
266    266    1527260459600622377    3.197356    3.174437    3.174939    1.000000    1.000000    1.000000    3.638069    3.615368    2.997542
267    267    1527260459915291955    3.197283    3.174500    3.177937    1.000000    1.000000    1.000000    3.635629    3.613839    2.988115
268    268    1527260460230511658    3.197190    3.174476    3.172391    1.000000    1.000000    1.000000    3.644396    3.672354    5.975591
269    269    1527260460545634402    3.197101    3.174513    3.173367    1.000000    1.000000    1.000000    3.641976    3.671230    2.995858
270    270    1527260460860481648    3.197023    3.174541    3.176143    1.000000    1.000000    1.000000    3.639649    3.670222    3.015599
271    271    1527260461175160101    3.196952    3.174557    3.177847    1.000000    1.000000    1.000000    3.637393    3.607345    3.029670
272    272    1527260461490703387    3.196850    3.174461    3.169137    1.000000    1.000000    1.000000    3.635001    3.605497    2.990021
273    273    1527260461805617590    3.196771    3.174431    3.175468    1.000000    1.000000    1.000000    3.643601    3.664031    5.975732
274    274    1527260462120367210    3.196699    3.174537    3.177129    1.000000    1.000000    1.000000    3.641198    3.662399    2.986688
275    275    1527260462435233914    3.196623    3.174601    3.175947    1.000000    1.000000    1.000000    3.638824    3.660935    2.990348
276    276    1527260462750606907    3.196530    3.174612    3.170849    1.000000    1.000000    1.000000    3.636479    3.659675    2.994467
277    277    1527260463065228862    3.196464    3.174714    3.178418    1.000000    1.000000    1.000000    3.634185    3.596820    3.002302
278    278    1527260463380143606    3.196388    3.174711    3.175463    1.000000    1.000000    1.000000    3.631930    3.595058    3.009106
279    279    1527260463694958102    3.196317    3.174697    3.176474    1.000000    1.000000    1.000000    3.640540    3.653728    6.027769
280    280    1527260464010367054    3.196224    3.174540    3.170487    1.000000    1.000000    1.000000    3.638135    3.651922    2.970306
281    281    1527260464325112966    3.196156    3.174604    3.177166    1.000000    1.000000    1.000000    3.635825    3.650722    2.990425
282    282    1527260464640144835    3.196078    3.174571    3.174282    1.000000    1.000000    1.000000    3.633520    3.587923    2.987983
283    283    1527260464954996247    3.196008    3.174491    3.176101    1.000000    1.000000    1.000000    3.631238    3.586554    2.989458
284    284    1527260465270085783    3.195929    3.174485    3.173701    1.000000    1.000000    1.000000    3.639578    3.644959    5.991849
285    285    1527260465584837071    3.195863    3.174424    3.177112    1.000000    1.000000    1.000000    3.637418    3.643204    3.025262
286    286    1527260465900009190    3.195782    3.174313    3.172869    1.000000    1.000000    1.000000    3.635203    3.641528    3.006456
287    287    1527260466215037518    3.195707    3.174325    3.174318    1.000000    1.000000    1.000000    3.632934    3.578906    2.986036
288    288    1527260466529693805    3.195645    3.174361    3.178071    1.000000    1.000000    1.000000    3.630678    3.577335    2.984571
289    289    1527260466844605050    3.195576    3.174424    3.175498    1.000000    1.000000    1.000000    3.638804    3.635643    5.972315
290    290    1527260467159378129    3.195511    3.174428    3.176892    1.000000    1.000000    1.000000    3.636589    3.634598    2.998103
291    291    1527260467474707456    3.195427    3.174387    3.171288    1.000000    1.000000    1.000000    3.634373    3.633416    2.994216
292    292    1527260467789536701    3.195362    3.174419    3.176325    1.000000    1.000000    1.000000    3.632270    3.571022    3.022054
293    293    1527260468104165114    3.195304    3.174433    3.178352    1.000000    1.000000    1.000000    3.630152    3.569312    3.012884
294    294    1527260468419262108    3.195230    3.174413    3.173626    1.000000    1.000000    1.000000    3.638150    3.628086    5.973402
295    295    1527260468734340644    3.195157    3.174323    3.173812    1.000000    1.000000    1.000000    3.635941    3.626758    2.988607
296    296    1527260469049565097    3.195079    3.174226    3.172343    1.000000    1.000000    1.000000    3.633721    3.624963    2.981292
297    297    1527260469364345342    3.195018    3.174310    3.176819    1.000000    1.000000    1.000000    3.631549    3.561732    2.990416
298    298    1527260469679241004    3.194953    3.174292    3.175655    1.000000    1.000000    1.000000    3.629398    3.560055    2.992239
299    299    1527260469994136665    3.194888    3.174294    3.175655    1.000000    1.000000    1.000000    3.637431    3.618854    6.024561
300    300    1527260470310279782    3.194781    3.174106    3.163124    1.000000    1.000000    1.000000    3.635340    3.617115    3.014505
301    301    1527260470625397402    3.194710    3.174153    3.173418    1.000000    1.000000    1.000000    3.633144    3.615471    2.976609
302    302    1527260470940533063    3.194639    3.174086    3.173237    1.000000    1.000000    1.000000    3.630991    3.614265    2.985070
303    303    1527260471255227267    3.194583    3.174198    3.177688    1.000000    1.000000    1.000000    3.628905    3.552131    3.000309
304    304    1527260471570553011    3.194506    3.174205    3.171324    1.000000    1.000000    1.000000    3.636668    3.610700    5.979334
305    305    1527260471885282673    3.194449    3.174329    3.177330    1.000000    1.000000    1.000000    3.634607    3.609312    3.009354
306    306    1527260472200376042    3.194381    3.174319    3.173662    1.000000    1.000000    1.000000    3.632597    3.607832    3.021393
307    307    1527260472515731494    3.194305    3.174327    3.171025    1.000000    1.000000    1.000000    3.630602    3.606337    3.022760
308    308    1527260472830673948    3.194243    3.174344    3.175183    1.000000    1.000000    1.000000    3.628480    3.543676    2.978649
309    309    1527260473145483943    3.194185    3.174478    3.176519    1.000000    1.000000    1.000000    3.626357    3.542256    2.974108
310    310    1527260473460976770    3.194106    3.174400    3.169644    1.000000    1.000000    1.000000    3.633965    3.600677    5.974383
311    311    1527260473776566138    3.194024    3.174289    3.168675    1.000000    1.000000    1.000000    3.631864    3.599536    2.983751
312    312    1527260474091443466    3.193965    3.174360    3.175840    1.000000    1.000000    1.000000    3.629819    3.598471    2.995313
313    313    1527260474406839044    3.193890    3.174350    3.170621    1.000000    1.000000    1.000000    3.627852    3.536374    3.016542
314    314    1527260474721972246    3.193824    3.174369    3.173261    1.000000    1.000000    1.000000    3.625918    3.536277    3.022646
315    315    1527260475037443990    3.193748    3.174243    3.169856    1.000000    1.000000    1.000000    3.633519    3.596680    6.009790
316    316    1527260475352696609    3.193679    3.174185    3.172059    1.000000    1.000000    1.000000    3.631421    3.596177    2.972975
317    317    1527260475667842062    3.193614    3.174089    3.173138    1.000000    1.000000    1.000000    3.629380    3.596132    2.986780
318    318    1527260475982601140    3.193562    3.174182    3.177033    1.000000    1.000000    1.000000    3.627355    3.536337    2.986602
319    319    1527260476297571052    3.193503    3.174213    3.174906    1.000000    1.000000    1.000000    3.625372    3.536356    2.996572
320    320    1527260476613193378    3.193424    3.174057    3.168344    1.000000    1.000000    1.000000    3.632829    3.596129    6.000124
321    321    1527260476928215331    3.193365    3.173987    3.174382    1.000000    1.000000    1.000000    3.630942    3.596102    3.028954
322    322    1527260477243616658    3.193293    3.174016    3.170564    1.000000    1.000000    1.000000    3.628933    3.596039    2.986585
323    323    1527260477559400943    3.193211    3.173841    3.166719    1.000000    1.000000    1.000000    3.626919    3.536160    2.981956
324    324    1527260477874410771    3.193153    3.173788    3.174504    1.000000    1.000000    1.000000    3.624924    3.536063    2.982297
325    325    1527260478189382599    3.193097    3.173767    3.174887    1.000000    1.000000    1.000000    3.632150    3.595574    5.967150
326    326    1527260478505072967    3.193018    3.173703    3.167661    1.000000    1.000000    1.000000    3.630204    3.595691    3.000890
327    327    1527260478820543877    3.192947    3.173532    3.169864    1.000000    1.000000    1.000000    3.628300    3.595812    3.009967
328    328    1527260479135725038    3.192885    3.173479    3.172778    1.000000    1.000000    1.000000    3.626450    3.596093    3.023645
329    329    1527260479451121449    3.192817    3.173361    3.170613    1.000000    1.000000    1.000000    3.624476    3.535165    2.979479
330    330    1527260479766249818    3.192758    3.173418    3.173310    1.000000    1.000000    1.000000    3.631620    3.595266    5.974775
331    331    1527260480081425521    3.192698    3.173331    3.172833    1.000000    1.000000    1.000000    3.629670    3.595203    2.988092
332    332    1527260480396636640    3.192637    3.173295    3.172477    1.000000    1.000000    1.000000    3.627715    3.595098    2.983080
333    333    1527260480711726385    3.192580    3.173247    3.173699    1.000000    1.000000    1.000000    3.625782    3.595012    2.985613
334    334    1527260481026941337    3.192519    3.173222    3.172438    1.000000    1.000000    1.000000    3.623884    3.535063    2.994176
335    335    1527260481342094165    3.192461    3.173141    3.173064    1.000000    1.000000    1.000000    3.631108    3.595274    6.036389
336    336    1527260481657499784    3.192395    3.173094    3.170521    1.000000    1.000000    1.000000    3.629183    3.594873    2.986878
337    337    1527260481972721361    3.192336    3.173055    3.172372    1.000000    1.000000    1.000000    3.627258    3.594793    2.982426
338    338    1527260482288409854    3.192262    3.172847    3.167680    1.000000    1.000000    1.000000    3.625360    3.594839    2.988842
339    339    1527260482603709765    3.192201    3.172769    3.171584    1.000000    1.000000    1.000000    3.623458    3.535088    2.982944
340    340    1527260482918896467    3.192144    3.172686    3.172723    1.000000    1.000000    1.000000    3.621564    3.534743    2.981585
341    341    1527260483234325544    3.192079    3.172666    3.170285    1.000000    1.000000    1.000000    3.628588    3.595044    6.007160
342    342    1527260483549969079    3.192009    3.172502    3.168131    1.000000    1.000000    1.000000    3.626785    3.594872    3.014923
343    343    1527260483865634739    3.191938    3.172293    3.167909    1.000000    1.000000    1.000000    3.624943    3.594533    2.997887
344    344    1527260484180961399    3.191878    3.172247    3.171314    1.000000    1.000000    1.000000    3.623045    3.534569    2.974354
345    345    1527260484497136266    3.191793    3.172026    3.162807    1.000000    1.000000    1.000000    3.621185    3.534462    2.985171
346    346    1527260484812467343    3.191734    3.172005    3.171270    1.000000    1.000000    1.000000    3.627998    3.594249    5.970147
347    347    1527260485127801004    3.191675    3.171893    3.171244    1.000000    1.000000    1.000000    3.626168    3.594327    2.995357
348    348    1527260485443162998    3.191615    3.171800    3.170959    1.000000    1.000000    1.000000    3.624379    3.594582    3.005873
349    349    1527260485759050949    3.191540    3.171600    3.165679    1.000000    1.000000    1.000000    3.622623    3.534425    3.014708
350    350    1527260486074276401    3.191485    3.171784    3.172333    1.000000    1.000000    1.000000    3.620845    3.534209    3.002175
351    351    1527260486389607687    3.191427    3.171742    3.171268    1.000000    1.000000    1.000000    3.627489    3.593577    5.944935
352    352    1527260486705236972    3.191361    3.171642    3.168274    1.000000    1.000000    1.000000    3.625671    3.593664    2.990391
353    353    1527260487020059717    3.191319    3.171616    3.176391    1.000000    1.000000    1.000000    3.623874    3.593501    2.992376
354    354    1527260487334769421    3.191280    3.171740    3.177532    1.000000    1.000000    1.000000    3.622075    3.533690    2.988001
355    355    1527260487649976707    3.191227    3.171644    3.172515    1.000000    1.000000    1.000000    3.620302    3.533380    2.994648
356    356    1527260487965067076    3.191177    3.171645    3.173693    1.000000    1.000000    1.000000    3.627129    3.593797    6.044161
357    357    1527260488279669905    3.191142    3.171796    3.178611    1.000000    1.000000    1.000000    3.625410    3.593653    3.014185
358    358    1527260488595323565    3.191077    3.171653    3.168029    1.000000    1.000000    1.000000    3.623581    3.593524    2.973604
359    359    1527260488910584226    3.191024    3.171562    3.171978    1.000000    1.000000    1.000000    3.621800    3.593749    2.986221
360    360    1527260489225777428    3.190973    3.171623    3.172657    1.000000    1.000000    1.000000    3.620036    3.534007    2.988583
361    361    1527260489541296755    3.190913    3.171637    3.169378    1.000000    1.000000    1.000000    3.626607    3.594032    5.982768
362    362    1527260489856372250    3.190865    3.171597    3.173843    1.000000    1.000000    1.000000    3.624863    3.594053    2.996720
363    363    1527260490171733118    3.190810    3.171604    3.170970    1.000000    1.000000    1.000000    3.623205    3.594227    3.025157
364    364    1527260490487166237    3.190754    3.171544    3.170244    1.000000    1.000000    1.000000    3.621507    3.593910    3.007386
365    365    1527260490802639022    3.190696    3.171543    3.169846    1.000000    1.000000    1.000000    3.619747    3.533318    2.981791
366    366    1527260491117742059    3.190649    3.171574    3.173565    1.000000    1.000000    1.000000    3.626179    3.593174    5.967400
367    367    1527260491432735762    3.190606    3.171604    3.174667    1.000000    1.000000    1.000000    3.624429    3.593156    2.985555
368    368    1527260491747868423    3.190558    3.171529    3.173267    1.000000    1.000000    1.000000    3.622728    3.593414    3.000232
369    369    1527260492062892834    3.190514    3.171518    3.174357    1.000000    1.000000    1.000000    3.621046    3.593549    3.003434
370    370    1527260492378218286    3.190462    3.171577    3.171327    1.000000    1.000000    1.000000    3.619414    3.533879    3.019151
371    371    1527260492693727738    3.190405    3.171480    3.169477    1.000000    1.000000    1.000000    3.625915    3.593763    6.022041
372    372    1527260493008962607    3.190357    3.171513    3.172238    1.000000    1.000000    1.000000    3.624210    3.593911    2.993650
373    373    1527260493324421518    3.190302    3.171578    3.169985    1.000000    1.000000    1.000000    3.622480    3.593908    2.981155
374    374    1527260493639399637    3.190260    3.171585    3.174824    1.000000    1.000000    1.000000    3.620789    3.594091    2.991420
375    375    1527260493954680131    3.190211    3.171523    3.171779    1.000000    1.000000    1.000000    3.619087    3.534492    2.984650
376    376    1527260494269429252    3.190176    3.171712    3.177134    1.000000    1.000000    1.000000    3.617433    3.534467    2.998007
377    377    1527260494584608329    3.190130    3.171771    3.172799    1.000000    1.000000    1.000000    3.623847    3.594833    6.028769
378    378    1527260494899443575    3.190093    3.171840    3.176264    1.000000    1.000000    1.000000    3.622231    3.594651    3.013935
379    379    1527260495214421444    3.190053    3.171925    3.174826    1.000000    1.000000    1.000000    3.620526    3.594627    2.977454
380    380    1527260495529701730    3.190004    3.171894    3.171781    1.000000    1.000000    1.000000    3.618866    3.534985    2.991605
381    381    1527260495845214224    3.189950    3.171826    3.169447    1.000000    1.000000    1.000000    3.617197    3.534922    2.985562
382    382    1527260496161002216    3.189889    3.171710    3.166682    1.000000    1.000000    1.000000    3.623388    3.594756    5.971019
383    383    1527260496476107127    3.189846    3.171707    3.173546    1.000000    1.000000    1.000000    3.621763    3.595092    3.002460
384    384    1527260496791065789    3.189808    3.171759    3.175020    1.000000    1.000000    1.000000    3.620202    3.595695    3.023848
385    385    1527260497105919742    3.189772    3.171819    3.176076    1.000000    1.000000    1.000000    3.618652    3.535486    3.024231
386    386    1527260497420816904    3.189735    3.171921    3.175640    1.000000    1.000000    1.000000    3.616988    3.535315    2.977442
387    387    1527260497735955399    3.189692    3.171938    3.173208    1.000000    1.000000    1.000000    3.623129    3.595396    5.987542
388    388    1527260498051276351    3.189645    3.172012    3.171372    1.000000    1.000000    1.000000    3.621480    3.595341    2.985393
389    389    1527260498366343470    3.189604    3.172059    3.173927    1.000000    1.000000    1.000000    3.619846    3.595441    2.987462
390    390    1527260498681356507    3.189566    3.172094    3.174472    1.000000    1.000000    1.000000    3.618231    3.595643    2.991352
391    391    1527260498996807417    3.189516    3.172089    3.170065    1.000000    1.000000    1.000000    3.616632    3.535365    2.995024
392    392    1527260499311893203    3.189475    3.172201    3.173739    1.000000    1.000000    1.000000    3.622850    3.596019    6.048194
393    393    1527260499627436697    3.189423    3.172226    3.169135    1.000000    1.000000    1.000000    3.621205    3.595647    2.979041
394    394    1527260499942797482    3.189376    3.172219    3.170971    1.000000    1.000000    1.000000    3.619560    3.595664    2.975303
395    395    1527260500257751977    3.189340    3.172465    3.175062    1.000000    1.000000    1.000000    3.617996    3.596068    3.002986
396    396    1527260500573631095    3.189280    3.172355    3.165768    1.000000    1.000000    1.000000    3.616379    3.536237    2.980691
397    397    1527260500888459756    3.189247    3.172456    3.176331    1.000000    1.000000    1.000000    3.622388    3.596239    5.998285
398    398    1527260501203769500    3.189203    3.172467    3.171485    1.000000    1.000000    1.000000    3.620872    3.596536    3.020589
399    399    1527260501519354410    3.189151    3.172528    3.168719    1.000000    1.000000    1.000000    3.619379    3.596810    3.027870
400    400    1527260501835690902    3.189081    3.172304    3.161191    1.000000    1.000000    1.000000    3.617761    3.596241    2.975901
401    401    1527260502151196478    3.189032    3.172269    3.169516    1.000000    1.000000    1.000000    3.616122    3.536579    2.963098
402    402    1527260502466240223    3.188995    3.172387    3.174162    1.000000    1.000000    1.000000    3.621993    3.596179    5.971041
403    403    1527260502781119718    3.188962    3.172375    3.175818    1.000000    1.000000    1.000000    3.620431    3.596197    2.993393
404    404    1527260503095907797    3.188932    3.172360    3.176740    1.000000    1.000000    1.000000    3.618912    3.596588    3.007763
405    405    1527260503410487543    3.188907    3.172486    3.178844    1.000000    1.000000    1.000000    3.617421    3.597027    3.015410
406    406    1527260503725411038    3.188873    3.172520    3.175374    1.000000    1.000000    1.000000    3.615957    3.536653    3.024039
407    407    1527260504039957075    3.188850    3.172531    3.179185    1.000000    1.000000    1.000000    3.614424    3.536220    2.992414
408    408    1527260504354833737    3.188818    3.172687    3.175847    1.000000    1.000000    1.000000    3.620223    3.596251    5.976762
409    409    1527260504670318730    3.188771    3.172642    3.169723    1.000000    1.000000    1.000000    3.618653    3.596125    2.980338
410    410    1527260504985523350    3.188731    3.172640    3.172542    1.000000    1.000000    1.000000    3.617091    3.595952    2.979940
411    411    1527260505300825719    3.188689    3.172683    3.171559    1.000000    1.000000    1.000000    3.615537    3.535850    2.980403
412    412    1527260505615926046    3.188652    3.172679    3.173592    1.000000    1.000000    1.000000    3.614036    3.535883    2.998426
413    413    1527260505931229540    3.188611    3.172690    3.171547    1.000000    1.000000    1.000000    3.619865    3.595693    6.014469
414    414    1527260506245993452    3.188583    3.172825    3.176984    1.000000    1.000000    1.000000    3.618334    3.595302    2.986540
415    415    1527260506560910697    3.188551    3.172937    3.175437    1.000000    1.000000    1.000000    3.616812    3.595446    2.987960
416    416    1527260506875674276    3.188523    3.173005    3.176988    1.000000    1.000000    1.000000    3.615305    3.535937    2.990740
417    417    1527260507190805312    3.188487    3.172978    3.173283    1.000000    1.000000    1.000000    3.613778    3.535822    2.980040
418    418    1527260507505847723    3.188452    3.172996    3.174176    1.000000    1.000000    1.000000    3.619430    3.595222    5.971209
419    419    1527260507820438303    3.188429    3.173083    3.178735    1.000000    1.000000    1.000000    3.617980    3.595417    3.012369
420    420    1527260508135279506    3.188400    3.173181    3.176204    1.000000    1.000000    1.000000    3.616556    3.595464    3.020631
421    421    1527260508450556375    3.188360    3.173227    3.171815    1.000000    1.000000    1.000000    3.615071    3.534825    2.993207
422    422    1527260508765551870    3.188328    3.173276    3.174649    1.000000    1.000000    1.000000    3.613548    3.534428    2.973401
423    423    1527260509080398823    3.188299    3.173399    3.176146    1.000000    1.000000    1.000000    3.619141    3.594294    5.975989
424    424    1527260509394840153    3.188280    3.173507    3.180244    1.000000    1.000000    1.000000    3.617646    3.594195    2.985431
425    425    1527260509709412482    3.188258    3.173650    3.178919    1.000000    1.000000    1.000000    3.616188    3.594500    2.998515
426    426    1527260510023983895    3.188236    3.173685    3.178928    1.000000    1.000000    1.000000    3.614757    3.594680    3.006685
427    427    1527260510339140222    3.188200    3.173690    3.173028    1.000000    1.000000    1.000000    3.613318    3.534129    3.002043
428    428    1527260510654204342    3.188167    3.173644    3.173957    1.000000    1.000000    1.000000    3.618971    3.594387    6.027516
429    429    1527260510969356170    3.188132    3.173609    3.173074    1.000000    1.000000    1.000000    3.617476    3.594416    2.979231
430    430    1527260511284037582    3.188108    3.173729    3.177817    1.000000    1.000000    1.000000    3.615994    3.594223    2.980815
431    431    1527260511598721536    3.188084    3.173896    3.177792    1.000000    1.000000    1.000000    3.614526    3.594221    2.983819
432    432    1527260511913800030    3.188051    3.174039    3.173812    1.000000    1.000000    1.000000    3.613053    3.534282    2.979651
433    433    1527260512229326774    3.188007    3.173954    3.169303    1.000000    1.000000    1.000000    3.611616    3.534079    2.993036
434    434    1527260512544612226    3.187970    3.173888    3.171729    1.000000    1.000000    1.000000    3.617149    3.593758    6.006281
435    435    1527260512859015514    3.187953    3.173979    3.180628    1.000000    1.000000    1.000000    3.615754    3.593492    3.010105
436    436    1527260513174144508    3.187919    3.173933    3.173304    1.000000    1.000000    1.000000    3.614312    3.593703    2.988440
437    437    1527260513489012045    3.187892    3.173987    3.175939    1.000000    1.000000    1.000000    3.612869    3.533643    2.984779
438    438    1527260513803854957    3.187865    3.174083    3.176187    1.000000    1.000000    1.000000    3.611428    3.533600    2.982405
439    439    1527260514118912577    3.187833    3.174085    3.174023    1.000000    1.000000    1.000000    3.616807    3.593218    5.968273
440    440    1527260514433809322    3.187806    3.174109    3.175644    1.000000    1.000000    1.000000    3.615405    3.593406    3.000552
441    441    1527260514748802941    3.187776    3.174201    3.174667    1.000000    1.000000    1.000000    3.614049    3.593895    3.018582
442    442    1527260515063571437    3.187751    3.174265    3.176938    1.000000    1.000000    1.000000    3.612682    3.533143    3.010540
443    443    1527260515377958891    3.187735    3.174498    3.180789    1.000000    1.000000    1.000000    3.611248    3.533154    2.977539
444    444    1527260515692679220    3.187712    3.174627    3.177424    1.000000    1.000000    1.000000    3.616599    3.593308    5.984510
445    445    1527260516007501965    3.187687    3.174654    3.176391    1.000000    1.000000    1.000000    3.615189    3.593054    2.990032
446    446    1527260516322129753    3.187666    3.174906    3.178359    1.000000    1.000000    1.000000    3.613764    3.593095    2.980312
447    447    1527260516637295539    3.187633    3.174838    3.172933    1.000000    1.000000    1.000000    3.612367    3.532962    2.990851
448    448    1527260516952162950    3.187607    3.174927    3.175940    1.000000    1.000000    1.000000    3.610989    3.532481    2.995848
449    449    1527260517266968571    3.187582    3.175084    3.176563    1.000000    1.000000    1.000000    3.616422    3.592865    6.047195
450    450    1527260517582208481    3.187548    3.175305    3.172187    1.000000    1.000000    1.000000    3.615000    3.592955    2.978259
451    451    1527260517896990685    3.187524    3.175451    3.176800    1.000000    1.000000    1.000000    3.613569    3.593131    2.970467
452    452    1527260518212197971    3.187491    3.175418    3.172515    1.000000    1.000000    1.000000    3.612183    3.533453    2.988630
453    453    1527260518527421298    3.187457    3.175349    3.172354    1.000000    1.000000    1.000000    3.610779    3.533126    2.977657
454    454    1527260518842867292    3.187419    3.175216    3.170115    1.000000    1.000000    1.000000    3.616008    3.592590    5.977251
455    455    1527260519157279663    3.187404    3.175250    3.180536    1.000000    1.000000    1.000000    3.614693    3.592639    3.017585
456    456    1527260519472359866    3.187374    3.175218    3.173795    1.000000    1.000000    1.000000    3.613388    3.592566    3.020647
457    457    1527260519787067778    3.187352    3.175186    3.177550    1.000000    1.000000    1.000000    3.612028    3.592561    2.992470
458    458    1527260520102252314    3.187320    3.175123    3.172744    1.000000    1.000000    1.000000    3.610639    3.532582    2.977729
459    459    1527260520416972435    3.187299    3.175278    3.177426    1.000000    1.000000    1.000000    3.609273    3.532685    2.984172
460    460    1527260520732043513    3.187269    3.175305    3.173887    1.000000    1.000000    1.000000    3.614411    3.592471    5.967676
461    461    1527260521047296882    3.187236    3.175315    3.172052    1.000000    1.000000    1.000000    3.613075    3.592869    3.000165
462    462    1527260521362122669    3.187213    3.175370    3.176360    1.000000    1.000000    1.000000    3.611766    3.593091    3.009042
463    463    1527260521677017247    3.187188    3.175452    3.175666    1.000000    1.000000    1.000000    3.610482    3.533111    3.018388
464    464    1527260521992149241    3.187158    3.175378    3.173273    1.000000    1.000000    1.000000    3.609195    3.533655    3.014359
465    465    1527260522306610238    3.187142    3.175470    3.180045    1.000000    1.000000    1.000000    3.614297    3.593457    5.981600
466    466    1527260522621716107    3.187113    3.175401    3.173537    1.000000    1.000000    1.000000    3.612952    3.593401    2.988596
467    467    1527260522936581019    3.187089    3.175455    3.175965    1.000000    1.000000    1.000000    3.611601    3.593469    2.982908
468    468    1527260523251729055    3.187059    3.175433    3.173112    1.000000    1.000000    1.000000    3.610238    3.533522    2.975268
469    469    1527260523567200382    3.187023    3.175256    3.169860    1.000000    1.000000    1.000000    3.608909    3.533026    2.989074
470    470    1527260523881969377    3.187001    3.175271    3.176933    1.000000    1.000000    1.000000    3.614066    3.593190    6.030264
471    471    1527260524196714831    3.186980    3.175378    3.177171    1.000000    1.000000    1.000000    3.612756    3.593296    2.997505
472    472    1527260524511771742    3.186953    3.175365    3.174030    1.000000    1.000000    1.000000    3.611393    3.593241    2.970752
473    473    1527260524826654904    3.186929    3.175358    3.175781    1.000000    1.000000    1.000000    3.610081    3.533564    2.991459
474    474    1527260525141510441    3.186906    3.175274    3.176060    1.000000    1.000000    1.000000    3.608753    3.533471    2.981517
475    475    1527260525456802476    3.186874    3.175129    3.171663    1.000000    1.000000    1.000000    3.613717    3.592747    5.960296
476    476    1527260525771507680    3.186854    3.175102    3.177577    1.000000    1.000000    1.000000    3.612437    3.592706    3.004872
477    477    1527260526086437967    3.186830    3.175148    3.175306    1.000000    1.000000    1.000000    3.611200    3.593147    3.023707
478    478    1527260526401475711    3.186804    3.175153    3.174223    1.000000    1.000000    1.000000    3.609919    3.532574    2.999961
479    479    1527260526716816955    3.186771    3.175115    3.171168    1.000000    1.000000    1.000000    3.608580    3.532391    2.970411
480    480    1527260527031500992    3.186752    3.175114    3.177791    1.000000    1.000000    1.000000    3.613492    3.592010    5.964265
481    481    1527260527346147530    3.186734    3.175122    3.178169    1.000000    1.000000    1.000000    3.612180    3.591997    2.983100
482    482    1527260527661054233    3.186711    3.175157    3.175544    1.000000    1.000000    1.000000    3.610903    3.592358    2.997370
483    483    1527260527976084561    3.186685    3.175257    3.174298    1.000000    1.000000    1.000000    3.609621    3.592370    2.992677
484    484    1527260528291153889    3.186659    3.175300    3.173905    1.000000    1.000000    1.000000    3.608346    3.532065    2.994043
485    485    1527260528606692341    3.186623    3.175071    3.169186    1.000000    1.000000    1.000000    3.613310    3.592089    6.007626
486    486    1527260528921236295    3.186607    3.175189    3.179206    1.000000    1.000000    1.000000    3.612026    3.592132    2.989452
487    487    1527260529236873371    3.186570    3.175035    3.168196    1.000000    1.000000    1.000000    3.610710    3.591873    2.973364
488    488    1527260529551683658    3.186549    3.175041    3.176516    1.000000    1.000000    1.000000    3.609434    3.592005    2.988930
489    489    1527260529866844486    3.186521    3.175020    3.172983    1.000000    1.000000    1.000000    3.608159    3.532358    2.987069
490    490    1527260530181846689    3.186497    3.174999    3.174581    1.000000    1.000000    1.000000    3.606884    3.532033    2.984452
491    491    1527260530496618893    3.186477    3.175043    3.176901    1.000000    1.000000    1.000000    3.611793    3.591936    6.015118
492    492    1527260530811460971    3.186456    3.175029    3.176196    1.000000    1.000000    1.000000    3.610560    3.591837    3.005742
493    493    1527260531125933842    3.186443    3.175011    3.179925    1.000000    1.000000    1.000000    3.609283    3.591903    2.981001
494    494    1527260531440967920    3.186418    3.174948    3.174260    1.000000    1.000000    1.000000    3.608025    3.532022    2.988731
495    495    1527260531755999165    3.186394    3.174906    3.174288    1.000000    1.000000    1.000000    3.606764    3.531918    2.985180
496    496    1527260532071232493    3.186365    3.174784    3.172253    1.000000    1.000000    1.000000    3.611530    3.591641    5.965150
497    497    1527260532385926488    3.186348    3.174879    3.177690    1.000000    1.000000    1.000000    3.610290    3.591755    2.995656
498    498    1527260532700684692    3.186329    3.174901    3.177042    1.000000    1.000000    1.000000    3.609106    3.592259    3.020849
499    499    1527260533016400476    3.186291    3.174718    3.167406    1.000000    1.000000    1.000000    3.607903    3.531547    3.011519
