Beat    Tag    Timestamp    Global_Rate    Window_Rate    Instant_Rate    Global_Accuracy    Window_Accuracy    Instant_Accuracy    Global_Power    Window_Power    Instant_Power
0    0    1527260725961002307    0.000000    0.000000    0.000000    1.000000    1.000000    1.000000    0.000000    0.000000    0.000000
1    1    1527260726256372935    6.771154    3.385577    3.385577    1.000000    1.000000    1.000000    2.743465    2.743465    2.743465
2    2    1527260726549700359    5.095991    3.397327    3.409160    1.000000    1.000000    1.000000    2.904114    2.904114    3.065881
3    3    1527260726844289281    4.528540    3.396405    3.394561    1.000000    1.000000    1.000000    2.945503    2.945503    3.028213
4    4    1527260727137460581    4.250044    3.400036    3.410975    1.000000    1.000000    1.000000    2.977025    2.977025    3.071999
5    5    1527260727429980507    4.084472    3.403726    3.418571    1.000000    1.000000    1.000000    3.626587    3.626587    6.238997
6    6    1527260727724394304    3.969622    3.402534    3.396580    1.000000    1.000000    1.000000    3.541986    3.541986    3.119867
7    7    1527260728018059519    3.889051    3.402920    3.405238    1.000000    1.000000    1.000000    3.486988    3.486988    3.156741
8    8    1527260728311892859    3.828336    3.402966    3.403290    1.000000    1.000000    1.000000    3.448352    3.448352    3.177873
9    9    1527260728605720866    3.781121    3.403008    3.403352    1.000000    1.000000    1.000000    3.419881    3.419881    3.192088
10    10    1527260728898774291    3.744334    3.403940    3.412347    1.000000    1.000000    1.000000    3.396496    3.396496    3.185446
11    11    1527260729192915297    3.712971    3.403557    3.399730    1.000000    1.000000    1.000000    3.377981    3.377981    3.193060
12    12    1527260729487318844    3.686566    3.402984    3.396698    1.000000    1.000000    1.000000    3.363912    3.363912    3.209469
13    13    1527260729780782935    3.665132    3.403337    3.407572    1.000000    1.000000    1.000000    3.352896    3.352896    3.220527
14    14    1527260730103123286    3.621333    3.379911    3.102311    1.000000    1.000000    1.000000    3.547607    3.547607    5.854960
15    15    1527260730397154876    3.606729    3.381308    3.400995    1.000000    1.000000    1.000000    3.531592    3.531592    3.305985
16    16    1527260730691327173    3.593834    3.382432    3.399368    1.000000    1.000000    1.000000    3.523275    3.523275    3.397845
17    17    1527260730984443015    3.583201    3.384135    3.411620    1.000000    1.000000    1.000000    3.507890    3.507890    3.259602
18    18    1527260731278367438    3.573198    3.385135    3.402235    1.000000    1.000000    1.000000    3.494257    3.494257    3.261260
19    19    1527260731571730779    3.564600    3.386369    3.408742    1.000000    1.000000    1.000000    3.482847    3.482847    3.276040
20    20    1527260731866431950    3.556049    3.386714    3.393268    1.000000    1.000000    1.000000    3.471511    3.471511    3.255691
21    21    1527260732159909916    3.549012    3.387694    3.407411    1.000000    1.000000    1.000000    3.462720    3.462720    3.285821
22    22    1527260732453893256    3.542336    3.388321    3.401553    1.000000    1.000000    1.000000    3.602498    3.602498    6.549851
23    23    1527260732747666471    3.536347    3.388999    3.403986    1.000000    1.000000    1.000000    3.587762    3.587762    3.262064
24    24    1527260733042854641    3.530150    3.388944    3.387670    1.000000    1.000000    1.000000    3.574229    3.574229    3.263098
25    25    1527260733337145688    3.524877    3.389305    3.397997    1.000000    1.000000    1.000000    3.561536    3.561536    3.256083
26    26    1527260733631499943    3.519980    3.389611    3.397267    1.000000    1.000000    1.000000    3.549418    3.549418    3.245769
27    27    1527260733925731074    3.515500    3.389946    3.398689    1.000000    1.000000    1.000000    3.538381    3.538381    3.250628
28    28    1527260734220230912    3.511224    3.390147    3.395588    1.000000    1.000000    1.000000    3.528246    3.528246    3.254148
29    29    1527260734513941086    3.507566    3.390647    3.404717    1.000000    1.000000    1.000000    3.519776    3.519776    3.281613
30    30    1527260734807912842    3.504048    3.391014    3.401687    1.000000    1.000000    1.000000    3.511897    3.511897    3.282662
31    31    1527260735103638052    3.500085    3.390707    3.381518    1.000000    1.000000    1.000000    3.609310    3.609310    6.523505
32    32    1527260735398370556    3.496738    3.390776    3.392907    1.000000    1.000000    1.000000    3.598615    3.598615    3.266847
33    33    1527260735692756562    3.493717    3.390961    3.396901    1.000000    1.000000    1.000000    3.589162    3.589162    3.286128
34    34    1527260735985722279    3.491369    3.391616    3.413369    1.000000    1.000000    1.000000    3.580734    3.580734    3.300772
35    35    1527260736279508202    3.488877    3.391964    3.403839    1.000000    1.000000    1.000000    3.572725    3.572725    3.299440
36    36    1527260736573212209    3.486550    3.392319    3.404788    1.000000    1.000000    1.000000    3.565620    3.565620    3.315995
37    37    1527260736867223340    3.484250    3.392559    3.401232    1.000000    1.000000    1.000000    3.558754    3.558754    3.310946
38    38    1527260737161139680    3.482100    3.392816    3.402329    1.000000    1.000000    1.000000    3.552079    3.552079    3.304379
39    39    1527260737456133975    3.479734    3.392740    3.389896    1.000000    1.000000    1.000000    3.545033    3.545033    3.277531
40    40    1527260737750325565    3.477723    3.392900    3.399145    1.000000    1.000000    1.000000    3.619496    3.619496    6.529017
41    41    1527260738043368115    3.476140    3.393375    3.412474    1.000000    1.000000    1.000000    3.611499    3.611499    3.289802
42    42    1527260738336669831    3.474560    3.393756    3.409458    1.000000    1.000000    1.000000    3.604299    3.604299    3.307662
43    43    1527260738631141836    3.472732    3.393806    3.395909    1.000000    1.000000    1.000000    3.596990    3.596990    3.289827
44    44    1527260738925590925    3.470993    3.393860    3.396173    1.000000    1.000000    1.000000    3.590173    3.590173    3.296848
45    45    1527260739220218929    3.469285    3.393866    3.394110    1.000000    1.000000    1.000000    3.583223    3.583223    3.277387
46    46    1527260739513914061    3.467889    3.394105    3.404891    1.000000    1.000000    1.000000    3.576695    3.576695    3.281992
47    47    1527260739807804609    3.466504    3.394286    3.402627    1.000000    1.000000    1.000000    3.570231    3.570231    3.272120
48    48    1527260740101820949    3.465146    3.394429    3.401172    1.000000    1.000000    1.000000    3.632213    3.632213    6.551286
49    49    1527260740394880041    3.464073    3.394791    3.412281    1.000000    1.000000    1.000000    3.625139    3.625139    3.283795
50    50    1527260740692015247    3.462084    3.394200    3.365471    1.000000    1.000000    1.000000    3.617660    3.617660    3.254354
51    51    1527260740985929712    3.460915    3.394535    3.402350    1.000000    1.000000    1.000000    3.611472    3.628878    3.301352
52    52    1527260741279394761    3.459893    3.394504    3.407561    1.000000    1.000000    1.000000    3.605799    3.633843    3.315359
53    53    1527260741572783227    3.458926    3.394780    3.408450    1.000000    1.000000    1.000000    3.600010    3.639262    3.297761
54    54    1527260741866362318    3.457954    3.394686    3.406237    1.000000    1.000000    1.000000    3.594450    3.643766    3.298743
55    55    1527260742160130658    3.456976    3.394398    3.404043    1.000000    1.000000    1.000000    3.588730    3.584955    3.279077
56    56    1527260742453808665    3.456052    3.394568    3.405090    1.000000    1.000000    1.000000    3.583619    3.588604    3.301691
57    57    1527260742748400337    3.454973    3.394355    3.394529    1.000000    1.000000    1.000000    3.635704    3.656472    6.551675
58    58    1527260743043260132    3.453876    3.394118    3.391442    1.000000    1.000000    1.000000    3.629506    3.658416    3.276669
59    59    1527260743336653723    3.453108    3.394218    3.408391    1.000000    1.000000    1.000000    3.623799    3.660410    3.291510
60    60    1527260743629585024    3.452456    3.394246    3.413770    1.000000    1.000000    1.000000    3.618549    3.662833    3.307127
61    61    1527260743923811905    3.451576    3.394227    3.398738    1.000000    1.000000    1.000000    3.613554    3.665238    3.313593
62    62    1527260744217815869    3.450766    3.394319    3.401315    1.000000    1.000000    1.000000    3.608820    3.667449    3.319622
63    63    1527260744511809959    3.449985    3.394197    3.401429    1.000000    1.000000    1.000000    3.604179    3.669336    3.315917
64    64    1527260744805116092    3.449353    3.400899    3.409407    1.000000    1.000000    1.000000    3.599819    3.614530    3.324111
65    65    1527260745099288639    3.448585    3.400867    3.399365    1.000000    1.000000    1.000000    3.595445    3.614711    3.315224
66    66    1527260745393918769    3.447758    3.400761    3.394086    1.000000    1.000000    1.000000    3.641265    3.679226    6.617592
67    67    1527260745687517318    3.447137    3.400650    3.406011    1.000000    1.000000    1.000000    3.636576    3.680543    3.326232
68    68    1527260745981531866    3.446462    3.400628    3.401192    1.000000    1.000000    1.000000    3.631949    3.681746    3.321536
69    69    1527260746275560788    3.445805    3.400475    3.401026    1.000000    1.000000    1.000000    3.627599    3.682834    3.331370
70    70    1527260746569046629    3.445257    3.400756    3.407319    1.000000    1.000000    1.000000    3.623192    3.684116    3.318170
71    71    1527260746863794425    3.444516    3.400462    3.392731    1.000000    1.000000    1.000000    3.618474    3.684137    3.288557
72    72    1527260747157745682    3.443925    3.400469    3.401925    1.000000    1.000000    1.000000    3.614069    3.619179    3.300881
73    73    1527260747451388897    3.443400    3.400499    3.405493    1.000000    1.000000    1.000000    3.609901    3.620120    3.309019
74    74    1527260747744671072    3.442946    3.400940    3.409686    1.000000    1.000000    1.000000    3.605884    3.621131    3.311493
75    75    1527260748038079829    3.442485    3.401144    3.408215    1.000000    1.000000    1.000000    3.645922    3.688263    6.618518
76    76    1527260748332063711    3.441947    3.401230    3.401547    1.000000    1.000000    1.000000    3.641196    3.689085    3.286323
77    77    1527260748625061803    3.441572    3.401515    3.412992    1.000000    1.000000    1.000000    3.636983    3.690409    3.315243
78    78    1527260748919301225    3.441021    3.401576    3.398593    1.000000    1.000000    1.000000    3.632892    3.691692    3.317822
79    79    1527260749213776730    3.440450    3.401399    3.395868    1.000000    1.000000    1.000000    3.628724    3.692115    3.303799
80    80    1527260749507935236    3.439938    3.401355    3.399528    1.000000    1.000000    1.000000    3.624656    3.692518    3.303042
81    81    1527260749802337949    3.439405    3.401662    3.396708    1.000000    1.000000    1.000000    3.620611    3.627640    3.297052
82    82    1527260750096542497    3.438912    3.401784    3.398996    1.000000    1.000000    1.000000    3.616666    3.628257    3.297053
83    83    1527260750390229254    3.438504    3.401946    3.404988    1.000000    1.000000    1.000000    3.612999    3.628782    3.311596
84    84    1527260750684491218    3.438026    3.401645    3.398333    1.000000    1.000000    1.000000    3.648843    3.695294    6.624553
85    85    1527260750979148222    3.437505    3.401444    3.393776    1.000000    1.000000    1.000000    3.644507    3.694895    3.280699
86    86    1527260751273641810    3.437018    3.401261    3.395660    1.000000    1.000000    1.000000    3.640363    3.694320    3.288336
87    87    1527260751568425773    3.436503    3.401082    3.392315    1.000000    1.000000    1.000000    3.636341    3.693899    3.290959
88    88    1527260751861357032    3.436246    3.401310    3.413770    1.000000    1.000000    1.000000    3.632789    3.694282    3.322291
89    89    1527260752155825412    3.435793    3.401432    3.395950    1.000000    1.000000    1.000000    3.628875    3.694439    3.284604
90    90    1527260752450162334    3.435368    3.401398    3.397467    1.000000    1.000000    1.000000    3.624983    3.629384    3.278613
91    91    1527260752744954380    3.434893    3.400994    3.392222    1.000000    1.000000    1.000000    3.621313    3.629378    3.291534
92    92    1527260753039856050    3.434414    3.400624    3.390961    1.000000    1.000000    1.000000    3.653857    3.695570    6.609593
93    93    1527260753333372683    3.434120    3.400845    3.406962    1.000000    1.000000    1.000000    3.650178    3.696015    3.310790
94    94    1527260753627051357    3.433812    3.401023    3.405082    1.000000    1.000000    1.000000    3.646654    3.696463    3.318246
95    95    1527260753921025113    3.433474    3.401174    3.401664    1.000000    1.000000    1.000000    3.643016    3.696946    3.300604
96    96    1527260754216353116    3.432978    3.400796    3.386066    1.000000    1.000000    1.000000    3.639302    3.697013    3.287626
97    97    1527260754509334333    3.432775    3.401007    3.413188    1.000000    1.000000    1.000000    3.636008    3.697961    3.318346
98    98    1527260754803598755    3.432423    3.400949    3.398304    1.000000    1.000000    1.000000    3.632703    3.633174    3.312052
99    99    1527260755096903763    3.432192    3.400892    3.409420    1.000000    1.000000    1.000000    3.629643    3.634065    3.328763
100    100    1527260755383477496    3.432750    3.403337    3.489503    1.000000    1.000000    1.000000    3.627459    3.637285    3.405417
101    101    1527260755669418856    3.433370    3.405185    3.497221    1.000000    1.000000    1.000000    3.625214    3.639277    3.394273
102    102    1527260755953466679    3.434196    3.407371    3.520534    1.000000    1.000000    1.000000    3.655895    3.708191    6.864781
103    103    1527260756238568458    3.434886    3.409296    3.507519    1.000000    1.000000    1.000000    3.653862    3.711188    3.439993
104    104    1527260756524050902    3.435521    3.411179    3.502842    1.000000    1.000000    1.000000    3.651776    3.713981    3.430477
105    105    1527260756808750307    3.436231    3.413291    3.512477    1.000000    1.000000    1.000000    3.649808    3.717351    3.438602
106    106    1527260757094939375    3.436764    3.415037    3.494194    1.000000    1.000000    1.000000    3.647650    3.719779    3.415019
107    107    1527260757379541697    3.437461    3.417368    3.513675    1.000000    1.000000    1.000000    3.645572    3.656894    3.418222
108    108    1527260757664043643    3.438156    3.419789    3.514914    1.000000    1.000000    1.000000    3.643625    3.660120    3.428627
109    109    1527260757949700629    3.438714    3.421600    3.500702    1.000000    1.000000    1.000000    3.641552    3.662660    3.411466
110    110    1527260758233511994    3.439460    3.423737    3.523467    1.000000    1.000000    1.000000    3.639795    3.665498    3.441740
111    111    1527260758519284313    3.439985    3.425720    3.499289    1.000000    1.000000    1.000000    3.637847    3.667746    3.417955
112    112    1527260758803619802    3.440651    3.427991    3.516972    1.000000    1.000000    1.000000    3.636182    3.670430    3.445462
113    113    1527260759088957247    3.441202    3.430027    3.504622    1.000000    1.000000    1.000000    3.634270    3.672564    3.414210
114    114    1527260759373236986    3.441853    3.432152    3.517662    1.000000    1.000000    1.000000    3.662069    3.742591    6.901621
115    115    1527260759658311765    3.442411    3.434297    3.507852    1.000000    1.000000    1.000000    3.660125    3.745148    3.432184
116    116    1527260759943165128    3.442983    3.436604    3.510578    1.000000    1.000000    1.000000    3.658108    3.680604    3.419493
117    117    1527260760229052654    3.443441    3.438426    3.497879    1.000000    1.000000    1.000000    3.656181    3.682775    3.427127
118    118    1527260760514220058    3.443963    3.440520    3.506712    1.000000    1.000000    1.000000    3.654215    3.684888    3.417996
119    119    1527260760799178837    3.444497    3.442668    3.509279    1.000000    1.000000    1.000000    3.652234    3.686692    3.412079
120    120    1527260761083700909    3.445066    3.444794    3.514666    1.000000    1.000000    1.000000    3.650521    3.689324    3.440798
121    121    1527260761368482813    3.445600    3.447161    3.511459    1.000000    1.000000    1.000000    3.648863    3.692657    3.444334
122    122    1527260761653487676    3.446104    3.449289    3.508712    1.000000    1.000000    1.000000    3.647081    3.695354    3.425720
123    123    1527260761937463749    3.446698    3.451591    3.521423    1.000000    1.000000    1.000000    3.645363    3.697970    3.429342
124    124    1527260762222695902    3.447164    3.453510    3.505916    1.000000    1.000000    1.000000    3.643491    3.700076    3.407442
125    125    1527260762508577387    3.447561    3.455306    3.497953    1.000000    1.000000    1.000000    3.641557    3.634897    3.396187
126    126    1527260762794872871    3.447914    3.457143    3.492895    1.000000    1.000000    1.000000    3.639712    3.637415    3.404210
127    127    1527260763079757234    3.448392    3.459084    3.510196    1.000000    1.000000    1.000000    3.664489    3.707617    6.867990
128    128    1527260763364693388    3.448857    3.461311    3.509558    1.000000    1.000000    1.000000    3.662793    3.710314    3.441834
129    129    1527260763649843625    3.449297    3.463547    3.506923    1.000000    1.000000    1.000000    3.661188    3.713478    3.450718
130    130    1527260763934371322    3.449786    3.465859    3.514596    1.000000    1.000000    1.000000    3.659656    3.716783    3.456697
131    131    1527260764219338768    3.450228    3.468127    3.509173    1.000000    1.000000    1.000000    3.658034    3.719921    3.441909
132    132    1527260764504760754    3.450624    3.470242    3.503584    1.000000    1.000000    1.000000    3.656515    3.723265    3.452856
133    133    1527260764791073321    3.450934    3.472018    3.492686    1.000000    1.000000    1.000000    3.654742    3.725553    3.416099
134    134    1527260765075640976    3.451393    3.474357    3.514103    1.000000    1.000000    1.000000    3.653224    3.660750    3.446091
135    135    1527260765359972132    3.451867    3.476852    3.517026    1.000000    1.000000    1.000000    3.651609    3.663964    3.429424
136    136    1527260765644277163    3.452336    3.479317    3.517349    1.000000    1.000000    1.000000    3.650102    3.667257    3.441318
137    137    1527260765929411233    3.452727    3.481655    3.507122    1.000000    1.000000    1.000000    3.648501    3.670183    3.425638
138    138    1527260766213649847    3.453189    3.483764    3.518171    1.000000    1.000000    1.000000    3.646950    3.672505    3.428859
139    139    1527260766498451210    3.453597    3.486112    3.511219    1.000000    1.000000    1.000000    3.645375    3.675511    3.422814
140    140    1527260766783633072    3.453967    3.488339    3.506534    1.000000    1.000000    1.000000    3.667911    3.747245    6.871296
141    141    1527260767068978017    3.454318    3.490639    3.504530    1.000000    1.000000    1.000000    3.666307    3.750439    3.436805
142    142    1527260767353995462    3.454691    3.493050    3.508557    1.000000    1.000000    1.000000    3.664786    3.685461    3.445421
143    143    1527260767639973780    3.454980    3.494890    3.496769    1.000000    1.000000    1.000000    3.663089    3.687792    3.417528
144    144    1527260767925364600    3.455313    3.496916    3.503967    1.000000    1.000000    1.000000    3.661429    3.690018    3.419020
145    145    1527260768210324088    3.455677    3.499122    3.509271    1.000000    1.000000    1.000000    3.659848    3.692784    3.426989
146    146    1527260768495242283    3.456039    3.501673    3.509779    1.000000    1.000000    1.000000    3.658395    3.696177    3.442876
147    147    1527260768779789105    3.456427    3.503743    3.514360    1.000000    1.000000    1.000000    3.656907    3.698716    3.434458
148    148    1527260769064446010    3.456800    3.506103    3.513001    1.000000    1.000000    1.000000    3.655474    3.701530    3.440011
149    149    1527260769349422289    3.457144    3.508152    3.509064    1.000000    1.000000    1.000000    3.654089    3.704065    3.444610
150    150    1527260769635347191    3.457407    3.508312    3.497422    1.000000    1.000000    1.000000    3.652649    3.704653    3.434052
151    151    1527260769920695052    3.457713    3.508458    3.504494    1.000000    1.000000    1.000000    3.651269    3.705582    3.440047
152    152    1527260770206326413    3.457993    3.508068    3.501016    1.000000    1.000000    1.000000    3.671897    3.705570    6.846661
153    153    1527260770491312984    3.458319    3.508096    3.508937    1.000000    1.000000    1.000000    3.670292    3.705195    3.421158
154    154    1527260770777297135    3.458563    3.507973    3.496697    1.000000    1.000000    1.000000    3.668725    3.705068    3.424627
155    155    1527260771061934582    3.458909    3.507988    3.513241    1.000000    1.000000    1.000000    3.667330    3.705252    3.447751
156    156    1527260771346981860    3.459218    3.508269    3.508190    1.000000    1.000000    1.000000    3.665883    3.705713    3.436914
157    157    1527260771632658971    3.459476    3.508005    3.500455    1.000000    1.000000    1.000000    3.664405    3.705918    3.429515
158    158    1527260771918269665    3.459736    3.507732    3.501269    1.000000    1.000000    1.000000    3.662993    3.706069    3.437238
159    159    1527260772204663816    3.459934    3.507550    3.491691    1.000000    1.000000    1.000000    3.661536    3.706381    3.427755
160    160    1527260772490866467    3.460143    3.506962    3.494028    1.000000    1.000000    1.000000    3.660089    3.706027    3.426331
161    161    1527260772775822412    3.460443    3.507163    3.509314    1.000000    1.000000    1.000000    3.658835    3.706767    3.454116
162    162    1527260773062580062    3.460606    3.506567    3.487265    1.000000    1.000000    1.000000    3.657273    3.705852    3.402180
163    163    1527260773347540341    3.460899    3.506660    3.509261    1.000000    1.000000    1.000000    3.655828    3.705917    3.417066
164    164    1527260773633612576    3.461107    3.506219    3.495621    1.000000    1.000000    1.000000    3.674724    3.704373    6.804635
165    165    1527260773917980231    3.461436    3.506393    3.516574    1.000000    1.000000    1.000000    3.673267    3.704325    3.429110
166    166    1527260774203728092    3.461662    3.506173    3.499589    1.000000    1.000000    1.000000    3.671695    3.704073    3.407795
167    167    1527260774487518207    3.462025    3.506689    3.523731    1.000000    1.000000    1.000000    3.670382    3.704512    3.447153
168    168    1527260774772028279    3.462332    3.506850    3.514814    1.000000    1.000000    1.000000    3.669043    3.704979    3.440729
169    169    1527260775057521223    3.462567    3.506719    3.502714    1.000000    1.000000    1.000000    3.667617    3.705201    3.423745
170    170    1527260775342052378    3.462867    3.506717    3.514554    1.000000    1.000000    1.000000    3.666231    3.704928    3.427101
171    171    1527260775628129738    3.463055    3.506398    3.495558    1.000000    1.000000    1.000000    3.664609    3.703706    3.384612
172    172    1527260775913118017    3.463317    3.506402    3.508916    1.000000    1.000000    1.000000    3.663255    3.703737    3.427271
173    173    1527260776199248585    3.463497    3.505872    3.494908    1.000000    1.000000    1.000000    3.661891    3.703587    3.423909
174    174    1527260776485189903    3.463688    3.505698    3.497221    1.000000    1.000000    1.000000    3.660516    3.703802    3.418890
175    175    1527260776771337262    3.463862    3.505633    3.494703    1.000000    1.000000    1.000000    3.658985    3.703645    3.388674
176    176    1527260777055840709    3.464146    3.506073    3.514896    1.000000    1.000000    1.000000    3.657646    3.703967    3.418472
177    177    1527260777341318737    3.464362    3.505927    3.502897    1.000000    1.000000    1.000000    3.675397    3.703789    6.852503
178    178    1527260777628079762    3.464489    3.505479    3.487224    1.000000    1.000000    1.000000    3.673880    3.702954    3.401948
179    179    1527260777912820625    3.464749    3.505579    3.511965    1.000000    1.000000    1.000000    3.672624    3.702842    3.444774
180    180    1527260778196932573    3.465048    3.505682    3.519739    1.000000    1.000000    1.000000    3.671383    3.702607    3.444551
181    181    1527260778482588183    3.465242    3.505512    3.500719    1.000000    1.000000    1.000000    3.670051    3.702286    3.426472
182    182    1527260778768972709    3.465386    3.505276    3.491809    1.000000    1.000000    1.000000    3.668737    3.701764    3.427696
183    183    1527260779053920988    3.465622    3.505611    3.509409    1.000000    1.000000    1.000000    3.667433    3.701983    3.425688
184    184    1527260779338982017    3.465849    3.505490    3.508021    1.000000    1.000000    1.000000    3.666183    3.701720    3.433391
185    185    1527260779624089087    3.466070    3.505299    3.507454    1.000000    1.000000    1.000000    3.664962    3.701845    3.436393
186    186    1527260779908606742    3.466326    3.505247    3.514720    1.000000    1.000000    1.000000    3.663734    3.701657    3.432096
187    187    1527260780193537063    3.466554    3.505297    3.509630    1.000000    1.000000    1.000000    3.662501    3.701729    3.429084
188    188    1527260780477988677    3.466809    3.505245    3.515536    1.000000    1.000000    1.000000    3.661411    3.702218    3.453572
189    189    1527260780762983706    3.467028    3.505197    3.508833    1.000000    1.000000    1.000000    3.677959    3.770558    6.843533
190    190    1527260781048947191    3.467183    3.505005    3.496950    1.000000    1.000000    1.000000    3.676557    3.701298    3.407792
191    191    1527260781332622556    3.467480    3.505415    3.525156    1.000000    1.000000    1.000000    3.675460    3.701840    3.462486
192    192    1527260781617091295    3.467725    3.505550    3.515325    1.000000    1.000000    1.000000    3.674335    3.702046    3.455272
193    193    1527260781902123616    3.467932    3.505783    3.508374    1.000000    1.000000    1.000000    3.673140    3.702512    3.439905
194    194    1527260782187515894    3.468115    3.505782    3.503949    1.000000    1.000000    1.000000    3.671787    3.702263    3.406588
195    195    1527260782474248835    3.468213    3.505347    3.487566    1.000000    1.000000    1.000000    3.670373    3.701545    3.392959
196    196    1527260782760156486    3.468362    3.505104    3.497633    1.000000    1.000000    1.000000    3.669142    3.701187    3.425879
197    197    1527260783045983638    3.468513    3.504789    3.498618    1.000000    1.000000    1.000000    3.667913    3.700947    3.423713
198    198    1527260783331266958    3.468696    3.504635    3.505287    1.000000    1.000000    1.000000    3.666730    3.700737    3.430050
199    199    1527260783616571028    3.468876    3.504555    3.505032    1.000000    1.000000    1.000000    3.665515    3.700261    3.421104
200    200    1527260783911390991    3.468484    3.502371    3.391901    1.000000    1.000000    1.000000    3.663767    3.697780    3.321943
201    201    1527260784205821162    3.468120    3.500144    3.396391    1.000000    1.000000    1.000000    3.678803    3.763535    6.638287
202    202    1527260784500888916    3.467721    3.497833    3.389052    1.000000    1.000000    1.000000    3.676924    3.692483    3.305946
203    203    1527260784795073172    3.467379    3.495584    3.399230    1.000000    1.000000    1.000000    3.675107    3.690094    3.313498
204    204    1527260785089648968    3.467017    3.493486    3.394712    1.000000    1.000000    1.000000    3.673276    3.687529    3.307753
205    205    1527260785384043973    3.466669    3.491106    3.396797    1.000000    1.000000    1.000000    3.671448    3.684417    3.304305
206    206    1527260785677182732    3.466397    3.489135    3.411354    1.000000    1.000000    1.000000    3.669740    3.681956    3.323406
207    207    1527260785970973363    3.466091    3.487160    3.403785    1.000000    1.000000    1.000000    3.668029    3.679576    3.320348
208    208    1527260786264508038    3.465802    3.485234    3.406753    1.000000    1.000000    1.000000    3.666377    3.677219    3.328605
209    209    1527260786559087792    3.465456    3.483247    3.394666    1.000000    1.000000    1.000000    3.664699    3.674888    3.321090
210    210    1527260786852918299    3.465156    3.481397    3.403323    1.000000    1.000000    1.000000    3.679250    3.741328    6.680270
211    211    1527260787147604512    3.464811    3.479040    3.393440    1.000000    1.000000    1.000000    3.677564    3.738572    3.329199
212    212    1527260787441079728    3.464537    3.477414    3.407443    1.000000    1.000000    1.000000    3.675845    3.736683    3.317357
213    213    1527260787735582358    3.464208    3.475108    3.395555    1.000000    1.000000    1.000000    3.674116    3.734344    3.313145
214    214    1527260788029574864    3.463911    3.473196    3.401447    1.000000    1.000000    1.000000    3.672428    3.664826    3.317809
215    215    1527260788323307996    3.463631    3.470938    3.404451    1.000000    1.000000    1.000000    3.670806    3.662611    3.327997
216    216    1527260788616348463    3.463392    3.469182    3.412498    1.000000    1.000000    1.000000    3.669091    3.660377    3.304281
217    217    1527260788909148805    3.463168    3.467014    3.415297    1.000000    1.000000    1.000000    3.667544    3.657996    3.336441
218    218    1527260789202616896    3.462910    3.464862    3.407525    1.000000    1.000000    1.000000    3.665905    3.655289    3.314210
219    219    1527260789497073776    3.462600    3.462711    3.396083    1.000000    1.000000    1.000000    3.679439    3.719636    6.586265
220    220    1527260789792321238    3.462250    3.460143    3.386989    1.000000    1.000000    1.000000    3.677645    3.716651    3.291602
221    221    1527260790087052159    3.461932    3.458072    3.392925    1.000000    1.000000    1.000000    3.675967    3.714985    3.312649
222    222    1527260790381058831    3.461655    3.455917    3.401283    1.000000    1.000000    1.000000    3.674321    3.712529    3.315244
223    223    1527260790675511003    3.461357    3.453930    3.396137    1.000000    1.000000    1.000000    3.672688    3.710158    3.315482
224    224    1527260790970078300    3.461055    3.451874    3.394810    1.000000    1.000000    1.000000    3.671187    3.708407    3.341304
225    225    1527260791263570765    3.460813    3.450124    3.407242    1.000000    1.000000    1.000000    3.669715    3.707332    3.343602
226    226    1527260791558551894    3.460495    3.447631    3.390047    1.000000    1.000000    1.000000    3.668119    3.705017    3.314934
227    227    1527260791852529609    3.460232    3.445612    3.401618    1.000000    1.000000    1.000000    3.681320    3.702289    6.626853
228    228    1527260792145073744    3.460047    3.444239    3.418288    1.000000    1.000000    1.000000    3.679796    3.700851    3.336522
229    229    1527260792439440999    3.459768    3.441957    3.397117    1.000000    1.000000    1.000000    3.678179    3.698045    3.314683
230    230    1527260792732742757    3.459547    3.439781    3.409458    1.000000    1.000000    1.000000    3.676602    3.695354    3.319094
231    231    1527260793026340681    3.459313    3.437902    3.406019    1.000000    1.000000    1.000000    3.675016    3.692945    3.314414
232    232    1527260793319267106    3.459115    3.436357    3.413827    1.000000    1.000000    1.000000    3.673461    3.690604    3.317369
233    233    1527260793614192694    3.458817    3.434002    3.390686    1.000000    1.000000    1.000000    3.671807    3.687758    3.294129
234    234    1527260793907623076    3.458597    3.432029    3.407963    1.000000    1.000000    1.000000    3.670301    3.685390    3.323088
235    235    1527260794201521124    3.458356    3.429959    3.402540    1.000000    1.000000    1.000000    3.668853    3.683179    3.334170
236    236    1527260794496397295    3.458067    3.427524    3.391254    1.000000    1.000000    1.000000    3.681438    3.746909    6.593686
237    237    1527260794792187963    3.457735    3.424974    3.380769    1.000000    1.000000    1.000000    3.679855    3.744325    3.313225
238    238    1527260795087248009    3.457442    3.422487    3.389141    1.000000    1.000000    1.000000    3.678344    3.741535    3.325882
239    239    1527260795381745722    3.457180    3.420262    3.395612    1.000000    1.000000    1.000000    3.676786    3.672389    3.311061
240    240    1527260795676269685    3.456919    3.418260    3.395309    1.000000    1.000000    1.000000    3.675278    3.670461    3.319703
241    241    1527260795970315608    3.456683    3.415839    3.400829    1.000000    1.000000    1.000000    3.673801    3.667525    3.323702
242    242    1527260796264664947    3.456434    3.413534    3.397324    1.000000    1.000000    1.000000    3.672298    3.664561    3.314864
243    243    1527260796558990327    3.456189    3.411370    3.397600    1.000000    1.000000    1.000000    3.670754    3.661645    3.301822
244    244    1527260796852468876    3.455987    3.409489    3.407404    1.000000    1.000000    1.000000    3.669261    3.659576    3.310228
245    245    1527260797145365594    3.455815    3.408057    3.414173    1.000000    1.000000    1.000000    3.681498    3.724352    6.643151
246    246    1527260797439026059    3.455608    3.406257    3.405293    1.000000    1.000000    1.000000    3.680037    3.722195    3.325940
247    247    1527260797732202067    3.455425    3.404552    3.410920    1.000000    1.000000    1.000000    3.678682    3.720541    3.348378
248    248    1527260798026851072    3.455173    3.402383    3.393869    1.000000    1.000000    1.000000    3.677222    3.718180    3.321528
249    249    1527260798320143996    3.454988    3.400534    3.409561    1.000000    1.000000    1.000000    3.675766    3.715961    3.317956
250    250    1527260798613614337    3.454797    3.400846    3.407499    1.000000    1.000000    1.000000    3.674305    3.715843    3.314192
251    251    1527260798907261594    3.454598    3.401027    3.405446    1.000000    1.000000    1.000000    3.672914    3.649580    3.328616
252    252    1527260799201511558    3.454372    3.401217    3.398471    1.000000    1.000000    1.000000    3.671520    3.650003    3.326118
253    253    1527260799496080896    3.454134    3.401127    3.394786    1.000000    1.000000    1.000000    3.670069    3.649911    3.309340
254    254    1527260799790898609    3.453885    3.401072    3.391926    1.000000    1.000000    1.000000    3.681777    3.715969    6.602052
255    255    1527260800084042784    3.453717    3.401361    3.411291    1.000000    1.000000    1.000000    3.680432    3.716748    3.341632
256    256    1527260800377188251    3.453550    3.401359    3.411276    1.000000    1.000000    1.000000    3.679114    3.717197    3.345919
257    257    1527260800671937088    3.453310    3.401138    3.392719    1.000000    1.000000    1.000000    3.677709    3.717222    3.322894
258    258    1527260800965256763    3.453137    3.401187    3.409250    1.000000    1.000000    1.000000    3.676329    3.717150    3.324707
259    259    1527260801259237644    3.452936    3.401326    3.401582    1.000000    1.000000    1.000000    3.674873    3.716812    3.303412
260    260    1527260801553449733    3.452726    3.401238    3.398909    1.000000    1.000000    1.000000    3.673434    3.649344    3.305337
261    261    1527260801845449661    3.452618    3.401859    3.424658    1.000000    1.000000    1.000000    3.672075    3.649221    3.320066
262    262    1527260802140105416    3.452390    3.401586    3.393791    1.000000    1.000000    1.000000    3.670621    3.648773    3.296304
263    263    1527260802434091464    3.452195    3.401706    3.401522    1.000000    1.000000    1.000000    3.681790    3.714046    6.576016
264    264    1527260802729230259    3.451949    3.401440    3.388236    1.000000    1.000000    1.000000    3.680023    3.712091    3.222023
265    265    1527260803024541887    3.451697    3.401075    3.386253    1.000000    1.000000    1.000000    3.678272    3.709944    3.223161
266    266    1527260803317385312    3.451557    3.401121    3.414794    1.000000    1.000000    1.000000    3.676643    3.708829    3.248002
267    267    1527260803612217983    3.451330    3.400651    3.391754    1.000000    1.000000    1.000000    3.674932    3.706559    3.225843
268    268    1527260803906498072    3.451130    3.400463    3.398123    1.000000    1.000000    1.000000    3.673246    3.704824    3.228570
269    269    1527260804199860288    3.450971    3.400716    3.408755    1.000000    1.000000    1.000000    3.671636    3.637919    3.243870
270    270    1527260804493996336    3.450779    3.400973    3.399787    1.000000    1.000000    1.000000    3.670016    3.636891    3.238916
271    271    1527260804787265552    3.450627    3.401311    3.409836    1.000000    1.000000    1.000000    3.680581    3.700707    6.509814
272    272    1527260805080507102    3.450477    3.401488    3.410158    1.000000    1.000000    1.000000    3.679052    3.699783    3.267948
273    273    1527260805376120604    3.450225    3.401220    3.382795    1.000000    1.000000    1.000000    3.677395    3.698113    3.233942
274    274    1527260805670434484    3.450031    3.401278    3.397733    1.000000    1.000000    1.000000    3.675752    3.695942    3.232539
275    275    1527260805963650243    3.449886    3.401342    3.410458    1.000000    1.000000    1.000000    3.674174    3.693984    3.245119
276    276    1527260806257516374    3.449714    3.401600    3.402910    1.000000    1.000000    1.000000    3.672580    3.692490    3.238760
277    277    1527260806552083337    3.449513    3.401464    3.394814    1.000000    1.000000    1.000000    3.670954    3.624492    3.227714
278    278    1527260806847284007    3.449287    3.400849    3.387526    1.000000    1.000000    1.000000    3.669312    3.622121    3.221033
279    279    1527260807142082428    3.449080    3.400749    3.392148    1.000000    1.000000    1.000000    3.667700    3.620319    3.225282
280    280    1527260807436326225    3.448897    3.400532    3.398542    1.000000    1.000000    1.000000    3.677775    3.683101    6.457336
281    281    1527260807731786561    3.448664    3.400101    3.384549    1.000000    1.000000    1.000000    3.676093    3.681007    3.212496
282    282    1527260808025320360    3.448515    3.399961    3.406763    1.000000    1.000000    1.000000    3.674519    3.679367    3.235931
283    283    1527260808320092364    3.448314    3.399996    3.392452    1.000000    1.000000    1.000000    3.672908    3.677973    3.224397
284    284    1527260808614429036    3.448133    3.399786    3.397470    1.000000    1.000000    1.000000    3.671309    3.675964    3.223832
285    285    1527260808908706375    3.447956    3.399699    3.398155    1.000000    1.000000    1.000000    3.669728    3.673784    3.225651
286    286    1527260809202469715    3.447801    3.399956    3.404101    1.000000    1.000000    1.000000    3.668216    3.606597    3.241313
287    287    1527260809496037889    3.447655    3.400470    3.406364    1.000000    1.000000    1.000000    3.666727    3.605270    3.244497
288    288    1527260809790225520    3.447485    3.400672    3.399191    1.000000    1.000000    1.000000    3.665221    3.603523    3.237750
289    289    1527260810082993363    3.447374    3.401072    3.415676    1.000000    1.000000    1.000000    3.675109    3.667188    6.506275
290    290    1527260810377196868    3.447206    3.401146    3.399008    1.000000    1.000000    1.000000    3.673541    3.665303    3.225128
291    291    1527260810670612293    3.447071    3.401292    3.408137    1.000000    1.000000    1.000000    3.671998    3.663412    3.228201
292    292    1527260810964812757    3.446904    3.401326    3.399043    1.000000    1.000000    1.000000    3.670465    3.661695    3.228914
293    293    1527260811257145309    3.446815    3.401788    3.420762    1.000000    1.000000    1.000000    3.669016    3.660670    3.247842
294    294    1527260811551275732    3.446653    3.401637    3.399852    1.000000    1.000000    1.000000    3.667508    3.659051    3.230111
295    295    1527260811845572737    3.446486    3.401313    3.397928    1.000000    1.000000    1.000000    3.665992    3.590905    3.224997
296    296    1527260812140448491    3.446297    3.401031    3.391259    1.000000    1.000000    1.000000    3.664464    3.588748    3.219502
297    297    1527260812434898913    3.446127    3.400737    3.396157    1.000000    1.000000    1.000000    3.662958    3.586200    3.222223
298    298    1527260812729091627    3.445967    3.400842    3.399132    1.000000    1.000000    1.000000    3.672414    3.648848    6.451927
299    299    1527260813022896300    3.445824    3.400724    3.403622    1.000000    1.000000    1.000000    3.670936    3.647165    3.234309
300    300    1527260813321226295    3.445504    3.399600    3.351993    1.000000    1.000000    1.000000    3.669288    3.644502    3.188315
301    301    1527260813618585751    3.445224    3.398742    3.362933    1.000000    1.000000    1.000000    3.667653    3.641571    3.187556
302    302    1527260813915325376    3.444970    3.398167    3.369958    1.000000    1.000000    1.000000    3.666109    3.639171    3.209777
303    303    1527260814211917167    3.444723    3.397700    3.371637    1.000000    1.000000    1.000000    3.664547    3.636951    3.201414
304    304    1527260814508888416    3.444464    3.397203    3.367329    1.000000    1.000000    1.000000    3.662973    3.568646    3.195356
305    305    1527260814806340455    3.444187    3.396209    3.361887    1.000000    1.000000    1.000000    3.661349    3.565272    3.177927
306    306    1527260815103481745    3.443925    3.395288    3.365402    1.000000    1.000000    1.000000    3.670363    3.626142    6.365564
307    307    1527260815399547329    3.443705    3.394984    3.377630    1.000000    1.000000    1.000000    3.668779    3.623480    3.191823
308    308    1527260815696998077    3.443434    3.394032    3.361901    1.000000    1.000000    1.000000    3.667153    3.620435    3.178062
309    309    1527260815994827240    3.443150    3.393146    3.357630    1.000000    1.000000    1.000000    3.665517    3.617711    3.172735
310    310    1527260816291880363    3.442898    3.392492    3.366401    1.000000    1.000000    1.000000    3.663939    3.615238    3.185615
311    311    1527260816589383319    3.442630    3.391225    3.361311    1.000000    1.000000    1.000000    3.662363    3.612377    3.183716
312    312    1527260816886682484    3.442372    3.390617    3.363615    1.000000    1.000000    1.000000    3.660801    3.610074    3.184886
313    313    1527260817183428858    3.442136    3.389983    3.369881    1.000000    1.000000    1.000000    3.659257    3.542423    3.185940
314    314    1527260817480774606    3.441879    3.389476    3.363088    1.000000    1.000000    1.000000    3.668062    3.605815    6.369319
315    315    1527260817779023768    3.441590    3.388801    3.352901    1.000000    1.000000    1.000000    3.666513    3.605094    3.191271
316    316    1527260818076015433    3.441350    3.387848    3.367098    1.000000    1.000000    1.000000    3.665010    3.604034    3.200315
317    317    1527260818373597764    3.441089    3.387217    3.360415    1.000000    1.000000    1.000000    3.663487    3.603284    3.192132
318    318    1527260818671255969    3.440828    3.386442    3.359558    1.000000    1.000000    1.000000    3.661912    3.602074    3.172834
319    319    1527260818968504758    3.440583    3.385551    3.364185    1.000000    1.000000    1.000000    3.660362    3.600632    3.176884
320    320    1527260819264995508    3.440367    3.385011    3.372787    1.000000    1.000000    1.000000    3.658882    3.599687    3.194727
321    321    1527260819562271381    3.440124    3.384093    3.363879    1.000000    1.000000    1.000000    3.657353    3.533426    3.177321
322    322    1527260819858145758    3.439934    3.383491    3.379813    1.000000    1.000000    1.000000    3.665955    3.595838    6.387512
323    323    1527260820155344506    3.439697    3.383127    3.364752    1.000000    1.000000    1.000000    3.664424    3.594729    3.180710
324    324    1527260820451882381    3.439485    3.382618    3.372251    1.000000    1.000000    1.000000    3.662942    3.593863    3.192091
325    325    1527260820749369461    3.439241    3.381641    3.361491    1.000000    1.000000    1.000000    3.661436    3.592515    3.183160
326    326    1527260821045947003    3.439030    3.381021    3.371799    1.000000    1.000000    1.000000    3.659950    3.591369    3.184847
327    327    1527260821343701833    3.438779    3.380293    3.358468    1.000000    1.000000    1.000000    3.658424    3.590156    3.171321
328    328    1527260821641316747    3.438534    3.379741    3.360047    1.000000    1.000000    1.000000    3.656918    3.589149    3.173991
329    329    1527260821939831033    3.438258    3.378892    3.349923    1.000000    1.000000    1.000000    3.655459    3.588305    3.187981
330    330    1527260822237765363    3.438005    3.378050    3.356444    1.000000    1.000000    1.000000    3.663972    3.587995    6.406405
331    331    1527260822534312696    3.437803    3.377802    3.372143    1.000000    1.000000    1.000000    3.662528    3.587592    3.193719
332    332    1527260822831650610    3.437574    3.376934    3.363177    1.000000    1.000000    1.000000    3.661043    3.586355    3.178838
333    333    1527260823128324276    3.437370    3.376500    3.370707    1.000000    1.000000    1.000000    3.659584    3.585477    3.182905
334    334    1527260823424664235    3.437178    3.376044    3.374503    1.000000    1.000000    1.000000    3.658153    3.584733    3.189094
335    335    1527260823722050066    3.436952    3.375335    3.362635    1.000000    1.000000    1.000000    3.656705    3.583782    3.182021
336    336    1527260824019594605    3.436721    3.374474    3.360841    1.000000    1.000000    1.000000    3.655249    3.582404    3.177047
337    337    1527260824316106646    3.436527    3.373804    3.372544    1.000000    1.000000    1.000000    3.653811    3.581010    3.178181
338    338    1527260824613110728    3.436318    3.373163    3.366957    1.000000    1.000000    1.000000    3.662008    3.643836    6.376512
339    339    1527260824909520978    3.436130    3.372334    3.373702    1.000000    1.000000    1.000000    3.660618    3.578403    3.198118
340    340    1527260825207052767    3.435905    3.371577    3.360985    1.000000    1.000000    1.000000    3.659183    3.577454    3.181821
341    341    1527260825503315226    3.435725    3.370930    3.375385    1.000000    1.000000    1.000000    3.657801    3.576721    3.194853
342    342    1527260825799941809    3.435533    3.370378    3.371242    1.000000    1.000000    1.000000    3.656448    3.576136    3.202491
343    343    1527260826098142763    3.435289    3.369046    3.353443    1.000000    1.000000    1.000000    3.655065    3.574880    3.191804
344    344    1527260826394633930    3.435104    3.368510    3.372782    1.000000    1.000000    1.000000    3.653690    3.574015    3.189522
345    345    1527260826691591345    3.434905    3.367906    3.367486    1.000000    1.000000    1.000000    3.652300    3.573098    3.182268
346    346    1527260826988629760    3.434704    3.367416    3.366568    1.000000    1.000000    1.000000    3.660249    3.635788    6.355808
347    347    1527260827286115924    3.434489    3.366727    3.361501    1.000000    1.000000    1.000000    3.658833    3.634814    3.177812
348    348    1527260827583496005    3.434279    3.366005    3.362700    1.000000    1.000000    1.000000    3.657428    3.569889    3.178663
349    349    1527260827880996711    3.434066    3.365168    3.361337    1.000000    1.000000    1.000000    3.656040    3.568757    3.181962
350    350    1527260828178227459    3.433864    3.365417    3.364389    1.000000    1.000000    1.000000    3.654648    3.568563    3.177225
351    351    1527260828475056083    3.433676    3.365537    3.368947    1.000000    1.000000    1.000000    3.653261    3.568343    3.175873
352    352    1527260828772938163    3.433453    3.365278    3.357033    1.000000    1.000000    1.000000    3.651860    3.567514    3.169768
353    353    1527260829069641954    3.433272    3.365253    3.370365    1.000000    1.000000    1.000000    3.650539    3.567336    3.192672
354    354    1527260829367169743    3.433064    3.365127    3.361031    1.000000    1.000000    1.000000    3.658373    3.630958    6.373267
355    355    1527260829664457157    3.432865    3.365164    3.363748    1.000000    1.000000    1.000000    3.657043    3.631290    3.194262
356    356    1527260829960763866    3.432700    3.365353    3.374881    1.000000    1.000000    1.000000    3.655762    3.568158    3.207720
357    357    1527260830258185114    3.432499    3.365046    3.362235    1.000000    1.000000    1.000000    3.654432    3.568069    3.189090
358    358    1527260830553991074    3.432352    3.365418    3.380594    1.000000    1.000000    1.000000    3.653123    3.568380    3.191542
359    359    1527260830851109988    3.432164    3.365579    3.365656    1.000000    1.000000    1.000000    3.651792    3.568616    3.183547
360    360    1527260831148270945    3.431974    3.365555    3.365180    1.000000    1.000000    1.000000    3.650467    3.568550    3.182477
361    361    1527260831444504529    3.431816    3.365843    3.375714    1.000000    1.000000    1.000000    3.649144    3.568501    3.179619
362    362    1527260831742343317    3.431607    3.365720    3.357521    1.000000    1.000000    1.000000    3.656725    3.631777    6.341652
363    363    1527260832039716898    3.431414    3.365578    3.362774    1.000000    1.000000    1.000000    3.655389    3.631641    3.180124
364    364    1527260832337253937    3.431217    3.365535    3.360926    1.000000    1.000000    1.000000    3.654033    3.567611    3.170419
365    365    1527260832634263436    3.431038    3.365816    3.366896    1.000000    1.000000    1.000000    3.652710    3.567399    3.179107
366    366    1527260832930544894    3.430883    3.365977    3.375169    1.000000    1.000000    1.000000    3.651437    3.567271    3.193015
367    367    1527260833227500893    3.430708    3.366119    3.367502    1.000000    1.000000    1.000000    3.650163    3.567268    3.191176
368    368    1527260833524991766    3.430516    3.366157    3.361448    1.000000    1.000000    1.000000    3.648875    3.567505    3.184467
369    369    1527260833821526224    3.430356    3.366319    3.372289    1.000000    1.000000    1.000000    3.647653    3.568071    3.204292
370    370    1527260834118754222    3.430175    3.366151    3.364421    1.000000    1.000000    1.000000    3.655194    3.632030    6.391935
371    371    1527260834415294513    3.430016    3.366318    3.372223    1.000000    1.000000    1.000000    3.653887    3.632044    3.176917
372    372    1527260834712308553    3.429844    3.366060    3.366844    1.000000    1.000000    1.000000    3.652585    3.568066    3.177288
373    373    1527260835009233511    3.429675    3.366122    3.367854    1.000000    1.000000    1.000000    3.651307    3.568127    3.183390
374    374    1527260835306533675    3.429495    3.365949    3.363604    1.000000    1.000000    1.000000    3.650028    3.567881    3.180769
375    375    1527260835602896175    3.429346    3.366204    3.374246    1.000000    1.000000    1.000000    3.648787    3.568067    3.191041
376    376    1527260835900450089    3.429160    3.365983    3.360735    1.000000    1.000000    1.000000    3.647493    3.567753    3.170434
377    377    1527260836196792381    3.429013    3.366303    3.374476    1.000000    1.000000    1.000000    3.646248    3.568054    3.184476
378    378    1527260836494887794    3.428813    3.366194    3.354631    1.000000    1.000000    1.000000    3.653515    3.631598    6.340930
379    379    1527260836790960586    3.428676    3.366747    3.377548    1.000000    1.000000    1.000000    3.652282    3.631748    3.191870
380    380    1527260837087733169    3.428518    3.367011    3.369584    1.000000    1.000000    1.000000    3.651023    3.567073    3.181025
381    381    1527260837384860626    3.428350    3.366879    3.365559    1.000000    1.000000    1.000000    3.649792    3.566971    3.189335
382    382    1527260837683412912    3.428139    3.366604    3.349497    1.000000    1.000000    1.000000    3.648534    3.566940    3.178911
383    383    1527260837981311992    3.427950    3.366326    3.356842    1.000000    1.000000    1.000000    3.647305    3.566978    3.186371
384    384    1527260838278603114    3.427780    3.366111    3.363706    1.000000    1.000000    1.000000    3.646050    3.566638    3.173287
385    385    1527260838575848529    3.427612    3.366142    3.364223    1.000000    1.000000    1.000000    3.653149    3.629745    6.335398
386    386    1527260838873116402    3.427444    3.366205    3.363969    1.000000    1.000000    1.000000    3.651886    3.629685    3.173639
387    387    1527260839170080942    3.427287    3.366102    3.367405    1.000000    1.000000    1.000000    3.650648    3.629708    3.180003
388    388    1527260839466352735    3.427151    3.366269    3.375279    1.000000    1.000000    1.000000    3.649443    3.565987    3.188758
389    389    1527260839762821818    3.427010    3.366255    3.373033    1.000000    1.000000    1.000000    3.648237    3.565755    3.186565
390    390    1527260840059819525    3.426854    3.366376    3.367029    1.000000    1.000000    1.000000    3.647015    3.565707    3.178715
391    391    1527260840355994067    3.426723    3.366396    3.376387    1.000000    1.000000    1.000000    3.645816    3.565496    3.184139
392    392    1527260840653305398    3.426559    3.366241    3.363478    1.000000    1.000000    1.000000    3.644602    3.564977    3.177420
393    393    1527260840950693896    3.426394    3.366425    3.362605    1.000000    1.000000    1.000000    3.643423    3.564938    3.188829
394    394    1527260841248187643    3.426226    3.366198    3.361415    1.000000    1.000000    1.000000    3.650430    3.628388    6.358792
395    395    1527260841544707227    3.426088    3.366297    3.372459    1.000000    1.000000    1.000000    3.649264    3.628674    3.195917
396    396    1527260841842427807    3.425916    3.366142    3.358854    1.000000    1.000000    1.000000    3.648078    3.565292    3.187317
397    397    1527260842138972681    3.425779    3.366356    3.372171    1.000000    1.000000    1.000000    3.646903    3.565519    3.187983
398    398    1527260842435844139    3.425632    3.366471    3.368461    1.000000    1.000000    1.000000    3.645716    3.565585    3.181262
399    399    1527260842733502219    3.425464    3.366435    3.359559    1.000000    1.000000    1.000000    3.644500    3.565309    3.168431
400    400    1527260843026834810    3.425423    3.367319    3.409100    1.000000    1.000000    1.000000    3.643423    3.566154    3.214815
401    401    1527260843320229360    3.425380    3.368098    3.408380    1.000000    1.000000    1.000000    3.642366    3.567131    3.220759
402    402    1527260843612590912    3.425368    3.369351    3.420422    1.000000    1.000000    1.000000    3.649402    3.632366    6.473444
403    403    1527260843904893089    3.425358    3.370351    3.421117    1.000000    1.000000    1.000000    3.648378    3.633360    3.236510
404    404    1527260844197120766    3.425349    3.371555    3.421989    1.000000    1.000000    1.000000    3.647343    3.570433    3.229530
405    405    1527260844490025817    3.425321    3.372552    3.414076    1.000000    1.000000    1.000000    3.646310    3.571237    3.229360
406    406    1527260844781698121    3.425329    3.373606    3.428505    1.000000    1.000000    1.000000    3.645329    3.572116    3.246578
407    407    1527260845075207086    3.425284    3.374497    3.407051    1.000000    1.000000    1.000000    3.644308    3.573047    3.230981
408    408    1527260845367317056    3.425279    3.375339    3.423368    1.000000    1.000000    1.000000    3.643334    3.574223    3.246356
409    409    1527260845660422689    3.425246    3.376254    3.411739    1.000000    1.000000    1.000000    3.642319    3.575222    3.228662
410    410    1527260845953679739    3.425209    3.377144    3.409978    1.000000    1.000000    1.000000    3.641325    3.576381    3.235772
411    411    1527260846246527707    3.425184    3.377917    3.414741    1.000000    1.000000    1.000000    3.648298    3.642264    6.505102
412    412    1527260846539673548    3.425150    3.378988    3.411271    1.000000    1.000000    1.000000    3.647324    3.580120    3.247991
413    413    1527260846832891806    3.425114    3.379937    3.410429    1.000000    1.000000    1.000000    3.646309    3.581197    3.228772
414    414    1527260847126299606    3.425073    3.380881    3.408226    1.000000    1.000000    1.000000    3.645294    3.582439    3.227222
415    415    1527260847418907366    3.425055    3.381887    3.417544    1.000000    1.000000    1.000000    3.644303    3.583645    3.233995
416    416    1527260847711588958    3.425035    3.382711    3.416682    1.000000    1.000000    1.000000    3.643320    3.584574    3.235127
417    417    1527260848004149427    3.425018    3.383717    3.418097    1.000000    1.000000    1.000000    3.642348    3.585621    3.238175
418    418    1527260848296935353    3.424995    3.384795    3.415465    1.000000    1.000000    1.000000    3.641382    3.586824    3.238687
419    419    1527260848589685820    3.424974    3.385662    3.415878    1.000000    1.000000    1.000000    3.640419    3.587589    3.237959
420    420    1527260848882971787    3.424937    3.386566    3.409641    1.000000    1.000000    1.000000    3.647154    3.588251    6.462928
421    421    1527260849176679627    3.424889    3.387216    3.404744    1.000000    1.000000    1.000000    3.646143    3.589249    3.223097
422    422    1527260849468902804    3.424882    3.388316    3.422042    1.000000    1.000000    1.000000    3.645189    3.590682    3.242912
423    423    1527260849762548395    3.424836    3.389069    3.405466    1.000000    1.000000    1.000000    3.644208    3.591733    3.231654
424    424    1527260850055612820    3.424806    3.390042    3.412219    1.000000    1.000000    1.000000    3.643227    3.592810    3.229031
425    425    1527260850347267249    3.424815    3.391125    3.428715    1.000000    1.000000    1.000000    3.642299    3.594048    3.247124
426    426    1527260850640206383    3.424789    3.392186    3.413678    1.000000    1.000000    1.000000    3.641357    3.595597    3.241701
427    427    1527260850932875517    3.424771    3.393032    3.416828    1.000000    1.000000    1.000000    3.640431    3.596917    3.245781
428    428    1527260851226524024    3.424725    3.394056    3.405432    1.000000    1.000000    1.000000    3.639483    3.534199    3.236076
429    429    1527260851519595158    3.424696    3.394748    3.412141    1.000000    1.000000    1.000000    3.646093    3.599525    6.471425
430    430    1527260851812009460    3.424685    3.395752    3.419805    1.000000    1.000000    1.000000    3.645128    3.600634    3.230629
431    431    1527260852104994052    3.424658    3.396708    3.413149    1.000000    1.000000    1.000000    3.644143    3.601382    3.221111
432    432    1527260852397359979    3.424648    3.398136    3.420371    1.000000    1.000000    1.000000    3.643188    3.602601    3.231300
433    433    1527260852690396071    3.424620    3.399260    3.412549    1.000000    1.000000    1.000000    3.642208    3.603394    3.219242
434    434    1527260852983155039    3.424599    3.400308    3.415779    1.000000    1.000000    1.000000    3.641255    3.604631    3.228799
435    435    1527260853277007337    3.424550    3.401093    3.403070    1.000000    1.000000    1.000000    3.640276    3.541672    3.217116
436    436    1527260853569388222    3.424540    3.402223    3.420196    1.000000    1.000000    1.000000    3.639339    3.542939    3.231200
437    437    1527260853861488858    3.424537    3.403350    3.423478    1.000000    1.000000    1.000000    3.638422    3.544205    3.237631
438    438    1527260854154656867    3.424506    3.404069    3.411013    1.000000    1.000000    1.000000    3.644880    3.609620    6.462397
439    439    1527260854447997458    3.424471    3.404794    3.409007    1.000000    1.000000    1.000000    3.643929    3.610546    3.228404
440    440    1527260854741365674    3.424435    3.405636    3.408686    1.000000    1.000000    1.000000    3.642990    3.611707    3.231482
441    441    1527260855033637476    3.424428    3.406541    3.421473    1.000000    1.000000    1.000000    3.642080    3.612959    3.241336
442    442    1527260855327676232    3.424375    3.407301    3.400912    1.000000    1.000000    1.000000    3.641137    3.614055    3.227245
443    443    1527260855620764032    3.424347    3.408300    3.411947    1.000000    1.000000    1.000000    3.640238    3.615272    3.243530
444    444    1527260855913417834    3.424330    3.409425    3.417007    1.000000    1.000000    1.000000    3.639368    3.552406    3.253838
445    445    1527260856205574511    3.424327    3.410439    3.422821    1.000000    1.000000    1.000000    3.638514    3.553757    3.258423
446    446    1527260856498780603    3.424296    3.411490    3.410570    1.000000    1.000000    1.000000    3.637599    3.554754    3.231492
447    447    1527260856793160066    3.424235    3.411994    3.396976    1.000000    1.000000    1.000000    3.643890    3.620004    6.433431
448    448    1527260857085983159    3.424214    3.412937    3.415031    1.000000    1.000000    1.000000    3.642963    3.621071    3.228584
449    449    1527260857378347628    3.424206    3.414171    3.420388    1.000000    1.000000    1.000000    3.642060    3.622609    3.237268
450    450    1527260857671211803    3.424184    3.414280    3.414552    1.000000    1.000000    1.000000    3.641161    3.623078    3.237607
451    451    1527260857963815855    3.424169    3.414464    3.417588    1.000000    1.000000    1.000000    3.640264    3.623413    3.236428
452    452    1527260858256073657    3.424164    3.414488    3.421637    1.000000    1.000000    1.000000    3.639388    3.558932    3.243653
453    453    1527260858548775125    3.424147    3.414395    3.416450    1.000000    1.000000    1.000000    3.638494    3.558882    3.234494
454    454    1527260858841926883    3.424118    3.414180    3.411202    1.000000    1.000000    1.000000    3.637593    3.558874    3.230156
455    455    1527260859134139394    3.424114    3.414341    3.422167    1.000000    1.000000    1.000000    3.636707    3.558978    3.233770
456    456    1527260859426485738    3.424106    3.414184    3.420600    1.000000    1.000000    1.000000    3.635830    3.558765    3.236627
457    457    1527260859718879290    3.424097    3.414444    3.420048    1.000000    1.000000    1.000000    3.642040    3.623588    6.476210
458    458    1527260860011724549    3.424077    3.414273    3.414773    1.000000    1.000000    1.000000    3.641141    3.623255    3.230631
459    459    1527260860304178517    3.424067    3.414425    3.419342    1.000000    1.000000    1.000000    3.640263    3.623459    3.238021
460    460    1527260860596780610    3.424053    3.414577    3.417611    1.000000    1.000000    1.000000    3.639402    3.623644    3.244143
461    461    1527260860888706538    3.424056    3.414792    3.425526    1.000000    1.000000    1.000000    3.638574    3.558698    3.256727
462    462    1527260861180789133    3.424055    3.415040    3.423689    1.000000    1.000000    1.000000    3.637756    3.558952    3.259571
463    463    1527260861472819186    3.424056    3.415317    3.424305    1.000000    1.000000    1.000000    3.636903    3.559247    3.242235
464    464    1527260861765387487    3.424043    3.415513    3.418005    1.000000    1.000000    1.000000    3.636055    3.559585    3.243171
465    465    1527260862059111702    3.424001    3.415253    3.404554    1.000000    1.000000    1.000000    3.635178    3.559472    3.229598
466    466    1527260862351786712    3.423985    3.415254    3.416759    1.000000    1.000000    1.000000    3.641261    3.624145    6.470194
467    467    1527260862644882846    3.423959    3.415130    3.411850    1.000000    1.000000    1.000000    3.640380    3.623969    3.230080
468    468    1527260862937972521    3.423933    3.415059    3.411925    1.000000    1.000000    1.000000    3.639499    3.623767    3.228988
469    469    1527260863232081943    3.423882    3.414742    3.400095    1.000000    1.000000    1.000000    3.638610    3.623456    3.224283
470    470    1527260863524917536    3.423863    3.414847    3.414885    1.000000    1.000000    1.000000    3.637757    3.558873    3.238114
471    471    1527260863816854422    3.423866    3.415260    3.425398    1.000000    1.000000    1.000000    3.636921    3.559303    3.242639
472    472    1527260864108803309    3.423869    3.415324    3.425257    1.000000    1.000000    1.000000    3.636101    3.559436    3.249267
473    473    1527260864400815945    3.423871    3.415705    3.424509    1.000000    1.000000    1.000000    3.635284    3.559810    3.248585
474    474    1527260864694580285    3.423829    3.415541    3.404089    1.000000    1.000000    1.000000    3.634431    3.559863    3.232452
475    475    1527260864987483586    3.423808    3.415250    3.414096    1.000000    1.000000    1.000000    3.640397    3.624241    6.466230
476    476    1527260865280244637    3.423791    3.415292    3.415755    1.000000    1.000000    1.000000    3.639559    3.624242    3.241521
477    477    1527260865572504564    3.423787    3.415387    3.421612    1.000000    1.000000    1.000000    3.638735    3.624255    3.245909
478    478    1527260865865836864    3.423756    3.415461    3.409103    1.000000    1.000000    1.000000    3.637891    3.624265    3.236193
479    479    1527260866159133747    3.423726    3.415408    3.409515    1.000000    1.000000    1.000000    3.637051    3.559499    3.236523
480    480    1527260866452427630    3.423696    3.415203    3.409549    1.000000    1.000000    1.000000    3.636174    3.559201    3.216705
481    481    1527260866745700554    3.423668    3.415136    3.409793    1.000000    1.000000    1.000000    3.635309    3.559198    3.221303
482    482    1527260867039315395    3.423630    3.414845    3.405822    1.000000    1.000000    1.000000    3.634437    3.558868    3.216248
483    483    1527260867331405948    3.423630    3.415065    3.423596    1.000000    1.000000    1.000000    3.633617    3.559252    3.237397
484    484    1527260867624255290    3.423612    3.415044    3.414725    1.000000    1.000000    1.000000    3.639454    3.623826    6.457279
485    485    1527260867917989755    3.423572    3.415071    3.404435    1.000000    1.000000    1.000000    3.638594    3.623962    3.223738
486    486    1527260868211624096    3.423535    3.414779    3.405596    1.000000    1.000000    1.000000    3.637729    3.623692    3.219412
487    487    1527260868504836521    3.423508    3.414520    3.410497    1.000000    1.000000    1.000000    3.636876    3.623376    3.223335
488    488    1527260868797797279    3.423488    3.414568    3.413426    1.000000    1.000000    1.000000    3.636027    3.558520    3.222684
489    489    1527260869090800788    3.423466    3.414647    3.412928    1.000000    1.000000    1.000000    3.635191    3.558512    3.227620
490    490    1527260869383121465    3.423461    3.414891    3.420901    1.000000    1.000000    1.000000    3.634377    3.558628    3.236097
491    491    1527260869676720639    3.423425    3.414582    3.406004    1.000000    1.000000    1.000000    3.633545    3.558315    3.227189
492    492    1527260869969409107    3.423411    3.414896    3.416602    1.000000    1.000000    1.000000    3.632748    3.558624    3.241136
493    493    1527260870262760782    3.423382    3.414835    3.408878    1.000000    1.000000    1.000000    3.638533    3.623435    6.478726
494    494    1527260870556215789    3.423350    3.414648    3.407677    1.000000    1.000000    1.000000    3.637729    3.623183    3.242289
495    495    1527260870849273673    3.423327    3.414438    3.412295    1.000000    1.000000    1.000000    3.636939    3.622934    3.247072
496    496    1527260871142096557    3.423311    3.414527    3.415034    1.000000    1.000000    1.000000    3.636136    3.623095    3.239040
497    497    1527260871434168443    3.423312    3.415066    3.423815    1.000000    1.000000    1.000000    3.635345    3.558986    3.242000
498    498    1527260871728521448    3.423259    3.414709    3.397281    1.000000    1.000000    1.000000    3.634514    3.558853    3.223660
499    499    1527260872021481374    3.423239    3.414569    3.413436    1.000000    1.000000    1.000000    3.633694    3.558606    3.225608
