Beat    Tag    Timestamp    Global_Rate    Window_Rate    Instant_Rate    Global_Accuracy    Window_Accuracy    Instant_Accuracy    Global_Power    Window_Power    Instant_Power
0    0    1526401450539279349    0.000000    0.000000    0.000000    1.000000    1.000000    1.000000    0.000000    0.000000    0.000000
1    1    1526401450836892763    6.720127    3.360064    3.360064    1.000000    1.000000    1.000000    2.039434    2.039434    2.039434
2    2    1526401451132729973    5.055180    3.370120    3.380237    1.000000    1.000000    1.000000    2.092218    2.092218    2.145318
3    3    1526401451429038765    4.495597    3.371698    3.374858    1.000000    1.000000    1.000000    2.160179    2.160179    2.296294
4    4    1526401451725108266    4.216460    3.373168    3.377585    1.000000    1.000000    1.000000    2.200541    2.200541    2.321837
5    5    1526401452021107559    4.049052    3.374210    3.378386    1.000000    1.000000    1.000000    2.703018    2.703018    4.716035
6    6    1526401452316972269    3.937688    3.375161    3.379923    1.000000    1.000000    1.000000    2.649253    2.649253    2.379973
7    7    1526401452613127519    3.857563    3.375368    3.376607    1.000000    1.000000    1.000000    2.612059    2.612059    2.388798
8    8    1526401452909153687    3.797670    3.375706    3.378080    1.000000    1.000000    1.000000    2.587480    2.587480    2.415293
9    9    1526401453204790897    3.751625    3.376463    3.382524    1.000000    1.000000    1.000000    2.569467    2.569467    2.425067
10    10    1526401453501075856    3.713962    3.376329    3.375129    1.000000    1.000000    1.000000    2.554956    2.554956    2.424409
11    11    1526401453797071982    3.683476    3.376519    3.378423    1.000000    1.000000    1.000000    2.543184    2.543184    2.425390
12    12    1526401454093120150    3.658014    3.376628    3.377829    1.000000    1.000000    1.000000    2.535497    2.535497    2.450912
13    13    1526401454389138193    3.636497    3.376747    3.378172    1.000000    1.000000    1.000000    2.528018    2.528018    2.438226
14    14    1526401454685392360    3.617846    3.376657    3.375480    1.000000    1.000000    1.000000    2.696646    2.696646    4.887989
15    15    1526401454981803985    3.601556    3.376458    3.373687    1.000000    1.000000    1.000000    2.680119    2.680119    2.448939
16    16    1526401455277207863    3.588066    3.377003    3.385196    1.000000    1.000000    1.000000    2.667165    2.667165    2.472358
17    17    1526401455573123323    3.575796    3.377141    3.379344    1.000000    1.000000    1.000000    2.655903    2.655903    2.475589
18    18    1526401455869191948    3.564786    3.377166    3.377595    1.000000    1.000000    1.000000    2.646065    2.646065    2.478790
19    19    1526401456165198658    3.554975    3.377226    3.378302    1.000000    1.000000    1.000000    2.637529    2.637529    2.483839
20    20    1526401456461240784    3.546122    3.377259    3.377898    1.000000    1.000000    1.000000    2.630152    2.630152    2.489963
21    21    1526401456757318785    3.538093    3.377270    3.377488    1.000000    1.000000    1.000000    2.623471    2.623471    2.489830
22    22    1526401457053466577    3.530755    3.377244    3.376692    1.000000    1.000000    1.000000    2.729069    2.729069    4.946250
23    23    1526401457349486120    3.524122    3.377284    3.378155    1.000000    1.000000    1.000000    2.718559    2.718559    2.487282
24    24    1526401457645491663    3.518049    3.377326    3.378315    1.000000    1.000000    1.000000    2.708979    2.708979    2.488575
25    25    1526401457941259248    3.512574    3.377475    3.381033    1.000000    1.000000    1.000000    2.699968    2.699968    2.483453
26    26    1526401458237474499    3.507316    3.377415    3.375923    1.000000    1.000000    1.000000    2.691620    2.691620    2.483022
27    27    1526401458533399750    3.502574    3.377482    3.379232    1.000000    1.000000    1.000000    2.684248    2.684248    2.492477
28    28    1526401458829572209    3.498067    3.377444    3.376411    1.000000    1.000000    1.000000    2.677346    2.677346    2.491055
29    29    1526401459125611460    3.493925    3.377461    3.377930    1.000000    1.000000    1.000000    2.671093    2.671093    2.495980
30    30    1526401459421618670    3.490072    3.377489    3.378296    1.000000    1.000000    1.000000    2.748470    2.748470    4.992946
31    31    1526401459717626087    3.486467    3.377514    3.378294    1.000000    1.000000    1.000000    2.739962    2.739962    2.484681
32    32    1526401460013586214    3.483104    3.377556    3.378834    1.000000    1.000000    1.000000    2.732282    2.732282    2.494089
33    33    1526401460309683048    3.479897    3.377547    3.377274    1.000000    1.000000    1.000000    2.725084    2.725084    2.494789
34    34    1526401460606062256    3.476781    3.377444    3.374056    1.000000    1.000000    1.000000    2.718688    2.718688    2.507831
35    35    1526401460901843258    3.474044    3.377542    3.380880    1.000000    1.000000    1.000000    2.712677    2.712677    2.508082
36    36    1526401461197678385    3.471441    3.377618    3.380261    1.000000    1.000000    1.000000    2.706931    2.706931    2.505649
37    37    1526401461493989802    3.468827    3.377542    3.374828    1.000000    1.000000    1.000000    2.701187    2.701187    2.494602
38    38    1526401461790307885    3.466350    3.377469    3.374752    1.000000    1.000000    1.000000    2.761511    2.761511    4.991629
39    39    1526401462086360178    3.464079    3.377477    3.377782    1.000000    1.000000    1.000000    2.754449    2.754449    2.486078
40    40    1526401462382474429    3.461904    3.377467    3.377075    1.000000    1.000000    1.000000    2.747774    2.747774    2.487503
41    41    1526401462678862137    3.459756    3.377381    3.373959    1.000000    1.000000    1.000000    2.741556    2.741556    2.493076
42    42    1526401462974920805    3.457803    3.377389    3.377709    1.000000    1.000000    1.000000    2.736030    2.736030    2.509435
43    43    1526401463271053723    3.455920    3.377377    3.376862    1.000000    1.000000    1.000000    2.731007    2.731007    2.520061
44    44    1526401463567312265    3.454090    3.377333    3.375430    1.000000    1.000000    1.000000    2.725860    2.725860    2.504674
45    45    1526401463863418016    3.452381    3.377329    3.377172    1.000000    1.000000    1.000000    2.720915    2.720915    2.503356
46    46    1526401464159576933    3.450732    3.377312    3.376566    1.000000    1.000000    1.000000    2.770205    2.770205    4.987741
47    47    1526401464455912850    3.449110    3.377254    3.374549    1.000000    1.000000    1.000000    2.764613    2.764613    2.507610
48    48    1526401464751915643    3.447636    3.377276    3.378347    1.000000    1.000000    1.000000    2.759247    2.759247    2.506936
49    49    1526401465047962352    3.446212    3.377288    3.377845    1.000000    1.000000    1.000000    2.754026    2.754026    2.503416
50    50    1526401465343931395    3.444863    3.377317    3.378732    1.000000    1.000000    1.000000    2.748988    2.748988    2.502002
51    51    1526401465640141604    3.443512    3.377637    3.375981    1.000000    1.000000    1.000000    2.744282    2.758453    2.509097
52    52    1526401465936074064    3.442275    3.377615    3.379149    1.000000    1.000000    1.000000    2.739640    2.765595    2.502760
53    53    1526401466231960024    3.441095    3.377712    3.379680    1.000000    1.000000    1.000000    2.735033    2.769585    2.495265
54    54    1526401466528162149    3.439890    3.377681    3.376073    1.000000    1.000000    1.000000    2.730561    2.773020    2.493686
55    55    1526401466824682024    3.438662    3.377563    3.372455    1.000000    1.000000    1.000000    2.771817    2.778704    4.996394
56    56    1526401467120603525    3.437602    3.377549    3.379275    1.000000    1.000000    1.000000    2.767356    2.781539    2.521868
57    57    1526401467416351152    3.436615    3.377643    3.381261    1.000000    1.000000    1.000000    2.763023    2.784172    2.520061
58    58    1526401467712874944    3.435507    3.377529    3.372411    1.000000    1.000000    1.000000    2.758598    2.785992    2.506780
59    59    1526401468008686779    3.434576    3.377489    3.380527    1.000000    1.000000    1.000000    2.754502    2.787818    2.516678
60    60    1526401468304593072    3.433657    3.377576    3.379448    1.000000    1.000000    1.000000    2.750270    2.789347    2.500410
61    61    1526401468600889114    3.432695    3.377507    3.375003    1.000000    1.000000    1.000000    2.746595    2.791358    2.526257
62    62    1526401468896587532    3.431876    3.377587    3.381824    1.000000    1.000000    1.000000    2.743289    2.793174    2.541383
63    63    1526401469192932241    3.430963    3.377513    3.374449    1.000000    1.000000    1.000000    2.780214    2.845800    5.067551
64    64    1526401469488817784    3.430163    3.377597    3.379685    1.000000    1.000000    1.000000    2.776179    2.798454    2.521789
65    65    1526401469784831744    3.429364    3.377687    3.378219    1.000000    1.000000    1.000000    2.772346    2.800024    2.526986
66    66    1526401470080602995    3.428632    3.377604    3.380991    1.000000    1.000000    1.000000    2.768642    2.801121    2.527626
67    67    1526401470376750121    3.427856    3.377551    3.376700    1.000000    1.000000    1.000000    2.764942    2.802020    2.520811
68    68    1526401470672914497    3.427101    3.377529    3.376503    1.000000    1.000000    1.000000    2.761398    2.802922    2.523963
69    69    1526401470969351413    3.426322    3.377431    3.373399    1.000000    1.000000    1.000000    2.757838    2.803557    2.516043
70    70    1526401471265275331    3.425650    3.377458    3.379247    1.000000    1.000000    1.000000    2.754592    2.804371    2.530542
71    71    1526401471561396832    3.424964    3.377448    3.376992    1.000000    1.000000    1.000000    2.786916    2.855567    5.049336
72    72    1526401471857409042    3.424315    3.377479    3.378239    1.000000    1.000000    1.000000    2.783099    2.806874    2.512011
73    73    1526401472153623167    3.423652    3.377434    3.375936    1.000000    1.000000    1.000000    2.779452    2.807464    2.516980
74    74    1526401472449508211    3.423059    3.377462    3.379691    1.000000    1.000000    1.000000    2.775853    2.807953    2.512922
75    75    1526401472745842961    3.422412    3.377332    3.374562    1.000000    1.000000    1.000000    2.772583    2.808889    2.530824
76    76    1526401473041627088    3.421865    3.377431    3.380844    1.000000    1.000000    1.000000    2.769390    2.809831    2.529673
77    77    1526401473337557006    3.421311    3.377430    3.379178    1.000000    1.000000    1.000000    2.765966    2.810092    2.505573
78    78    1526401473634038005    3.420690    3.377359    3.372897    1.000000    1.000000    1.000000    2.762845    2.810722    2.522843
79    79    1526401473929987840    3.420161    3.377380    3.378951    1.000000    1.000000    1.000000    2.791730    2.861698    5.045872
80    80    1526401474226171716    3.419613    3.377339    3.376281    1.000000    1.000000    1.000000    2.788326    2.812238    2.519428
81    81    1526401474522359091    3.419077    3.377298    3.376241    1.000000    1.000000    1.000000    2.784976    2.812883    2.517130
82    82    1526401474818627342    3.418543    3.377228    3.375319    1.000000    1.000000    1.000000    2.781656    2.813253    2.512878
83    83    1526401475114776509    3.418039    3.377216    3.376677    1.000000    1.000000    1.000000    2.778460    2.813684    2.516401
84    84    1526401475410912302    3.417548    3.377272    3.376829    1.000000    1.000000    1.000000    2.775397    2.813957    2.521222
85    85    1526401475707043761    3.417069    3.377192    3.376879    1.000000    1.000000    1.000000    2.772414    2.814225    2.521863
86    86    1526401476002706638    3.416665    3.377231    3.382230    1.000000    1.000000    1.000000    2.769490    2.814528    2.520621
87    87    1526401476298668014    3.416230    3.377311    3.378819    1.000000    1.000000    1.000000    2.766616    2.815031    2.519390
88    88    1526401476594959140    3.415762    3.377317    3.375059    1.000000    1.000000    1.000000    2.792515    2.816078    5.044140
89    89    1526401476891090349    3.415325    3.377299    3.376881    1.000000    1.000000    1.000000    2.789475    2.816795    2.522021
90    90    1526401477187092433    3.414914    3.377325    3.378355    1.000000    1.000000    1.000000    2.786710    2.817857    2.540509
91    91    1526401477483323892    3.414484    3.377360    3.375739    1.000000    1.000000    1.000000    2.784170    2.819113    2.555654
92    92    1526401477779462310    3.414074    3.377342    3.376799    1.000000    1.000000    1.000000    2.781409    2.819527    2.530232
93    93    1526401478075575852    3.413676    3.377347    3.377083    1.000000    1.000000    1.000000    2.778701    2.819718    2.529594
94    94    1526401478371696645    3.413286    3.377378    3.377000    1.000000    1.000000    1.000000    2.776135    2.820378    2.537512
95    95    1526401478668167728    3.412861    3.377294    3.373010    1.000000    1.000000    1.000000    2.773450    2.820731    2.521396
96    96    1526401478964691478    3.412440    3.377211    3.372411    1.000000    1.000000    1.000000    2.797187    2.822009    5.048887
97    97    1526401479260627604    3.412096    3.377302    3.379108    1.000000    1.000000    1.000000    2.794458    2.822512    2.532334
98    98    1526401479556816272    3.411730    3.377260    3.376226    1.000000    1.000000    1.000000    2.791756    2.822966    2.529813
99    99    1526401479853301146    3.411337    3.377160    3.372853    1.000000    1.000000    1.000000    2.788998    2.823268    2.519002
100    100    1526401480157623585    3.410049    3.375256    3.285988    1.000000    1.000000    1.000000    2.785600    2.822189    2.458277
101    101    1526401480460794985    3.408918    3.373671    3.298464    1.000000    1.000000    1.000000    2.782350    2.821138    2.464916
102    102    1526401480764027759    3.407803    3.372010    3.297797    1.000000    1.000000    1.000000    2.779267    2.820414    2.475016
103    103    1526401481067542783    3.406679    3.370275    3.294730    1.000000    1.000000    1.000000    2.800761    2.870286    4.941159
104    104    1526401481370987015    3.405585    3.368631    3.295498    1.000000    1.000000    1.000000    2.797475    2.869556    2.466951
105    105    1526401481674426789    3.404513    3.367061    3.295547    1.000000    1.000000    1.000000    2.794082    2.818499    2.449267
106    106    1526401481977497897    3.403501    3.365441    3.299556    1.000000    1.000000    1.000000    2.790728    2.816813    2.446185
107    107    1526401482280757547    3.402488    3.363740    3.297504    1.000000    1.000000    1.000000    2.787524    2.815343    2.455361
108    108    1526401482584020613    3.401494    3.362216    3.297467    1.000000    1.000000    1.000000    2.784367    2.814126    2.453962
109    109    1526401482887916928    3.400452    3.360389    3.290596    1.000000    1.000000    1.000000    2.781325    2.812817    2.460530
110    110    1526401483193130239    3.399293    3.358288    3.276397    1.000000    1.000000    1.000000    2.801086    2.861722    4.895547
111    111    1526401483497379719    3.398254    3.356495    3.286776    1.000000    1.000000    1.000000    2.797947    2.860210    2.461000
112    112    1526401483801208575    3.397277    3.354664    3.291327    1.000000    1.000000    1.000000    2.794979    2.858642    2.473014
113    113    1526401484104632641    3.396359    3.353071    3.295717    1.000000    1.000000    1.000000    2.792143    2.807066    2.481316
114    114    1526401484407867541    3.395477    3.351420    3.297773    1.000000    1.000000    1.000000    2.789324    2.806021    2.477251
115    115    1526401484711398689    3.394580    3.349732    3.294555    1.000000    1.000000    1.000000    2.786509    2.804770    2.472402
116    116    1526401485015426754    3.393651    3.347880    3.289170    1.000000    1.000000    1.000000    2.805263    2.853180    4.913214
117    117    1526401485318884902    3.392793    3.346242    3.295347    1.000000    1.000000    1.000000    2.802309    2.851918    2.466656
118    118    1526401485622099427    3.391974    3.344664    3.297995    1.000000    1.000000    1.000000    2.799282    2.850304    2.452033
119    119    1526401485925424576    3.391158    3.343123    3.296792    1.000000    1.000000    1.000000    2.796370    2.849005    2.459582
120    120    1526401486228713351    3.390359    3.341478    3.297188    1.000000    1.000000    1.000000    2.793635    2.847715    2.474602
121    121    1526401486532327791    3.389543    3.339806    3.293651    1.000000    1.000000    1.000000    2.790877    2.796439    2.466645
122    122    1526401486835973898    3.388738    3.338104    3.293307    1.000000    1.000000    1.000000    2.788140    2.795315    2.463707
123    123    1526401487139943337    3.387917    3.336376    3.289804    1.000000    1.000000    1.000000    2.805985    2.844252    4.936815
124    124    1526401487443275861    3.387167    3.334719    3.296712    1.000000    1.000000    1.000000    2.803003    2.842677    2.443167
125    125    1526401487746324720    3.386455    3.333226    3.299798    1.000000    1.000000    1.000000    2.800053    2.840719    2.440857
126    126    1526401488049514619    3.385743    3.331581    3.298263    1.000000    1.000000    1.000000    2.797260    2.839048    2.454524
127    127    1526401488352814644    3.385031    3.329946    3.297065    1.000000    1.000000    1.000000    2.794573    2.838008    2.462212
128    128    1526401488656493250    3.384298    3.328351    3.292955    1.000000    1.000000    1.000000    2.791943    2.836677    2.464454
129    129    1526401488960352232    3.383560    3.326599    3.291000    1.000000    1.000000    1.000000    2.789408    2.785793    2.471383
130    130    1526401489263870922    3.382863    3.324977    3.294690    1.000000    1.000000    1.000000    2.806343    2.834725    4.950180
131    131    1526401489567274446    3.382188    3.323382    3.295941    1.000000    1.000000    1.000000    2.803725    2.833611    2.469474
132    132    1526401489870550054    3.381533    3.321835    3.297331    1.000000    1.000000    1.000000    2.801321    2.833041    2.491958
133    133    1526401490173807370    3.380891    3.320267    3.297530    1.000000    1.000000    1.000000    2.798943    2.832371    2.490558
134    134    1526401490476827520    3.380278    3.318750    3.300111    1.000000    1.000000    1.000000    2.796585    2.831564    2.488191
135    135    1526401490780642043    3.379607    3.317058    3.291482    1.000000    1.000000    1.000000    2.794054    2.830187    2.461350
136    136    1526401491084287317    3.378961    3.315302    3.293317    1.000000    1.000000    1.000000    2.810109    2.878689    4.937801
137    137    1526401491387715466    3.378342    3.313662    3.295673    1.000000    1.000000    1.000000    2.807535    2.877389    2.463565
138    138    1526401491691289073    3.377721    3.312063    3.294094    1.000000    1.000000    1.000000    2.804985    2.826508    2.461924
139    139    1526401491994959388    3.377101    3.310410    3.293045    1.000000    1.000000    1.000000    2.802497    2.825215    2.465256
140    140    1526401492298341662    3.376513    3.308793    3.296171    1.000000    1.000000    1.000000    2.800151    2.823854    2.479674
141    141    1526401492601452187    3.375955    3.307288    3.299127    1.000000    1.000000    1.000000    2.797855    2.822246    2.481540
142    142    1526401492905132835    3.375360    3.305639    3.292933    1.000000    1.000000    1.000000    2.795480    2.820821    2.466476
143    143    1526401493209000191    3.374758    3.303945    3.290910    1.000000    1.000000    1.000000    2.810910    2.869515    4.962149
144    144    1526401493512408882    3.374202    3.302355    3.295884    1.000000    1.000000    1.000000    2.808482    2.867945    2.467111
145    145    1526401493816005114    3.373638    3.300801    3.293849    1.000000    1.000000    1.000000    2.806103    2.866739    2.469359
146    146    1526401494119467680    3.373092    3.299290    3.295299    1.000000    1.000000    1.000000    2.803865    2.816390    2.484623
147    147    1526401494422597913    3.372580    3.297724    3.298912    1.000000    1.000000    1.000000    2.801558    2.815008    2.469952
148    148    1526401494726631685    3.372006    3.296019    3.289108    1.000000    1.000000    1.000000    2.799338    2.813841    2.478902
149    149    1526401495030155251    3.371478    3.294490    3.294637    1.000000    1.000000    1.000000    2.797139    2.812863    2.476981
150    150    1526401495333671525    3.370958    3.294665    3.294716    1.000000    1.000000    1.000000    2.811895    2.863214    4.974880
151    151    1526401495637478839    3.370423    3.294528    3.291560    1.000000    1.000000    1.000000    2.809603    2.863334    2.471774
152    152    1526401495940988071    3.369917    3.294467    3.294793    1.000000    1.000000    1.000000    2.807350    2.863277    2.472515
153    153    1526401496244878469    3.369390    3.294386    3.290660    1.000000    1.000000    1.000000    2.805252    2.814285    2.491754
154    154    1526401496548534909    3.368887    3.294340    3.293195    1.000000    1.000000    1.000000    2.803093    2.814503    2.478103
155    155    1526401496852021433    3.368403    3.294330    3.295039    1.000000    1.000000    1.000000    2.801019    2.815248    2.486598
156    156    1526401497155850956    3.367901    3.294165    3.291319    1.000000    1.000000    1.000000    2.815125    2.865656    4.965291
157    157    1526401497459194647    3.367440    3.294147    3.296591    1.000000    1.000000    1.000000    2.812963    2.866163    2.480853
158    158    1526401497762687421    3.366974    3.294097    3.294971    1.000000    1.000000    1.000000    2.810804    2.866617    2.476962
159    159    1526401498066124987    3.366518    3.294197    3.295571    1.000000    1.000000    1.000000    2.808750    2.867198    2.489019
160    160    1526401498369401261    3.366080    3.294617    3.297324    1.000000    1.000000    1.000000    2.806690    2.818748    2.484009
161    161    1526401498672844952    3.365635    3.294792    3.295504    1.000000    1.000000    1.000000    2.804626    2.819130    2.479142
162    162    1526401498976183268    3.365203    3.294899    3.296649    1.000000    1.000000    1.000000    2.802661    2.819500    2.490981
163    163    1526401499279599833    3.364771    3.294900    3.295799    1.000000    1.000000    1.000000    2.816047    2.868917    4.952834
164    164    1526401499582952066    3.364348    3.294874    3.296498    1.000000    1.000000    1.000000    2.813902    2.868756    2.469321
165    165    1526401499885940966    3.363956    3.294992    3.300451    1.000000    1.000000    1.000000    2.811814    2.868798    2.473797
166    166    1526401500189249907    3.363547    3.295149    3.296968    1.000000    1.000000    1.000000    2.809752    2.819950    2.474339
167    167    1526401500492704473    3.363133    3.295149    3.295386    1.000000    1.000000    1.000000    2.807742    2.820194    2.478822
168    168    1526401500796386163    3.362708    3.295048    3.292922    1.000000    1.000000    1.000000    2.805767    2.820763    2.481022
169    169    1526401501099554396    3.362323    3.295082    3.298499    1.000000    1.000000    1.000000    2.803888    2.821421    2.492342
170    170    1526401501403008295    3.361924    3.295046    3.295393    1.000000    1.000000    1.000000    2.816500    2.870278    4.917904
171    171    1526401501706647152    3.361517    3.295041    3.293386    1.000000    1.000000    1.000000    2.814459    2.870394    2.472467
172    172    1526401502010447091    3.361105    3.295007    3.291640    1.000000    1.000000    1.000000    2.812577    2.871029    2.495629
173    173    1526401502313750282    3.360730    3.295152    3.297031    1.000000    1.000000    1.000000    2.810703    2.822084    2.492720
174    174    1526401502617303056    3.360343    3.295104    3.294320    1.000000    1.000000    1.000000    2.808712    2.822597    2.469086
175    175    1526401502920920163    3.359956    3.294981    3.293622    1.000000    1.000000    1.000000    2.806701    2.823000    2.461729
176    176    1526401503224902977    3.359550    3.294808    3.289660    1.000000    1.000000    1.000000    2.819165    2.873310    4.967044
177    177    1526401503537205812    3.358622    3.292855    3.202020    1.000000    1.000000    1.000000    2.816739    2.871940    2.407423
178    178    1526401503843149247    3.358105    3.292364    3.268578    1.000000    1.000000    1.000000    2.815541    2.874770    2.607959
179    179    1526401504150376011    3.357514    3.291634    3.254925    1.000000    1.000000    1.000000    2.813475    2.874350    2.455056
180    180    1526401504453703994    3.357172    3.291675    3.296761    1.000000    1.000000    1.000000    2.811737    2.825487    2.504576
181    181    1526401504757404184    3.356811    3.291611    3.292721    1.000000    1.000000    1.000000    2.809937    2.825897    2.490318
182    182    1526401505060790041    3.356473    3.291587    3.296133    1.000000    1.000000    1.000000    2.808243    2.826166    2.505529
183    183    1526401505364194065    3.356138    3.291555    3.295935    1.000000    1.000000    1.000000    2.820297    2.876013    4.986384
184    184    1526401505668166546    3.355772    3.291349    3.289771    1.000000    1.000000    1.000000    2.818445    2.875912    2.484376
185    185    1526401505971770278    3.355433    3.291395    3.293767    1.000000    1.000000    1.000000    2.816581    2.876255    2.478237
186    186    1526401506275204219    3.355107    3.291440    3.295610    1.000000    1.000000    1.000000    2.814785    2.827266    2.486686
187    187    1526401506579066992    3.354759    3.291346    3.290959    1.000000    1.000000    1.000000    2.813048    2.827874    2.494471
188    188    1526401506882597932    3.354435    3.291356    3.294557    1.000000    1.000000    1.000000    2.811212    2.828080    2.472180
189    189    1526401507186413913    3.354097    3.291324    3.291466    1.000000    1.000000    1.000000    2.822696    2.877818    4.952412
190    190    1526401507489877229    3.353784    3.291306    3.295291    1.000000    1.000000    1.000000    2.820926    2.878034    2.490604
191    191    1526401507793310628    3.353476    3.291236    3.295616    1.000000    1.000000    1.000000    2.819203    2.878309    2.495757
192    192    1526401508096932110    3.353160    3.291249    3.293575    1.000000    1.000000    1.000000    2.817459    2.878752    2.488543
193    193    1526401508400439050    3.352854    3.291327    3.294818    1.000000    1.000000    1.000000    2.815752    2.829354    2.492114
194    194    1526401508704601573    3.352513    3.291164    3.287716    1.000000    1.000000    1.000000    2.814065    2.829857    2.493098
195    195    1526401509007933889    3.352224    3.291221    3.296714    1.000000    1.000000    1.000000    2.812400    2.830336    2.493035
196    196    1526401509339439883    3.350331    3.285157    3.016537    1.000000    1.000000    1.000000    2.823049    2.877980    4.701294
197    197    1526401509643133407    3.350035    3.285035    3.292793    1.000000    1.000000    1.000000    2.821340    2.878375    2.490524
198    198    1526401509946263181    3.349775    3.285231    3.298917    1.000000    1.000000    1.000000    2.819705    2.878837    2.500893
199    199    1526401510249457039    3.349513    3.285302    3.298220    1.000000    1.000000    1.000000    2.818060    2.879217    2.495644
200    200    1526401510547105411    3.349563    3.286569    3.359669    1.000000    1.000000    1.000000    2.816750    2.831046    2.554027
201    201    1526401510843949452    3.349658    3.288074    3.368772    1.000000    1.000000    1.000000    2.815575    2.833285    2.578054
202    202    1526401511140069661    3.349791    3.289672    3.377007    1.000000    1.000000    1.000000    2.814471    2.835744    2.589742
203    203    1526401511436633078    3.349899    3.291259    3.371960    1.000000    1.000000    1.000000    2.825738    2.887374    5.128063
204    204    1526401511733665493    3.349980    3.292695    3.366636    1.000000    1.000000    1.000000    2.824409    2.888993    2.551752
205    205    1526401512030140118    3.350091    3.294216    3.372970    1.000000    1.000000    1.000000    2.823084    2.890412    2.549706
206    206    1526401512326592701    3.350202    3.295818    3.373221    1.000000    1.000000    1.000000    2.821795    2.842292    2.554439
207    207    1526401512624803863    3.350217    3.296933    3.353329    1.000000    1.000000    1.000000    2.820433    2.843542    2.538158
208    208    1526401512921472696    3.350315    3.298417    3.370762    1.000000    1.000000    1.000000    2.819187    2.845301    2.558445
209    209    1526401513219120151    3.350359    3.299678    3.359679    1.000000    1.000000    1.000000    2.817943    2.846778    2.557284
210    210    1526401513515910359    3.350449    3.301091    3.369383    1.000000    1.000000    1.000000    2.816765    2.848577    2.567854
211    211    1526401513812368901    3.350556    3.302614    3.373153    1.000000    1.000000    1.000000    2.827635    2.900788    5.136765
212    212    1526401514109146775    3.350644    3.304046    3.369523    1.000000    1.000000    1.000000    2.826395    2.902359    2.562031
213    213    1526401514405541275    3.350752    3.305579    3.373882    1.000000    1.000000    1.000000    2.825188    2.854645    2.566428
214    214    1526401514702354649    3.350837    3.307009    3.369120    1.000000    1.000000    1.000000    2.824031    2.856885    2.574941
215    215    1526401514999122648    3.350923    3.308370    3.369636    1.000000    1.000000    1.000000    2.822910    2.859142    2.580699
216    216    1526401515295732898    3.351017    3.309837    3.371428    1.000000    1.000000    1.000000    2.821742    2.861149    2.567871
217    217    1526401515592349481    3.351110    3.311336    3.371356    1.000000    1.000000    1.000000    2.820587    2.863083    2.568447
218    218    1526401515889104855    3.351195    3.312856    3.369779    1.000000    1.000000    1.000000    2.819412    2.864846    2.561750
219    219    1526401516185777354    3.351283    3.314282    3.370720    1.000000    1.000000    1.000000    2.829739    2.916375    5.104551
220    220    1526401516482362187    3.351375    3.315792    3.371717    1.000000    1.000000    1.000000    2.828540    2.869152    2.563253
221    221    1526401516778974187    3.351465    3.317338    3.371408    1.000000    1.000000    1.000000    2.827411    2.871380    2.576308
222    222    1526401517075451604    3.351560    3.318950    3.372938    1.000000    1.000000    1.000000    2.826263    2.873023    2.569842
223    223    1526401517371794979    3.351662    3.320484    3.374464    1.000000    1.000000    1.000000    2.825106    2.874627    2.565254
224    224    1526401517668593020    3.351740    3.321975    3.369294    1.000000    1.000000    1.000000    2.823985    2.876829    2.571530
225    225    1526401517965131228    3.351830    3.323538    3.372247    1.000000    1.000000    1.000000    2.822890    2.879259    2.575105
226    226    1526401518261894644    3.351908    3.325133    3.369688    1.000000    1.000000    1.000000    2.821780    2.830939    2.569491
227    227    1526401518558670476    3.351985    3.328570    3.369547    1.000000    1.000000    1.000000    2.831833    2.885085    5.125882
228    228    1526401518856006766    3.352034    3.330478    3.363195    1.000000    1.000000    1.000000    2.830728    2.884650    2.577983
229    229    1526401519152987848    3.352100    3.332753    3.367218    1.000000    1.000000    1.000000    2.829693    2.887649    2.591724
230    230    1526401519449723139    3.352177    3.334218    3.370007    1.000000    1.000000    1.000000    2.828573    2.889100    2.569391
231    231    1526401519748854299    3.352137    3.335234    3.343015    1.000000    1.000000    1.000000    2.827362    2.890380    2.548377
232    232    1526401520045452423    3.352220    3.336745    3.371565    1.000000    1.000000    1.000000    2.826334    2.892158    2.586530
233    233    1526401520342297589    3.352291    3.338206    3.368760    1.000000    1.000000    1.000000    2.825193    2.843114    2.558024
234    234    1526401520639215088    3.352357    3.339780    3.367939    1.000000    1.000000    1.000000    2.824099    2.844923    2.567067
235    235    1526401520935899337    3.352434    3.341324    3.370587    1.000000    1.000000    1.000000    2.833943    2.898255    5.159644
236    236    1526401521232531920    3.352512    3.342843    3.371174    1.000000    1.000000    1.000000    2.832800    2.899927    2.561559
237    237    1526401521529370836    3.352581    3.344414    3.368831    1.000000    1.000000    1.000000    2.831674    2.901492    2.563673
238    238    1526401521826277876    3.352645    3.345896    3.368058    1.000000    1.000000    1.000000    2.830565    2.903533    2.565332
239    239    1526401522123095709    3.352713    3.347464    3.369070    1.000000    1.000000    1.000000    2.829483    2.855225    2.569718
240    240    1526401522419347168    3.352807    3.349081    3.375511    1.000000    1.000000    1.000000    2.828407    2.856942    2.568301
241    241    1526401522716490916    3.352859    3.350492    3.365375    1.000000    1.000000    1.000000    2.827335    2.858535    2.568114
242    242    1526401523013250832    3.352928    3.352034    3.369727    1.000000    1.000000    1.000000    2.826277    2.860303    2.568854
243    243    1526401523309916248    3.353001    3.353572    3.370801    1.000000    1.000000    1.000000    2.835766    2.913434    5.153809
244    244    1526401523606708830    3.353067    3.355230    3.369356    1.000000    1.000000    1.000000    2.834642    2.914956    2.559090
245    245    1526401523903175872    3.353148    3.356777    3.373056    1.000000    1.000000    1.000000    2.833594    2.916787    2.575251
246    246    1526401524200235620    3.353201    3.364558    3.366326    1.000000    1.000000    1.000000    2.832565    2.870219    2.578589
247    247    1526401524498853198    3.353183    3.365707    3.348765    1.000000    1.000000    1.000000    2.831518    2.872009    2.573097
248    248    1526401524796716070    3.353200    3.366901    3.357250    1.000000    1.000000    1.000000    2.830490    2.873635    2.575393
249    249    1526401525093977109    3.353243    3.368246    3.364047    1.000000    1.000000    1.000000    2.829490    2.875469    2.579723
250    250    1526401525391166982    3.353289    3.368351    3.364852    1.000000    1.000000    1.000000    2.828473    2.875863    2.573177
251    251    1526401525687792607    3.353360    3.368400    3.371253    1.000000    1.000000    1.000000    2.837707    2.927620    5.167918
252    252    1526401525985067438    3.353401    3.368138    3.363891    1.000000    1.000000    1.000000    2.836617    2.927021    2.561125
253    253    1526401526281792229    3.353467    3.368102    3.370126    1.000000    1.000000    1.000000    2.835569    2.875893    2.568936
254    254    1526401526579133477    3.353505    3.368032    3.363139    1.000000    1.000000    1.000000    2.834535    2.876278    2.571302
255    255    1526401526875842851    3.353570    3.367978    3.370301    1.000000    1.000000    1.000000    2.833612    2.877219    2.597053
256    256    1526401527172124602    3.353653    3.368017    3.375166    1.000000    1.000000    1.000000    2.832707    2.878122    2.599485
257    257    1526401527468679185    3.353724    3.368393    3.372061    1.000000    1.000000    1.000000    2.831742    2.879046    2.582516
258    258    1526401527765338601    3.353790    3.368395    3.370869    1.000000    1.000000    1.000000    2.830736    2.879274    2.569832
259    259    1526401528062259808    3.353844    3.368560    3.367897    1.000000    1.000000    1.000000    2.839613    2.931123    5.148464
260    260    1526401528359323307    3.353892    3.368498    3.366284    1.000000    1.000000    1.000000    2.838566    2.931062    2.565145
261    261    1526401528655815015    3.353963    3.368490    3.372776    1.000000    1.000000    1.000000    2.837596    2.880057    2.582996
262    262    1526401528952331223    3.354033    3.368550    3.372497    1.000000    1.000000    1.000000    2.836612    2.880373    2.577583
263    263    1526401529249151097    3.354090    3.368453    3.369047    1.000000    1.000000    1.000000    2.835589    2.880337    2.565091
264    264    1526401529545754430    3.354155    3.368500    3.371506    1.000000    1.000000    1.000000    2.834492    2.879716    2.543633
265    265    1526401529842283638    3.354223    3.368555    3.372349    1.000000    1.000000    1.000000    2.833289    2.878360    2.512589
266    266    1526401530139328345    3.354269    3.368456    3.366497    1.000000    1.000000    1.000000    2.832076    2.877160    2.508367
267    267    1526401530435767262    3.354340    3.368496    3.373376    1.000000    1.000000    1.000000    2.840186    2.926082    5.017911
268    268    1526401530732760844    3.354387    3.368442    3.367076    1.000000    1.000000    1.000000    2.838969    2.925069    2.511391
269    269    1526401531029194094    3.354458    3.368497    3.373441    1.000000    1.000000    1.000000    2.837801    2.873455    2.521805
270    270    1526401531325463136    3.354534    3.368568    3.375310    1.000000    1.000000    1.000000    2.836613    2.872477    2.513948
271    271    1526401531621748928    3.354609    3.368643    3.375120    1.000000    1.000000    1.000000    2.835429    2.871212    2.512598
272    272    1526401531918217345    3.354676    3.368644    3.373041    1.000000    1.000000    1.000000    2.834244    2.870020    2.510139
273    273    1526401532214427720    3.354754    3.368675    3.375979    1.000000    1.000000    1.000000    2.833071    2.868933    2.510692
274    274    1526401532511258678    3.354805    3.368667    3.368921    1.000000    1.000000    1.000000    2.831889    2.867636    2.506683
275    275    1526401532808145135    3.354854    3.368588    3.368291    1.000000    1.000000    1.000000    2.839761    2.916400    5.013422
276    276    1526401533104542969    3.354922    3.368671    3.373844    1.000000    1.000000    1.000000    2.838591    2.915296    2.513767
277    277    1526401533400818344    3.354994    3.368785    3.375238    1.000000    1.000000    1.000000    2.837425    2.863052    2.512450
278    278    1526401533697521802    3.355049    3.368928    3.370369    1.000000    1.000000    1.000000    2.836249    2.861662    2.507817
279    279    1526401533994162760    3.355106    3.369006    3.371079    1.000000    1.000000    1.000000    2.835059    2.859863    2.501438
280    280    1526401534290315885    3.355182    3.369138    3.376632    1.000000    1.000000    1.000000    2.833897    2.858622    2.506602
281    281    1526401534587282926    3.355225    3.369629    3.367377    1.000000    1.000000    1.000000    2.832758    2.857930    2.511538
282    282    1526401534884452882    3.355260    3.369499    3.365078    1.000000    1.000000    1.000000    2.831625    2.856406    2.510977
283    283    1526401535181533547    3.355298    3.369446    3.366089    1.000000    1.000000    1.000000    2.839328    2.905822    5.026581
284    284    1526401535478248088    3.355350    3.369492    3.370243    1.000000    1.000000    1.000000    2.838178    2.904684    2.509924
285    285    1526401535775144837    3.355395    3.369444    3.368174    1.000000    1.000000    1.000000    2.837005    2.851534    2.501540
286    286    1526401536071922461    3.355444    3.369411    3.369526    1.000000    1.000000    1.000000    2.835841    2.850329    2.501435
287    287    1526401536368391420    3.355505    3.369495    3.373034    1.000000    1.000000    1.000000    2.834707    2.849213    2.507456
288    288    1526401536664951378    3.355562    3.369573    3.371999    1.000000    1.000000    1.000000    2.833576    2.848039    2.506289
289    289    1526401536961278211    3.355627    3.369685    3.374652    1.000000    1.000000    1.000000    2.832469    2.846875    2.510957
290    290    1526401537257276713    3.355705    3.369742    3.378395    1.000000    1.000000    1.000000    2.831373    2.845742    2.511280
291    291    1526401537554245295    3.355745    3.369782    3.367360    1.000000    1.000000    1.000000    2.838811    2.894636    5.010870
292    292    1526401537851000419    3.355792    3.369783    3.369782    1.000000    1.000000    1.000000    2.837689    2.893428    2.508479
293    293    1526401538147607168    3.355845    3.369797    3.371467    1.000000    1.000000    1.000000    2.836573    2.840531    2.508092
294    294    1526401538444424376    3.355890    3.369791    3.369077    1.000000    1.000000    1.000000    2.835445    2.839399    2.502510
295    295    1526401538741435791    3.355927    3.369668    3.366874    1.000000    1.000000    1.000000    2.834361    2.838153    2.513503
296    296    1526401539038522290    3.355961    3.369661    3.366023    1.000000    1.000000    1.000000    2.833288    2.836876    2.514813
297    297    1526401539335134081    3.356013    3.370117    3.371410    1.000000    1.000000    1.000000    2.832210    2.835663    2.510635
298    298    1526401539634100533    3.355975    3.369866    3.344857    1.000000    1.000000    1.000000    2.831066    2.833950    2.491343
299    299    1526401539930882240    3.356020    3.369975    3.369480    1.000000    1.000000    1.000000    2.838339    2.882805    5.021711
300    300    1526401540225512912    3.356145    3.370557    3.394080    1.000000    1.000000    1.000000    2.837340    2.882084    2.534159
301    301    1526401540518655253    3.356325    3.371348    3.411312    1.000000    1.000000    1.000000    2.836399    2.829772    2.548472
302    302    1526401540811482638    3.356515    3.372359    3.414981    1.000000    1.000000    1.000000    2.835471    2.829639    2.550342
303    303    1526401541104450021    3.356699    3.373214    3.413349    1.000000    1.000000    1.000000    2.834555    2.829373    2.552137
304    304    1526401541397100156    3.356893    3.374282    3.417050    1.000000    1.000000    1.000000    2.833643    2.829067    2.551644
305    305    1526401541690419414    3.357062    3.375054    3.409254    1.000000    1.000000    1.000000    2.832720    2.828124    2.546754
306    306    1526401541982986882    3.357257    3.375901    3.418015    1.000000    1.000000    1.000000    2.831817    2.827213    2.550454
307    307    1526401542276137307    3.357429    3.376677    3.411218    1.000000    1.000000    1.000000    2.830899    2.826516    2.544489
308    308    1526401542569724648    3.357585    3.377378    3.406141    1.000000    1.000000    1.000000    2.838074    2.876350    5.080069
309    309    1526401542862911781    3.357754    3.378230    3.410791    1.000000    1.000000    1.000000    2.837141    2.824191    2.544310
310    310    1526401543156154039    3.357919    3.379102    3.410150    1.000000    1.000000    1.000000    2.836250    2.824073    2.555829
311    311    1526401543449185548    3.358092    3.379892    3.412602    1.000000    1.000000    1.000000    2.835364    2.823582    2.555322
312    312    1526401543741810057    3.358278    3.380782    3.417349    1.000000    1.000000    1.000000    2.834501    2.823305    2.560312
313    313    1526401544034597817    3.358457    3.381704    3.415443    1.000000    1.000000    1.000000    2.833619    2.823134    2.552931
314    314    1526401544327185035    3.358642    3.382622    3.417784    1.000000    1.000000    1.000000    2.832752    2.823450    2.555740
315    315    1526401544620117669    3.358814    3.383446    3.413754    1.000000    1.000000    1.000000    2.831881    2.824323    2.552822
316    316    1526401544912768970    3.358994    3.384452    3.417036    1.000000    1.000000    1.000000    2.831028    2.825380    2.556999
317    317    1526401545205635271    3.359166    3.385270    3.414527    1.000000    1.000000    1.000000    2.838069    2.826615    5.106938
318    318    1526401545498301489    3.359344    3.386263    3.416862    1.000000    1.000000    1.000000    2.837204    2.827622    2.557504
319    319    1526401545790977040    3.359520    3.387125    3.416753    1.000000    1.000000    1.000000    2.836341    2.828384    2.556319
320    320    1526401546083767591    3.359691    3.387923    3.415411    1.000000    1.000000    1.000000    2.835483    2.829298    2.556271
321    321    1526401546376276268    3.359872    3.388790    3.418702    1.000000    1.000000    1.000000    2.834639    2.830298    2.558946
322    322    1526401546669137527    3.360038    3.389619    3.414586    1.000000    1.000000    1.000000    2.833786    2.831260    2.554664
323    323    1526401546962028161    3.360203    3.390382    3.414244    1.000000    1.000000    1.000000    2.832937    2.832199    2.554370
324    324    1526401547254661962    3.360375    3.391347    3.417240    1.000000    1.000000    1.000000    2.832104    2.833301    2.557514
325    325    1526401547547328513    3.360546    3.392318    3.416858    1.000000    1.000000    1.000000    2.831259    2.783800    2.551894
326    326    1526401547840592271    3.360695    3.393040    3.409900    1.000000    1.000000    1.000000    2.838109    2.835410    5.104221
327    327    1526401548133201281    3.360865    3.393884    3.417530    1.000000    1.000000    1.000000    2.837280    2.836465    2.561497
328    328    1526401548426358664    3.361016    3.394701    3.411137    1.000000    1.000000    1.000000    2.836436    2.837493    2.555494
329    329    1526401548719475631    3.361167    3.395514    3.411607    1.000000    1.000000    1.000000    2.835585    2.838569    2.551459
330    330    1526401549012286432    3.361327    3.396284    3.415175    1.000000    1.000000    1.000000    2.834747    2.839581    2.553707
331    331    1526401549305226316    3.361482    3.397214    3.413670    1.000000    1.000000    1.000000    2.833907    2.840467    2.551520
332    332    1526401549598260700    3.361634    3.398169    3.412569    1.000000    1.000000    1.000000    2.833069    2.841350    2.550677
333    333    1526401549890631168    3.361806    3.399257    3.420318    1.000000    1.000000    1.000000    2.832251    2.791523    2.555005
334    334    1526401550183547886    3.361960    3.400135    3.413940    1.000000    1.000000    1.000000    2.831421    2.792393    2.549926
335    335    1526401550476254103    3.362119    3.401104    3.416395    1.000000    1.000000    1.000000    2.838083    2.844333    5.106058
336    336    1526401550769671861    3.362254    3.401881    3.408110    1.000000    1.000000    1.000000    2.837242    2.845399    2.550943
337    337    1526401551062257746    3.362415    3.402781    3.417800    1.000000    1.000000    1.000000    2.836424    2.846458    2.556111
338    338    1526401551354804589    3.362577    3.403710    3.418256    1.000000    1.000000    1.000000    2.835611    2.847544    2.556162
339    339    1526401551647715181    3.362726    3.404502    3.414011    1.000000    1.000000    1.000000    2.834795    2.848478    2.553875
340    340    1526401551940178400    3.362889    3.405321    3.419233    1.000000    1.000000    1.000000    2.833994    2.849471    2.557046
341    341    1526401552233101825    3.363036    3.406260    3.413861    1.000000    1.000000    1.000000    2.833180    2.799799    2.551585
342    342    1526401552525837877    3.363188    3.407193    3.416047    1.000000    1.000000    1.000000    2.832377    2.800773    2.553307
343    343    1526401552819003718    3.363325    3.407992    3.411039    1.000000    1.000000    1.000000    2.831569    2.801692    2.550645
344    344    1526401553113358765    3.363423    3.408564    3.397258    1.000000    1.000000    1.000000    2.838085    2.853905    5.102009
345    345    1526401553407833270    3.363516    3.409154    3.395880    1.000000    1.000000    1.000000    2.837304    2.855004    2.565285
346    346    1526401553700383697    3.363671    3.410208    3.418214    1.000000    1.000000    1.000000    2.836551    2.856244    2.571680
347    347    1526401553993235289    3.363815    3.411083    3.414699    1.000000    1.000000    1.000000    2.835745    2.857159    2.552023
348    348    1526401554285994965    3.363962    3.412528    3.415771    1.000000    1.000000    1.000000    2.834946    2.858535    2.552425
349    349    1526401554578667808    3.364111    3.413485    3.416784    1.000000    1.000000    1.000000    2.834155    2.808619    2.553886
350    350    1526401554871644442    3.364248    3.413871    3.413241    1.000000    1.000000    1.000000    2.833369    2.809050    2.554180
351    351    1526401555164548951    3.364388    3.413926    3.414082    1.000000    1.000000    1.000000    2.832596    2.809235    2.557482
352    352    1526401555457472710    3.364526    3.413904    3.413858    1.000000    1.000000    1.000000    2.831821    2.809321    2.554716
353    353    1526401555750752301    3.364652    3.413831    3.409716    1.000000    1.000000    1.000000    2.838164    2.860483    5.107464
354    354    1526401556043584519    3.364792    3.413788    3.414925    1.000000    1.000000    1.000000    2.837386    2.860601    2.557700
355    355    1526401556336430486    3.364930    3.413899    3.414764    1.000000    1.000000    1.000000    2.836613    2.860843    2.558348
356    356    1526401556629182621    3.365070    3.413856    3.415859    1.000000    1.000000    1.000000    2.835831    2.860895    2.553252
357    357    1526401556921766255    3.365216    3.413988    3.417826    1.000000    1.000000    1.000000    2.835069    2.861191    2.558721
358    358    1526401557214416973    3.365358    3.414206    3.417043    1.000000    1.000000    1.000000    2.834300    2.810585    2.554745
359    359    1526401557506944692    3.365503    3.414360    3.418479    1.000000    1.000000    1.000000    2.833564    2.811016    2.565289
360    360    1526401557799768034    3.365638    3.414458    3.415028    1.000000    1.000000    1.000000    2.832820    2.811125    2.560940
361    361    1526401558092321627    3.365781    3.414569    3.418177    1.000000    1.000000    1.000000    2.832087    2.811291    2.563209
362    362    1526401558385328136    3.365909    3.414480    3.412893    1.000000    1.000000    1.000000    2.831342    2.811238    2.557974
363    363    1526401558678335645    3.366036    3.414429    3.412882    1.000000    1.000000    1.000000    2.837509    2.862347    5.107442
364    364    1526401558971440070    3.366160    3.414308    3.411753    1.000000    1.000000    1.000000    2.836737    2.862258    2.551797
365    365    1526401559263713247    3.366309    3.414462    3.421457    1.000000    1.000000    1.000000    2.835996    2.862434    2.560953
366    366    1526401559556525381    3.366440    3.414424    3.415159    1.000000    1.000000    1.000000    2.835237    2.862359    2.553405
367    367    1526401559849310599    3.366571    3.414443    3.415473    1.000000    1.000000    1.000000    2.834476    2.811246    2.551177
368    368    1526401560141869901    3.366709    3.414468    3.418110    1.000000    1.000000    1.000000    2.833734    2.811233    2.556736
369    369    1526401560434532702    3.366842    3.414471    3.416902    1.000000    1.000000    1.000000    2.832996    2.811235    2.556399
370    370    1526401560727481919    3.366967    3.414434    3.413561    1.000000    1.000000    1.000000    2.832254    2.811182    2.553794
371    371    1526401561020396053    3.367091    3.414340    3.413970    1.000000    1.000000    1.000000    2.831522    2.811127    2.556514
372    372    1526401561313113104    3.367221    3.414373    3.416268    1.000000    1.000000    1.000000    2.837563    2.862354    5.117310
373    373    1526401561605922738    3.367348    3.414392    3.415188    1.000000    1.000000    1.000000    2.836815    2.862345    2.553837
374    374    1526401561898458790    3.367482    3.414415    3.418382    1.000000    1.000000    1.000000    2.836086    2.862383    2.559346
375    375    1526401562191030258    3.367614    3.414437    3.417968    1.000000    1.000000    1.000000    2.835354    2.862487    2.556982
376    376    1526401562483721643    3.367742    3.414571    3.416568    1.000000    1.000000    1.000000    2.834645    2.811627    2.564134
377    377    1526401562776878984    3.367855    3.414443    3.411138    1.000000    1.000000    1.000000    2.833928    2.811589    2.560025
378    378    1526401563069666827    3.367979    3.414529    3.415442    1.000000    1.000000    1.000000    2.833220    2.811721    2.561804
379    379    1526401563362018337    3.368115    3.414708    3.420540    1.000000    1.000000    1.000000    2.832508    2.811877    2.558601
380    380    1526401563655170179    3.368227    3.414628    3.411201    1.000000    1.000000    1.000000    2.831785    2.811864    2.553335
381    381    1526401563947718397    3.368356    3.414719    3.418240    1.000000    1.000000    1.000000    2.837668    2.863040    5.112610
382    382    1526401564240557198    3.368476    3.414765    3.414848    1.000000    1.000000    1.000000    2.836935    2.863091    2.553009
383    383    1526401564532911875    3.368609    3.414769    3.420503    1.000000    1.000000    1.000000    2.836222    2.863170    2.558977
384    384    1526401564825970300    3.368721    3.414736    3.412289    1.000000    1.000000    1.000000    2.835494    2.863210    2.552061
385    385    1526401565118557768    3.368846    3.414763    3.417781    1.000000    1.000000    1.000000    2.834781    2.812241    2.556275
386    386    1526401565410910945    3.368978    3.415012    3.420520    1.000000    1.000000    1.000000    2.834080    2.812430    2.559452
387    387    1526401565703719413    3.369096    3.414959    3.415202    1.000000    1.000000    1.000000    2.833369    2.812392    2.554373
388    388    1526401565996269006    3.369220    3.414959    3.418224    1.000000    1.000000    1.000000    2.832671    2.812427    2.557956
389    389    1526401566288696433    3.369347    3.415072    3.419652    1.000000    1.000000    1.000000    2.831975    2.812500    2.557069
390    390    1526401566581360109    3.369467    3.415025    3.416891    1.000000    1.000000    1.000000    2.837707    2.863424    5.104815
391    391    1526401566874267243    3.369580    3.415029    3.414051    1.000000    1.000000    1.000000    2.836986    2.863416    2.551187
392    392    1526401567166770545    3.369703    3.415083    3.418765    1.000000    1.000000    1.000000    2.836284    2.863503    2.557383
393    393    1526401567459544263    3.369818    3.415174    3.415607    1.000000    1.000000    1.000000    2.835605    2.863794    2.564824
394    394    1526401567752185689    3.369936    3.415574    3.417151    1.000000    1.000000    1.000000    2.834933    2.812848    2.566639
395    395    1526401568045154031    3.370044    3.415926    3.413338    1.000000    1.000000    1.000000    2.834256    2.812835    2.563349
396    396    1526401568337637541    3.370166    3.415941    3.418996    1.000000    1.000000    1.000000    2.833577    2.812623    2.561009
397    397    1526401568630866049    3.370265    3.415854    3.410310    1.000000    1.000000    1.000000    2.832876    2.812598    2.551096
398    398    1526401568923707308    3.370376    3.415834    3.414819    1.000000    1.000000    1.000000    2.832197    2.812715    2.558359
399    399    1526401569216279652    3.370493    3.415858    3.417958    1.000000    1.000000    1.000000    2.837823    2.863892    5.114233
400    400    1526401569511409572    3.370537    3.415355    3.388338    1.000000    1.000000    1.000000    2.837068    2.863427    2.533369
401    401    1526401569805724202    3.370604    3.415026    3.397724    1.000000    1.000000    1.000000    2.836339    2.863085    2.541926
402    402    1526401570100205082    3.370666    3.414663    3.395806    1.000000    1.000000    1.000000    2.835604    2.862712    2.537818
403    403    1526401570397227206    3.370657    3.413791    3.366753    1.000000    1.000000    1.000000    2.834825    2.810839    2.521263
404    404    1526401570692058210    3.370709    3.413325    3.391774    1.000000    1.000000    1.000000    2.834105    2.810477    2.541391
405    405    1526401570986501173    3.370771    3.412953    3.396244    1.000000    1.000000    1.000000    2.833386    2.810083    2.540115
406    406    1526401571280779637    3.370838    3.412597    3.398142    1.000000    1.000000    1.000000    2.832679    2.809850    2.542996
407    407    1526401571575229975    3.370899    3.412163    3.396158    1.000000    1.000000    1.000000    2.831947    2.809284    2.532176
408    408    1526401571869497814    3.370966    3.411786    3.398265    1.000000    1.000000    1.000000    2.837394    2.859913    5.077561
409    409    1526401572163618362    3.371036    3.411415    3.399966    1.000000    1.000000    1.000000    2.836695    2.859543    2.548438
410    410    1526401572458286700    3.371090    3.410986    3.393646    1.000000    1.000000    1.000000    2.835996    2.859233    2.547359
411    411    1526401572753198037    3.371138    3.410437    3.390850    1.000000    1.000000    1.000000    2.835279    2.858697    2.538933
412    412    1526401573047482459    3.371203    3.410140    3.398073    1.000000    1.000000    1.000000    2.834578    2.858378    2.543407
413    413    1526401573341549673    3.371273    3.409894    3.400583    1.000000    1.000000    1.000000    2.833884    2.807152    2.545024
414    414    1526401573635627013    3.371343    3.409667    3.400466    1.000000    1.000000    1.000000    2.833189    2.806957    2.542906
415    415    1526401573929788560    3.371410    3.409228    3.399493    1.000000    1.000000    1.000000    2.832504    2.806616    2.545543
416    416    1526401574224071899    3.371473    3.408886    3.398086    1.000000    1.000000    1.000000    2.831817    2.806404    2.544103
417    417    1526401574518738945    3.371526    3.408449    3.393661    1.000000    1.000000    1.000000    2.837158    2.857143    5.078769
418    418    1526401574813313242    3.371581    3.407981    3.394729    1.000000    1.000000    1.000000    2.836457    2.856798    2.541569
419    419    1526401575107301206    3.371652    3.407673    3.401500    1.000000    1.000000    1.000000    2.835772    2.856561    2.545948
420    420    1526401575401443546    3.371718    3.407396    3.399715    1.000000    1.000000    1.000000    2.835083    2.856333    2.543629
421    421    1526401575695701426    3.371781    3.407084    3.398380    1.000000    1.000000    1.000000    2.834378    2.855875    2.535066
422    422    1526401575990112848    3.371839    3.406691    3.396607    1.000000    1.000000    1.000000    2.833669    2.804285    2.532432
423    423    1526401576284268770    3.371904    3.406379    3.399558    1.000000    1.000000    1.000000    2.832980    2.803967    2.539099
424    424    1526401576578548193    3.371965    3.405974    3.398131    1.000000    1.000000    1.000000    2.832292    2.803513    2.538139
425    425    1526401576872629907    3.372031    3.405623    3.400415    1.000000    1.000000    1.000000    2.837559    2.854323    5.094900
426    426    1526401577166847496    3.372094    3.405269    3.398845    1.000000    1.000000    1.000000    2.836876    2.853888    2.543893
427    427    1526401577460789336    3.372163    3.405087    3.402034    1.000000    1.000000    1.000000    2.836190    2.853477    2.540302
428    428    1526401577755107008    3.372222    3.404733    3.397689    1.000000    1.000000    1.000000    2.835497    2.852944    2.536728
429    429    1526401578049464513    3.372280    3.404268    3.397230    1.000000    1.000000    1.000000    2.834809    2.852479    2.537394
430    430    1526401578343880476    3.372336    3.403975    3.396555    1.000000    1.000000    1.000000    2.834115    2.852060    2.533715
431    431    1526401578638272940    3.372392    3.403547    3.396826    1.000000    1.000000    1.000000    2.833427    2.800686    2.534824
432    432    1526401578932523529    3.372452    3.403220    3.398464    1.000000    1.000000    1.000000    2.832753    2.800388    2.539339
433    433    1526401579232353854    3.372365    3.401490    3.335220    1.000000    1.000000    1.000000    2.831966    2.798958    2.494871
434    434    1526401579527502982    3.372401    3.401006    3.388118    1.000000    1.000000    1.000000    2.837192    2.850395    5.115919
435    435    1526401579823274442    3.372421    3.400270    3.380989    1.000000    1.000000    1.000000    2.836485    2.849765    2.528101
436    436    1526401580117124365    3.372490    3.399924    3.403098    1.000000    1.000000    1.000000    2.835821    2.849424    2.543894
437    437    1526401580411856745    3.372536    3.399479    3.392909    1.000000    1.000000    1.000000    2.835127    2.848897    2.529973
438    438    1526401580706147667    3.372594    3.399076    3.397998    1.000000    1.000000    1.000000    2.834474    2.848626    2.546117
439    439    1526401581000260381    3.372656    3.398687    3.400057    1.000000    1.000000    1.000000    2.833831    2.848437    2.549329
440    440    1526401581294160721    3.372723    3.398401    3.402514    1.000000    1.000000    1.000000    2.833191    2.797573    2.549007
441    441    1526401581588334227    3.372783    3.398109    3.399354    1.000000    1.000000    1.000000    2.832540    2.797393    2.543281
442    442    1526401581882350358    3.372846    3.397760    3.401174    1.000000    1.000000    1.000000    2.837575    2.847803    5.081619
443    443    1526401582176577780    3.372904    3.397424    3.398731    1.000000    1.000000    1.000000    2.836906    2.847244    2.538251
444    444    1526401582470466037    3.372970    3.397136    3.402654    1.000000    1.000000    1.000000    2.836250    2.846737    2.542456
445    445    1526401582764794959    3.373025    3.396822    3.397559    1.000000    1.000000    1.000000    2.835583    2.846181    2.536845
446    446    1526401583058945048    3.373084    3.396437    3.399625    1.000000    1.000000    1.000000    2.834932    2.845774    2.542287
447    447    1526401583353389595    3.373136    3.396157    3.396225    1.000000    1.000000    1.000000    2.834285    2.845588    2.543009
448    448    1526401583647684808    3.373190    3.395822    3.397949    1.000000    1.000000    1.000000    2.833639    2.845229    2.541825
449    449    1526401583941585357    3.373255    3.395515    3.402512    1.000000    1.000000    1.000000    2.833001    2.794142    2.544330
450    450    1526401584235796571    3.373312    3.395727    3.398919    1.000000    1.000000    1.000000    2.832360    2.794320    2.541484
451    451    1526401584529843827    3.373372    3.395789    3.400814    1.000000    1.000000    1.000000    2.837301    2.845087    5.083792
452    452    1526401584824186707    3.373425    3.395820    3.397398    1.000000    1.000000    1.000000    2.836654    2.845184    2.542504
453    453    1526401585118416046    3.373480    3.396465    3.398709    1.000000    1.000000    1.000000    2.836012    2.845674    2.542741
454    454    1526401585412535594    3.373538    3.396629    3.399978    1.000000    1.000000    1.000000    2.835390    2.845881    2.551010
455    455    1526401585707023807    3.373586    3.396618    3.395722    1.000000    1.000000    1.000000    2.834763    2.846026    2.547385
456    456    1526401586001113480    3.373644    3.396662    3.400323    1.000000    1.000000    1.000000    2.834140    2.846130    2.548049
457    457    1526401586295135861    3.373703    3.396761    3.401102    1.000000    1.000000    1.000000    2.833511    2.846365    2.543476
458    458    1526401586589148075    3.373763    3.396820    3.401219    1.000000    1.000000    1.000000    2.832882    2.795687    2.542309
459    459    1526401586883687747    3.373809    3.396723    3.395128    1.000000    1.000000    1.000000    2.832241    2.795443    2.536572
460    460    1526401587177830794    3.373865    3.396844    3.399706    1.000000    1.000000    1.000000    2.837088    2.846135    5.083646
461    461    1526401587471801551    3.373925    3.397062    3.401699    1.000000    1.000000    1.000000    2.836451    2.846186    2.540525
462    462    1526401587766116723    3.373976    3.397054    3.397718    1.000000    1.000000    1.000000    2.835814    2.846107    2.539472
463    463    1526401588060172437    3.374033    3.397057    3.400716    1.000000    1.000000    1.000000    2.835185    2.846040    2.541692
464    464    1526401588354156652    3.374091    3.397079    3.401543    1.000000    1.000000    1.000000    2.834563    2.846056    2.543586
465    465    1526401588648294658    3.374146    3.397084    3.399765    1.000000    1.000000    1.000000    2.833930    2.845886    2.537034
466    466    1526401588942351539    3.374203    3.397136    3.400703    1.000000    1.000000    1.000000    2.833303    2.845785    2.538805
467    467    1526401589236723211    3.374251    3.397204    3.397066    1.000000    1.000000    1.000000    2.832670    2.794869    2.535302
468    468    1526401589530740800    3.374308    3.397333    3.401157    1.000000    1.000000    1.000000    2.832040    2.794745    2.534899
469    469    1526401589825204638    3.374354    3.397223    3.396003    1.000000    1.000000    1.000000    2.836788    2.845387    5.077547
470    470    1526401590119032062    3.374415    3.397296    3.403358    1.000000    1.000000    1.000000    2.836183    2.845509    2.549408
471    471    1526401590413296526    3.374465    3.397294    3.398304    1.000000    1.000000    1.000000    2.835577    2.845771    2.548147
472    472    1526401590707990405    3.374505    3.397229    3.393352    1.000000    1.000000    1.000000    2.834952    2.845888    2.538577
473    473    1526401591002236286    3.374555    3.397208    3.398518    1.000000    1.000000    1.000000    2.834339    2.845950    2.542336
474    474    1526401591296797665    3.374598    3.397143    3.394878    1.000000    1.000000    1.000000    2.833724    2.845990    2.540418
475    475    1526401591591247171    3.374643    3.397058    3.396168    1.000000    1.000000    1.000000    2.833102    2.794847    2.535613
476    476    1526401591884951886    3.374705    3.397177    3.404780    1.000000    1.000000    1.000000    2.832497    2.794822    2.542196
477    477    1526401592179764140    3.374741    3.396976    3.391989    1.000000    1.000000    1.000000    2.837156    2.845492    5.070831
478    478    1526401592473976646    3.374791    3.397000    3.398904    1.000000    1.000000    1.000000    2.836538    2.845538    2.538927
479    479    1526401592768695858    3.374829    3.396916    3.393060    1.000000    1.000000    1.000000    2.835910    2.845455    2.533601
480    480    1526401593063189572    3.374872    3.396899    3.395658    1.000000    1.000000    1.000000    2.835293    2.845522    2.537175
481    481    1526401593357259036    3.374925    3.396973    3.400557    1.000000    1.000000    1.000000    2.834685    2.845627    2.539723
482    482    1526401593652020165    3.374962    3.396855    3.392578    1.000000    1.000000    1.000000    2.834063    2.845484    2.532719
483    483    1526401593946607628    3.375002    3.398066    3.394578    1.000000    1.000000    1.000000    2.833452    2.846446    2.536676
484    484    1526401594240689259    3.375054    3.398312    3.400416    1.000000    1.000000    1.000000    2.832848    2.794768    2.538666
485    485    1526401594535028348    3.375100    3.398643    3.397442    1.000000    1.000000    1.000000    2.832254    2.795072    2.541993
486    486    1526401594829654103    3.375139    3.398464    3.394136    1.000000    1.000000    1.000000    2.836848    2.845892    5.082322
487    487    1526401595124232232    3.375178    3.398499    3.394685    1.000000    1.000000    1.000000    2.836239    2.846048    2.537626
488    488    1526401595418279655    3.375230    3.398556    3.400812    1.000000    1.000000    1.000000    2.835638    2.845935    2.540206
489    489    1526401595712846785    3.375270    3.398451    3.394812    1.000000    1.000000    1.000000    2.835037    2.845733    2.539696
490    490    1526401596009956200    3.375251    3.397710    3.365763    1.000000    1.000000    1.000000    2.834384    2.844983    2.515077
491    491    1526401596304815496    3.375283    3.397551    3.391448    1.000000    1.000000    1.000000    2.833799    2.845005    2.545078
492    492    1526401596599119668    3.375329    3.397485    3.397845    1.000000    1.000000    1.000000    2.833272    2.794875    2.572675
493    493    1526401596893533465    3.375372    3.397442    3.396580    1.000000    1.000000    1.000000    2.832682    2.794906    2.539956
494    494    1526401597187561679    3.375423    3.397409    3.401034    1.000000    1.000000    1.000000    2.832105    2.794944    2.544470
495    495    1526401597482194684    3.375460    3.397339    3.394053    1.000000    1.000000    1.000000    2.836602    2.845756    5.075243
496    496    1526401597776349106    3.375509    3.397338    3.399575    1.000000    1.000000    1.000000    2.836018    2.845790    2.544018
497    497    1526401598070426487    3.375558    3.397423    3.400466    1.000000    1.000000    1.000000    2.835424    2.845698    2.537988
498    498    1526401598364613201    3.375605    3.397448    3.399202    1.000000    1.000000    1.000000    2.834830    2.845605    2.537093
499    499    1526401598658902540    3.375650    3.397358    3.398016    1.000000    1.000000    1.000000    2.834246    2.845527    2.540795
